{"level":30,"time":1745135403152,"name":"open-pool","msg":"Transaction (\u001b[33m48fqgZDr...dHv4Pz6h\u001b[39m) sent to create pool id (\u001b[35m8HNX...ySEb\u001b[39m)"}
{"level":30,"time":1745135408308,"name":"open-pool","msg":"Transaction (\u001b[33m48fqgZDr...dHv4Pz6h\u001b[39m) confirmed: \u001b[34m\u001b]8;;https://solscan.io/tx/48fqgZDrAYsmfnpaWwsaogKtQ8RWEoMQAu1faq8wvJDqsAQbMgS75ksXMMWciCzT4tdzLBtcZA3vXn5edHv4Pz6h?cluster=mainnet-beta\u001b\\<Transaction link>\u001b]8;;\u001b\\\u001b[39m"}
{"level":30,"time":1745135408845,"name":"open-pool","msg":"Transaction (\u001b[33m22yxsuAe...bZRACEc3\u001b[39m) sent to swap \u001b[32m0.0084\u001b[39m WSOL to ~\u001b[32m8,309,375.740668\u001b[39m EGGLON for account (\u001b[35m3P52...ZLzR\u001b[39m)"}
{"level":30,"time":1745135409021,"name":"open-pool","msg":"Transaction (\u001b[33m3F987faX...JwxH6KUv\u001b[39m) sent to swap \u001b[32m0.0132\u001b[39m WSOL to ~\u001b[32m12,995,883.205828\u001b[39m EGGLON for account (\u001b[35m54wQ...2zVo\u001b[39m)"}
{"level":30,"time":1745135409170,"name":"open-pool","msg":"Transaction (\u001b[33mYsT9KA4Q...SrqrGhn8\u001b[39m) sent to swap \u001b[32m0.0129\u001b[39m WSOL to ~\u001b[32m12,704,274.57089\u001b[39m EGGLON for account (\u001b[35mHhKt...E58t\u001b[39m)"}
{"level":30,"time":1745135409391,"name":"open-pool","msg":"Transaction (\u001b[33m5trd5sor...bgNFfVia\u001b[39m) sent to swap \u001b[32m0.0116\u001b[39m WSOL to ~\u001b[32m11,438,643.456564\u001b[39m EGGLON for account (\u001b[35mDVL9...BPGA\u001b[39m)"}
{"level":30,"time":1745135409427,"name":"open-pool","msg":"Transaction (\u001b[33m5DNhes3K...g1sDZun5\u001b[39m) sent to swap \u001b[32m0.014\u001b[39m WSOL to ~\u001b[32m13,772,664.736948\u001b[39m EGGLON for account (\u001b[35mAQ7c...QcyB\u001b[39m)"}
{"level":30,"time":1745135409552,"name":"open-pool","msg":"Transaction (\u001b[33m2WBKMmBp...XmtsWwDv\u001b[39m) sent to swap \u001b[32m0.0143\u001b[39m WSOL to ~\u001b[32m14,063,642.684832\u001b[39m EGGLON for account (\u001b[35mGESz...keAt\u001b[39m)"}
{"level":30,"time":1745135409657,"name":"open-pool","msg":"Transaction (\u001b[33m3hTsm5Vn...ZPhd58je\u001b[39m) sent to swap \u001b[32m0.0145\u001b[39m WSOL to ~\u001b[32m14,257,532.612673\u001b[39m EGGLON for account (\u001b[35mEoWx...2VeN\u001b[39m)"}
{"level":30,"time":1745135409833,"name":"open-pool","msg":"Transaction (\u001b[33m4ozpNq9a...aKSdVYeE\u001b[39m) sent to swap \u001b[32m0.0125\u001b[39m WSOL to ~\u001b[32m12,315,194.913423\u001b[39m EGGLON for account (\u001b[35mAaP8...eJc2\u001b[39m)"}
{"level":30,"time":1745135409916,"name":"open-pool","msg":"Transaction (\u001b[33m66jeLFqA...C2HvkboC\u001b[39m) sent to swap \u001b[32m0.0088\u001b[39m WSOL to ~\u001b[32m8,701,617.204181\u001b[39m EGGLON for account (\u001b[35m6Xnt...UHNa\u001b[39m)"}
{"level":30,"time":1745135410181,"name":"open-pool","msg":"Transaction (\u001b[33m3bDg4kcx...eWoPzYT6\u001b[39m) sent to swap \u001b[32m0.0104\u001b[39m WSOL to ~\u001b[32m10,267,485.109474\u001b[39m EGGLON for account (\u001b[35mHZgm...cb8Q\u001b[39m)"}
{"level":30,"time":1745135410404,"name":"open-pool","msg":"Transaction (\u001b[33mX7P9vCBV...LXR9hDxc\u001b[39m) sent to swap \u001b[32m0.015\u001b[39m WSOL to ~\u001b[32m14,741,923.962707\u001b[39m EGGLON for account (\u001b[35m7ita...cbeC\u001b[39m)"}
{"level":30,"time":1745135410495,"name":"open-pool","msg":"Transaction (\u001b[33m4JwUju67...sWoqTpLD\u001b[39m) sent to swap \u001b[32m0.0087\u001b[39m WSOL to ~\u001b[32m8,603,585.930399\u001b[39m EGGLON for account (\u001b[35m88dk...J1uN\u001b[39m)"}
{"level":30,"time":1745135410853,"name":"open-pool","msg":"Transaction (\u001b[33m3BgUZnkB...EoyGdTDH\u001b[39m) sent to swap \u001b[32m0.0144\u001b[39m WSOL to ~\u001b[32m14,160,597.182076\u001b[39m EGGLON for account (\u001b[35mB22E...itZJ\u001b[39m)"}
{"level":30,"time":1745135411298,"name":"open-pool","msg":"Transaction (\u001b[33m5KcL5dJy...6tQ7iV43\u001b[39m) sent to swap \u001b[32m0.0118\u001b[39m WSOL to ~\u001b[32m11,633,567.098467\u001b[39m EGGLON for account (\u001b[35m2eGT...XJRD\u001b[39m)"}
{"level":30,"time":1745135411416,"name":"open-pool","msg":"Transaction (\u001b[33m5wLewHgE...sUjEcX7h\u001b[39m) sent to swap \u001b[32m0.0098\u001b[39m WSOL to ~\u001b[32m9,680,864.707056\u001b[39m EGGLON for account (\u001b[35m6Bvc...xDAr\u001b[39m)"}
{"level":30,"time":1745135411591,"name":"open-pool","msg":"Transaction (\u001b[33m5DhtiTEM...tsLNdW1e\u001b[39m) sent to swap \u001b[32m0.0133\u001b[39m WSOL to ~\u001b[32m13,093,047.807993\u001b[39m EGGLON for account (\u001b[35m338w...4rTf\u001b[39m)"}
{"level":30,"time":1745135411732,"name":"open-pool","msg":"Transaction (\u001b[33m2bTCJWRk...qiTg12zJ\u001b[39m) sent to swap \u001b[32m0.0124\u001b[39m WSOL to ~\u001b[32m12,217,877.078417\u001b[39m EGGLON for account (\u001b[35m7DaL...gwqp\u001b[39m)"}
{"level":30,"time":1745135411916,"name":"open-pool","msg":"Transaction (\u001b[33m3qwJxm16...3iMymRC4\u001b[39m) sent to swap \u001b[32m0.0092\u001b[39m WSOL to ~\u001b[32m9,093,548.505366\u001b[39m EGGLON for account (\u001b[35m91hL...F5b4\u001b[39m)"}
{"level":30,"time":1745135412089,"name":"open-pool","msg":"Transaction (\u001b[33m5ErZrLgY...hk8fcq2L\u001b[39m) sent to swap \u001b[32m0.0137\u001b[39m WSOL to ~\u001b[32m13,481,514.986572\u001b[39m EGGLON for account (\u001b[35mFfam...gs15\u001b[39m)"}
{"level":30,"time":1745135412312,"name":"open-pool","msg":"Transaction (\u001b[33m65jRvLQ5...i5yvtqGP\u001b[39m) sent to swap \u001b[32m0.0097\u001b[39m WSOL to ~\u001b[32m9,583,027.02625\u001b[39m EGGLON for account (\u001b[35mAtSh...bHnE\u001b[39m)"}
{"level":30,"time":1745135412471,"name":"open-pool","msg":"Transaction (\u001b[33m5hwN3oc3...AsSY8MGc\u001b[39m) sent to swap \u001b[32m0.0086\u001b[39m WSOL to ~\u001b[32m8,505,535.265722\u001b[39m EGGLON for account (\u001b[35mAca6...JFNV\u001b[39m)"}
{"level":30,"time":1745135412671,"name":"open-pool","msg":"Transaction (\u001b[33m2ibqBHMD...kbEcFjjR\u001b[39m) sent to swap \u001b[32m0.0115\u001b[39m WSOL to ~\u001b[32m11,341,152.800932\u001b[39m EGGLON for account (\u001b[35mCtLR...Lo1s\u001b[39m)"}
{"level":30,"time":1745135412805,"name":"open-pool","msg":"Transaction (\u001b[33m2CnwMHJd...SDijgfps\u001b[39m) sent to swap \u001b[32m0.0148\u001b[39m WSOL to ~\u001b[32m14,548,224.560808\u001b[39m EGGLON for account (\u001b[35m4knG...ny4q\u001b[39m)"}
{"level":30,"time":1745135412977,"name":"open-pool","msg":"Transaction (\u001b[33m4o1Nsipr...pYAkqrca\u001b[39m) sent to swap \u001b[32m0.0146\u001b[39m WSOL to ~\u001b[32m14,354,448.982247\u001b[39m EGGLON for account (\u001b[35mGHZ3...3ZiT\u001b[39m)"}
{"level":30,"time":1745135413139,"name":"open-pool","msg":"Transaction (\u001b[33m2KezCUVk...crxiWMgb\u001b[39m) sent to swap \u001b[32m0.0149\u001b[39m WSOL to ~\u001b[32m14,645,083.781033\u001b[39m EGGLON for account (\u001b[35mVzhN...3PUT\u001b[39m)"}
{"level":30,"time":1745135413265,"name":"open-pool","msg":"Transaction (\u001b[33m5B58o9sd...HMjaGco8\u001b[39m) sent to swap \u001b[32m0.0107\u001b[39m WSOL to ~\u001b[32m10,560,534.772242\u001b[39m EGGLON for account (\u001b[35mFXTD...5dFa\u001b[39m)"}
{"level":30,"time":1745135413500,"name":"open-pool","msg":"Transaction (\u001b[33m5ZDt2UAk...NdRwN2tu\u001b[39m) sent to swap \u001b[32m0.0134\u001b[39m WSOL to ~\u001b[32m13,190,193.281502\u001b[39m EGGLON for account (\u001b[35mBSzx...J52H\u001b[39m)"}
{"level":30,"time":1745135413749,"name":"open-pool","msg":"Transaction (\u001b[33m5C2RD3MU...jQBynfUG\u001b[39m) sent to swap \u001b[32m0.0131\u001b[39m WSOL to ~\u001b[32m12,898,699.469359\u001b[39m EGGLON for account (\u001b[35mCNDU...nWoZ\u001b[39m)"}
{"level":30,"time":1745135413782,"name":"open-pool","msg":"Transaction (\u001b[33m21zPcgLU...p4y9i5nc\u001b[39m) sent to swap \u001b[32m0.0094\u001b[39m WSOL to ~\u001b[32m9,289,397.960027\u001b[39m EGGLON for account (\u001b[35m6Rgn...X9MC\u001b[39m)"}
{"level":30,"time":1745135413921,"name":"open-pool","msg":"Transaction (\u001b[33m22yxsuAe...bZRACEc3\u001b[39m) confirmed: \u001b[34m\u001b]8;;https://solscan.io/tx/22yxsuAenhNwzaX2pmPEMi4eXLYeoVo2MP62PUL1c2hkXy8K8TXsYt8N3PH9qo2DA4QMbbeiNJoTWV2xbZRACEc3?cluster=mainnet-beta\u001b\\<Transaction link>\u001b]8;;\u001b\\\u001b[39m"}
{"level":30,"time":1745135413948,"name":"open-pool","msg":"Transaction (\u001b[33m4WiQC1ZF...Bed4jXL3\u001b[39m) sent to swap \u001b[32m0.01\u001b[39m WSOL to ~\u001b[32m9,876,482.09114\u001b[39m EGGLON for account (\u001b[35mGM8J...SYYX\u001b[39m)"}
{"level":30,"time":1745135414157,"name":"open-pool","msg":"Transaction (\u001b[33m4aHYvQQh...tCcpoZQE\u001b[39m) sent to swap \u001b[32m0.0123\u001b[39m WSOL to ~\u001b[32m12,120,540.063821\u001b[39m EGGLON for account (\u001b[35m7j6r...HAC8\u001b[39m)"}
{"level":30,"time":1745135414185,"name":"open-pool","msg":"Transaction (\u001b[33m3F987faX...JwxH6KUv\u001b[39m) confirmed: \u001b[34m\u001b]8;;https://solscan.io/tx/3F987faXMYNaRfQeNftyETz4oEHFPqcUN7sfP4akTi38gQGvGT8vELUnBfKsz4AuFwuwMHCdEftg7LzXJwxH6KUv?cluster=mainnet-beta\u001b\\<Transaction link>\u001b]8;;\u001b\\\u001b[39m"}
{"level":30,"time":1745135414552,"name":"open-pool","msg":"Transaction (\u001b[33m5trd5sor...bgNFfVia\u001b[39m) confirmed: \u001b[34m\u001b]8;;https://solscan.io/tx/5trd5sortivAip81NmAp9Xs8FBdS5KUVm2tmUeRpM3hCV5Tmsovdg33wp7JWHb4Ke5Mw3wbynFNfT7XsbgNFfVia?cluster=mainnet-beta\u001b\\<Transaction link>\u001b]8;;\u001b\\\u001b[39m"}
{"level":30,"time":1745135414559,"name":"open-pool","msg":"Transaction (\u001b[33m5DNhes3K...g1sDZun5\u001b[39m) confirmed: \u001b[34m\u001b]8;;https://solscan.io/tx/5DNhes3KwSjuC6mvnP11WopLWmXqXcvSvsrY991DL4bUrd6hce6HDg7u3xreX7AxsY4cFkqH7azk9Aihg1sDZun5?cluster=mainnet-beta\u001b\\<Transaction link>\u001b]8;;\u001b\\\u001b[39m"}
{"level":30,"time":1745135414613,"name":"open-pool","msg":"Transaction (\u001b[33m47w63tBX...eRt7DcBy\u001b[39m) sent to swap \u001b[32m0.0142\u001b[39m WSOL to ~\u001b[32m13,966,669.115316\u001b[39m EGGLON for account (\u001b[35m9RNy...JDag\u001b[39m)"}
{"level":30,"time":1745135414647,"name":"open-pool","msg":"Transaction (\u001b[33m2WBKMmBp...XmtsWwDv\u001b[39m) confirmed: \u001b[34m\u001b]8;;https://solscan.io/tx/2WBKMmBpaegQXt6bcGWdHXJXMYQpyqf7G2Fvy9SSU7bVZCvCJ36uwMEktciw4X1pMjRnbVnE9eEg2UYoXmtsWwDv?cluster=mainnet-beta\u001b\\<Transaction link>\u001b]8;;\u001b\\\u001b[39m"}
{"level":30,"time":1745135414826,"name":"open-pool","msg":"Transaction (\u001b[33m2cN5xjPn...tc2LasDG\u001b[39m) sent to swap \u001b[32m0.0135\u001b[39m WSOL to ~\u001b[32m13,287,319.632005\u001b[39m EGGLON for account (\u001b[35mHYen...YUZS\u001b[39m)"}
{"level":30,"time":1745135414873,"name":"open-pool","msg":"Transaction (\u001b[33m48ifQATG...kG13MxSd\u001b[39m) sent to swap \u001b[32m0.0091\u001b[39m WSOL to ~\u001b[32m8,995,594.737667\u001b[39m EGGLON for account (\u001b[35m9GV9...aNmg\u001b[39m)"}
{"level":30,"time":1745135414982,"name":"open-pool","msg":"Transaction (\u001b[33m3zEv6UzH...86JDf5Zb\u001b[39m) sent to swap \u001b[32m0.0103\u001b[39m WSOL to ~\u001b[32m10,169,763.309319\u001b[39m EGGLON for account (\u001b[35mKZ1p...spGm\u001b[39m)"}
{"level":30,"time":1745135414998,"name":"open-pool","msg":"Transaction (\u001b[33m4ozpNq9a...aKSdVYeE\u001b[39m) confirmed: \u001b[34m\u001b]8;;https://solscan.io/tx/4ozpNq9a8yBhRjTZvXmrhuX2K42WdZhjSQZkfBJ6rLQgRiZFSuLyCdSZ7hGjsmfnKLzVAZitTdD1ZVXhaKSdVYeE?cluster=mainnet-beta\u001b\\<Transaction link>\u001b]8;;\u001b\\\u001b[39m"}
{"level":30,"time":1745135415006,"name":"open-pool","msg":"Transaction (\u001b[33m66jeLFqA...C2HvkboC\u001b[39m) confirmed: \u001b[34m\u001b]8;;https://solscan.io/tx/66jeLFqANRCQo2kbioLePKtjDSH6FDcMc9f5PaRm27MieGAf2BtHhBXaUv7jhRwKVGxNzBe3jJcfgECpC2HvkboC?cluster=mainnet-beta\u001b\\<Transaction link>\u001b]8;;\u001b\\\u001b[39m"}
{"level":30,"time":1745135415218,"name":"open-pool","msg":"Transaction (\u001b[33mgKqHiaiv...nDMKSqQ4\u001b[39m) sent to swap \u001b[32m0.0141\u001b[39m WSOL to ~\u001b[32m13,869,676.467898\u001b[39m EGGLON for account (\u001b[35mDpuq...a3K3\u001b[39m)"}
{"level":30,"time":1745135415344,"name":"open-pool","msg":"Transaction (\u001b[33m5NhjHh63...z1ju5Xvm\u001b[39m) sent to swap \u001b[32m0.0136\u001b[39m WSOL to ~\u001b[32m13,384,426.865147\u001b[39m EGGLON for account (\u001b[35m6QDF...oT9Q\u001b[39m)"}
{"level":30,"time":1745135415468,"name":"open-pool","msg":"Transaction (\u001b[33mX7P9vCBV...LXR9hDxc\u001b[39m) confirmed: \u001b[34m\u001b]8;;https://solscan.io/tx/X7P9vCBVjPB113LVWbsLJ6UQQNEYNUFQXhkgyZiFLvRCk8yGb5CUeuZat3ogKHNzy5BhH7Wxxdz7MXDLXR9hDxc?cluster=mainnet-beta\u001b\\<Transaction link>\u001b]8;;\u001b\\\u001b[39m"}
{"level":30,"time":1745135415506,"name":"open-pool","msg":"Transaction (\u001b[33m2uVXn3iN...nzd7bbs4\u001b[39m) sent to swap \u001b[32m0.0083\u001b[39m WSOL to ~\u001b[32m8,211,266.868776\u001b[39m EGGLON for account (\u001b[35mDvFz...dhgb\u001b[39m)"}
{"level":30,"time":1745135415562,"name":"open-pool","msg":"Transaction (\u001b[33m4JwUju67...sWoqTpLD\u001b[39m) confirmed: \u001b[34m\u001b]8;;https://solscan.io/tx/4JwUju67UeZw3Lbj3rb8foh6CrDEuQDv9piQ2VGJiXMpd2DfkLeXNRd5MudgJryxMfcEjf34kikceZfMsWoqTpLD?cluster=mainnet-beta\u001b\\<Transaction link>\u001b]8;;\u001b\\\u001b[39m"}
{"level":30,"time":1745135415877,"name":"open-pool","msg":"Transaction (\u001b[33m2wZWxbQh...kGeSG4iC\u001b[39m) sent to swap \u001b[32m0.0122\u001b[39m WSOL to ~\u001b[32m12,023,183.863967\u001b[39m EGGLON for account (\u001b[35m6gaa...Aro5\u001b[39m)"}
{"level":30,"time":1745135415915,"name":"open-pool","msg":"Transaction (\u001b[33m3BgUZnkB...EoyGdTDH\u001b[39m) confirmed: \u001b[34m\u001b]8;;https://solscan.io/tx/3BgUZnkBDxrYLZNaU341qMUScRVZqPYDUUi4nVv2BSgGaJbPxELhzUVjHL99pAW4ueV5MRJeCGHC5T6mEoyGdTDH?cluster=mainnet-beta\u001b\\<Transaction link>\u001b]8;;\u001b\\\u001b[39m"}
{"level":30,"time":1745135416135,"name":"open-pool","msg":"Transaction (\u001b[33m42AYPZjL...SPctsjrh\u001b[39m) sent to swap \u001b[32m0.0085\u001b[39m WSOL to ~\u001b[32m8,407,465.204398\u001b[39m EGGLON for account (\u001b[35m7nQS...r3Dy\u001b[39m)"}
{"level":30,"time":1745135416225,"name":"open-pool","msg":"Transaction (\u001b[33m2ip2mLcE...cXQ4D32S\u001b[39m) sent to swap \u001b[32m0.0093\u001b[39m WSOL to ~\u001b[32m9,191,482.910906\u001b[39m EGGLON for account (\u001b[35m7PRs...Phrw\u001b[39m)"}
{"level":30,"time":1745135416351,"name":"open-pool","msg":"Transaction (\u001b[33m4o2voxyA...MCMDqBcr\u001b[39m) sent to swap \u001b[32m0.0151\u001b[39m WSOL to ~\u001b[32m14,838,745.111445\u001b[39m EGGLON for account (\u001b[35m64ZQ...RWLZ\u001b[39m)"}
{"level":30,"time":1745135416424,"name":"open-pool","msg":"Transaction (\u001b[33m5KcL5dJy...6tQ7iV43\u001b[39m) confirmed: \u001b[34m\u001b]8;;https://solscan.io/tx/5KcL5dJyP83PfHrUaQi6hQz4w53sgHDdNZEkqmPDa2E29q4Z85CYmUsDHHZVUZswwYTQejV4KNVKdKrd6tQ7iV43?cluster=mainnet-beta\u001b\\<Transaction link>\u001b]8;;\u001b\\\u001b[39m"}
{"level":30,"time":1745135416697,"name":"open-pool","msg":"Transaction (\u001b[33m5wLewHgE...sUjEcX7h\u001b[39m) confirmed: \u001b[34m\u001b]8;;https://solscan.io/tx/5wLewHgE1y44sxuqM2ndgKQhfdEkJy7zyyjYsxW83psuxTwAFh5S2FeRAfzy4RS7dHAQfkH2NWfWDT9gsUjEcX7h?cluster=mainnet-beta\u001b\\<Transaction link>\u001b]8;;\u001b\\\u001b[39m"}
{"level":30,"time":1745135416793,"name":"open-pool","msg":"Transaction (\u001b[33m5DhtiTEM...tsLNdW1e\u001b[39m) confirmed: \u001b[34m\u001b]8;;https://solscan.io/tx/5DhtiTEMfwDhZizDX3bcNTbFMk19SNfYRARVAAeqF5NFLChpxucNirErv5THVCP6xzEo94efyFFVpyXTtsLNdW1e?cluster=mainnet-beta\u001b\\<Transaction link>\u001b]8;;\u001b\\\u001b[39m"}
{"level":30,"time":1745135416794,"name":"open-pool","msg":"Transaction (\u001b[33m2bTCJWRk...qiTg12zJ\u001b[39m) confirmed: \u001b[34m\u001b]8;;https://solscan.io/tx/2bTCJWRkyGJGmrBhxiUa8GUUuCCSmU91jfFMuVqauSftnoNcCxvQ3wfHAGBLVAcR4qFiUpVkF9Uwext7qiTg12zJ?cluster=mainnet-beta\u001b\\<Transaction link>\u001b]8;;\u001b\\\u001b[39m"}
{"level":30,"time":1745135416976,"name":"open-pool","msg":"Transaction (\u001b[33m3qwJxm16...3iMymRC4\u001b[39m) confirmed: \u001b[34m\u001b]8;;https://solscan.io/tx/3qwJxm16RTg9NLccyy7jYBsHeCfzik5kNgRw79fiuEYnL9MgrtH3tndrbD4qDgDUNQtTKTzuPh9N76sE3iMymRC4?cluster=mainnet-beta\u001b\\<Transaction link>\u001b]8;;\u001b\\\u001b[39m"}
{"level":30,"time":1745135417283,"name":"open-pool","msg":"Transaction (\u001b[33m5ErZrLgY...hk8fcq2L\u001b[39m) confirmed: \u001b[34m\u001b]8;;https://solscan.io/tx/5ErZrLgYamrvHusDf9XpshBs14KxnsFKSWun45DKHimViSsT9D6hHX4AZMxUvgF6t9hd7U7qHyVD8U4Qhk8fcq2L?cluster=mainnet-beta\u001b\\<Transaction link>\u001b]8;;\u001b\\\u001b[39m"}
{"level":30,"time":1745135417370,"name":"open-pool","msg":"Transaction (\u001b[33m65jRvLQ5...i5yvtqGP\u001b[39m) confirmed: \u001b[34m\u001b]8;;https://solscan.io/tx/65jRvLQ5T5wyjE1t13cqzgHE66gkep9SsU9upCN6NVwWoLouwbFmFftSCaiWy9JXnfmTpZh1VWSeh193i5yvtqGP?cluster=mainnet-beta\u001b\\<Transaction link>\u001b]8;;\u001b\\\u001b[39m"}
{"level":30,"time":1745135417543,"name":"open-pool","msg":"Transaction (\u001b[33m5hwN3oc3...AsSY8MGc\u001b[39m) confirmed: \u001b[34m\u001b]8;;https://solscan.io/tx/5hwN3oc3F4fjnJe2Cxm4LZGoepjNJKQgAWXcKFrnLcsEpYADcrSGMHsbEKBRwKqD7zCHC6vG4JoZBc6KAsSY8MGc?cluster=mainnet-beta\u001b\\<Transaction link>\u001b]8;;\u001b\\\u001b[39m"}
{"level":30,"time":1745135417909,"name":"open-pool","msg":"Transaction (\u001b[33m2ibqBHMD...kbEcFjjR\u001b[39m) confirmed: \u001b[34m\u001b]8;;https://solscan.io/tx/2ibqBHMD3tkFnf8W4zjkpNhh9AAa9BJ4fLCu2maNURUZJ6wVxDVQ4fgdeiKuV59Tne44MALKvgNRQkNRkbEcFjjR?cluster=mainnet-beta\u001b\\<Transaction link>\u001b]8;;\u001b\\\u001b[39m"}
{"level":30,"time":1745135418717,"name":"open-pool","msg":"Transaction (\u001b[33m2KezCUVk...crxiWMgb\u001b[39m) confirmed: \u001b[34m\u001b]8;;https://solscan.io/tx/2KezCUVk9pmjtRdG2HQ2EtSrDTax4dgETas8pghecWwoMPMdzAeozuqkech2F2fdrWaLFvyLVehsnjYscrxiWMgb?cluster=mainnet-beta\u001b\\<Transaction link>\u001b]8;;\u001b\\\u001b[39m"}
{"level":30,"time":1745135418813,"name":"open-pool","msg":"Transaction (\u001b[33m5ZDt2UAk...NdRwN2tu\u001b[39m) confirmed: \u001b[34m\u001b]8;;https://solscan.io/tx/5ZDt2UAk256vYbPu5dr9EGE1bvN265MEFLt2ekoJNZJF4AUzR6TJ1mLWFSxQAJcgyCFGfwwxRYxWQAuqNdRwN2tu?cluster=mainnet-beta\u001b\\<Transaction link>\u001b]8;;\u001b\\\u001b[39m"}
{"level":30,"time":1745135418813,"name":"open-pool","msg":"Transaction (\u001b[33m5C2RD3MU...jQBynfUG\u001b[39m) confirmed: \u001b[34m\u001b]8;;https://solscan.io/tx/5C2RD3MUjYYZmPH9jrqoCjf2JfJgDybhcF8RiHPiaTzthq9U9sSQD9uf7ynsYdYHmhyFN5GGeZRNHixAjQBynfUG?cluster=mainnet-beta\u001b\\<Transaction link>\u001b]8;;\u001b\\\u001b[39m"}
{"level":30,"time":1745135419167,"name":"open-pool","msg":"Transaction (\u001b[33m4WiQC1ZF...Bed4jXL3\u001b[39m) confirmed: \u001b[34m\u001b]8;;https://solscan.io/tx/4WiQC1ZF3YAbA1uvubomgqNttTK5ssa3XVszrQk3jsT1SPYy4zdNWfjAErBf9zcpNaZLrU3G2pGRnVp6Bed4jXL3?cluster=mainnet-beta\u001b\\<Transaction link>\u001b]8;;\u001b\\\u001b[39m"}
{"level":30,"time":1745135419167,"name":"open-pool","msg":"Transaction (\u001b[33m21zPcgLU...p4y9i5nc\u001b[39m) confirmed: \u001b[34m\u001b]8;;https://solscan.io/tx/21zPcgLUkcEPmF4tagVT6wKTgRbuNbjDgp7ockNBWAHkEFne8dL9X9Uxc32np72t4TmEZ6c6zt1N7vAUp4y9i5nc?cluster=mainnet-beta\u001b\\<Transaction link>\u001b]8;;\u001b\\\u001b[39m"}
{"level":30,"time":1745135419244,"name":"open-pool","msg":"Transaction (\u001b[33mYsT9KA4Q...SrqrGhn8\u001b[39m) confirmed: \u001b[34m\u001b]8;;https://solscan.io/tx/YsT9KA4QZnGnrFLR7VdALr5xA9rqerpG6dP7FhHcrNRDPwKzQrv9B3cjJUHNqMWi19pjtj3ZNppmke3SrqrGhn8?cluster=mainnet-beta\u001b\\<Transaction link>\u001b]8;;\u001b\\\u001b[39m"}
{"level":30,"time":1745135419248,"name":"open-pool","msg":"Transaction (\u001b[33m4aHYvQQh...tCcpoZQE\u001b[39m) confirmed: \u001b[34m\u001b]8;;https://solscan.io/tx/4aHYvQQhu3zzqeAF9zQPRQkc5W1YgmaKk7EsX3VqT4Reg1ej4mc444Weyn6nxkPwjVXmTJbnQuGW4NCTtCcpoZQE?cluster=mainnet-beta\u001b\\<Transaction link>\u001b]8;;\u001b\\\u001b[39m"}
{"level":30,"time":1745135419720,"name":"open-pool","msg":"Transaction (\u001b[33m3hTsm5Vn...ZPhd58je\u001b[39m) confirmed: \u001b[34m\u001b]8;;https://solscan.io/tx/3hTsm5Vn21EM3AcTbpQfAyn1DmAr7ZjLezh5bzMrMF9svTNgU2wz4kRtTCYyUGBh23tEJKWwrfSbkVNwZPhd58je?cluster=mainnet-beta\u001b\\<Transaction link>\u001b]8;;\u001b\\\u001b[39m"}
{"level":30,"time":1745135419765,"name":"open-pool","msg":"Transaction (\u001b[33m47w63tBX...eRt7DcBy\u001b[39m) confirmed: \u001b[34m\u001b]8;;https://solscan.io/tx/47w63tBXkVnZ9RdR3pEzPiPVG2eEkXujPr27DhYjatbqbfHgPHS3X9A9ZZRBjDuBwuYt93NsSTtw7cmneRt7DcBy?cluster=mainnet-beta\u001b\\<Transaction link>\u001b]8;;\u001b\\\u001b[39m"}
{"level":30,"time":1745135419880,"name":"open-pool","msg":"Transaction (\u001b[33m2cN5xjPn...tc2LasDG\u001b[39m) confirmed: \u001b[34m\u001b]8;;https://solscan.io/tx/2cN5xjPnyoR65EZxoqckPeoEdrSHyvd82mAGes7g9aBkjzSiVJrctPs8hrTF9kHK8yN9xTMZiyQ7oTbdtc2LasDG?cluster=mainnet-beta\u001b\\<Transaction link>\u001b]8;;\u001b\\\u001b[39m"}
{"level":30,"time":1745135419946,"name":"open-pool","msg":"Transaction (\u001b[33m48ifQATG...kG13MxSd\u001b[39m) confirmed: \u001b[34m\u001b]8;;https://solscan.io/tx/48ifQATGoFTwGoqZBPVZ1Mf86hKkYFHao6iZDWPxTBXqzf9Rv1Hibrz4mFTdpN4WhQwFU2iP3jSpYk88kG13MxSd?cluster=mainnet-beta\u001b\\<Transaction link>\u001b]8;;\u001b\\\u001b[39m"}
{"level":30,"time":1745135420044,"name":"open-pool","msg":"Transaction (\u001b[33m3zEv6UzH...86JDf5Zb\u001b[39m) confirmed: \u001b[34m\u001b]8;;https://solscan.io/tx/3zEv6UzHfYjwJnxVxCL1h7aUnuLzFoNcmkjdb7Zk88xXNKjhs84YsMH8Ffg7DhdsjTzok4rZpRJrG1e686JDf5Zb?cluster=mainnet-beta\u001b\\<Transaction link>\u001b]8;;\u001b\\\u001b[39m"}
{"level":30,"time":1745135420236,"name":"open-pool","msg":"Transaction (\u001b[33m3bDg4kcx...eWoPzYT6\u001b[39m) confirmed: \u001b[34m\u001b]8;;https://solscan.io/tx/3bDg4kcxvt1C4ED8f525x6VL3CP17fRLnmCPBtNdueEeyTfqJrDNKDr3fHYyEQ1zw6BJTCoToYTHWDSZeWoPzYT6?cluster=mainnet-beta\u001b\\<Transaction link>\u001b]8;;\u001b\\\u001b[39m"}
{"level":30,"time":1745135420408,"name":"open-pool","msg":"Transaction (\u001b[33m5NhjHh63...z1ju5Xvm\u001b[39m) confirmed: \u001b[34m\u001b]8;;https://solscan.io/tx/5NhjHh63H6asDk8a6abKwG6XKiK5twH1obvMfu1dAyDANH5hTHr18qmSi7fRYeqEzSSY5BLCMapK4eT7z1ju5Xvm?cluster=mainnet-beta\u001b\\<Transaction link>\u001b]8;;\u001b\\\u001b[39m"}
{"level":30,"time":1745135420528,"name":"open-pool","msg":"Transaction (\u001b[33mgKqHiaiv...nDMKSqQ4\u001b[39m) confirmed: \u001b[34m\u001b]8;;https://solscan.io/tx/gKqHiaiv3FGWLXDSMyqxSEN6qg3rPeMqdo7dyL6MvT9x2ba8EtXnxjwxzFyY2RrGHAcNJ5qHzWvNPuanDMKSqQ4?cluster=mainnet-beta\u001b\\<Transaction link>\u001b]8;;\u001b\\\u001b[39m"}
{"level":30,"time":1745135420766,"name":"open-pool","msg":"Transaction (\u001b[33m2uVXn3iN...nzd7bbs4\u001b[39m) confirmed: \u001b[34m\u001b]8;;https://solscan.io/tx/2uVXn3iNvn1qXRHFEtbFGpMqcE9gGDW11NhBrU5Gjxu8F8VndZyynJFmWiwiuuP4EBVktoy5MjavDUcVnzd7bbs4?cluster=mainnet-beta\u001b\\<Transaction link>\u001b]8;;\u001b\\\u001b[39m"}
{"level":30,"time":1745135421043,"name":"open-pool","msg":"Transaction (\u001b[33m2wZWxbQh...kGeSG4iC\u001b[39m) confirmed: \u001b[34m\u001b]8;;https://solscan.io/tx/2wZWxbQhrPi4kRxmwfanwcvFCmso8JmPyP5uaqWxnySgZeWfWwivV1QCGwjaDG9kRk5mazNp2ceoCEPqkGeSG4iC?cluster=mainnet-beta\u001b\\<Transaction link>\u001b]8;;\u001b\\\u001b[39m"}
{"level":30,"time":1745135421295,"name":"open-pool","msg":"Transaction (\u001b[33m42AYPZjL...SPctsjrh\u001b[39m) confirmed: \u001b[34m\u001b]8;;https://solscan.io/tx/42AYPZjLxVBgjQxKB7xAMF5YUUdB7rCRr6eGxvY5iuHjJSHSEVepZrYVVTd9aqo9n2vnpxzaEkqz9ZgXSPctsjrh?cluster=mainnet-beta\u001b\\<Transaction link>\u001b]8;;\u001b\\\u001b[39m"}
{"level":30,"time":1745135421297,"name":"open-pool","msg":"Transaction (\u001b[33m2ip2mLcE...cXQ4D32S\u001b[39m) confirmed: \u001b[34m\u001b]8;;https://solscan.io/tx/2ip2mLcE7NFKG1dU7bYmaoepS78z356M537nzggR4nRWSgcimFRfgLBwRAqQMgShMpGvbbG88pzP7U1ncXQ4D32S?cluster=mainnet-beta\u001b\\<Transaction link>\u001b]8;;\u001b\\\u001b[39m"}
{"level":30,"time":1745135421412,"name":"open-pool","msg":"Transaction (\u001b[33m4o2voxyA...MCMDqBcr\u001b[39m) confirmed: \u001b[34m\u001b]8;;https://solscan.io/tx/4o2voxyAKhwsbAK5GVkPqnC1bMUcAvnNvwnHpGWTcDF6pGnsafid3sh2CVETFLaHKpGSsYm2hSEyFtLZMCMDqBcr?cluster=mainnet-beta\u001b\\<Transaction link>\u001b]8;;\u001b\\\u001b[39m"}
{"level":30,"time":1745135422871,"name":"open-pool","msg":"Transaction (\u001b[33m2CnwMHJd...SDijgfps\u001b[39m) confirmed: \u001b[34m\u001b]8;;https://solscan.io/tx/2CnwMHJdKsLSwwypdAsU7f4ZpUw9uT99qffm1wTe943QnjyvvNu7HGr3udbpBiUbT65HxscAQ8Wv5sLNSDijgfps?cluster=mainnet-beta\u001b\\<Transaction link>\u001b]8;;\u001b\\\u001b[39m"}
{"level":30,"time":1745135423078,"name":"open-pool","msg":"Transaction (\u001b[33m4o1Nsipr...pYAkqrca\u001b[39m) confirmed: \u001b[34m\u001b]8;;https://solscan.io/tx/4o1NsiprZHz9tDeKiNSbsZk3z3NdmaZKZKh3o4hDpyfkvToan6W5HbDkyWsDMDjuaaCsmVFp9pgnHcWnpYAkqrca?cluster=mainnet-beta\u001b\\<Transaction link>\u001b]8;;\u001b\\\u001b[39m"}
{"level":30,"time":1745135423326,"name":"open-pool","msg":"Transaction (\u001b[33m5B58o9sd...HMjaGco8\u001b[39m) confirmed: \u001b[34m\u001b]8;;https://solscan.io/tx/5B58o9sdptVK6ahmF3fsWjqS3Br2HAp2SDLUJuPrRjtNxSY9dGC1YASVk9cQL4ygHkCSp58NeZhm5jJAHMjaGco8?cluster=mainnet-beta\u001b\\<Transaction link>\u001b]8;;\u001b\\\u001b[39m"}
