{"level":30,"time":1745523129624,"name":"trade","msg":"\n\u001b[90m================================================================================\u001b[39m\nTrading cycle: \u001b[32m2\u001b[39m. Total sniper swaps: \u001b[32m12\u001b[39m. Pump bias: \u001b[32m0.00%\u001b[39m\n\u001b[90m================================================================================\u001b[39m"}
{"level":30,"time":1745523136564,"name":"trade","msg":"Transaction (\u001b[33mnajxC5AE...VARpDKGH\u001b[39m) sent to swap \u001b[32m886.590871\u001b[39m BRILLIANTGUY to ~\u001b[32m0.000069318\u001b[39m WSOL for account (\u001b[35m6Xs8...xmdr\u001b[39m)"}
{"level":30,"time":1745523141964,"name":"trade","msg":"Transaction (\u001b[33mnajxC5AE...VARpDKGH\u001b[39m) confirmed: \u001b[34m\u001b]8;;https://solscan.io/tx/najxC5AEepD1HKtCKf4NBG7mU5TcsHFkFyLBvMM3sJKjS4Gbi4o2Dxgctun8matLWy4Huo6FP3vRCmoVARpDKGH?cluster=mainnet-beta\u001b\\<Transaction link>\u001b]8;;\u001b\\\u001b[39m"}
{"level":30,"time":1745523141966,"name":"trade","msg":"Cycle: \u001b[32m2\u001b[39m. Trade: \u001b[32m1\u001b[39m/\u001b[32m12\u001b[39m. Sell transactions executed: \u001b[32m1\u001b[39m. Pausing: \u001b[32m4.425\u001b[39m sec"}
{"level":30,"time":1745523146392,"name":"trade","msg":"\u001b[90m--------------------------------------------------------------------------------\u001b[39m"}
{"level":30,"time":1745523149042,"name":"trade","msg":"Transaction (\u001b[33m2XwpXw4N...iqPv8NG9\u001b[39m) sent to swap \u001b[32m1,234.253653\u001b[39m BRILLIANTGUY to ~\u001b[32m0.0000965\u001b[39m WSOL for account (\u001b[35mLmWD...sUwK\u001b[39m)"}
{"level":40,"time":1745523154558,"name":"trade","msg":"Attempt: \u001b[32m1\u001b[39m. Fetch failed for \u001b[34m\u001b]8;;https://mainnet.helius-rpc.com/?api-key=128eb9d0-7c10-4970-8306-3fe6ccdcd58e\u001b\\https://mainnet.helius-rpc.com/?api-key=128eb9d0-7c10-4970-8306-3fe6ccdcd58e\u001b]8;;\u001b\\\u001b[39m. Reason: fetch failed"}
{"level":40,"time":1745523154558,"name":"trade","msg":"Refetching in \u001b[32m1\u001b[39m sec"}
{"level":30,"time":1745523156368,"name":"trade","msg":"Transaction (\u001b[33m2XwpXw4N...iqPv8NG9\u001b[39m) confirmed: \u001b[34m\u001b]8;;https://solscan.io/tx/2XwpXw4NijR1MXULGRLcQzXQg9kjiBHH9FHscEDgihjEeza6e2cJUTWhtCu44cWY7ZNpXaR6Ac4AQN9LiqPv8NG9?cluster=mainnet-beta\u001b\\<Transaction link>\u001b]8;;\u001b\\\u001b[39m"}
{"level":30,"time":1745523156369,"name":"trade","msg":"Cycle: \u001b[32m2\u001b[39m. Trade: \u001b[32m2\u001b[39m/\u001b[32m12\u001b[39m. Sell transactions executed: \u001b[32m1\u001b[39m. Pausing: \u001b[32m7.978\u001b[39m sec"}
{"level":30,"time":1745523164351,"name":"trade","msg":"\u001b[90m--------------------------------------------------------------------------------\u001b[39m"}
{"level":30,"time":1745523176117,"name":"trade","msg":"Transaction (\u001b[33m5UJgehbE...7eSXa5oc\u001b[39m) sent to swap \u001b[32m796.988391\u001b[39m BRILLIANTGUY to ~\u001b[32m0.000062312\u001b[39m WSOL for account (\u001b[35m7sSo...CLQq\u001b[39m)"}
{"level":30,"time":1745523181563,"name":"trade","msg":"Transaction (\u001b[33m5UJgehbE...7eSXa5oc\u001b[39m) confirmed: \u001b[34m\u001b]8;;https://solscan.io/tx/5UJgehbEMG6YGH7TUSMHQcNpisbDR5BFpraPSxTcMmDsyuj8kkwp56T7AjVY3uKqFq8TMyBY27qX1b4k7eSXa5oc?cluster=mainnet-beta\u001b\\<Transaction link>\u001b]8;;\u001b\\\u001b[39m"}
{"level":30,"time":1745523181564,"name":"trade","msg":"Cycle: \u001b[32m2\u001b[39m. Trade: \u001b[32m3\u001b[39m/\u001b[32m12\u001b[39m. Sell transactions executed: \u001b[32m1\u001b[39m. Pausing: \u001b[32m4.906\u001b[39m sec"}
{"level":30,"time":1745523186471,"name":"trade","msg":"\u001b[90m--------------------------------------------------------------------------------\u001b[39m"}
{"level":30,"time":1745523188587,"name":"trade","msg":"Transaction (\u001b[33m59AMP9no...TatVpcJ6\u001b[39m) sent to swap \u001b[32m1,103.972975\u001b[39m BRILLIANTGUY to ~\u001b[32m0.000086314\u001b[39m WSOL for account (\u001b[35mEDZP...ihNU\u001b[39m)"}
{"level":30,"time":1745523194922,"name":"trade","msg":"Transaction (\u001b[33m59AMP9no...TatVpcJ6\u001b[39m) confirmed: \u001b[34m\u001b]8;;https://solscan.io/tx/59AMP9noEKR9LTATw9m342bGpsD2xDhLjYiQxnxzLjmujPqJJjYbjiNt4SBVoWtX1CBqpMJaR9teFqtPTatVpcJ6?cluster=mainnet-beta\u001b\\<Transaction link>\u001b]8;;\u001b\\\u001b[39m"}
{"level":30,"time":1745523194923,"name":"trade","msg":"Cycle: \u001b[32m2\u001b[39m. Trade: \u001b[32m4\u001b[39m/\u001b[32m12\u001b[39m. Sell transactions executed: \u001b[32m1\u001b[39m. Pausing: \u001b[32m6.415\u001b[39m sec"}
{"level":30,"time":1745523201341,"name":"trade","msg":"\u001b[90m--------------------------------------------------------------------------------\u001b[39m"}
{"level":30,"time":1745523208127,"name":"trade","msg":"Transaction (\u001b[33mzTW5mcGw...whGb1xNH\u001b[39m) sent to swap \u001b[32m573.342945\u001b[39m BRILLIANTGUY to ~\u001b[32m0.000044827\u001b[39m WSOL for account (\u001b[35mESvS...pBLd\u001b[39m)"}
{"level":30,"time":1745523213793,"name":"trade","msg":"Transaction (\u001b[33mzTW5mcGw...whGb1xNH\u001b[39m) confirmed: \u001b[34m\u001b]8;;https://solscan.io/tx/zTW5mcGwWv2CKhBgBhN3HGr746S3UJ136MZoDtNXNprhowhVAg32rg5Dk1nLqkKS9jLWPgiCffHoaYawhGb1xNH?cluster=mainnet-beta\u001b\\<Transaction link>\u001b]8;;\u001b\\\u001b[39m"}
{"level":30,"time":1745523213794,"name":"trade","msg":"Cycle: \u001b[32m2\u001b[39m. Trade: \u001b[32m5\u001b[39m/\u001b[32m12\u001b[39m. Sell transactions executed: \u001b[32m1\u001b[39m. Pausing: \u001b[32m5.322\u001b[39m sec"}
{"level":30,"time":1745523219117,"name":"trade","msg":"\u001b[90m--------------------------------------------------------------------------------\u001b[39m"}
{"level":30,"time":1745523229468,"name":"trade","msg":"Transaction (\u001b[33m295bJ8sq...1xYt1YFp\u001b[39m) sent to swap \u001b[32m692.911658\u001b[39m BRILLIANTGUY to ~\u001b[32m0.000054175\u001b[39m WSOL for account (\u001b[35mGyDQ...8KnX\u001b[39m)"}
{"level":30,"time":1745523234900,"name":"trade","msg":"Transaction (\u001b[33m295bJ8sq...1xYt1YFp\u001b[39m) confirmed: \u001b[34m\u001b]8;;https://solscan.io/tx/295bJ8sqtacVrjRdjvHqJLoCyYDQTzhioyMtMEtVVsEUZGcWdk5qbrCt9jYXr2d3SzCvhuv8hPREgxBE1xYt1YFp?cluster=mainnet-beta\u001b\\<Transaction link>\u001b]8;;\u001b\\\u001b[39m"}
{"level":30,"time":1745523234901,"name":"trade","msg":"Cycle: \u001b[32m2\u001b[39m. Trade: \u001b[32m6\u001b[39m/\u001b[32m12\u001b[39m. Sell transactions executed: \u001b[32m1\u001b[39m. Pausing: \u001b[32m7.698\u001b[39m sec"}
{"level":30,"time":1745523242603,"name":"trade","msg":"\u001b[90m--------------------------------------------------------------------------------\u001b[39m"}
{"level":30,"time":1745523245790,"name":"trade","msg":"Transaction (\u001b[33m4wUeNP4i...U2GY2Xxe\u001b[39m) sent to swap \u001b[32m658.385172\u001b[39m BRILLIANTGUY to ~\u001b[32m0.000051476\u001b[39m WSOL for account (\u001b[35mAbtG...VSZq\u001b[39m)"}
{"level":30,"time":1745523251163,"name":"trade","msg":"Transaction (\u001b[33m4wUeNP4i...U2GY2Xxe\u001b[39m) confirmed: \u001b[34m\u001b]8;;https://solscan.io/tx/4wUeNP4iuqwsqKxyrhTe8N59JzHXXSy5AaKWneEJuKdJ48bQqHQRnhVTG6zxBAjBRT9EgqsACD4k43NpU2GY2Xxe?cluster=mainnet-beta\u001b\\<Transaction link>\u001b]8;;\u001b\\\u001b[39m"}
{"level":30,"time":1745523251164,"name":"trade","msg":"Cycle: \u001b[32m2\u001b[39m. Trade: \u001b[32m7\u001b[39m/\u001b[32m12\u001b[39m. Sell transactions executed: \u001b[32m1\u001b[39m. Pausing: \u001b[32m5.395\u001b[39m sec"}
{"level":30,"time":1745523256559,"name":"trade","msg":"\u001b[90m--------------------------------------------------------------------------------\u001b[39m"}
{"level":30,"time":1745523261170,"name":"trade","msg":"Transaction (\u001b[33m5ub5dNQN...ZA2iF9rg\u001b[39m) sent to swap \u001b[32m1,042.159624\u001b[39m BRILLIANTGUY to ~\u001b[32m0.000081481\u001b[39m WSOL for account (\u001b[35mGhfr...oDbS\u001b[39m)"}
{"level":30,"time":1745523266682,"name":"trade","msg":"Transaction (\u001b[33m5ub5dNQN...ZA2iF9rg\u001b[39m) confirmed: \u001b[34m\u001b]8;;https://solscan.io/tx/5ub5dNQN26rgZDZUf4QQb6pUpGNd2jLbbm1VBWbqcyi8Z65pp6MqPGsGbYp7a9H2fMbDmucmUJzhbuQ9ZA2iF9rg?cluster=mainnet-beta\u001b\\<Transaction link>\u001b]8;;\u001b\\\u001b[39m"}
{"level":30,"time":1745523266683,"name":"trade","msg":"Cycle: \u001b[32m2\u001b[39m. Trade: \u001b[32m8\u001b[39m/\u001b[32m12\u001b[39m. Sell transactions executed: \u001b[32m1\u001b[39m. Pausing: \u001b[32m6.264\u001b[39m sec"}
{"level":30,"time":1745523272950,"name":"trade","msg":"\u001b[90m--------------------------------------------------------------------------------\u001b[39m"}
{"level":30,"time":1745523277395,"name":"trade","msg":"Transaction (\u001b[33m4Ey8Wy1R...cVj9eHHf\u001b[39m) sent to swap \u001b[32m773.147909\u001b[39m BRILLIANTGUY to ~\u001b[32m0.000060448\u001b[39m WSOL for account (\u001b[35mHiJq...hdMh\u001b[39m)"}
{"level":30,"time":1745523283087,"name":"trade","msg":"Transaction (\u001b[33m4Ey8Wy1R...cVj9eHHf\u001b[39m) confirmed: \u001b[34m\u001b]8;;https://solscan.io/tx/4Ey8Wy1RcNZ9VNVXH5UEgaNXmnrj6X5PMwoAK5FoE5dsVHo4WB9D9ZFUdXCd2doTjaR9XJ9mcu4chCP6cVj9eHHf?cluster=mainnet-beta\u001b\\<Transaction link>\u001b]8;;\u001b\\\u001b[39m"}
{"level":30,"time":1745523283088,"name":"trade","msg":"Cycle: \u001b[32m2\u001b[39m. Trade: \u001b[32m9\u001b[39m/\u001b[32m12\u001b[39m. Sell transactions executed: \u001b[32m1\u001b[39m. Pausing: \u001b[32m5.478\u001b[39m sec"}
{"level":30,"time":1745523288568,"name":"trade","msg":"\u001b[90m--------------------------------------------------------------------------------\u001b[39m"}
{"level":30,"time":1745523297898,"name":"trade","msg":"Transaction (\u001b[33m3rx3sYyY...k4swAG8G\u001b[39m) sent to swap \u001b[32m878.918068\u001b[39m BRILLIANTGUY to ~\u001b[32m0.000068718\u001b[39m WSOL for account (\u001b[35mGv8e...6wYq\u001b[39m)"}
{"level":30,"time":1745523303669,"name":"trade","msg":"Transaction (\u001b[33m3rx3sYyY...k4swAG8G\u001b[39m) confirmed: \u001b[34m\u001b]8;;https://solscan.io/tx/3rx3sYyY4dz8AkdMsk4RVy4x3iuUVFdBTkXnHWNv1AadPwHAXQNGQmAPgR5UKcisnP7xFHnwc3C86i5ok4swAG8G?cluster=mainnet-beta\u001b\\<Transaction link>\u001b]8;;\u001b\\\u001b[39m"}
{"level":30,"time":1745523303670,"name":"trade","msg":"Cycle: \u001b[32m2\u001b[39m. Trade: \u001b[32m10\u001b[39m/\u001b[32m12\u001b[39m. Sell transactions executed: \u001b[32m1\u001b[39m. Pausing: \u001b[32m7.802\u001b[39m sec"}
{"level":30,"time":1745523311476,"name":"trade","msg":"\u001b[90m--------------------------------------------------------------------------------\u001b[39m"}
{"level":30,"time":1745523316598,"name":"trade","msg":"Transaction (\u001b[33m3qoKAyob...jLThQt8m\u001b[39m) sent to swap \u001b[32m765.756724\u001b[39m BRILLIANTGUY to ~\u001b[32m0.000059871\u001b[39m WSOL for account (\u001b[35mDYJC...xNrx\u001b[39m)"}
{"level":40,"time":1745523322109,"name":"trade","msg":"Attempt: \u001b[32m1\u001b[39m. Fetch failed for \u001b[34m\u001b]8;;https://mainnet.helius-rpc.com/?api-key=128eb9d0-7c10-4970-8306-3fe6ccdcd58e\u001b\\https://mainnet.helius-rpc.com/?api-key=128eb9d0-7c10-4970-8306-3fe6ccdcd58e\u001b]8;;\u001b\\\u001b[39m. Reason: fetch failed"}
{"level":40,"time":1745523322110,"name":"trade","msg":"Refetching in \u001b[32m1\u001b[39m sec"}
{"level":30,"time":1745523327252,"name":"trade","msg":"Transaction (\u001b[33m3qoKAyob...jLThQt8m\u001b[39m) confirmed: \u001b[34m\u001b]8;;https://solscan.io/tx/3qoKAyobXTNixTLtHKYbiPDU6g9W3gsF7RFnZBVKABHtPy1Ngrprk6UwWLgQ3ZhmrLuyPdAAyTJWFBPKjLThQt8m?cluster=mainnet-beta\u001b\\<Transaction link>\u001b]8;;\u001b\\\u001b[39m"}
{"level":30,"time":1745523327253,"name":"trade","msg":"Cycle: \u001b[32m2\u001b[39m. Trade: \u001b[32m11\u001b[39m/\u001b[32m12\u001b[39m. Sell transactions executed: \u001b[32m1\u001b[39m. Pausing: \u001b[32m5.743\u001b[39m sec"}
{"level":30,"time":1745523329402,"name":"trade","msg":"Transaction (\u001b[33m3qoKAyob...jLThQt8m\u001b[39m) confirmed: \u001b[34m\u001b]8;;https://solscan.io/tx/3qoKAyobXTNixTLtHKYbiPDU6g9W3gsF7RFnZBVKABHtPy1Ngrprk6UwWLgQ3ZhmrLuyPdAAyTJWFBPKjLThQt8m?cluster=mainnet-beta\u001b\\<Transaction link>\u001b]8;;\u001b\\\u001b[39m"}
{"level":30,"time":1745523332998,"name":"trade","msg":"\u001b[90m--------------------------------------------------------------------------------\u001b[39m"}
{"level":30,"time":1745523335451,"name":"trade","msg":"Transaction (\u001b[33m4Trqwhcg...ZwPaTNWc\u001b[39m) sent to swap \u001b[32m948.285053\u001b[39m BRILLIANTGUY to ~\u001b[32m0.000074141\u001b[39m WSOL for account (\u001b[35mA4XW...fpDc\u001b[39m)"}
{"level":30,"time":1745523340941,"name":"trade","msg":"Transaction (\u001b[33m4Trqwhcg...ZwPaTNWc\u001b[39m) confirmed: \u001b[34m\u001b]8;;https://solscan.io/tx/4TrqwhcgmaomPjSANHZ1xWEAV3tcUvZ2JyT62ZNNM7fApizBY1T3dRjX8EtSv8UqeLRi7o6udqt6dHceZwPaTNWc?cluster=mainnet-beta\u001b\\<Transaction link>\u001b]8;;\u001b\\\u001b[39m"}
{"level":30,"time":1745523340942,"name":"trade","msg":"Cycle: \u001b[32m2\u001b[39m. Trade: \u001b[32m12\u001b[39m/\u001b[32m12\u001b[39m. Sell transactions executed: \u001b[32m1\u001b[39m. Pausing: \u001b[32m6.533\u001b[39m sec"}
{"level":30,"time":1745523347480,"name":"trade","msg":"\n\u001b[90m================================================================================\u001b[39m\nTrading cycle: \u001b[32m2\u001b[39m. Total trader swaps: \u001b[32m86\u001b[39m. Pump bias: \u001b[32m80.00%\u001b[39m\n\u001b[90m================================================================================\u001b[39m"}
{"level":40,"time":1745523347991,"name":"trade","msg":"Attempt: \u001b[32m1\u001b[39m. Fetch failed for \u001b[34m\u001b]8;;https://mainnet.helius-rpc.com/?api-key=5986c57d-970d-44cd-b556-9988b66a3bff\u001b\\https://mainnet.helius-rpc.com/?api-key=5986c57d-970d-44cd-b556-9988b66a3bff\u001b]8;;\u001b\\\u001b[39m. Reason: fetch failed"}
{"level":40,"time":1745523347991,"name":"trade","msg":"Refetching in \u001b[32m1\u001b[39m sec"}
{"level":40,"time":1745523349503,"name":"trade","msg":"Attempt: \u001b[32m2\u001b[39m. Fetch failed for \u001b[34m\u001b]8;;https://mainnet.helius-rpc.com/?api-key=5986c57d-970d-44cd-b556-9988b66a3bff\u001b\\https://mainnet.helius-rpc.com/?api-key=5986c57d-970d-44cd-b556-9988b66a3bff\u001b]8;;\u001b\\\u001b[39m. Reason: fetch failed"}
{"level":40,"time":1745523349503,"name":"trade","msg":"Refetching in \u001b[32m2\u001b[39m sec"}
{"level":40,"time":1745523352014,"name":"trade","msg":"Attempt: \u001b[32m3\u001b[39m. Fetch failed for \u001b[34m\u001b]8;;https://mainnet.helius-rpc.com/?api-key=5986c57d-970d-44cd-b556-9988b66a3bff\u001b\\https://mainnet.helius-rpc.com/?api-key=5986c57d-970d-44cd-b556-9988b66a3bff\u001b]8;;\u001b\\\u001b[39m. Reason: fetch failed"}
{"level":40,"time":1745523352014,"name":"trade","msg":"Refetching in \u001b[32m4\u001b[39m sec"}
{"level":40,"time":1745523356528,"name":"trade","msg":"Attempt: \u001b[32m4\u001b[39m. Fetch failed for \u001b[34m\u001b]8;;https://mainnet.helius-rpc.com/?api-key=5986c57d-970d-44cd-b556-9988b66a3bff\u001b\\https://mainnet.helius-rpc.com/?api-key=5986c57d-970d-44cd-b556-9988b66a3bff\u001b]8;;\u001b\\\u001b[39m. Reason: fetch failed"}
{"level":40,"time":1745523356528,"name":"trade","msg":"Refetching in \u001b[32m8\u001b[39m sec"}
{"level":30,"time":1745523375145,"name":"trade","msg":"Transaction (\u001b[33mgHxob29p...qTBdXN2h\u001b[39m) sent to swap \u001b[32m0.039255749\u001b[39m WSOL to ~\u001b[32m497,413.410292\u001b[39m BRILLIANTGUY for account (\u001b[35mEWV4...4tck\u001b[39m)"}
{"level":30,"time":1745523380610,"name":"trade","msg":"Transaction (\u001b[33mgHxob29p...qTBdXN2h\u001b[39m) confirmed: \u001b[34m\u001b]8;;https://solscan.io/tx/gHxob29pD4VsjnqN4k7mYaXzaHYCuHYGoTdkxnM3durtD3ZtvWqFHS7h4WgbUbKdQ6EWwroyMDQUJ33qTBdXN2h?cluster=mainnet-beta\u001b\\<Transaction link>\u001b]8;;\u001b\\\u001b[39m"}
{"level":30,"time":1745523380612,"name":"trade","msg":"Cycle: \u001b[32m2\u001b[39m. Trade: \u001b[32m1\u001b[39m/\u001b[32m86\u001b[39m. Buy transactions executed: \u001b[32m1\u001b[39m. Pausing: \u001b[32m5.515\u001b[39m sec"}
{"level":30,"time":1745523386128,"name":"trade","msg":"\u001b[90m--------------------------------------------------------------------------------\u001b[39m"}
{"level":40,"time":1745523390358,"name":"trade","msg":"Error fetching priority fee estimate: AggregateError. Compute unit price defaults to \u001b[32m0.00001\u001b[39m SOL"}
{"level":30,"time":1745523392578,"name":"trade","msg":"Transaction (\u001b[33m5DHe1oVh...gdUq41rG\u001b[39m) sent to swap \u001b[32m0.034841426\u001b[39m WSOL to ~\u001b[32m441,693.953982\u001b[39m BRILLIANTGUY for account (\u001b[35mA3NT...sP5E\u001b[39m)"}
{"level":30,"time":1745523398322,"name":"trade","msg":"Transaction (\u001b[33m5DHe1oVh...gdUq41rG\u001b[39m) confirmed: \u001b[34m\u001b]8;;https://solscan.io/tx/5DHe1oVhsYGeGptdKxPqVbfchcFVUCupMRWQ5kJ47rCRaLNPE7ytmpLu1ne1PL8Le7kAREU5ohE4QQ4fgdUq41rG?cluster=mainnet-beta\u001b\\<Transaction link>\u001b]8;;\u001b\\\u001b[39m"}
{"level":30,"time":1745523398323,"name":"trade","msg":"Cycle: \u001b[32m2\u001b[39m. Trade: \u001b[32m2\u001b[39m/\u001b[32m86\u001b[39m. Buy transactions executed: \u001b[32m1\u001b[39m. Pausing: \u001b[32m6.969\u001b[39m sec"}
{"level":30,"time":1745523405295,"name":"trade","msg":"\u001b[90m--------------------------------------------------------------------------------\u001b[39m"}
{"level":30,"time":1745523416784,"name":"trade","msg":"Transaction (\u001b[33m2F16bVuC...9aYjZGjb\u001b[39m) sent to swap \u001b[32m2,023,264.111895\u001b[39m BRILLIANTGUY to ~\u001b[32m0.155462252\u001b[39m WSOL for account (\u001b[35mDDEM...ru6i\u001b[39m)"}
{"level":30,"time":1745523422864,"name":"trade","msg":"Transaction (\u001b[33m2F16bVuC...9aYjZGjb\u001b[39m) confirmed: \u001b[34m\u001b]8;;https://solscan.io/tx/2F16bVuCB8GQwJZSiSbYxKTbKG9U18A7QGzQHGwDjq1XNhQGXEoXsjPdGp4XqhBp6epQNoNMVADpP2CW9aYjZGjb?cluster=mainnet-beta\u001b\\<Transaction link>\u001b]8;;\u001b\\\u001b[39m"}
{"level":30,"time":1745523422865,"name":"trade","msg":"Cycle: \u001b[32m2\u001b[39m. Trade: \u001b[32m3\u001b[39m/\u001b[32m86\u001b[39m. Sell transactions executed: \u001b[32m1\u001b[39m. Pausing: \u001b[32m6.06\u001b[39m sec"}
{"level":30,"time":1745523428927,"name":"trade","msg":"\u001b[90m--------------------------------------------------------------------------------\u001b[39m"}
{"level":30,"time":1745523432919,"name":"trade","msg":"Transaction (\u001b[33m5ngBf4nw...Vi9vvwjS\u001b[39m) sent to swap \u001b[32m0.035556484\u001b[39m WSOL to ~\u001b[32m450,723.3959\u001b[39m BRILLIANTGUY for account (\u001b[35m367p...dwPh\u001b[39m)"}
{"level":30,"time":1745523438313,"name":"trade","msg":"Transaction (\u001b[33m5ngBf4nw...Vi9vvwjS\u001b[39m) confirmed: \u001b[34m\u001b]8;;https://solscan.io/tx/5ngBf4nwAETqFeEXmeyFJFZ27pwwJULoywuoZrYJYPAhywrQPjbbnpk95GxEcLexqkQghduQkNno1oscVi9vvwjS?cluster=mainnet-beta\u001b\\<Transaction link>\u001b]8;;\u001b\\\u001b[39m"}
{"level":30,"time":1745523438314,"name":"trade","msg":"Cycle: \u001b[32m2\u001b[39m. Trade: \u001b[32m4\u001b[39m/\u001b[32m86\u001b[39m. Buy transactions executed: \u001b[32m1\u001b[39m. Pausing: \u001b[32m7.365\u001b[39m sec"}
{"level":30,"time":1745523445682,"name":"trade","msg":"\u001b[90m--------------------------------------------------------------------------------\u001b[39m"}
{"level":30,"time":1745523448128,"name":"trade","msg":"Transaction (\u001b[33mLUa9UBwg...pUyTkExg\u001b[39m) sent to swap \u001b[32m0.041183098\u001b[39m WSOL to ~\u001b[32m521,724.234906\u001b[39m BRILLIANTGUY for account (\u001b[35mB6jq...xFZz\u001b[39m)"}
{"level":30,"time":1745523453686,"name":"trade","msg":"Transaction (\u001b[33mLUa9UBwg...pUyTkExg\u001b[39m) confirmed: \u001b[34m\u001b]8;;https://solscan.io/tx/LUa9UBwgZNWUFnKcZnHbWohcUuyvbVT2vbXwaMofSU6qrBrxZVm6uyPG9qVsMwSRJGimtRBTuSHJp5GpUyTkExg?cluster=mainnet-beta\u001b\\<Transaction link>\u001b]8;;\u001b\\\u001b[39m"}
{"level":30,"time":1745523453687,"name":"trade","msg":"Cycle: \u001b[32m2\u001b[39m. Trade: \u001b[32m5\u001b[39m/\u001b[32m86\u001b[39m. Buy transactions executed: \u001b[32m1\u001b[39m. Pausing: \u001b[32m5.734\u001b[39m sec"}
{"level":30,"time":1745523459423,"name":"trade","msg":"\u001b[90m--------------------------------------------------------------------------------\u001b[39m"}
{"level":30,"time":1745523463032,"name":"trade","msg":"Transaction (\u001b[33m4XBTVrZZ...LSoZEocL\u001b[39m) sent to swap \u001b[32m0.042696787\u001b[39m WSOL to ~\u001b[32m540,810.076448\u001b[39m BRILLIANTGUY for account (\u001b[35mBQfa...FXZh\u001b[39m)"}
{"level":30,"time":1745523468512,"name":"trade","msg":"Transaction (\u001b[33m4XBTVrZZ...LSoZEocL\u001b[39m) confirmed: \u001b[34m\u001b]8;;https://solscan.io/tx/4XBTVrZZVcAwpnueUwgBBacnt6Jh6yhcCpBpfiMhieYqtTCNJ98de6Zw3whxX9LkFLqwzUgVJyA8EdsiLSoZEocL?cluster=mainnet-beta\u001b\\<Transaction link>\u001b]8;;\u001b\\\u001b[39m"}
{"level":30,"time":1745523468512,"name":"trade","msg":"Cycle: \u001b[32m2\u001b[39m. Trade: \u001b[32m6\u001b[39m/\u001b[32m86\u001b[39m. Buy transactions executed: \u001b[32m1\u001b[39m. Pausing: \u001b[32m4.328\u001b[39m sec"}
{"level":30,"time":1745523472841,"name":"trade","msg":"\u001b[90m--------------------------------------------------------------------------------\u001b[39m"}
{"level":30,"time":1745523480517,"name":"trade","msg":"Transaction (\u001b[33m3PC5NVG9...mWBQHjxy\u001b[39m) sent to swap \u001b[32m0.047146747\u001b[39m WSOL to ~\u001b[32m596,881.998252\u001b[39m BRILLIANTGUY for account (\u001b[35m83DC...HfDM\u001b[39m)"}
{"level":30,"time":1745523485890,"name":"trade","msg":"Transaction (\u001b[33m3PC5NVG9...mWBQHjxy\u001b[39m) confirmed: \u001b[34m\u001b]8;;https://solscan.io/tx/3PC5NVG9nV7SVuFkdctEJE5n6iZWEz8Qutv3EzhCDFP6Tby71jKwV3wUQ3Kgfu57bdLbaqDCjba9nj73mWBQHjxy?cluster=mainnet-beta\u001b\\<Transaction link>\u001b]8;;\u001b\\\u001b[39m"}
{"level":30,"time":1745523485891,"name":"trade","msg":"Cycle: \u001b[32m2\u001b[39m. Trade: \u001b[32m7\u001b[39m/\u001b[32m86\u001b[39m. Buy transactions executed: \u001b[32m1\u001b[39m. Pausing: \u001b[32m5.291\u001b[39m sec"}
{"level":30,"time":1745523491183,"name":"trade","msg":"\u001b[90m--------------------------------------------------------------------------------\u001b[39m"}
{"level":30,"time":1745523493548,"name":"trade","msg":"Transaction (\u001b[33m383yKg8o...bNT5Noso\u001b[39m) sent to swap \u001b[32m0.039409572\u001b[39m WSOL to ~\u001b[32m499,354.059168\u001b[39m BRILLIANTGUY for account (\u001b[35mEQUb...QmVK\u001b[39m)"}
{"level":30,"time":1745523499031,"name":"trade","msg":"Transaction (\u001b[33m383yKg8o...bNT5Noso\u001b[39m) confirmed: \u001b[34m\u001b]8;;https://solscan.io/tx/383yKg8oqMYQNacMppoNUoABhe9mfZUz6G9YBgum2aGJfsdypN3ieJ4oFwURnS4U3u4mhpDn5hfhQH53bNT5Noso?cluster=mainnet-beta\u001b\\<Transaction link>\u001b]8;;\u001b\\\u001b[39m"}
{"level":30,"time":1745523499032,"name":"trade","msg":"Cycle: \u001b[32m2\u001b[39m. Trade: \u001b[32m8\u001b[39m/\u001b[32m86\u001b[39m. Buy transactions executed: \u001b[32m1\u001b[39m. Pausing: \u001b[32m4.564\u001b[39m sec"}
{"level":30,"time":1745523503597,"name":"trade","msg":"\u001b[90m--------------------------------------------------------------------------------\u001b[39m"}
{"level":30,"time":1745523506208,"name":"trade","msg":"Transaction (\u001b[33m26t6T96E...e11tiV9i\u001b[39m) sent to swap \u001b[32m0.044649559\u001b[39m WSOL to ~\u001b[32m565,422.834887\u001b[39m BRILLIANTGUY for account (\u001b[35mHJSq...gyJx\u001b[39m)"}
{"level":30,"time":1745523511584,"name":"trade","msg":"Transaction (\u001b[33m26t6T96E...e11tiV9i\u001b[39m) confirmed: \u001b[34m\u001b]8;;https://solscan.io/tx/26t6T96E9dtXtVremn7TvyMWduG8y7Y9Lp4dMtdurif2ju91ndkMcft8H63UvAafpNCbbqkwDt7Rx3b7e11tiV9i?cluster=mainnet-beta\u001b\\<Transaction link>\u001b]8;;\u001b\\\u001b[39m"}
{"level":30,"time":1745523511585,"name":"trade","msg":"Cycle: \u001b[32m2\u001b[39m. Trade: \u001b[32m9\u001b[39m/\u001b[32m86\u001b[39m. Buy transactions executed: \u001b[32m1\u001b[39m. Pausing: \u001b[32m7.511\u001b[39m sec"}
{"level":30,"time":1745523519099,"name":"trade","msg":"\u001b[90m--------------------------------------------------------------------------------\u001b[39m"}
{"level":30,"time":1745523522607,"name":"trade","msg":"Transaction (\u001b[33m583sMcrf...DkaBc9ij\u001b[39m) sent to swap \u001b[32m0.037599417\u001b[39m WSOL to ~\u001b[32m476,512.842022\u001b[39m BRILLIANTGUY for account (\u001b[35m7VtB...CVhY\u001b[39m)"}
{"level":30,"time":1745523527994,"name":"trade","msg":"Transaction (\u001b[33m583sMcrf...DkaBc9ij\u001b[39m) confirmed: \u001b[34m\u001b]8;;https://solscan.io/tx/583sMcrfc1HteqpJA4FVFdhoEv2FUZSiByvCQnWoHTHryXwzWtQVrfRPmCrn8DJhG18Xej3gR5zq5qxsDkaBc9ij?cluster=mainnet-beta\u001b\\<Transaction link>\u001b]8;;\u001b\\\u001b[39m"}
{"level":30,"time":1745523527994,"name":"trade","msg":"Cycle: \u001b[32m2\u001b[39m. Trade: \u001b[32m10\u001b[39m/\u001b[32m86\u001b[39m. Buy transactions executed: \u001b[32m1\u001b[39m. Pausing: \u001b[32m4.099\u001b[39m sec"}
{"level":30,"time":1745523532094,"name":"trade","msg":"\u001b[90m--------------------------------------------------------------------------------\u001b[39m"}
{"level":30,"time":1745523534442,"name":"trade","msg":"Transaction (\u001b[33m21BmxNjB...qtn3WYvU\u001b[39m) sent to swap \u001b[32m0.044683068\u001b[39m WSOL to ~\u001b[32m565,845.087421\u001b[39m BRILLIANTGUY for account (\u001b[35m7q8H...S9AT\u001b[39m)"}
{"level":40,"time":1745523539955,"name":"trade","msg":"Attempt: \u001b[32m1\u001b[39m. Fetch failed for \u001b[34m\u001b]8;;https://mainnet.helius-rpc.com/?api-key=128eb9d0-7c10-4970-8306-3fe6ccdcd58e\u001b\\https://mainnet.helius-rpc.com/?api-key=128eb9d0-7c10-4970-8306-3fe6ccdcd58e\u001b]8;;\u001b\\\u001b[39m. Reason: fetch failed"}
{"level":40,"time":1745523539956,"name":"trade","msg":"Refetching in \u001b[32m1\u001b[39m sec"}
{"level":40,"time":1745523541465,"name":"trade","msg":"Attempt: \u001b[32m2\u001b[39m. Fetch failed for \u001b[34m\u001b]8;;https://mainnet.helius-rpc.com/?api-key=128eb9d0-7c10-4970-8306-3fe6ccdcd58e\u001b\\https://mainnet.helius-rpc.com/?api-key=128eb9d0-7c10-4970-8306-3fe6ccdcd58e\u001b]8;;\u001b\\\u001b[39m. Reason: fetch failed"}
{"level":40,"time":1745523541466,"name":"trade","msg":"Refetching in \u001b[32m2\u001b[39m sec"}
{"level":40,"time":1745523543978,"name":"trade","msg":"Attempt: \u001b[32m3\u001b[39m. Fetch failed for \u001b[34m\u001b]8;;https://mainnet.helius-rpc.com/?api-key=128eb9d0-7c10-4970-8306-3fe6ccdcd58e\u001b\\https://mainnet.helius-rpc.com/?api-key=128eb9d0-7c10-4970-8306-3fe6ccdcd58e\u001b]8;;\u001b\\\u001b[39m. Reason: fetch failed"}
{"level":40,"time":1745523543978,"name":"trade","msg":"Refetching in \u001b[32m4\u001b[39m sec"}
{"level":40,"time":1745523544952,"name":"trade","msg":"Attempt: \u001b[32m1\u001b[39m. Fetch failed for \u001b[34m\u001b]8;;https://mainnet.helius-rpc.com/?api-key=128eb9d0-7c10-4970-8306-3fe6ccdcd58e\u001b\\https://mainnet.helius-rpc.com/?api-key=128eb9d0-7c10-4970-8306-3fe6ccdcd58e\u001b]8;;\u001b\\\u001b[39m. Reason: fetch failed"}
{"level":40,"time":1745523544953,"name":"trade","msg":"Refetching in \u001b[32m1\u001b[39m sec"}
{"level":30,"time":1745523546722,"name":"trade","msg":"Transaction (\u001b[33m21BmxNjB...qtn3WYvU\u001b[39m) confirmed: \u001b[34m\u001b]8;;https://solscan.io/tx/21BmxNjBF4WFLHm5m2wjDZx5ZJMacFR2ftbQPrw7HvD4mpdbs7JEwkZmmsuoPHmrjbtr1a4LQdjYfp6Bqtn3WYvU?cluster=mainnet-beta\u001b\\<Transaction link>\u001b]8;;\u001b\\\u001b[39m"}
{"level":30,"time":1745523546723,"name":"trade","msg":"Cycle: \u001b[32m2\u001b[39m. Trade: \u001b[32m11\u001b[39m/\u001b[32m86\u001b[39m. Buy transactions executed: \u001b[32m1\u001b[39m. Pausing: \u001b[32m5.757\u001b[39m sec"}
{"level":30,"time":1745523548106,"name":"trade","msg":"Transaction (\u001b[33m21BmxNjB...qtn3WYvU\u001b[39m) confirmed: \u001b[34m\u001b]8;;https://solscan.io/tx/21BmxNjBF4WFLHm5m2wjDZx5ZJMacFR2ftbQPrw7HvD4mpdbs7JEwkZmmsuoPHmrjbtr1a4LQdjYfp6Bqtn3WYvU?cluster=mainnet-beta\u001b\\<Transaction link>\u001b]8;;\u001b\\\u001b[39m"}
{"level":30,"time":1745523552481,"name":"trade","msg":"\u001b[90m--------------------------------------------------------------------------------\u001b[39m"}
{"level":30,"time":1745523567794,"name":"trade","msg":"Transaction (\u001b[33m5afmG6f5...FECpdeKJ\u001b[39m) sent to swap \u001b[32m0.043098155\u001b[39m WSOL to ~\u001b[32m545,869.780201\u001b[39m BRILLIANTGUY for account (\u001b[35mFjvA...J2n6\u001b[39m)"}
{"level":40,"time":1745523582800,"name":"trade","msg":"Transaction (\u001b[33m5afmG6f5...FECpdeKJ\u001b[39m) resent: Transaction (\u001b[33m5afmG6f5...FECpdeKJ\u001b[39m) failed: \u001b[34m\u001b]8;;https://solscan.io/tx/5afmG6f5JwK2tUeDgUR5568a6TieQjiTayMTmLpL3bFX5V8FMHcBQNPe4SLsy1W3rKENuXNv54AFJLgjFECpdeKJ?cluster=mainnet-beta\u001b\\<Transaction link>\u001b]8;;\u001b\\\u001b[39m. Reason: Timeout after \u001b[32m15\u001b[39m sec"}
{"level":30,"time":1745523583579,"name":"trade","msg":"Transaction (\u001b[33m5afmG6f5...FECpdeKJ\u001b[39m) sent to swap \u001b[32m0.043098155\u001b[39m WSOL to ~\u001b[32m545,869.780201\u001b[39m BRILLIANTGUY for account (\u001b[35mFjvA...J2n6\u001b[39m)"}
{"level":30,"time":1745523589240,"name":"trade","msg":"Transaction (\u001b[33m5afmG6f5...FECpdeKJ\u001b[39m) confirmed: \u001b[34m\u001b]8;;https://solscan.io/tx/5afmG6f5JwK2tUeDgUR5568a6TieQjiTayMTmLpL3bFX5V8FMHcBQNPe4SLsy1W3rKENuXNv54AFJLgjFECpdeKJ?cluster=mainnet-beta\u001b\\<Transaction link>\u001b]8;;\u001b\\\u001b[39m"}
{"level":30,"time":1745523589241,"name":"trade","msg":"Cycle: \u001b[32m2\u001b[39m. Trade: \u001b[32m12\u001b[39m/\u001b[32m86\u001b[39m. Buy transactions executed: \u001b[32m1\u001b[39m. Pausing: \u001b[32m5.009\u001b[39m sec"}
{"level":30,"time":1745523594251,"name":"trade","msg":"\u001b[90m--------------------------------------------------------------------------------\u001b[39m"}
{"level":30,"time":1745523600197,"name":"trade","msg":"Transaction (\u001b[33m4suNuXk1...j6QRqnvD\u001b[39m) sent to swap \u001b[32m0.030189182\u001b[39m WSOL to ~\u001b[32m382,912.631956\u001b[39m BRILLIANTGUY for account (\u001b[35mESTS...FktU\u001b[39m)"}
{"level":30,"time":1745523610598,"name":"trade","msg":"Transaction (\u001b[33m4suNuXk1...j6QRqnvD\u001b[39m) confirmed: \u001b[34m\u001b]8;;https://solscan.io/tx/4suNuXk1BHhnCBcYn9EUYQtURrsWLRPpm2xkGVCrSQdbzH3LVnDAHcHW9RveYBuMmoJHqx6CZZpxKaEqj6QRqnvD?cluster=mainnet-beta\u001b\\<Transaction link>\u001b]8;;\u001b\\\u001b[39m"}
{"level":30,"time":1745523610599,"name":"trade","msg":"Cycle: \u001b[32m2\u001b[39m. Trade: \u001b[32m13\u001b[39m/\u001b[32m86\u001b[39m. Buy transactions executed: \u001b[32m1\u001b[39m. Pausing: \u001b[32m5.434\u001b[39m sec"}
{"level":30,"time":1745523616033,"name":"trade","msg":"\u001b[90m--------------------------------------------------------------------------------\u001b[39m"}
{"level":40,"time":1745523616545,"name":"trade","msg":"Attempt: \u001b[32m1\u001b[39m. Fetch failed for \u001b[34m\u001b]8;;https://mainnet.helius-rpc.com/?api-key=128eb9d0-7c10-4970-8306-3fe6ccdcd58e\u001b\\https://mainnet.helius-rpc.com/?api-key=128eb9d0-7c10-4970-8306-3fe6ccdcd58e\u001b]8;;\u001b\\\u001b[39m. Reason: fetch failed"}
{"level":40,"time":1745523616545,"name":"trade","msg":"Refetching in \u001b[32m1\u001b[39m sec"}
{"level":40,"time":1745523618058,"name":"trade","msg":"Attempt: \u001b[32m2\u001b[39m. Fetch failed for \u001b[34m\u001b]8;;https://mainnet.helius-rpc.com/?api-key=128eb9d0-7c10-4970-8306-3fe6ccdcd58e\u001b\\https://mainnet.helius-rpc.com/?api-key=128eb9d0-7c10-4970-8306-3fe6ccdcd58e\u001b]8;;\u001b\\\u001b[39m. Reason: fetch failed"}
{"level":40,"time":1745523618058,"name":"trade","msg":"Refetching in \u001b[32m2\u001b[39m sec"}
{"level":30,"time":1745523618067,"name":"trade","msg":"Transaction (\u001b[33m4suNuXk1...j6QRqnvD\u001b[39m) confirmed: \u001b[34m\u001b]8;;https://solscan.io/tx/4suNuXk1BHhnCBcYn9EUYQtURrsWLRPpm2xkGVCrSQdbzH3LVnDAHcHW9RveYBuMmoJHqx6CZZpxKaEqj6QRqnvD?cluster=mainnet-beta\u001b\\<Transaction link>\u001b]8;;\u001b\\\u001b[39m"}
{"level":40,"time":1745523621085,"name":"trade","msg":"Attempt: \u001b[32m1\u001b[39m. Fetch failed for \u001b[34m\u001b]8;;https://mainnet.helius-rpc.com/?api-key=5986c57d-970d-44cd-b556-9988b66a3bff\u001b\\https://mainnet.helius-rpc.com/?api-key=5986c57d-970d-44cd-b556-9988b66a3bff\u001b]8;;\u001b\\\u001b[39m. Reason: fetch failed"}
{"level":40,"time":1745523621085,"name":"trade","msg":"Refetching in \u001b[32m1\u001b[39m sec"}
{"level":40,"time":1745523621087,"name":"trade","msg":"Attempt: \u001b[32m1\u001b[39m. Fetch failed for \u001b[34m\u001b]8;;https://mainnet.helius-rpc.com/?api-key=5986c57d-970d-44cd-b556-9988b66a3bff\u001b\\https://mainnet.helius-rpc.com/?api-key=5986c57d-970d-44cd-b556-9988b66a3bff\u001b]8;;\u001b\\\u001b[39m. Reason: fetch failed"}
{"level":40,"time":1745523621087,"name":"trade","msg":"Refetching in \u001b[32m1\u001b[39m sec"}
{"level":40,"time":1745523622597,"name":"trade","msg":"Attempt: \u001b[32m2\u001b[39m. Fetch failed for \u001b[34m\u001b]8;;https://mainnet.helius-rpc.com/?api-key=5986c57d-970d-44cd-b556-9988b66a3bff\u001b\\https://mainnet.helius-rpc.com/?api-key=5986c57d-970d-44cd-b556-9988b66a3bff\u001b]8;;\u001b\\\u001b[39m. Reason: fetch failed"}
{"level":40,"time":1745523622598,"name":"trade","msg":"Refetching in \u001b[32m2\u001b[39m sec"}
{"level":40,"time":1745523626835,"name":"trade","msg":"Error fetching priority fee estimate: AggregateError. Compute unit price defaults to \u001b[32m0.00001\u001b[39m SOL"}
{"level":30,"time":1745523627528,"name":"trade","msg":"Transaction (\u001b[33m4LpMGYkj...wQSDKgaW\u001b[39m) sent to swap \u001b[32m0.032055518\u001b[39m WSOL to ~\u001b[32m406,501.120252\u001b[39m BRILLIANTGUY for account (\u001b[35m2wk8...JWTB\u001b[39m)"}
{"level":30,"time":1745523633302,"name":"trade","msg":"Transaction (\u001b[33m4LpMGYkj...wQSDKgaW\u001b[39m) confirmed: \u001b[34m\u001b]8;;https://solscan.io/tx/4LpMGYkjNvAxSeFbiEVzwkU6JLCWZhw9nbBLQsZN2DW7mNXUFxuaxpYx5SgYNkmLxMtk6iMenjQ5266NwQSDKgaW?cluster=mainnet-beta\u001b\\<Transaction link>\u001b]8;;\u001b\\\u001b[39m"}
{"level":30,"time":1745523633303,"name":"trade","msg":"Cycle: \u001b[32m2\u001b[39m. Trade: \u001b[32m14\u001b[39m/\u001b[32m86\u001b[39m. Buy transactions executed: \u001b[32m1\u001b[39m. Pausing: \u001b[32m4.205\u001b[39m sec"}
{"level":30,"time":1745523637509,"name":"trade","msg":"\u001b[90m--------------------------------------------------------------------------------\u001b[39m"}
{"level":30,"time":1745523643826,"name":"trade","msg":"Transaction (\u001b[33m3rv9dKxh...E3Z9UCHc\u001b[39m) sent to swap \u001b[32m3,898,907.919517\u001b[39m BRILLIANTGUY to ~\u001b[32m0.294866726\u001b[39m WSOL for account (\u001b[35m7pkV...WkcR\u001b[39m)"}
{"level":30,"time":1745523649180,"name":"trade","msg":"Transaction (\u001b[33m3rv9dKxh...E3Z9UCHc\u001b[39m) confirmed: \u001b[34m\u001b]8;;https://solscan.io/tx/3rv9dKxhJYgGBZ2jD5Mhea3WksVCkGCWF99B6GHx6tJmyKXoU1Z8J4MM5KdeofuebkA1rLFCe2ZocWhoE3Z9UCHc?cluster=mainnet-beta\u001b\\<Transaction link>\u001b]8;;\u001b\\\u001b[39m"}
{"level":30,"time":1745523649181,"name":"trade","msg":"Cycle: \u001b[32m2\u001b[39m. Trade: \u001b[32m15\u001b[39m/\u001b[32m86\u001b[39m. Sell transactions executed: \u001b[32m1\u001b[39m. Pausing: \u001b[32m5.181\u001b[39m sec"}
{"level":30,"time":1745523654363,"name":"trade","msg":"\u001b[90m--------------------------------------------------------------------------------\u001b[39m"}
{"level":30,"time":1745523661067,"name":"trade","msg":"Transaction (\u001b[33m2sAvvraH...2npqaamk\u001b[39m) sent to swap \u001b[32m4,635,350.676062\u001b[39m BRILLIANTGUY to ~\u001b[32m0.348409426\u001b[39m WSOL for account (\u001b[35m5YS6...wj4u\u001b[39m)"}
{"level":30,"time":1745523666750,"name":"trade","msg":"Transaction (\u001b[33m2sAvvraH...2npqaamk\u001b[39m) confirmed: \u001b[34m\u001b]8;;https://solscan.io/tx/2sAvvraHfLzSA4eNq37hNzE6biwdMHrBw1EK3SuYdnPJmEyV5DHxCD6a5TWE3fTVx2cb3fnscNYW3mcj2npqaamk?cluster=mainnet-beta\u001b\\<Transaction link>\u001b]8;;\u001b\\\u001b[39m"}
{"level":30,"time":1745523666751,"name":"trade","msg":"Cycle: \u001b[32m2\u001b[39m. Trade: \u001b[32m16\u001b[39m/\u001b[32m86\u001b[39m. Sell transactions executed: \u001b[32m1\u001b[39m. Pausing: \u001b[32m4.466\u001b[39m sec"}
{"level":30,"time":1745523671218,"name":"trade","msg":"\u001b[90m--------------------------------------------------------------------------------\u001b[39m"}
{"level":40,"time":1745523671733,"name":"trade","msg":"Attempt: \u001b[32m1\u001b[39m. Fetch failed for \u001b[34m\u001b]8;;https://mainnet.helius-rpc.com/?api-key=128eb9d0-7c10-4970-8306-3fe6ccdcd58e\u001b\\https://mainnet.helius-rpc.com/?api-key=128eb9d0-7c10-4970-8306-3fe6ccdcd58e\u001b]8;;\u001b\\\u001b[39m. Reason: fetch failed"}
{"level":40,"time":1745523671733,"name":"trade","msg":"Refetching in \u001b[32m1\u001b[39m sec"}
{"level":40,"time":1745523673079,"name":"trade","msg":"Trader (\u001b[35m51mK...LFvJ\u001b[39m) has uninitialized BRILLIANTGUY ATA (\u001b[35m5UXN...qWEm\u001b[39m)"}
{"level":40,"time":1745523673079,"name":"trade","msg":"Cycle: \u001b[32m2\u001b[39m. Trade: \u001b[32m17\u001b[39m/\u001b[32m86\u001b[39m. No sell transactions found. Skipping"}
{"level":30,"time":1745523673079,"name":"trade","msg":"\u001b[90m--------------------------------------------------------------------------------\u001b[39m"}
{"level":30,"time":1745523675928,"name":"trade","msg":"Transaction (\u001b[33m3cbw6Ac5...MxdGGaDi\u001b[39m) sent to swap \u001b[32m0.034320363\u001b[39m WSOL to ~\u001b[32m435,113.300993\u001b[39m BRILLIANTGUY for account (\u001b[35mEXdF...jrgX\u001b[39m)"}
{"level":30,"time":1745523681284,"name":"trade","msg":"Transaction (\u001b[33m3cbw6Ac5...MxdGGaDi\u001b[39m) confirmed: \u001b[34m\u001b]8;;https://solscan.io/tx/3cbw6Ac5ZmLJRas5xquJVZqPBHdcCA6n9qTtv9HpWUuosGJgadJZx1gwWgSz67xrVZGw6XYtg7okPFxgMxdGGaDi?cluster=mainnet-beta\u001b\\<Transaction link>\u001b]8;;\u001b\\\u001b[39m"}
{"level":30,"time":1745523681285,"name":"trade","msg":"Cycle: \u001b[32m2\u001b[39m. Trade: \u001b[32m18\u001b[39m/\u001b[32m86\u001b[39m. Buy transactions executed: \u001b[32m1\u001b[39m. Pausing: \u001b[32m5.269\u001b[39m sec"}
{"level":30,"time":1745523686556,"name":"trade","msg":"\u001b[90m--------------------------------------------------------------------------------\u001b[39m"}
{"level":30,"time":1745523700100,"name":"trade","msg":"Transaction (\u001b[33m2ag7CsmL...DqTehfSs\u001b[39m) sent to swap \u001b[32m0.035722189\u001b[39m WSOL to ~\u001b[32m452,815.647883\u001b[39m BRILLIANTGUY for account (\u001b[35m9XBX...QGRB\u001b[39m)"}
{"level":40,"time":1745523705612,"name":"trade","msg":"Attempt: \u001b[32m1\u001b[39m. Fetch failed for \u001b[34m\u001b]8;;https://mainnet.helius-rpc.com/?api-key=308a1623-b6c0-4322-8b1e-15c661546143\u001b\\https://mainnet.helius-rpc.com/?api-key=308a1623-b6c0-4322-8b1e-15c661546143\u001b]8;;\u001b\\\u001b[39m. Reason: fetch failed"}
{"level":40,"time":1745523705613,"name":"trade","msg":"Refetching in \u001b[32m1\u001b[39m sec"}
{"level":40,"time":1745523707405,"name":"trade","msg":"Attempt: \u001b[32m2\u001b[39m. Fetch failed for \u001b[34m\u001b]8;;https://mainnet.helius-rpc.com/?api-key=308a1623-b6c0-4322-8b1e-15c661546143\u001b\\https://mainnet.helius-rpc.com/?api-key=308a1623-b6c0-4322-8b1e-15c661546143\u001b]8;;\u001b\\\u001b[39m. Reason: fetch failed"}
{"level":40,"time":1745523707405,"name":"trade","msg":"Refetching in \u001b[32m2\u001b[39m sec"}
{"level":30,"time":1745523710128,"name":"trade","msg":"Transaction (\u001b[33m2ag7CsmL...DqTehfSs\u001b[39m) confirmed: \u001b[34m\u001b]8;;https://solscan.io/tx/2ag7CsmLQKvHgshbYfnf8MDgDRiooZv1w9xtbNXogWX2MMtzHD85t6mwCZWHzk265YFEYhHgh4W5uxYyDqTehfSs?cluster=mainnet-beta\u001b\\<Transaction link>\u001b]8;;\u001b\\\u001b[39m"}
{"level":30,"time":1745523710128,"name":"trade","msg":"Cycle: \u001b[32m2\u001b[39m. Trade: \u001b[32m19\u001b[39m/\u001b[32m86\u001b[39m. Buy transactions executed: \u001b[32m1\u001b[39m. Pausing: \u001b[32m5.252\u001b[39m sec"}
{"level":30,"time":1745523710820,"name":"trade","msg":"Transaction (\u001b[33m2ag7CsmL...DqTehfSs\u001b[39m) confirmed: \u001b[34m\u001b]8;;https://solscan.io/tx/2ag7CsmLQKvHgshbYfnf8MDgDRiooZv1w9xtbNXogWX2MMtzHD85t6mwCZWHzk265YFEYhHgh4W5uxYyDqTehfSs?cluster=mainnet-beta\u001b\\<Transaction link>\u001b]8;;\u001b\\\u001b[39m"}
{"level":30,"time":1745523715381,"name":"trade","msg":"\u001b[90m--------------------------------------------------------------------------------\u001b[39m"}
{"level":30,"time":1745523728559,"name":"trade","msg":"Transaction (\u001b[33m24REgba9...zRaq2VNG\u001b[39m) sent to swap \u001b[32m0.046359096\u001b[39m WSOL to ~\u001b[32m586,961.166695\u001b[39m BRILLIANTGUY for account (\u001b[35m2BPL...zmpi\u001b[39m)"}
{"level":30,"time":1745523734476,"name":"trade","msg":"Transaction (\u001b[33m24REgba9...zRaq2VNG\u001b[39m) confirmed: \u001b[34m\u001b]8;;https://solscan.io/tx/24REgba9hThg2sxB1toikbfm7zwzPHYDFxoAsKnjY3J3xv7z4ZtSHu8UVweL7jE2ryHHn5p8Jdkw4M2szRaq2VNG?cluster=mainnet-beta\u001b\\<Transaction link>\u001b]8;;\u001b\\\u001b[39m"}
{"level":30,"time":1745523734477,"name":"trade","msg":"Cycle: \u001b[32m2\u001b[39m. Trade: \u001b[32m20\u001b[39m/\u001b[32m86\u001b[39m. Buy transactions executed: \u001b[32m1\u001b[39m. Pausing: \u001b[32m6.173\u001b[39m sec"}
{"level":30,"time":1745523740653,"name":"trade","msg":"\u001b[90m--------------------------------------------------------------------------------\u001b[39m"}
{"level":30,"time":1745523756049,"name":"trade","msg":"Transaction (\u001b[33mkjx5yhmw...shDbDQ6h\u001b[39m) sent to swap \u001b[32m0.045975646\u001b[39m WSOL to ~\u001b[32m582,130.805248\u001b[39m BRILLIANTGUY for account (\u001b[35m2MgN...AaA3\u001b[39m)"}
{"level":30,"time":1745523765461,"name":"trade","msg":"Transaction (\u001b[33mkjx5yhmw...shDbDQ6h\u001b[39m) confirmed: \u001b[34m\u001b]8;;https://solscan.io/tx/kjx5yhmwAnJatbWXDJGU2MBShVRP8BwM2j1EWFBiRJ9GXmepukDifcqrDNbeCHFRp1wP9RnkigmHLz7shDbDQ6h?cluster=mainnet-beta\u001b\\<Transaction link>\u001b]8;;\u001b\\\u001b[39m"}
{"level":30,"time":1745523765462,"name":"trade","msg":"Cycle: \u001b[32m2\u001b[39m. Trade: \u001b[32m21\u001b[39m/\u001b[32m86\u001b[39m. Buy transactions executed: \u001b[32m1\u001b[39m. Pausing: \u001b[32m4.41\u001b[39m sec"}
{"level":30,"time":1745523769873,"name":"trade","msg":"\u001b[90m--------------------------------------------------------------------------------\u001b[39m"}
{"level":30,"time":1745523774411,"name":"trade","msg":"Transaction (\u001b[33m32LNz586...UCVhu6zF\u001b[39m) sent to swap \u001b[32m0.048636618\u001b[39m WSOL to ~\u001b[32m615,642.906164\u001b[39m BRILLIANTGUY for account (\u001b[35mG2or...E5em\u001b[39m)"}
{"level":30,"time":1745523780020,"name":"trade","msg":"Transaction (\u001b[33m32LNz586...UCVhu6zF\u001b[39m) confirmed: \u001b[34m\u001b]8;;https://solscan.io/tx/32LNz586tuFyXU3buzNwaULKdCJGAX2jiK91asCuvB5uCwHYuuWKaTt6Zfx4m8YvzoPiYfEG67zLSsCBUCVhu6zF?cluster=mainnet-beta\u001b\\<Transaction link>\u001b]8;;\u001b\\\u001b[39m"}
{"level":30,"time":1745523780021,"name":"trade","msg":"Cycle: \u001b[32m2\u001b[39m. Trade: \u001b[32m22\u001b[39m/\u001b[32m86\u001b[39m. Buy transactions executed: \u001b[32m1\u001b[39m. Pausing: \u001b[32m4.467\u001b[39m sec"}
{"level":30,"time":1745523784489,"name":"trade","msg":"\u001b[90m--------------------------------------------------------------------------------\u001b[39m"}
{"level":40,"time":1745523784999,"name":"trade","msg":"Attempt: \u001b[32m1\u001b[39m. Fetch failed for \u001b[34m\u001b]8;;https://mainnet.helius-rpc.com/?api-key=5986c57d-970d-44cd-b556-9988b66a3bff\u001b\\https://mainnet.helius-rpc.com/?api-key=5986c57d-970d-44cd-b556-9988b66a3bff\u001b]8;;\u001b\\\u001b[39m. Reason: fetch failed"}
{"level":40,"time":1745523784999,"name":"trade","msg":"Refetching in \u001b[32m1\u001b[39m sec"}
{"level":30,"time":1745523789365,"name":"trade","msg":"Transaction (\u001b[33m3PVf4ohc...FtukSZHD\u001b[39m) sent to swap \u001b[32m0.046717796\u001b[39m WSOL to ~\u001b[32m591,479.369919\u001b[39m BRILLIANTGUY for account (\u001b[35mHiRC...EjqV\u001b[39m)"}
{"level":30,"time":1745523794791,"name":"trade","msg":"Transaction (\u001b[33m3PVf4ohc...FtukSZHD\u001b[39m) confirmed: \u001b[34m\u001b]8;;https://solscan.io/tx/3PVf4ohcsE8fZqK6XKJpHpQpu7hdDNQ3qboYsCk3aVXHrNrPzZpAxtJymDkptidTCd9tZqVsJ55qmtyJFtukSZHD?cluster=mainnet-beta\u001b\\<Transaction link>\u001b]8;;\u001b\\\u001b[39m"}
{"level":30,"time":1745523794792,"name":"trade","msg":"Cycle: \u001b[32m2\u001b[39m. Trade: \u001b[32m23\u001b[39m/\u001b[32m86\u001b[39m. Buy transactions executed: \u001b[32m1\u001b[39m. Pausing: \u001b[32m4.967\u001b[39m sec"}
{"level":30,"time":1745523799760,"name":"trade","msg":"\u001b[90m--------------------------------------------------------------------------------\u001b[39m"}
{"level":30,"time":1745523802470,"name":"trade","msg":"Transaction (\u001b[33m5Rg9M9v9...6LRSeMjb\u001b[39m) sent to swap \u001b[32m0.044472967\u001b[39m WSOL to ~\u001b[32m563,197.496747\u001b[39m BRILLIANTGUY for account (\u001b[35m3aSx...vRq7\u001b[39m)"}
{"level":30,"time":1745523808138,"name":"trade","msg":"Transaction (\u001b[33m5Rg9M9v9...6LRSeMjb\u001b[39m) confirmed: \u001b[34m\u001b]8;;https://solscan.io/tx/5Rg9M9v9CPdH9WtVMpgbk6fpnT7k7ruHjFBsSm5CDmijr9HA8R1EagSdFK46SD92QnvGtHGhk7okXnwr6LRSeMjb?cluster=mainnet-beta\u001b\\<Transaction link>\u001b]8;;\u001b\\\u001b[39m"}
{"level":30,"time":1745523808139,"name":"trade","msg":"Cycle: \u001b[32m2\u001b[39m. Trade: \u001b[32m24\u001b[39m/\u001b[32m86\u001b[39m. Buy transactions executed: \u001b[32m1\u001b[39m. Pausing: \u001b[32m7.984\u001b[39m sec"}
{"level":30,"time":1745523816127,"name":"trade","msg":"\u001b[90m--------------------------------------------------------------------------------\u001b[39m"}
{"level":40,"time":1745523818665,"name":"trade","msg":"Error fetching priority fee estimate: AggregateError. Compute unit price defaults to \u001b[32m0.00001\u001b[39m SOL"}
{"level":30,"time":1745523819055,"name":"trade","msg":"Transaction (\u001b[33m62uHWUKz...1JTK8S4X\u001b[39m) sent to swap \u001b[32m0.032926632\u001b[39m WSOL to ~\u001b[32m417,507.742986\u001b[39m BRILLIANTGUY for account (\u001b[35m4DTK...zcSp\u001b[39m)"}
{"level":40,"time":1745523834062,"name":"trade","msg":"Transaction (\u001b[33m62uHWUKz...1JTK8S4X\u001b[39m) resent: Transaction (\u001b[33m62uHWUKz...1JTK8S4X\u001b[39m) failed: \u001b[34m\u001b]8;;https://solscan.io/tx/62uHWUKzuMDY4KN7B5E8tRAzZuCVoBTzQY2vjRpiEswf4EQUngV9iCRkwF3EH7JLSWBNMaw5BVBwBSXf1JTK8S4X?cluster=mainnet-beta\u001b\\<Transaction link>\u001b]8;;\u001b\\\u001b[39m. Reason: Timeout after \u001b[32m15\u001b[39m sec"}
{"level":30,"time":1745523834624,"name":"trade","msg":"Transaction (\u001b[33m62uHWUKz...1JTK8S4X\u001b[39m) sent to swap \u001b[32m0.032926632\u001b[39m WSOL to ~\u001b[32m417,507.742986\u001b[39m BRILLIANTGUY for account (\u001b[35m4DTK...zcSp\u001b[39m)"}
{"level":30,"time":1745523840050,"name":"trade","msg":"Transaction (\u001b[33m62uHWUKz...1JTK8S4X\u001b[39m) confirmed: \u001b[34m\u001b]8;;https://solscan.io/tx/62uHWUKzuMDY4KN7B5E8tRAzZuCVoBTzQY2vjRpiEswf4EQUngV9iCRkwF3EH7JLSWBNMaw5BVBwBSXf1JTK8S4X?cluster=mainnet-beta\u001b\\<Transaction link>\u001b]8;;\u001b\\\u001b[39m"}
{"level":30,"time":1745523840051,"name":"trade","msg":"Cycle: \u001b[32m2\u001b[39m. Trade: \u001b[32m25\u001b[39m/\u001b[32m86\u001b[39m. Buy transactions executed: \u001b[32m1\u001b[39m. Pausing: \u001b[32m6.455\u001b[39m sec"}
{"level":30,"time":1745523846508,"name":"trade","msg":"\u001b[90m--------------------------------------------------------------------------------\u001b[39m"}
{"level":40,"time":1745523847020,"name":"trade","msg":"Attempt: \u001b[32m1\u001b[39m. Fetch failed for \u001b[34m\u001b]8;;https://mainnet.helius-rpc.com/?api-key=5986c57d-970d-44cd-b556-9988b66a3bff\u001b\\https://mainnet.helius-rpc.com/?api-key=5986c57d-970d-44cd-b556-9988b66a3bff\u001b]8;;\u001b\\\u001b[39m. Reason: fetch failed"}
{"level":40,"time":1745523847021,"name":"trade","msg":"Refetching in \u001b[32m1\u001b[39m sec"}
{"level":30,"time":1745523850496,"name":"trade","msg":"Transaction (\u001b[33m28PKqMQC...3f6Xt6kd\u001b[39m) sent to swap \u001b[32m4,270,642.803612\u001b[39m BRILLIANTGUY to ~\u001b[32m0.321975977\u001b[39m WSOL for account (\u001b[35mBRSH...pBYC\u001b[39m)"}
{"level":30,"time":1745523855980,"name":"trade","msg":"Transaction (\u001b[33m28PKqMQC...3f6Xt6kd\u001b[39m) confirmed: \u001b[34m\u001b]8;;https://solscan.io/tx/28PKqMQCcU3XschB5wEEMJdEx6pS3QdYLRJdAesNyYg24gwMP5A8omhYcMy7zLPzyaiPYd48MBHQoztJ3f6Xt6kd?cluster=mainnet-beta\u001b\\<Transaction link>\u001b]8;;\u001b\\\u001b[39m"}
{"level":30,"time":1745523855981,"name":"trade","msg":"Cycle: \u001b[32m2\u001b[39m. Trade: \u001b[32m26\u001b[39m/\u001b[32m86\u001b[39m. Sell transactions executed: \u001b[32m1\u001b[39m. Pausing: \u001b[32m4.033\u001b[39m sec"}
{"level":30,"time":1745523860013,"name":"trade","msg":"\u001b[90m--------------------------------------------------------------------------------\u001b[39m"}
{"level":30,"time":1745523862524,"name":"trade","msg":"Transaction (\u001b[33m1SnBrfp1...5ucMfZC2\u001b[39m) sent to swap \u001b[32m0.031195165\u001b[39m WSOL to ~\u001b[32m395,628.386783\u001b[39m BRILLIANTGUY for account (\u001b[35mCsmk...zPBw\u001b[39m)"}
{"level":30,"time":1745523868127,"name":"trade","msg":"Transaction (\u001b[33m1SnBrfp1...5ucMfZC2\u001b[39m) confirmed: \u001b[34m\u001b]8;;https://solscan.io/tx/1SnBrfp1DHXPmz5hSwDuukvoG8oeMBjU2NPBqEGNeksBa42kCppvfxWk8PWDdMY4UZKvBEToeg5hYGv5ucMfZC2?cluster=mainnet-beta\u001b\\<Transaction link>\u001b]8;;\u001b\\\u001b[39m"}
{"level":30,"time":1745523868128,"name":"trade","msg":"Cycle: \u001b[32m2\u001b[39m. Trade: \u001b[32m27\u001b[39m/\u001b[32m86\u001b[39m. Buy transactions executed: \u001b[32m1\u001b[39m. Pausing: \u001b[32m7.616\u001b[39m sec"}
{"level":30,"time":1745523875747,"name":"trade","msg":"\u001b[90m--------------------------------------------------------------------------------\u001b[39m"}
{"level":30,"time":1745523879068,"name":"trade","msg":"Transaction (\u001b[33m5ojrJTXh...NyQL59dE\u001b[39m) sent to swap \u001b[32m0.031710749\u001b[39m WSOL to ~\u001b[32m402,144.341163\u001b[39m BRILLIANTGUY for account (\u001b[35mDoH9...WgHn\u001b[39m)"}
{"level":30,"time":1745523884802,"name":"trade","msg":"Transaction (\u001b[33m5ojrJTXh...NyQL59dE\u001b[39m) confirmed: \u001b[34m\u001b]8;;https://solscan.io/tx/5ojrJTXhfvcM4vMDcALu2xaz77AvY3gQQsvyFGDxcMhhEsYXwSHaLWEH9XgvHq3o8H98nLskhYnPwR82NyQL59dE?cluster=mainnet-beta\u001b\\<Transaction link>\u001b]8;;\u001b\\\u001b[39m"}
{"level":30,"time":1745523884803,"name":"trade","msg":"Cycle: \u001b[32m2\u001b[39m. Trade: \u001b[32m28\u001b[39m/\u001b[32m86\u001b[39m. Buy transactions executed: \u001b[32m1\u001b[39m. Pausing: \u001b[32m5.413\u001b[39m sec"}
{"level":30,"time":1745523890217,"name":"trade","msg":"\u001b[90m--------------------------------------------------------------------------------\u001b[39m"}
{"level":30,"time":1745523897164,"name":"trade","msg":"Transaction (\u001b[33m5mw77BNn...Bd6pEq68\u001b[39m) sent to swap \u001b[32m0.043597356\u001b[39m WSOL to ~\u001b[32m552,162.166005\u001b[39m BRILLIANTGUY for account (\u001b[35m5nb6...vUpP\u001b[39m)"}
{"level":30,"time":1745523902892,"name":"trade","msg":"Transaction (\u001b[33m5mw77BNn...Bd6pEq68\u001b[39m) confirmed: \u001b[34m\u001b]8;;https://solscan.io/tx/5mw77BNnEQiA8v92F8bH2kJp829KeNMA9sCY1oFXpkENr8QfuUspd5bdYkV8ryrvgbZn3VQ97YzyTwZUBd6pEq68?cluster=mainnet-beta\u001b\\<Transaction link>\u001b]8;;\u001b\\\u001b[39m"}
{"level":30,"time":1745523902893,"name":"trade","msg":"Cycle: \u001b[32m2\u001b[39m. Trade: \u001b[32m29\u001b[39m/\u001b[32m86\u001b[39m. Buy transactions executed: \u001b[32m1\u001b[39m. Pausing: \u001b[32m5.469\u001b[39m sec"}
{"level":30,"time":1745523908364,"name":"trade","msg":"\u001b[90m--------------------------------------------------------------------------------\u001b[39m"}
{"level":30,"time":1745523911849,"name":"trade","msg":"Transaction (\u001b[33m5LAipFdF...v88ygigr\u001b[39m) sent to swap \u001b[32m0.046441663\u001b[39m WSOL to ~\u001b[32m588,001.209768\u001b[39m BRILLIANTGUY for account (\u001b[35m3JHt...FcwA\u001b[39m)"}
{"level":40,"time":1745523917361,"name":"trade","msg":"Attempt: \u001b[32m1\u001b[39m. Fetch failed for \u001b[34m\u001b]8;;https://mainnet.helius-rpc.com/?api-key=128eb9d0-7c10-4970-8306-3fe6ccdcd58e\u001b\\https://mainnet.helius-rpc.com/?api-key=128eb9d0-7c10-4970-8306-3fe6ccdcd58e\u001b]8;;\u001b\\\u001b[39m. Reason: fetch failed"}
{"level":40,"time":1745523917361,"name":"trade","msg":"Refetching in \u001b[32m1\u001b[39m sec"}
{"level":30,"time":1745523918744,"name":"trade","msg":"Transaction (\u001b[33m5LAipFdF...v88ygigr\u001b[39m) confirmed: \u001b[34m\u001b]8;;https://solscan.io/tx/5LAipFdFvffZG6LJi55TUHYhwAYLRtvS2e9Ghyj2DTGeoSneqedHg47tBErVS9Dqt9AbXNnjKzmmHBbiv88ygigr?cluster=mainnet-beta\u001b\\<Transaction link>\u001b]8;;\u001b\\\u001b[39m"}
{"level":30,"time":1745523918745,"name":"trade","msg":"Cycle: \u001b[32m2\u001b[39m. Trade: \u001b[32m30\u001b[39m/\u001b[32m86\u001b[39m. Buy transactions executed: \u001b[32m1\u001b[39m. Pausing: \u001b[32m7.646\u001b[39m sec"}
{"level":30,"time":1745523926394,"name":"trade","msg":"\u001b[90m--------------------------------------------------------------------------------\u001b[39m"}
{"level":40,"time":1745523928031,"name":"trade","msg":"Attempt: \u001b[32m1\u001b[39m. Fetch failed for \u001b[34m\u001b]8;;https://mainnet.helius-rpc.com/?api-key=5986c57d-970d-44cd-b556-9988b66a3bff\u001b\\https://mainnet.helius-rpc.com/?api-key=5986c57d-970d-44cd-b556-9988b66a3bff\u001b]8;;\u001b\\\u001b[39m. Reason: fetch failed"}
{"level":40,"time":1745523928031,"name":"trade","msg":"Refetching in \u001b[32m1\u001b[39m sec"}
{"level":40,"time":1745523928032,"name":"trade","msg":"Attempt: \u001b[32m1\u001b[39m. Fetch failed for \u001b[34m\u001b]8;;https://mainnet.helius-rpc.com/?api-key=5986c57d-970d-44cd-b556-9988b66a3bff\u001b\\https://mainnet.helius-rpc.com/?api-key=5986c57d-970d-44cd-b556-9988b66a3bff\u001b]8;;\u001b\\\u001b[39m. Reason: fetch failed"}
{"level":40,"time":1745523928033,"name":"trade","msg":"Refetching in \u001b[32m1\u001b[39m sec"}
{"level":30,"time":1745523931414,"name":"trade","msg":"Transaction (\u001b[33m3ZgMw5QS...BM5wSyLF\u001b[39m) sent to swap \u001b[32m3,395,167.653014\u001b[39m BRILLIANTGUY to ~\u001b[32m0.257859797\u001b[39m WSOL for account (\u001b[35m7S85...omx5\u001b[39m)"}
{"level":40,"time":1745523946420,"name":"trade","msg":"Transaction (\u001b[33m3ZgMw5QS...BM5wSyLF\u001b[39m) resent: Transaction (\u001b[33m3ZgMw5QS...BM5wSyLF\u001b[39m) failed: \u001b[34m\u001b]8;;https://solscan.io/tx/3ZgMw5QSCX7fkVsTA4cDSjvX6V9qX4TX638tagbrx6yKdL8impeRb9YagxwJCUGWio5bNUgf4dsZXo5oBM5wSyLF?cluster=mainnet-beta\u001b\\<Transaction link>\u001b]8;;\u001b\\\u001b[39m. Reason: Timeout after \u001b[32m15\u001b[39m sec"}
{"level":40,"time":1745523946930,"name":"trade","msg":"Attempt: \u001b[32m1\u001b[39m. Fetch failed for \u001b[34m\u001b]8;;https://mainnet.helius-rpc.com/?api-key=308a1623-b6c0-4322-8b1e-15c661546143\u001b\\https://mainnet.helius-rpc.com/?api-key=308a1623-b6c0-4322-8b1e-15c661546143\u001b]8;;\u001b\\\u001b[39m. Reason: fetch failed"}
{"level":40,"time":1745523946930,"name":"trade","msg":"Refetching in \u001b[32m1\u001b[39m sec"}
{"level":40,"time":1745523946932,"name":"trade","msg":"Attempt: \u001b[32m1\u001b[39m. Fetch failed for \u001b[34m\u001b]8;;https://mainnet.helius-rpc.com/?api-key=308a1623-b6c0-4322-8b1e-15c661546143\u001b\\https://mainnet.helius-rpc.com/?api-key=308a1623-b6c0-4322-8b1e-15c661546143\u001b]8;;\u001b\\\u001b[39m. Reason: fetch failed"}
{"level":40,"time":1745523946932,"name":"trade","msg":"Refetching in \u001b[32m1\u001b[39m sec"}
{"level":40,"time":1745523948445,"name":"trade","msg":"Attempt: \u001b[32m2\u001b[39m. Fetch failed for \u001b[34m\u001b]8;;https://mainnet.helius-rpc.com/?api-key=308a1623-b6c0-4322-8b1e-15c661546143\u001b\\https://mainnet.helius-rpc.com/?api-key=308a1623-b6c0-4322-8b1e-15c661546143\u001b]8;;\u001b\\\u001b[39m. Reason: fetch failed"}
{"level":40,"time":1745523948445,"name":"trade","msg":"Refetching in \u001b[32m2\u001b[39m sec"}
{"level":40,"time":1745523948448,"name":"trade","msg":"Attempt: \u001b[32m2\u001b[39m. Fetch failed for \u001b[34m\u001b]8;;https://mainnet.helius-rpc.com/?api-key=308a1623-b6c0-4322-8b1e-15c661546143\u001b\\https://mainnet.helius-rpc.com/?api-key=308a1623-b6c0-4322-8b1e-15c661546143\u001b]8;;\u001b\\\u001b[39m. Reason: fetch failed"}
{"level":40,"time":1745523948448,"name":"trade","msg":"Refetching in \u001b[32m2\u001b[39m sec"}
{"level":30,"time":1745523952168,"name":"trade","msg":"Transaction (\u001b[33m3ZgMw5QS...BM5wSyLF\u001b[39m) sent to swap \u001b[32m3,395,167.653014\u001b[39m BRILLIANTGUY to ~\u001b[32m0.257859797\u001b[39m WSOL for account (\u001b[35m7S85...omx5\u001b[39m)"}
{"level":30,"time":1745523957544,"name":"trade","msg":"Transaction (\u001b[33m3ZgMw5QS...BM5wSyLF\u001b[39m) confirmed: \u001b[34m\u001b]8;;https://solscan.io/tx/3ZgMw5QSCX7fkVsTA4cDSjvX6V9qX4TX638tagbrx6yKdL8impeRb9YagxwJCUGWio5bNUgf4dsZXo5oBM5wSyLF?cluster=mainnet-beta\u001b\\<Transaction link>\u001b]8;;\u001b\\\u001b[39m"}
{"level":30,"time":1745523957545,"name":"trade","msg":"Cycle: \u001b[32m2\u001b[39m. Trade: \u001b[32m31\u001b[39m/\u001b[32m86\u001b[39m. Sell transactions executed: \u001b[32m1\u001b[39m. Pausing: \u001b[32m4.814\u001b[39m sec"}
{"level":30,"time":1745523962360,"name":"trade","msg":"\u001b[90m--------------------------------------------------------------------------------\u001b[39m"}
{"level":30,"time":1745523965482,"name":"trade","msg":"Transaction (\u001b[33m4RZNPQbK...gYk65Jod\u001b[39m) sent to swap \u001b[32m0.033156473\u001b[39m WSOL to ~\u001b[32m420,411.452828\u001b[39m BRILLIANTGUY for account (\u001b[35m2GaW...Piss\u001b[39m)"}
{"level":40,"time":1745523970994,"name":"trade","msg":"Attempt: \u001b[32m1\u001b[39m. Fetch failed for \u001b[34m\u001b]8;;https://mainnet.helius-rpc.com/?api-key=5986c57d-970d-44cd-b556-9988b66a3bff\u001b\\https://mainnet.helius-rpc.com/?api-key=5986c57d-970d-44cd-b556-9988b66a3bff\u001b]8;;\u001b\\\u001b[39m. Reason: fetch failed"}
{"level":40,"time":1745523970994,"name":"trade","msg":"Refetching in \u001b[32m1\u001b[39m sec"}
{"level":30,"time":1745523974099,"name":"trade","msg":"Transaction (\u001b[33m4RZNPQbK...gYk65Jod\u001b[39m) confirmed: \u001b[34m\u001b]8;;https://solscan.io/tx/4RZNPQbKrt12Nns56RjyMj66WmmXX36cfcaoS1zE5seQaYnS38YWe6GjAVy8SvpcYanamybkNzntLMu7gYk65Jod?cluster=mainnet-beta\u001b\\<Transaction link>\u001b]8;;\u001b\\\u001b[39m"}
{"level":30,"time":1745523974100,"name":"trade","msg":"Cycle: \u001b[32m2\u001b[39m. Trade: \u001b[32m32\u001b[39m/\u001b[32m86\u001b[39m. Buy transactions executed: \u001b[32m1\u001b[39m. Pausing: \u001b[32m5.103\u001b[39m sec"}
{"level":30,"time":1745523979205,"name":"trade","msg":"\u001b[90m--------------------------------------------------------------------------------\u001b[39m"}
{"level":40,"time":1745523996719,"name":"trade","msg":"Error fetching priority fee estimate: Error: socket hang up. Compute unit price defaults to \u001b[32m0.00001\u001b[39m SOL"}
{"level":40,"time":1745523997232,"name":"trade","msg":"Attempt: \u001b[32m1\u001b[39m. Fetch failed for \u001b[34m\u001b]8;;https://mainnet.helius-rpc.com/?api-key=128eb9d0-7c10-4970-8306-3fe6ccdcd58e\u001b\\https://mainnet.helius-rpc.com/?api-key=128eb9d0-7c10-4970-8306-3fe6ccdcd58e\u001b]8;;\u001b\\\u001b[39m. Reason: fetch failed"}
{"level":40,"time":1745523997232,"name":"trade","msg":"Refetching in \u001b[32m1\u001b[39m sec"}
{"level":30,"time":1745524002464,"name":"trade","msg":"Transaction (\u001b[33mmi4vhKxM...nNxxN5WB\u001b[39m) sent to swap \u001b[32m0.039262912\u001b[39m WSOL to ~\u001b[32m497,503.779496\u001b[39m BRILLIANTGUY for account (\u001b[35m6zoi...6N3n\u001b[39m)"}
{"level":30,"time":1745524008012,"name":"trade","msg":"Transaction (\u001b[33mmi4vhKxM...nNxxN5WB\u001b[39m) confirmed: \u001b[34m\u001b]8;;https://solscan.io/tx/mi4vhKxMuySoKkYZUsQ4HjEv9nB9WJpDjzB87DnY6N6FXziTgcnatZELTi2FRmXkyTuHknhbfVjHkRknNxxN5WB?cluster=mainnet-beta\u001b\\<Transaction link>\u001b]8;;\u001b\\\u001b[39m"}
{"level":30,"time":1745524008013,"name":"trade","msg":"Cycle: \u001b[32m2\u001b[39m. Trade: \u001b[32m33\u001b[39m/\u001b[32m86\u001b[39m. Buy transactions executed: \u001b[32m1\u001b[39m. Pausing: \u001b[32m7.954\u001b[39m sec"}
{"level":30,"time":1745524015971,"name":"trade","msg":"\u001b[90m--------------------------------------------------------------------------------\u001b[39m"}
{"level":30,"time":1745524018494,"name":"trade","msg":"Transaction (\u001b[33m2VswyKhQ...u157BiNE\u001b[39m) sent to swap \u001b[32m0.04732943\u001b[39m WSOL to ~\u001b[32m599,182.725922\u001b[39m BRILLIANTGUY for account (\u001b[35mDTcd...kT6p\u001b[39m)"}
{"level":30,"time":1745524023904,"name":"trade","msg":"Transaction (\u001b[33m2VswyKhQ...u157BiNE\u001b[39m) confirmed: \u001b[34m\u001b]8;;https://solscan.io/tx/2VswyKhQJ7KTuBSbsCcWh68ic4m4zKkreAZYqTSzMQNTGP5woFHLaHSZiHfMYAMrapX8M5uFbahUDTbNu157BiNE?cluster=mainnet-beta\u001b\\<Transaction link>\u001b]8;;\u001b\\\u001b[39m"}
{"level":30,"time":1745524023905,"name":"trade","msg":"Cycle: \u001b[32m2\u001b[39m. Trade: \u001b[32m34\u001b[39m/\u001b[32m86\u001b[39m. Buy transactions executed: \u001b[32m1\u001b[39m. Pausing: \u001b[32m5.487\u001b[39m sec"}
{"level":30,"time":1745524029393,"name":"trade","msg":"\u001b[90m--------------------------------------------------------------------------------\u001b[39m"}
{"level":30,"time":1745524032737,"name":"trade","msg":"Transaction (\u001b[33m3Qnm6CTe...TSJc8VqE\u001b[39m) sent to swap \u001b[32m0.033708201\u001b[39m WSOL to ~\u001b[32m427,381.156536\u001b[39m BRILLIANTGUY for account (\u001b[35mAzrn...cydm\u001b[39m)"}
{"level":30,"time":1745524038475,"name":"trade","msg":"Transaction (\u001b[33m3Qnm6CTe...TSJc8VqE\u001b[39m) confirmed: \u001b[34m\u001b]8;;https://solscan.io/tx/3Qnm6CTeZMZdLDgb2GrgeBT2hgATuMcbgLQGEAWeU1cdkJ99dyHtxowJWZ2sBXeHRMzfAveKW8hxQWJYTSJc8VqE?cluster=mainnet-beta\u001b\\<Transaction link>\u001b]8;;\u001b\\\u001b[39m"}
{"level":30,"time":1745524038476,"name":"trade","msg":"Cycle: \u001b[32m2\u001b[39m. Trade: \u001b[32m35\u001b[39m/\u001b[32m86\u001b[39m. Buy transactions executed: \u001b[32m1\u001b[39m. Pausing: \u001b[32m7.064\u001b[39m sec"}
{"level":30,"time":1745524045543,"name":"trade","msg":"\u001b[90m--------------------------------------------------------------------------------\u001b[39m"}
{"level":30,"time":1745524047925,"name":"trade","msg":"Transaction (\u001b[33m5GwtQeFE...zcEvMDoN\u001b[39m) sent to swap \u001b[32m0.03522332\u001b[39m WSOL to ~\u001b[32m446,516.521751\u001b[39m BRILLIANTGUY for account (\u001b[35m8TYV...bx1s\u001b[39m)"}
{"level":30,"time":1745524053356,"name":"trade","msg":"Transaction (\u001b[33m5GwtQeFE...zcEvMDoN\u001b[39m) confirmed: \u001b[34m\u001b]8;;https://solscan.io/tx/5GwtQeFEi8bUpw4VjRxJFLmVUKqssZW5sjG3Aa7APsQ9ncSrNpNQeT1AJjHGUDQzyDmLP5uSQpGmKgtWzcEvMDoN?cluster=mainnet-beta\u001b\\<Transaction link>\u001b]8;;\u001b\\\u001b[39m"}
{"level":30,"time":1745524053356,"name":"trade","msg":"Cycle: \u001b[32m2\u001b[39m. Trade: \u001b[32m36\u001b[39m/\u001b[32m86\u001b[39m. Buy transactions executed: \u001b[32m1\u001b[39m. Pausing: \u001b[32m5.915\u001b[39m sec"}
{"level":30,"time":1745524059273,"name":"trade","msg":"\u001b[90m--------------------------------------------------------------------------------\u001b[39m"}
{"level":30,"time":1745524068068,"name":"trade","msg":"Transaction (\u001b[33m5A1F9cfH...7FtdHyEU\u001b[39m) sent to swap \u001b[32m0.038208635\u001b[39m WSOL to ~\u001b[32m484,201.200428\u001b[39m BRILLIANTGUY for account (\u001b[35mEcQu...Ccqk\u001b[39m)"}
{"level":30,"time":1745524073529,"name":"trade","msg":"Transaction (\u001b[33m5A1F9cfH...7FtdHyEU\u001b[39m) confirmed: \u001b[34m\u001b]8;;https://solscan.io/tx/5A1F9cfHcS9CBkoyoddevdQuKxNzFfe8TE22uGgKUoFAXvNfPBhrfAdk57mf8JdTT4JGWFXX2DhrVNDn7FtdHyEU?cluster=mainnet-beta\u001b\\<Transaction link>\u001b]8;;\u001b\\\u001b[39m"}
{"level":30,"time":1745524073530,"name":"trade","msg":"Cycle: \u001b[32m2\u001b[39m. Trade: \u001b[32m37\u001b[39m/\u001b[32m86\u001b[39m. Buy transactions executed: \u001b[32m1\u001b[39m. Pausing: \u001b[32m5.488\u001b[39m sec"}
{"level":30,"time":1745524079020,"name":"trade","msg":"\u001b[90m--------------------------------------------------------------------------------\u001b[39m"}
{"level":30,"time":1745524081153,"name":"trade","msg":"Transaction (\u001b[33m2xHFpFR1...tj1Sffvu\u001b[39m) sent to swap \u001b[32m0.031040919\u001b[39m WSOL to ~\u001b[32m393,678.872739\u001b[39m BRILLIANTGUY for account (\u001b[35m4vGi...BzTz\u001b[39m)"}
{"level":30,"time":1745524086532,"name":"trade","msg":"Transaction (\u001b[33m2xHFpFR1...tj1Sffvu\u001b[39m) confirmed: \u001b[34m\u001b]8;;https://solscan.io/tx/2xHFpFR17QubmDxytx2PdtCQs7u6uqBk66YrRmcY52prZnmdSJcJi379UxjpVVEhMe8CXQe1FU2XsN3ttj1Sffvu?cluster=mainnet-beta\u001b\\<Transaction link>\u001b]8;;\u001b\\\u001b[39m"}
{"level":30,"time":1745524086533,"name":"trade","msg":"Cycle: \u001b[32m2\u001b[39m. Trade: \u001b[32m38\u001b[39m/\u001b[32m86\u001b[39m. Buy transactions executed: \u001b[32m1\u001b[39m. Pausing: \u001b[32m4.545\u001b[39m sec"}
{"level":30,"time":1745524091078,"name":"trade","msg":"\u001b[90m--------------------------------------------------------------------------------\u001b[39m"}
{"level":30,"time":1745524119677,"name":"trade","msg":"Transaction (\u001b[33mkTeGtLSs...t99CSJog\u001b[39m) sent to swap \u001b[32m0.039110501\u001b[39m WSOL to ~\u001b[32m495,580.889362\u001b[39m BRILLIANTGUY for account (\u001b[35m4f5d...3tra\u001b[39m)"}
{"level":30,"time":1745524125141,"name":"trade","msg":"Transaction (\u001b[33mkTeGtLSs...t99CSJog\u001b[39m) confirmed: \u001b[34m\u001b]8;;https://solscan.io/tx/kTeGtLSs8v6Ummni1a44yVtdCwpBUA5QCgJVBwaibt15e37vVENgrk4CMVFE2irumTy3Hv9qTZsc7Hkt99CSJog?cluster=mainnet-beta\u001b\\<Transaction link>\u001b]8;;\u001b\\\u001b[39m"}
{"level":30,"time":1745524125142,"name":"trade","msg":"Cycle: \u001b[32m2\u001b[39m. Trade: \u001b[32m39\u001b[39m/\u001b[32m86\u001b[39m. Buy transactions executed: \u001b[32m1\u001b[39m. Pausing: \u001b[32m6.853\u001b[39m sec"}
{"level":30,"time":1745524131997,"name":"trade","msg":"\u001b[90m--------------------------------------------------------------------------------\u001b[39m"}
{"level":30,"time":1745524138803,"name":"trade","msg":"Transaction (\u001b[33m39nf7WVM...f4nDyb4t\u001b[39m) sent to swap \u001b[32m7,593,472.704858\u001b[39m BRILLIANTGUY to ~\u001b[32m0.557011245\u001b[39m WSOL for account (\u001b[35mARLR...JEaC\u001b[39m)"}
{"level":30,"time":1745524144199,"name":"trade","msg":"Transaction (\u001b[33m39nf7WVM...f4nDyb4t\u001b[39m) confirmed: \u001b[34m\u001b]8;;https://solscan.io/tx/39nf7WVMnp5ym9i9Y7hPjtnqtfiJS7gaPX1cgSh8yENDwPVuFVnbcm1odCyFSVjFpkj84J7oBgqG25jQf4nDyb4t?cluster=mainnet-beta\u001b\\<Transaction link>\u001b]8;;\u001b\\\u001b[39m"}
{"level":30,"time":1745524144200,"name":"trade","msg":"Cycle: \u001b[32m2\u001b[39m. Trade: \u001b[32m40\u001b[39m/\u001b[32m86\u001b[39m. Sell transactions executed: \u001b[32m1\u001b[39m. Pausing: \u001b[32m4.911\u001b[39m sec"}
{"level":30,"time":1745524149112,"name":"trade","msg":"\u001b[90m--------------------------------------------------------------------------------\u001b[39m"}
{"level":30,"time":1745524151253,"name":"trade","msg":"Transaction (\u001b[33m3G4Uqvpg...7arnWarK\u001b[39m) sent to swap \u001b[32m991,591.782066\u001b[39m BRILLIANTGUY to ~\u001b[32m0.076867354\u001b[39m WSOL for account (\u001b[35mAsYj...m6EU\u001b[39m)"}
{"level":30,"time":1745524156794,"name":"trade","msg":"Transaction (\u001b[33m3G4Uqvpg...7arnWarK\u001b[39m) confirmed: \u001b[34m\u001b]8;;https://solscan.io/tx/3G4Uqvpg2LFuwr1NnwE357mmRv1VrbN979zstz13BfNTNnVsESdqQYpAsz2rECx8UZ6Aiaw7P6uyfCgK7arnWarK?cluster=mainnet-beta\u001b\\<Transaction link>\u001b]8;;\u001b\\\u001b[39m"}
{"level":30,"time":1745524156795,"name":"trade","msg":"Cycle: \u001b[32m2\u001b[39m. Trade: \u001b[32m41\u001b[39m/\u001b[32m86\u001b[39m. Sell transactions executed: \u001b[32m1\u001b[39m. Pausing: \u001b[32m4.399\u001b[39m sec"}
{"level":30,"time":1745524161194,"name":"trade","msg":"\u001b[90m--------------------------------------------------------------------------------\u001b[39m"}
{"level":30,"time":1745524164828,"name":"trade","msg":"Transaction (\u001b[33m5ApaSwar...xQVtYvN8\u001b[39m) sent to swap \u001b[32m1,402,173.915299\u001b[39m BRILLIANTGUY to ~\u001b[32m0.108312839\u001b[39m WSOL for account (\u001b[35mCPF2...auFn\u001b[39m)"}
{"level":30,"time":1745524170401,"name":"trade","msg":"Transaction (\u001b[33m5ApaSwar...xQVtYvN8\u001b[39m) confirmed: \u001b[34m\u001b]8;;https://solscan.io/tx/5ApaSwarHqX5Vdsdak4euzKQ9Ut8ipga4in99kxF4MoBz6tiYf1XdSP9wHBc4b15krgVaVwkGVLzfxFDxQVtYvN8?cluster=mainnet-beta\u001b\\<Transaction link>\u001b]8;;\u001b\\\u001b[39m"}
{"level":30,"time":1745524170402,"name":"trade","msg":"Cycle: \u001b[32m2\u001b[39m. Trade: \u001b[32m42\u001b[39m/\u001b[32m86\u001b[39m. Sell transactions executed: \u001b[32m1\u001b[39m. Pausing: \u001b[32m5.328\u001b[39m sec"}
{"level":30,"time":1745524175731,"name":"trade","msg":"\u001b[90m--------------------------------------------------------------------------------\u001b[39m"}
{"level":30,"time":1745524178592,"name":"trade","msg":"Transaction (\u001b[33m2BiYZKtU...mYS4iRHA\u001b[39m) sent to swap \u001b[32m0.041471295\u001b[39m WSOL to ~\u001b[32m525,358.54445\u001b[39m BRILLIANTGUY for account (\u001b[35mFMMJ...FwDQ\u001b[39m)"}
{"level":30,"time":1745524184232,"name":"trade","msg":"Transaction (\u001b[33m2BiYZKtU...mYS4iRHA\u001b[39m) confirmed: \u001b[34m\u001b]8;;https://solscan.io/tx/2BiYZKtUqDL1M1HVYjgjUToZxkUajDp1ebQaYqN1u2ANBiAR1gN7HGRQvK67LJvzQirkwB4d6dycYjMpmYS4iRHA?cluster=mainnet-beta\u001b\\<Transaction link>\u001b]8;;\u001b\\\u001b[39m"}
{"level":30,"time":1745524184232,"name":"trade","msg":"Cycle: \u001b[32m2\u001b[39m. Trade: \u001b[32m43\u001b[39m/\u001b[32m86\u001b[39m. Buy transactions executed: \u001b[32m1\u001b[39m. Pausing: \u001b[32m7.709\u001b[39m sec"}
{"level":30,"time":1745524191944,"name":"trade","msg":"\u001b[90m--------------------------------------------------------------------------------\u001b[39m"}
{"level":30,"time":1745524193956,"name":"trade","msg":"Transaction (\u001b[33mmavUSeAa...w4EYKtKm\u001b[39m) sent to swap \u001b[32m0.037843347\u001b[39m WSOL to ~\u001b[32m479,591.371024\u001b[39m BRILLIANTGUY for account (\u001b[35m3S58...yNMk\u001b[39m)"}
{"level":40,"time":1745524199468,"name":"trade","msg":"Attempt: \u001b[32m1\u001b[39m. Fetch failed for \u001b[34m\u001b]8;;https://mainnet.helius-rpc.com/?api-key=5986c57d-970d-44cd-b556-9988b66a3bff\u001b\\https://mainnet.helius-rpc.com/?api-key=5986c57d-970d-44cd-b556-9988b66a3bff\u001b]8;;\u001b\\\u001b[39m. Reason: fetch failed"}
{"level":40,"time":1745524199468,"name":"trade","msg":"Refetching in \u001b[32m1\u001b[39m sec"}
{"level":30,"time":1745524201351,"name":"trade","msg":"Transaction (\u001b[33mmavUSeAa...w4EYKtKm\u001b[39m) confirmed: \u001b[34m\u001b]8;;https://solscan.io/tx/mavUSeAaJNRdsmwfUF91iQH6MeCC6DWj2EZTAfaXJ6qfw8g8sBqFL3NhKuwq2CRigAKkzLqVAEKBiBGw4EYKtKm?cluster=mainnet-beta\u001b\\<Transaction link>\u001b]8;;\u001b\\\u001b[39m"}
{"level":30,"time":1745524201352,"name":"trade","msg":"Cycle: \u001b[32m2\u001b[39m. Trade: \u001b[32m44\u001b[39m/\u001b[32m86\u001b[39m. Buy transactions executed: \u001b[32m1\u001b[39m. Pausing: \u001b[32m6.093\u001b[39m sec"}
{"level":30,"time":1745524207447,"name":"trade","msg":"\u001b[90m--------------------------------------------------------------------------------\u001b[39m"}
{"level":30,"time":1745524209486,"name":"trade","msg":"Transaction (\u001b[33m4Kb6FURd...6DJFdLbB\u001b[39m) sent to swap \u001b[32m0.04961292\u001b[39m WSOL to ~\u001b[32m627,933.459692\u001b[39m BRILLIANTGUY for account (\u001b[35mDUcb...5wqh\u001b[39m)"}
{"level":30,"time":1745524214842,"name":"trade","msg":"Transaction (\u001b[33m4Kb6FURd...6DJFdLbB\u001b[39m) confirmed: \u001b[34m\u001b]8;;https://solscan.io/tx/4Kb6FURdzUxt63BkMnQuAg2enb9sTNUKcxNnUusbMcXxtFardSEneDv3s3KcjJkgFFNrzkUyXntKNv5v6DJFdLbB?cluster=mainnet-beta\u001b\\<Transaction link>\u001b]8;;\u001b\\\u001b[39m"}
{"level":30,"time":1745524214843,"name":"trade","msg":"Cycle: \u001b[32m2\u001b[39m. Trade: \u001b[32m45\u001b[39m/\u001b[32m86\u001b[39m. Buy transactions executed: \u001b[32m1\u001b[39m. Pausing: \u001b[32m5.782\u001b[39m sec"}
{"level":30,"time":1745524220627,"name":"trade","msg":"\u001b[90m--------------------------------------------------------------------------------\u001b[39m"}
{"level":30,"time":1745524224073,"name":"trade","msg":"Transaction (\u001b[33m2SgA1ecX...pAxw2Jm3\u001b[39m) sent to swap \u001b[32m648,270.641179\u001b[39m BRILLIANTGUY to ~\u001b[32m0.050402222\u001b[39m WSOL for account (\u001b[35m2WWy...4tda\u001b[39m)"}
{"level":40,"time":1745524239081,"name":"trade","msg":"Transaction (\u001b[33m2SgA1ecX...pAxw2Jm3\u001b[39m) resent: Transaction (\u001b[33m2SgA1ecX...pAxw2Jm3\u001b[39m) failed: \u001b[34m\u001b]8;;https://solscan.io/tx/2SgA1ecXHY6uh3fgtHcKbNDsJMc3sXdeSgSysDQsfBDan5WogVCR6dZJM84zUKteYykLscC7AH8ncpKDpAxw2Jm3?cluster=mainnet-beta\u001b\\<Transaction link>\u001b]8;;\u001b\\\u001b[39m. Reason: Timeout after \u001b[32m15\u001b[39m sec"}
{"level":30,"time":1745524239743,"name":"trade","msg":"Transaction (\u001b[33m2SgA1ecX...pAxw2Jm3\u001b[39m) sent to swap \u001b[32m648,270.641179\u001b[39m BRILLIANTGUY to ~\u001b[32m0.050402222\u001b[39m WSOL for account (\u001b[35m2WWy...4tda\u001b[39m)"}
{"level":30,"time":1745524245113,"name":"trade","msg":"Transaction (\u001b[33m2SgA1ecX...pAxw2Jm3\u001b[39m) confirmed: \u001b[34m\u001b]8;;https://solscan.io/tx/2SgA1ecXHY6uh3fgtHcKbNDsJMc3sXdeSgSysDQsfBDan5WogVCR6dZJM84zUKteYykLscC7AH8ncpKDpAxw2Jm3?cluster=mainnet-beta\u001b\\<Transaction link>\u001b]8;;\u001b\\\u001b[39m"}
{"level":30,"time":1745524245114,"name":"trade","msg":"Cycle: \u001b[32m2\u001b[39m. Trade: \u001b[32m46\u001b[39m/\u001b[32m86\u001b[39m. Sell transactions executed: \u001b[32m1\u001b[39m. Pausing: \u001b[32m7.197\u001b[39m sec"}
{"level":30,"time":1745524252314,"name":"trade","msg":"\u001b[90m--------------------------------------------------------------------------------\u001b[39m"}
{"level":30,"time":1745524256386,"name":"trade","msg":"Transaction (\u001b[33m3jf6MVZe...wb1XAGEz\u001b[39m) sent to swap \u001b[32m0.040758234\u001b[39m WSOL to ~\u001b[32m516,366.053147\u001b[39m BRILLIANTGUY for account (\u001b[35mDmnV...mi31\u001b[39m)"}
{"level":30,"time":1745524263414,"name":"trade","msg":"Transaction (\u001b[33m3jf6MVZe...wb1XAGEz\u001b[39m) confirmed: \u001b[34m\u001b]8;;https://solscan.io/tx/3jf6MVZe9HNmuCdxysJNwMd6XqRQVPu3tbjTDK3hhNDvhQNaCiC2dxjJo21RsX7G9Xambg6TASNRAHdswb1XAGEz?cluster=mainnet-beta\u001b\\<Transaction link>\u001b]8;;\u001b\\\u001b[39m"}
{"level":30,"time":1745524263415,"name":"trade","msg":"Cycle: \u001b[32m2\u001b[39m. Trade: \u001b[32m47\u001b[39m/\u001b[32m86\u001b[39m. Buy transactions executed: \u001b[32m1\u001b[39m. Pausing: \u001b[32m6.728\u001b[39m sec"}
{"level":30,"time":1745524270145,"name":"trade","msg":"\u001b[90m--------------------------------------------------------------------------------\u001b[39m"}
{"level":30,"time":1745524272899,"name":"trade","msg":"Transaction (\u001b[33m3BcAWk4e...opKaT5do\u001b[39m) sent to swap \u001b[32m0.035916998\u001b[39m WSOL to ~\u001b[32m455,275.276248\u001b[39m BRILLIANTGUY for account (\u001b[35m6uF1...pnj1\u001b[39m)"}
{"level":30,"time":1745524278318,"name":"trade","msg":"Transaction (\u001b[33m3BcAWk4e...opKaT5do\u001b[39m) confirmed: \u001b[34m\u001b]8;;https://solscan.io/tx/3BcAWk4et2jgCctdYg8Sn4oPJNtR8Bjc8CpdhSYDF6nwHDu1RUbeXiremNR4MZinfojBcheSv2SvXGmEopKaT5do?cluster=mainnet-beta\u001b\\<Transaction link>\u001b]8;;\u001b\\\u001b[39m"}
{"level":30,"time":1745524278318,"name":"trade","msg":"Cycle: \u001b[32m2\u001b[39m. Trade: \u001b[32m48\u001b[39m/\u001b[32m86\u001b[39m. Buy transactions executed: \u001b[32m1\u001b[39m. Pausing: \u001b[32m6.639\u001b[39m sec"}
{"level":30,"time":1745524284958,"name":"trade","msg":"\u001b[90m--------------------------------------------------------------------------------\u001b[39m"}
{"level":30,"time":1745524288222,"name":"trade","msg":"Transaction (\u001b[33m2iR4YrCX...UPEvxx27\u001b[39m) sent to swap \u001b[32m3,363,524.211011\u001b[39m BRILLIANTGUY to ~\u001b[32m0.255524643\u001b[39m WSOL for account (\u001b[35mDia2...yri3\u001b[39m)"}
{"level":30,"time":1745524293947,"name":"trade","msg":"Transaction (\u001b[33m2iR4YrCX...UPEvxx27\u001b[39m) confirmed: \u001b[34m\u001b]8;;https://solscan.io/tx/2iR4YrCX8YJ2kvMgnf1FSDo2L1U5uHLJB4qVR1Pdr8cf84Fstqm924rXzM6gquhYxUmapaQRKNVeUK89UPEvxx27?cluster=mainnet-beta\u001b\\<Transaction link>\u001b]8;;\u001b\\\u001b[39m"}
{"level":30,"time":1745524293948,"name":"trade","msg":"Cycle: \u001b[32m2\u001b[39m. Trade: \u001b[32m49\u001b[39m/\u001b[32m86\u001b[39m. Sell transactions executed: \u001b[32m1\u001b[39m. Pausing: \u001b[32m6.853\u001b[39m sec"}
{"level":30,"time":1745524300804,"name":"trade","msg":"\u001b[90m--------------------------------------------------------------------------------\u001b[39m"}
{"level":30,"time":1745524308172,"name":"trade","msg":"Transaction (\u001b[33m3ZC2Z1b2...WbK4Un5k\u001b[39m) sent to swap \u001b[32m670,609.938213\u001b[39m BRILLIANTGUY to ~\u001b[32m0.052129028\u001b[39m WSOL for account (\u001b[35mEsYM...F2KP\u001b[39m)"}
{"level":30,"time":1745524313622,"name":"trade","msg":"Transaction (\u001b[33m3ZC2Z1b2...WbK4Un5k\u001b[39m) confirmed: \u001b[34m\u001b]8;;https://solscan.io/tx/3ZC2Z1b2mYqzwYeTkgk27vbHJcthfJGchi76nwL8yzrueEh2qefUebGzwgmFCVmQGdMrCai5tquih5HQWbK4Un5k?cluster=mainnet-beta\u001b\\<Transaction link>\u001b]8;;\u001b\\\u001b[39m"}
{"level":30,"time":1745524313623,"name":"trade","msg":"Cycle: \u001b[32m2\u001b[39m. Trade: \u001b[32m50\u001b[39m/\u001b[32m86\u001b[39m. Sell transactions executed: \u001b[32m1\u001b[39m. Pausing: \u001b[32m5.847\u001b[39m sec"}
{"level":30,"time":1745524319472,"name":"trade","msg":"\u001b[90m--------------------------------------------------------------------------------\u001b[39m"}
{"level":30,"time":1745524342084,"name":"trade","msg":"Transaction (\u001b[33m3xDCHzLB...VUdj8ujv\u001b[39m) sent to swap \u001b[32m0.031617454\u001b[39m WSOL to ~\u001b[32m400,965.33008\u001b[39m BRILLIANTGUY for account (\u001b[35m9bBi...9YmM\u001b[39m)"}
{"level":30,"time":1745524347455,"name":"trade","msg":"Transaction (\u001b[33m3xDCHzLB...VUdj8ujv\u001b[39m) confirmed: \u001b[34m\u001b]8;;https://solscan.io/tx/3xDCHzLBjWLsfzjfME28Ed67V43JTS6TssgRcWJNNwqaB7fKv6sv3g5soyQcxRho2eJinxxiASmJxyFwVUdj8ujv?cluster=mainnet-beta\u001b\\<Transaction link>\u001b]8;;\u001b\\\u001b[39m"}
{"level":30,"time":1745524347456,"name":"trade","msg":"Cycle: \u001b[32m2\u001b[39m. Trade: \u001b[32m51\u001b[39m/\u001b[32m86\u001b[39m. Buy transactions executed: \u001b[32m1\u001b[39m. Pausing: \u001b[32m5.757\u001b[39m sec"}
{"level":30,"time":1745524353214,"name":"trade","msg":"\u001b[90m--------------------------------------------------------------------------------\u001b[39m"}
{"level":30,"time":1745524355418,"name":"trade","msg":"Transaction (\u001b[33m5UTPrqHf...SmgVyKEj\u001b[39m) sent to swap \u001b[32m0.045442391\u001b[39m WSOL to ~\u001b[32m575,412.67764\u001b[39m BRILLIANTGUY for account (\u001b[35mDaUh...eQT7\u001b[39m)"}
{"level":30,"time":1745524360769,"name":"trade","msg":"Transaction (\u001b[33m5UTPrqHf...SmgVyKEj\u001b[39m) confirmed: \u001b[34m\u001b]8;;https://solscan.io/tx/5UTPrqHfzrKXtpExVCqQcvY7eyasyLQBqmbU19qQS8DCbt8J1gNrtYhKeW2QD5SrvLaAPLZ1mufCNrt4SmgVyKEj?cluster=mainnet-beta\u001b\\<Transaction link>\u001b]8;;\u001b\\\u001b[39m"}
{"level":30,"time":1745524360770,"name":"trade","msg":"Cycle: \u001b[32m2\u001b[39m. Trade: \u001b[32m52\u001b[39m/\u001b[32m86\u001b[39m. Buy transactions executed: \u001b[32m1\u001b[39m. Pausing: \u001b[32m6.508\u001b[39m sec"}
{"level":30,"time":1745524367281,"name":"trade","msg":"\u001b[90m--------------------------------------------------------------------------------\u001b[39m"}
{"level":30,"time":1745524371302,"name":"trade","msg":"Transaction (\u001b[33m5FCP8zFx...pLfZsWKL\u001b[39m) sent to swap \u001b[32m4,537,440.435723\u001b[39m BRILLIANTGUY to ~\u001b[32m0.341328849\u001b[39m WSOL for account (\u001b[35mGvof...jZ2e\u001b[39m)"}
{"level":30,"time":1745524376742,"name":"trade","msg":"Transaction (\u001b[33m5FCP8zFx...pLfZsWKL\u001b[39m) confirmed: \u001b[34m\u001b]8;;https://solscan.io/tx/5FCP8zFx1S9eFzWUr7rL5XpaVYVBgE6Sz1k6WPNRk9qFkkNWwUYbbJFF5MqLdnyhzAEut731beyyvgSnpLfZsWKL?cluster=mainnet-beta\u001b\\<Transaction link>\u001b]8;;\u001b\\\u001b[39m"}
{"level":30,"time":1745524376743,"name":"trade","msg":"Cycle: \u001b[32m2\u001b[39m. Trade: \u001b[32m53\u001b[39m/\u001b[32m86\u001b[39m. Sell transactions executed: \u001b[32m1\u001b[39m. Pausing: \u001b[32m4.33\u001b[39m sec"}
{"level":30,"time":1745524381073,"name":"trade","msg":"\u001b[90m--------------------------------------------------------------------------------\u001b[39m"}
{"level":30,"time":1745524385219,"name":"trade","msg":"Transaction (\u001b[33m3H4xRmip...ssTxujWz\u001b[39m) sent to swap \u001b[32m5,021,503.661324\u001b[39m BRILLIANTGUY to ~\u001b[32m0.376222491\u001b[39m WSOL for account (\u001b[35m8v9g...X212\u001b[39m)"}
{"level":30,"time":1745524390667,"name":"trade","msg":"Transaction (\u001b[33m3H4xRmip...ssTxujWz\u001b[39m) confirmed: \u001b[34m\u001b]8;;https://solscan.io/tx/3H4xRmipvqvQhZ4AcLPebdFKtBCwW1wvo8HvuWb9vVMntvtBnCuMEJ2Wm7Bm5Mk2tzPbNmFKEiD8ECQmssTxujWz?cluster=mainnet-beta\u001b\\<Transaction link>\u001b]8;;\u001b\\\u001b[39m"}
{"level":30,"time":1745524390668,"name":"trade","msg":"Cycle: \u001b[32m2\u001b[39m. Trade: \u001b[32m54\u001b[39m/\u001b[32m86\u001b[39m. Sell transactions executed: \u001b[32m1\u001b[39m. Pausing: \u001b[32m6.029\u001b[39m sec"}
{"level":30,"time":1745524396699,"name":"trade","msg":"\u001b[90m--------------------------------------------------------------------------------\u001b[39m"}
{"level":30,"time":1745524399593,"name":"trade","msg":"Transaction (\u001b[33m4Lkh6qYn...Naapc1FE\u001b[39m) sent to swap \u001b[32m0.048438203\u001b[39m WSOL to ~\u001b[32m613,144.758446\u001b[39m BRILLIANTGUY for account (\u001b[35mBSUh...W8ig\u001b[39m)"}
{"level":30,"time":1745524404948,"name":"trade","msg":"Transaction (\u001b[33m4Lkh6qYn...Naapc1FE\u001b[39m) confirmed: \u001b[34m\u001b]8;;https://solscan.io/tx/4Lkh6qYnPfxzCsGKDGPSuSBu9BYe8yk18dMfAcJ8xUdoAK85mxuLton1xQ6BSvACDyJzADW3GHgcfgbGNaapc1FE?cluster=mainnet-beta\u001b\\<Transaction link>\u001b]8;;\u001b\\\u001b[39m"}
{"level":30,"time":1745524404949,"name":"trade","msg":"Cycle: \u001b[32m2\u001b[39m. Trade: \u001b[32m55\u001b[39m/\u001b[32m86\u001b[39m. Buy transactions executed: \u001b[32m1\u001b[39m. Pausing: \u001b[32m7.447\u001b[39m sec"}
{"level":30,"time":1745524412399,"name":"trade","msg":"\u001b[90m--------------------------------------------------------------------------------\u001b[39m"}
{"level":30,"time":1745524415549,"name":"trade","msg":"Transaction (\u001b[33m5YbhDYxd...wMQn3miN\u001b[39m) sent to swap \u001b[32m0.031065142\u001b[39m WSOL to ~\u001b[32m393,985.037287\u001b[39m BRILLIANTGUY for account (\u001b[35m77bF...ePvi\u001b[39m)"}
{"level":30,"time":1745524420940,"name":"trade","msg":"Transaction (\u001b[33m5YbhDYxd...wMQn3miN\u001b[39m) confirmed: \u001b[34m\u001b]8;;https://solscan.io/tx/5YbhDYxdhxWnLZGR2H7W9BmKfSfMLBCvchSqLAv833VNFt61Mf5n5oAbRPFfNkRxKFjvELQZqgpmkZZjwMQn3miN?cluster=mainnet-beta\u001b\\<Transaction link>\u001b]8;;\u001b\\\u001b[39m"}
{"level":30,"time":1745524420941,"name":"trade","msg":"Cycle: \u001b[32m2\u001b[39m. Trade: \u001b[32m56\u001b[39m/\u001b[32m86\u001b[39m. Buy transactions executed: \u001b[32m1\u001b[39m. Pausing: \u001b[32m4.463\u001b[39m sec"}
{"level":30,"time":1745524425404,"name":"trade","msg":"\u001b[90m--------------------------------------------------------------------------------\u001b[39m"}
{"level":30,"time":1745524427642,"name":"trade","msg":"Transaction (\u001b[33m4hTbdsqS...goYKSvmp\u001b[39m) sent to swap \u001b[32m0.040013207\u001b[39m WSOL to ~\u001b[32m506,968.913789\u001b[39m BRILLIANTGUY for account (\u001b[35mEbQN...DSic\u001b[39m)"}
{"level":30,"time":1745524433000,"name":"trade","msg":"Transaction (\u001b[33m4hTbdsqS...goYKSvmp\u001b[39m) confirmed: \u001b[34m\u001b]8;;https://solscan.io/tx/4hTbdsqSSUrbfwKccbAYWBdF6mPWZqXmgw41amgbPk6Gax17mZu2nNpy9gZGDsuoXNGAJFKALdw687qPgoYKSvmp?cluster=mainnet-beta\u001b\\<Transaction link>\u001b]8;;\u001b\\\u001b[39m"}
{"level":30,"time":1745524433001,"name":"trade","msg":"Cycle: \u001b[32m2\u001b[39m. Trade: \u001b[32m57\u001b[39m/\u001b[32m86\u001b[39m. Buy transactions executed: \u001b[32m1\u001b[39m. Pausing: \u001b[32m4.684\u001b[39m sec"}
{"level":30,"time":1745524437686,"name":"trade","msg":"\u001b[90m--------------------------------------------------------------------------------\u001b[39m"}
{"level":30,"time":1745524440074,"name":"trade","msg":"Transaction (\u001b[33m5ojyo3N8...XbtA6gkJ\u001b[39m) sent to swap \u001b[32m0.049186271\u001b[39m WSOL to ~\u001b[32m622,562.752907\u001b[39m BRILLIANTGUY for account (\u001b[35mFpXL...Do6M\u001b[39m)"}
{"level":30,"time":1745524445681,"name":"trade","msg":"Transaction (\u001b[33m5ojyo3N8...XbtA6gkJ\u001b[39m) confirmed: \u001b[34m\u001b]8;;https://solscan.io/tx/5ojyo3N8YXcc8vxZdQEFSqRcGdsmSw1QbaSzvGGzKh1BBnX4XWRtw3rAXJcd4E5TFD43Qm3hQFxWFdM9XbtA6gkJ?cluster=mainnet-beta\u001b\\<Transaction link>\u001b]8;;\u001b\\\u001b[39m"}
{"level":30,"time":1745524445682,"name":"trade","msg":"Cycle: \u001b[32m2\u001b[39m. Trade: \u001b[32m58\u001b[39m/\u001b[32m86\u001b[39m. Buy transactions executed: \u001b[32m1\u001b[39m. Pausing: \u001b[32m6.917\u001b[39m sec"}
{"level":30,"time":1745524452602,"name":"trade","msg":"\u001b[90m--------------------------------------------------------------------------------\u001b[39m"}
{"level":30,"time":1745524454674,"name":"trade","msg":"Transaction (\u001b[33m4s6DfMSU...nAkUN6DC\u001b[39m) sent to swap \u001b[32m0.033126733\u001b[39m WSOL to ~\u001b[32m420,035.746654\u001b[39m BRILLIANTGUY for account (\u001b[35mFRZB...FvZc\u001b[39m)"}
{"level":30,"time":1745524460093,"name":"trade","msg":"Transaction (\u001b[33m4s6DfMSU...nAkUN6DC\u001b[39m) confirmed: \u001b[34m\u001b]8;;https://solscan.io/tx/4s6DfMSUizC4H5mf6RkBiRJhqnDpnEBYTBRxnWX24tcYxRAuj3bKKo16gZE6pBPembW6V9VauQNL5i2wnAkUN6DC?cluster=mainnet-beta\u001b\\<Transaction link>\u001b]8;;\u001b\\\u001b[39m"}
{"level":30,"time":1745524460094,"name":"trade","msg":"Cycle: \u001b[32m2\u001b[39m. Trade: \u001b[32m59\u001b[39m/\u001b[32m86\u001b[39m. Buy transactions executed: \u001b[32m1\u001b[39m. Pausing: \u001b[32m7.043\u001b[39m sec"}
{"level":30,"time":1745524467140,"name":"trade","msg":"\u001b[90m--------------------------------------------------------------------------------\u001b[39m"}
{"level":30,"time":1745524471748,"name":"trade","msg":"Transaction (\u001b[33mKM3jHnsn...BmHDwLKH\u001b[39m) sent to swap \u001b[32m0.049392148\u001b[39m WSOL to ~\u001b[32m625,154.417708\u001b[39m BRILLIANTGUY for account (\u001b[35mG2JC...w7Pv\u001b[39m)"}
{"level":30,"time":1745524477193,"name":"trade","msg":"Transaction (\u001b[33mKM3jHnsn...BmHDwLKH\u001b[39m) confirmed: \u001b[34m\u001b]8;;https://solscan.io/tx/KM3jHnsnKQyxqrsqsCDcooSweHC8pcjorLiF9jLjAfDeHEPdRm2f6yr4oq1DvzL2n6iZoJg6xaFvSksBmHDwLKH?cluster=mainnet-beta\u001b\\<Transaction link>\u001b]8;;\u001b\\\u001b[39m"}
{"level":30,"time":1745524477194,"name":"trade","msg":"Cycle: \u001b[32m2\u001b[39m. Trade: \u001b[32m60\u001b[39m/\u001b[32m86\u001b[39m. Buy transactions executed: \u001b[32m1\u001b[39m. Pausing: \u001b[32m5.913\u001b[39m sec"}
{"level":30,"time":1745524483108,"name":"trade","msg":"\u001b[90m--------------------------------------------------------------------------------\u001b[39m"}
{"level":30,"time":1745524484833,"name":"trade","msg":"Transaction (\u001b[33m2SGh9eA6...9R1pvMv1\u001b[39m) sent to swap \u001b[32m3,487,769.869175\u001b[39m BRILLIANTGUY to ~\u001b[32m0.264686306\u001b[39m WSOL for account (\u001b[35mBdWy...X4Cm\u001b[39m)"}
{"level":30,"time":1745524490467,"name":"trade","msg":"Transaction (\u001b[33m2SGh9eA6...9R1pvMv1\u001b[39m) confirmed: \u001b[34m\u001b]8;;https://solscan.io/tx/2SGh9eA6CKpZWDQhUSRqaKztoaKjr8Z8iefh2aamn7es5R9FbMZay3n48Un4ucH41exR1AVMXTJjJ3fY9R1pvMv1?cluster=mainnet-beta\u001b\\<Transaction link>\u001b]8;;\u001b\\\u001b[39m"}
{"level":30,"time":1745524490468,"name":"trade","msg":"Cycle: \u001b[32m2\u001b[39m. Trade: \u001b[32m61\u001b[39m/\u001b[32m86\u001b[39m. Sell transactions executed: \u001b[32m1\u001b[39m. Pausing: \u001b[32m5.463\u001b[39m sec"}
{"level":30,"time":1745524495932,"name":"trade","msg":"\u001b[90m--------------------------------------------------------------------------------\u001b[39m"}
{"level":30,"time":1745524508259,"name":"trade","msg":"Transaction (\u001b[33m5mssxpiN...NxiPExXw\u001b[39m) sent to swap \u001b[32m0.034488913\u001b[39m WSOL to ~\u001b[32m437,242.043156\u001b[39m BRILLIANTGUY for account (\u001b[35mEcD5...Lb6n\u001b[39m)"}
{"level":30,"time":1745524513685,"name":"trade","msg":"Transaction (\u001b[33m5mssxpiN...NxiPExXw\u001b[39m) confirmed: \u001b[34m\u001b]8;;https://solscan.io/tx/5mssxpiNF2GkpR924WtZC2FSGPJUYhC6iyGNwbJhaNSGRMjiDcpA5wAw3RmHV9XVAzWrynwiYQepYuXKNxiPExXw?cluster=mainnet-beta\u001b\\<Transaction link>\u001b]8;;\u001b\\\u001b[39m"}
{"level":30,"time":1745524513686,"name":"trade","msg":"Cycle: \u001b[32m2\u001b[39m. Trade: \u001b[32m62\u001b[39m/\u001b[32m86\u001b[39m. Buy transactions executed: \u001b[32m1\u001b[39m. Pausing: \u001b[32m6.708\u001b[39m sec"}
{"level":30,"time":1745524520396,"name":"trade","msg":"\u001b[90m--------------------------------------------------------------------------------\u001b[39m"}
{"level":30,"time":1745524522279,"name":"trade","msg":"Transaction (\u001b[33m5kA9eU4V...E8urTF1n\u001b[39m) sent to swap \u001b[32m0.044382534\u001b[39m WSOL to ~\u001b[32m562,057.866651\u001b[39m BRILLIANTGUY for account (\u001b[35mHE9K...E8yi\u001b[39m)"}
{"level":30,"time":1745524527709,"name":"trade","msg":"Transaction (\u001b[33m5kA9eU4V...E8urTF1n\u001b[39m) confirmed: \u001b[34m\u001b]8;;https://solscan.io/tx/5kA9eU4V2f31niSFgzhdY1EZNsBUCz77VJLCNayCBEerpKiACx6aZtssfkYQ4tyHkCWzvRNKagW1ZWDeE8urTF1n?cluster=mainnet-beta\u001b\\<Transaction link>\u001b]8;;\u001b\\\u001b[39m"}
{"level":30,"time":1745524527710,"name":"trade","msg":"Cycle: \u001b[32m2\u001b[39m. Trade: \u001b[32m63\u001b[39m/\u001b[32m86\u001b[39m. Buy transactions executed: \u001b[32m1\u001b[39m. Pausing: \u001b[32m6.581\u001b[39m sec"}
{"level":30,"time":1745524534294,"name":"trade","msg":"\u001b[90m--------------------------------------------------------------------------------\u001b[39m"}
{"level":30,"time":1745524536177,"name":"trade","msg":"Transaction (\u001b[33mBCJEzjx9...xEXnSgwL\u001b[39m) sent to swap \u001b[32m0.047470975\u001b[39m WSOL to ~\u001b[32m600,965.295066\u001b[39m BRILLIANTGUY for account (\u001b[35mDk1Y...9VEZ\u001b[39m)"}
{"level":30,"time":1745524541546,"name":"trade","msg":"Transaction (\u001b[33mBCJEzjx9...xEXnSgwL\u001b[39m) confirmed: \u001b[34m\u001b]8;;https://solscan.io/tx/BCJEzjx9RL1w2ptD3GBgcmKPBrPuvbaPmtpE1gkTBvv2MXZwozNLvYVTy9RT5kc73J2UXGBtAd3acJBxEXnSgwL?cluster=mainnet-beta\u001b\\<Transaction link>\u001b]8;;\u001b\\\u001b[39m"}
{"level":30,"time":1745524541547,"name":"trade","msg":"Cycle: \u001b[32m2\u001b[39m. Trade: \u001b[32m64\u001b[39m/\u001b[32m86\u001b[39m. Buy transactions executed: \u001b[32m1\u001b[39m. Pausing: \u001b[32m6.711\u001b[39m sec"}
{"level":30,"time":1745524548258,"name":"trade","msg":"\u001b[90m--------------------------------------------------------------------------------\u001b[39m"}
{"level":30,"time":1745524550945,"name":"trade","msg":"Transaction (\u001b[33m2iiZztzn...eUHyk6J8\u001b[39m) sent to swap \u001b[32m0.041060288\u001b[39m WSOL to ~\u001b[32m520,175.465678\u001b[39m BRILLIANTGUY for account (\u001b[35mE1Ri...BqcU\u001b[39m)"}
{"level":30,"time":1745524556319,"name":"trade","msg":"Transaction (\u001b[33m2iiZztzn...eUHyk6J8\u001b[39m) confirmed: \u001b[34m\u001b]8;;https://solscan.io/tx/2iiZztznLzu91EQLoodVteGzjGe5QhPUXjBJJ24j3z7tTdmu22SQ36PnLPPVgWXgL6DYhGHWtgN8tzEEeUHyk6J8?cluster=mainnet-beta\u001b\\<Transaction link>\u001b]8;;\u001b\\\u001b[39m"}
{"level":30,"time":1745524556320,"name":"trade","msg":"Cycle: \u001b[32m2\u001b[39m. Trade: \u001b[32m65\u001b[39m/\u001b[32m86\u001b[39m. Buy transactions executed: \u001b[32m1\u001b[39m. Pausing: \u001b[32m5.222\u001b[39m sec"}
{"level":30,"time":1745524561543,"name":"trade","msg":"\u001b[90m--------------------------------------------------------------------------------\u001b[39m"}
{"level":30,"time":1745524564625,"name":"trade","msg":"Transaction (\u001b[33m2MQJbYAV...F3DQUS4v\u001b[39m) sent to swap \u001b[32m7,133,462.898968\u001b[39m BRILLIANTGUY to ~\u001b[32m0.52523414\u001b[39m WSOL for account (\u001b[35m8hnV...NPsS\u001b[39m)"}
{"level":30,"time":1745524570007,"name":"trade","msg":"Transaction (\u001b[33m2MQJbYAV...F3DQUS4v\u001b[39m) confirmed: \u001b[34m\u001b]8;;https://solscan.io/tx/2MQJbYAVKzE3mhgcp51DkKC1BUVGQVqvdKpuPhrAHBRrStute1qdJy4ETA6JCHgZuGfiSAUNDw3e5wuHF3DQUS4v?cluster=mainnet-beta\u001b\\<Transaction link>\u001b]8;;\u001b\\\u001b[39m"}
{"level":30,"time":1745524570008,"name":"trade","msg":"Cycle: \u001b[32m2\u001b[39m. Trade: \u001b[32m66\u001b[39m/\u001b[32m86\u001b[39m. Sell transactions executed: \u001b[32m1\u001b[39m. Pausing: \u001b[32m5.724\u001b[39m sec"}
{"level":30,"time":1745524575734,"name":"trade","msg":"\u001b[90m--------------------------------------------------------------------------------\u001b[39m"}
