{"level":40,"time":1745348579422,"name":"close-pool","msg":"Sniper (\u001b[35m5qac...93hp\u001b[39m) has insufficient balance on ATA (\u001b[35m3yUo...GJjV\u001b[39m): \u001b[32m0\u001b[39m FALLENBOY"}
{"level":40,"time":1745348579620,"name":"close-pool","msg":"Sniper (\u001b[35mAGrK...45sx\u001b[39m) has insufficient balance on ATA (\u001b[35mF14y...mZSv\u001b[39m): \u001b[32m0\u001b[39m FALLENBOY"}
{"level":40,"time":1745348580030,"name":"close-pool","msg":"Sniper (\u001b[35m7YYS...ZV1k\u001b[39m) has insufficient balance on ATA (\u001b[35m4xGd...b15F\u001b[39m): \u001b[32m0\u001b[39m FALLENBOY"}
{"level":40,"time":1745348580231,"name":"close-pool","msg":"Sniper (\u001b[35mAK8D...kprw\u001b[39m) has insufficient balance on ATA (\u001b[35mGJBa...B1k1\u001b[39m): \u001b[32m0\u001b[39m FALLENBOY"}
{"level":40,"time":1745348580377,"name":"close-pool","msg":"Sniper (\u001b[35mDTSW...Kacj\u001b[39m) has insufficient balance on ATA (\u001b[35mGkCr...9PLX\u001b[39m): \u001b[32m0\u001b[39m FALLENBOY"}
{"level":40,"time":1745348580511,"name":"close-pool","msg":"Sniper (\u001b[35mCfQV...1yvp\u001b[39m) has insufficient balance on ATA (\u001b[35mAhmi...gVoy\u001b[39m): \u001b[32m0\u001b[39m FALLENBOY"}
{"level":40,"time":1745348580655,"name":"close-pool","msg":"Sniper (\u001b[35mAADh...rKaa\u001b[39m) has insufficient balance on ATA (\u001b[35m2UrF...qkiF\u001b[39m): \u001b[32m0\u001b[39m FALLENBOY"}
{"level":40,"time":1745348580845,"name":"close-pool","msg":"Sniper (\u001b[35mD3NU...h39a\u001b[39m) has insufficient balance on ATA (\u001b[35mExKy...uA5F\u001b[39m): \u001b[32m0\u001b[39m FALLENBOY"}
{"level":40,"time":1745348581050,"name":"close-pool","msg":"Sniper (\u001b[35m98xw...z3TX\u001b[39m) has insufficient balance on ATA (\u001b[35mBw6U...jcLe\u001b[39m): \u001b[32m0\u001b[39m FALLENBOY"}
{"level":40,"time":1745348581256,"name":"close-pool","msg":"Sniper (\u001b[35m4NUE...jVuy\u001b[39m) has insufficient balance on ATA (\u001b[35m2VLG...BKz8\u001b[39m): \u001b[32m0\u001b[39m FALLENBOY"}
{"level":40,"time":1745348581433,"name":"close-pool","msg":"Sniper (\u001b[35m8Xam...cStN\u001b[39m) has insufficient balance on ATA (\u001b[35mHt2q...3MV1\u001b[39m): \u001b[32m0\u001b[39m FALLENBOY"}
{"level":40,"time":1745348581582,"name":"close-pool","msg":"Sniper (\u001b[35mH6iL...rSoo\u001b[39m) has insufficient balance on ATA (\u001b[35mFSVb...7Zn1\u001b[39m): \u001b[32m0\u001b[39m FALLENBOY"}
{"level":40,"time":1745348581766,"name":"close-pool","msg":"Sniper (\u001b[35m4FDs...6x9d\u001b[39m) has insufficient balance on ATA (\u001b[35m2iZs...89ow\u001b[39m): \u001b[32m0\u001b[39m FALLENBOY"}
{"level":40,"time":1745348581978,"name":"close-pool","msg":"Sniper (\u001b[35mGLx2...6q7G\u001b[39m) has insufficient balance on ATA (\u001b[35m5jEK...g57t\u001b[39m): \u001b[32m0\u001b[39m FALLENBOY"}
{"level":40,"time":1745348582395,"name":"close-pool","msg":"Sniper (\u001b[35mXWLF...t6Df\u001b[39m) has insufficient balance on ATA (\u001b[35m4V7w...naBC\u001b[39m): \u001b[32m0\u001b[39m FALLENBOY"}
{"level":40,"time":1745348582547,"name":"close-pool","msg":"Sniper (\u001b[35mAAoi...dY9S\u001b[39m) has insufficient balance on ATA (\u001b[35m4i7w...rAnn\u001b[39m): \u001b[32m0\u001b[39m FALLENBOY"}
{"level":40,"time":1745348582754,"name":"close-pool","msg":"Sniper (\u001b[35mHHMe...Ghmp\u001b[39m) has insufficient balance on ATA (\u001b[35mGmgt...WWPQ\u001b[39m): \u001b[32m0\u001b[39m FALLENBOY"}
{"level":40,"time":1745348582999,"name":"close-pool","msg":"Sniper (\u001b[35m3fE9...ZjTi\u001b[39m) has insufficient balance on ATA (\u001b[35mFR7k...CVLe\u001b[39m): \u001b[32m0\u001b[39m FALLENBOY"}
{"level":40,"time":1745348583149,"name":"close-pool","msg":"Sniper (\u001b[35mGNVq...FihG\u001b[39m) has insufficient balance on ATA (\u001b[35mCCFR...w6jH\u001b[39m): \u001b[32m0\u001b[39m FALLENBOY"}
{"level":40,"time":1745348583308,"name":"close-pool","msg":"Sniper (\u001b[35mH4iv...BirR\u001b[39m) has insufficient balance on ATA (\u001b[35m2dq7...5uku\u001b[39m): \u001b[32m0\u001b[39m FALLENBOY"}
{"level":40,"time":1745348584175,"name":"close-pool","msg":"Sniper (\u001b[35mEgUJ...HGUH\u001b[39m) has insufficient balance on ATA (\u001b[35mEBoT...5Mh7\u001b[39m): \u001b[32m0\u001b[39m FALLENBOY"}
{"level":40,"time":1745348584307,"name":"close-pool","msg":"Sniper (\u001b[35mCzmZ...dDUQ\u001b[39m) has insufficient balance on ATA (\u001b[35mx6oc...9dyx\u001b[39m): \u001b[32m0\u001b[39m FALLENBOY"}
{"level":40,"time":1745348584738,"name":"close-pool","msg":"Sniper (\u001b[35m3hTk...BoGi\u001b[39m) has insufficient balance on ATA (\u001b[35mC8Zk...3EMG\u001b[39m): \u001b[32m0\u001b[39m FALLENBOY"}
{"level":40,"time":1745348584864,"name":"close-pool","msg":"Sniper (\u001b[35mDbkV...VqaQ\u001b[39m) has insufficient balance on ATA (\u001b[35m6uUL...o67R\u001b[39m): \u001b[32m0\u001b[39m FALLENBOY"}
{"level":40,"time":1745348585061,"name":"close-pool","msg":"Sniper (\u001b[35mGvfG...R5P5\u001b[39m) has insufficient balance on ATA (\u001b[35mFDLm...CHCJ\u001b[39m): \u001b[32m0\u001b[39m FALLENBOY"}
{"level":40,"time":1745348585248,"name":"close-pool","msg":"Sniper (\u001b[35mEKSB...EsLi\u001b[39m) has insufficient balance on ATA (\u001b[35mBWG4...N3Jb\u001b[39m): \u001b[32m0\u001b[39m FALLENBOY"}
{"level":40,"time":1745348585454,"name":"close-pool","msg":"Sniper (\u001b[35mDv4S...wzUS\u001b[39m) has insufficient balance on ATA (\u001b[35mJDFV...4746\u001b[39m): \u001b[32m0\u001b[39m FALLENBOY"}
{"level":40,"time":1745348585863,"name":"close-pool","msg":"Sniper (\u001b[35mBnop...XWkB\u001b[39m) has insufficient balance on ATA (\u001b[35mD8f9...bGSX\u001b[39m): \u001b[32m0\u001b[39m FALLENBOY"}
{"level":40,"time":1745348586002,"name":"close-pool","msg":"Sniper (\u001b[35m6DfW...E6gQ\u001b[39m) has insufficient balance on ATA (\u001b[35m9x4t...4xck\u001b[39m): \u001b[32m0\u001b[39m FALLENBOY"}
{"level":40,"time":1745348586143,"name":"close-pool","msg":"Sniper (\u001b[35mCQmR...9AUa\u001b[39m) has insufficient balance on ATA (\u001b[35m8w2f...ZfXW\u001b[39m): \u001b[32m0\u001b[39m FALLENBOY"}
{"level":40,"time":1745348587421,"name":"close-pool","msg":"Sniper (\u001b[35m2G76...Azxa\u001b[39m) has insufficient balance on ATA (\u001b[35mF7QY...ZaMJ\u001b[39m): \u001b[32m0\u001b[39m FALLENBOY"}
{"level":40,"time":1745348587562,"name":"close-pool","msg":"Sniper (\u001b[35mzWb6...r8rS\u001b[39m) has insufficient balance on ATA (\u001b[35mknxg...kypQ\u001b[39m): \u001b[32m0\u001b[39m FALLENBOY"}
{"level":40,"time":1745348587696,"name":"close-pool","msg":"Sniper (\u001b[35mChfY...tnB2\u001b[39m) has insufficient balance on ATA (\u001b[35m9md7...z8br\u001b[39m): \u001b[32m0\u001b[39m FALLENBOY"}
{"level":40,"time":1745348588015,"name":"close-pool","msg":"Sniper (\u001b[35m5beB...HmEu\u001b[39m) has insufficient balance on ATA (\u001b[35mH7Ec...QQwk\u001b[39m): \u001b[32m0\u001b[39m FALLENBOY"}
{"level":40,"time":1745348588194,"name":"close-pool","msg":"Sniper (\u001b[35mCB54...hXLu\u001b[39m) has insufficient balance on ATA (\u001b[35m51j7...dxxL\u001b[39m): \u001b[32m0\u001b[39m FALLENBOY"}
{"level":40,"time":1745348588313,"name":"close-pool","msg":"Sniper (\u001b[35mGSdL...jy24\u001b[39m) has insufficient balance on ATA (\u001b[35m5dFT...u6Uk\u001b[39m): \u001b[32m0\u001b[39m FALLENBOY"}
{"level":40,"time":1745348588465,"name":"close-pool","msg":"Sniper (\u001b[35mCGNs...q9aB\u001b[39m) has insufficient balance on ATA (\u001b[35m4rjB...9SQr\u001b[39m): \u001b[32m0\u001b[39m FALLENBOY"}
{"level":40,"time":1745348588612,"name":"close-pool","msg":"Sniper (\u001b[35m4yAx...cUWu\u001b[39m) has insufficient balance on ATA (\u001b[35m7Aay...WzCH\u001b[39m): \u001b[32m0\u001b[39m FALLENBOY"}
{"level":40,"time":1745348588738,"name":"close-pool","msg":"Sniper (\u001b[35m83Lf...pnQW\u001b[39m) has insufficient balance on ATA (\u001b[35m5m9r...HiJh\u001b[39m): \u001b[32m0\u001b[39m FALLENBOY"}
{"level":40,"time":1745348588948,"name":"close-pool","msg":"Sniper (\u001b[35mDb5k...y3PF\u001b[39m) has insufficient balance on ATA (\u001b[35m9jMo...9QuX\u001b[39m): \u001b[32m0\u001b[39m FALLENBOY"}
{"level":40,"time":1745348589139,"name":"close-pool","msg":"Sniper (\u001b[35m4iAV...cmuQ\u001b[39m) has insufficient balance on ATA (\u001b[35mHYHk...hNEw\u001b[39m): \u001b[32m0\u001b[39m FALLENBOY"}
{"level":40,"time":1745348589346,"name":"close-pool","msg":"Sniper (\u001b[35m5Exf...n9CC\u001b[39m) has insufficient balance on ATA (\u001b[35mDcXz...Giw9\u001b[39m): \u001b[32m0\u001b[39m FALLENBOY"}
{"level":40,"time":1745348589549,"name":"close-pool","msg":"Dev (\u001b[35mDepa...Z8mV\u001b[39m) has insufficient balance on ATA (\u001b[35m5WDR...FWmr\u001b[39m): \u001b[32m0\u001b[39m FALLENBOY"}
{"level":40,"time":1745348589754,"name":"close-pool","msg":"Trader (\u001b[35mHi46...QxAm\u001b[39m) has insufficient balance on ATA (\u001b[35mBe74...T3PN\u001b[39m): \u001b[32m0\u001b[39m FALLENBOY"}
{"level":40,"time":1745348589959,"name":"close-pool","msg":"Trader (\u001b[35mDoj7...GyAQ\u001b[39m) has insufficient balance on ATA (\u001b[35m7Uj7...PZ2N\u001b[39m): \u001b[32m0\u001b[39m FALLENBOY"}
{"level":40,"time":1745348590172,"name":"close-pool","msg":"Trader (\u001b[35m6koC...NaG4\u001b[39m) has insufficient balance on ATA (\u001b[35m4ZPB...RV5y\u001b[39m): \u001b[32m0\u001b[39m FALLENBOY"}
{"level":40,"time":1745348590473,"name":"close-pool","msg":"Trader (\u001b[35m6sSf...dgcT\u001b[39m) has insufficient balance on ATA (\u001b[35mH5at...kGEm\u001b[39m): \u001b[32m0\u001b[39m FALLENBOY"}
{"level":40,"time":1745348590678,"name":"close-pool","msg":"Trader (\u001b[35mDb54...QmgF\u001b[39m) has insufficient balance on ATA (\u001b[35mAT22...K7Ar\u001b[39m): \u001b[32m0\u001b[39m FALLENBOY"}
{"level":40,"time":1745348590813,"name":"close-pool","msg":"Trader (\u001b[35m8KbJ...yKZK\u001b[39m) has insufficient balance on ATA (\u001b[35m4VCb...5mU4\u001b[39m): \u001b[32m0\u001b[39m FALLENBOY"}
{"level":40,"time":1745348590954,"name":"close-pool","msg":"Trader (\u001b[35mAkSi...Ng5z\u001b[39m) has insufficient balance on ATA (\u001b[35mDpAB...iuYN\u001b[39m): \u001b[32m0\u001b[39m FALLENBOY"}
{"level":40,"time":1745348591131,"name":"close-pool","msg":"Trader (\u001b[35mFvy3...7qu9\u001b[39m) has insufficient balance on ATA (\u001b[35m4evX...mmQb\u001b[39m): \u001b[32m0\u001b[39m FALLENBOY"}
{"level":40,"time":1745348591271,"name":"close-pool","msg":"Trader (\u001b[35mFMsr...37iv\u001b[39m) has insufficient balance on ATA (\u001b[35m2Hg2...wv7V\u001b[39m): \u001b[32m0\u001b[39m FALLENBOY"}
{"level":40,"time":1745348591403,"name":"close-pool","msg":"Trader (\u001b[35mEqTT...Xj1M\u001b[39m) has insufficient balance on ATA (\u001b[35mByQu...gERC\u001b[39m): \u001b[32m0\u001b[39m FALLENBOY"}
{"level":40,"time":1745348591598,"name":"close-pool","msg":"Trader (\u001b[35mERYT...n3vq\u001b[39m) has insufficient balance on ATA (\u001b[35mAFaG...8i9Y\u001b[39m): \u001b[32m0\u001b[39m FALLENBOY"}
{"level":40,"time":1745348592122,"name":"close-pool","msg":"Trader (\u001b[35mAPxB...QVKA\u001b[39m) has insufficient balance on ATA (\u001b[35m7uv9...C1B2\u001b[39m): \u001b[32m0\u001b[39m FALLENBOY"}
{"level":40,"time":1745348592313,"name":"close-pool","msg":"Trader (\u001b[35mCa5f...Ltbr\u001b[39m) has insufficient balance on ATA (\u001b[35mDbPQ...rVtw\u001b[39m): \u001b[32m0\u001b[39m FALLENBOY"}
{"level":40,"time":1745348592453,"name":"close-pool","msg":"Trader (\u001b[35mHFNM...XWwv\u001b[39m) has insufficient balance on ATA (\u001b[35m69kN...fdZa\u001b[39m): \u001b[32m0\u001b[39m FALLENBOY"}
{"level":40,"time":1745348592621,"name":"close-pool","msg":"Trader (\u001b[35m98ZR...ogyu\u001b[39m) has insufficient balance on ATA (\u001b[35m9u5w...f5Lq\u001b[39m): \u001b[32m0\u001b[39m FALLENBOY"}
{"level":40,"time":1745348592825,"name":"close-pool","msg":"Trader (\u001b[35mHfDm...kV5A\u001b[39m) has insufficient balance on ATA (\u001b[35m9AsG...su6n\u001b[39m): \u001b[32m0\u001b[39m FALLENBOY"}
{"level":40,"time":1745348593544,"name":"close-pool","msg":"Trader (\u001b[35mFTJi...6B2N\u001b[39m) has insufficient balance on ATA (\u001b[35mDwdj...wJ2m\u001b[39m): \u001b[32m0\u001b[39m FALLENBOY"}
{"level":40,"time":1745348593849,"name":"close-pool","msg":"Trader (\u001b[35mCGW9...zMVK\u001b[39m) has insufficient balance on ATA (\u001b[35mAHyM...qD4A\u001b[39m): \u001b[32m0\u001b[39m FALLENBOY"}
{"level":40,"time":1745348593964,"name":"close-pool","msg":"Trader (\u001b[35m9znM...p5mS\u001b[39m) has insufficient balance on ATA (\u001b[35m7qYh...CkzT\u001b[39m): \u001b[32m0\u001b[39m FALLENBOY"}
{"level":40,"time":1745348594099,"name":"close-pool","msg":"Trader (\u001b[35mChqG...uLP6\u001b[39m) has insufficient balance on ATA (\u001b[35m4xGp...oD4s\u001b[39m): \u001b[32m0\u001b[39m FALLENBOY"}
{"level":40,"time":1745348594663,"name":"close-pool","msg":"Trader (\u001b[35m94Mw...3c9o\u001b[39m) has insufficient balance on ATA (\u001b[35mE7d6...qCqM\u001b[39m): \u001b[32m0\u001b[39m FALLENBOY"}
{"level":40,"time":1745348594906,"name":"close-pool","msg":"Trader (\u001b[35mAXiA...gvut\u001b[39m) has insufficient balance on ATA (\u001b[35mH7fP...guGE\u001b[39m): \u001b[32m0\u001b[39m FALLENBOY"}
{"level":40,"time":1745348595114,"name":"close-pool","msg":"Trader (\u001b[35m6Bgo...7LLw\u001b[39m) has insufficient balance on ATA (\u001b[35m8GF9...xn9S\u001b[39m): \u001b[32m0\u001b[39m FALLENBOY"}
{"level":40,"time":1745348595693,"name":"close-pool","msg":"Trader (\u001b[35mEsq4...m4kn\u001b[39m) has insufficient balance on ATA (\u001b[35m8Eg6...o3Tc\u001b[39m): \u001b[32m0\u001b[39m FALLENBOY"}
{"level":40,"time":1745348595898,"name":"close-pool","msg":"Trader (\u001b[35mHQkv...ruUt\u001b[39m) has insufficient balance on ATA (\u001b[35mCFrZ...HpFc\u001b[39m): \u001b[32m0\u001b[39m FALLENBOY"}
{"level":40,"time":1745348596104,"name":"close-pool","msg":"Trader (\u001b[35mgFyE...EEvp\u001b[39m) has insufficient balance on ATA (\u001b[35m2AFT...RUa4\u001b[39m): \u001b[32m0\u001b[39m FALLENBOY"}
{"level":40,"time":1745348596402,"name":"close-pool","msg":"Trader (\u001b[35m5rk7...fvra\u001b[39m) has insufficient balance on ATA (\u001b[35mGKuw...UtHP\u001b[39m): \u001b[32m0\u001b[39m FALLENBOY"}
{"level":40,"time":1745348596575,"name":"close-pool","msg":"Trader (\u001b[35m9XCQ...D2ox\u001b[39m) has insufficient balance on ATA (\u001b[35m6gZY...fT7Q\u001b[39m): \u001b[32m0\u001b[39m FALLENBOY"}
{"level":40,"time":1745348596706,"name":"close-pool","msg":"Trader (\u001b[35mHZE9...P4w8\u001b[39m) has insufficient balance on ATA (\u001b[35mDpVN...Ld71\u001b[39m): \u001b[32m0\u001b[39m FALLENBOY"}
{"level":40,"time":1745348597115,"name":"close-pool","msg":"Trader (\u001b[35m4DxB...RgiZ\u001b[39m) has insufficient balance on ATA (\u001b[35mAR8u...xjWf\u001b[39m): \u001b[32m0\u001b[39m FALLENBOY"}
{"level":40,"time":1745348597249,"name":"close-pool","msg":"Trader (\u001b[35mG1xF...Uevr\u001b[39m) has insufficient balance on ATA (\u001b[35m5NqH...G2Yf\u001b[39m): \u001b[32m0\u001b[39m FALLENBOY"}
{"level":40,"time":1745348597433,"name":"close-pool","msg":"Trader (\u001b[35m3V3J...ih5H\u001b[39m) has insufficient balance on ATA (\u001b[35mBo4j...1H5X\u001b[39m): \u001b[32m0\u001b[39m FALLENBOY"}
{"level":40,"time":1745348597577,"name":"close-pool","msg":"Trader (\u001b[35m7cVn...WYZu\u001b[39m) has insufficient balance on ATA (\u001b[35mCZxu...2gc5\u001b[39m): \u001b[32m0\u001b[39m FALLENBOY"}
{"level":40,"time":1745348597740,"name":"close-pool","msg":"Trader (\u001b[35mHuPf...H9fY\u001b[39m) has insufficient balance on ATA (\u001b[35m556q...cCsq\u001b[39m): \u001b[32m0\u001b[39m FALLENBOY"}
{"level":40,"time":1745348597867,"name":"close-pool","msg":"Trader (\u001b[35m8cpP...Zcnr\u001b[39m) has insufficient balance on ATA (\u001b[35mph7x...vU5B\u001b[39m): \u001b[32m0\u001b[39m FALLENBOY"}
{"level":40,"time":1745348598159,"name":"close-pool","msg":"Trader (\u001b[35mJ2tg...KHFg\u001b[39m) has insufficient balance on ATA (\u001b[35mGPSo...zTfB\u001b[39m): \u001b[32m0\u001b[39m FALLENBOY"}
{"level":40,"time":1745348598356,"name":"close-pool","msg":"Trader (\u001b[35m4qEq...iBAN\u001b[39m) has insufficient balance on ATA (\u001b[35m4fxA...CDTt\u001b[39m): \u001b[32m0\u001b[39m FALLENBOY"}
{"level":40,"time":1745348598484,"name":"close-pool","msg":"Trader (\u001b[35mFt9z...N5UZ\u001b[39m) has insufficient balance on ATA (\u001b[35m4Xjp...YM4W\u001b[39m): \u001b[32m0\u001b[39m FALLENBOY"}
{"level":40,"time":1745348598662,"name":"close-pool","msg":"Trader (\u001b[35mH8vG...6kZP\u001b[39m) has insufficient balance on ATA (\u001b[35mhYrZ...TWJE\u001b[39m): \u001b[32m0\u001b[39m FALLENBOY"}
{"level":40,"time":1745348598810,"name":"close-pool","msg":"Trader (\u001b[35m7Pz5...x8HT\u001b[39m) has insufficient balance on ATA (\u001b[35mFhb5...9zit\u001b[39m): \u001b[32m0\u001b[39m FALLENBOY"}
{"level":40,"time":1745348598961,"name":"close-pool","msg":"Trader (\u001b[35m4LQL...6ssg\u001b[39m) has insufficient balance on ATA (\u001b[35m3swn...QHfC\u001b[39m): \u001b[32m0\u001b[39m FALLENBOY"}
{"level":40,"time":1745348599084,"name":"close-pool","msg":"Trader (\u001b[35m7ALP...eury\u001b[39m) has insufficient balance on ATA (\u001b[35mADuA...zaVb\u001b[39m): \u001b[32m0\u001b[39m FALLENBOY"}
{"level":40,"time":1745348599218,"name":"close-pool","msg":"Trader (\u001b[35mGRdP...9rex\u001b[39m) has insufficient balance on ATA (\u001b[35mBum2...s3zq\u001b[39m): \u001b[32m0\u001b[39m FALLENBOY"}
{"level":40,"time":1745348599693,"name":"close-pool","msg":"Trader (\u001b[35m4Lpb...MYZc\u001b[39m) has insufficient balance on ATA (\u001b[35mHYVV...aBh8\u001b[39m): \u001b[32m0\u001b[39m FALLENBOY"}
{"level":40,"time":1745348599995,"name":"close-pool","msg":"Trader (\u001b[35mC68d...dnSA\u001b[39m) has insufficient balance on ATA (\u001b[35mCwoE...Lz4U\u001b[39m): \u001b[32m0\u001b[39m FALLENBOY"}
{"level":40,"time":1745348600198,"name":"close-pool","msg":"Trader (\u001b[35m82T9...k2Af\u001b[39m) has insufficient balance on ATA (\u001b[35mFn7A...4Cbt\u001b[39m): \u001b[32m0\u001b[39m FALLENBOY"}
{"level":40,"time":1745348600404,"name":"close-pool","msg":"Trader (\u001b[35m9d4e...PwzV\u001b[39m) has insufficient balance on ATA (\u001b[35mGQv4...oWuq\u001b[39m): \u001b[32m0\u001b[39m FALLENBOY"}
{"level":40,"time":1745348600616,"name":"close-pool","msg":"Trader (\u001b[35mFHYH...xZgx\u001b[39m) has insufficient balance on ATA (\u001b[35m3Jh4...8XWA\u001b[39m): \u001b[32m0\u001b[39m FALLENBOY"}
{"level":40,"time":1745348600812,"name":"close-pool","msg":"Trader (\u001b[35mGAXP...REiR\u001b[39m) has insufficient balance on ATA (\u001b[35m8ELx...nbZw\u001b[39m): \u001b[32m0\u001b[39m FALLENBOY"}
{"level":40,"time":1745348601028,"name":"close-pool","msg":"Trader (\u001b[35m4Nfd...ZXXd\u001b[39m) has insufficient balance on ATA (\u001b[35m57Fn...XeWN\u001b[39m): \u001b[32m0\u001b[39m FALLENBOY"}
{"level":40,"time":1745348601159,"name":"close-pool","msg":"Trader (\u001b[35m6noH...RSbe\u001b[39m) has insufficient balance on ATA (\u001b[35mHsTL...bcPf\u001b[39m): \u001b[32m0\u001b[39m FALLENBOY"}
{"level":40,"time":1745348601296,"name":"close-pool","msg":"Trader (\u001b[35mA76Z...TcM3\u001b[39m) has insufficient balance on ATA (\u001b[35mCeo7...Kc7N\u001b[39m): \u001b[32m0\u001b[39m FALLENBOY"}
{"level":40,"time":1745348601531,"name":"close-pool","msg":"Trader (\u001b[35mFCeW...ebvA\u001b[39m) has insufficient balance on ATA (\u001b[35mCe2q...R5a4\u001b[39m): \u001b[32m0\u001b[39m FALLENBOY"}
{"level":40,"time":1745348601737,"name":"close-pool","msg":"Trader (\u001b[35mBqaj...kX1Y\u001b[39m) has insufficient balance on ATA (\u001b[35mEeRt...3Rbi\u001b[39m): \u001b[32m0\u001b[39m FALLENBOY"}
{"level":40,"time":1745348601864,"name":"close-pool","msg":"Trader (\u001b[35mFn3H...AQHm\u001b[39m) has insufficient balance on ATA (\u001b[35mH3Hm...8NpJ\u001b[39m): \u001b[32m0\u001b[39m FALLENBOY"}
{"level":40,"time":1745348601988,"name":"close-pool","msg":"Trader (\u001b[35mAFDh...N2v6\u001b[39m) has insufficient balance on ATA (\u001b[35mCJAX...jeY2\u001b[39m): \u001b[32m0\u001b[39m FALLENBOY"}
{"level":40,"time":1745348602115,"name":"close-pool","msg":"Trader (\u001b[35m2sdU...kfCy\u001b[39m) has insufficient balance on ATA (\u001b[35mHXfB...tNcF\u001b[39m): \u001b[32m0\u001b[39m FALLENBOY"}
{"level":40,"time":1745348602453,"name":"close-pool","msg":"Trader (\u001b[35mHtfL...YzRX\u001b[39m) has insufficient balance on ATA (\u001b[35mBpf9...qv5K\u001b[39m): \u001b[32m0\u001b[39m FALLENBOY"}
{"level":40,"time":1745348602595,"name":"close-pool","msg":"Trader (\u001b[35mF3bu...wGk7\u001b[39m) has insufficient balance on ATA (\u001b[35m8co3...kKah\u001b[39m): \u001b[32m0\u001b[39m FALLENBOY"}
{"level":40,"time":1745348602760,"name":"close-pool","msg":"Trader (\u001b[35mCPS5...yeTB\u001b[39m) has insufficient balance on ATA (\u001b[35m2Xiy...eDs8\u001b[39m): \u001b[32m0\u001b[39m FALLENBOY"}
{"level":40,"time":1745348602881,"name":"close-pool","msg":"Trader (\u001b[35m9JCF...nga5\u001b[39m) has insufficient balance on ATA (\u001b[35mDy3N...2Gsp\u001b[39m): \u001b[32m0\u001b[39m FALLENBOY"}
{"level":40,"time":1745348603192,"name":"close-pool","msg":"Trader (\u001b[35m8pX3...E5Qb\u001b[39m) has insufficient balance on ATA (\u001b[35mAVEj...G88u\u001b[39m): \u001b[32m0\u001b[39m FALLENBOY"}
{"level":40,"time":1745348603329,"name":"close-pool","msg":"Trader (\u001b[35mFBGD...ACn5\u001b[39m) has insufficient balance on ATA (\u001b[35mDUKm...5nGR\u001b[39m): \u001b[32m0\u001b[39m FALLENBOY"}
{"level":40,"time":1745348603464,"name":"close-pool","msg":"Trader (\u001b[35mGMRm...soJA\u001b[39m) has insufficient balance on ATA (\u001b[35mHDA7...MucJ\u001b[39m): \u001b[32m0\u001b[39m FALLENBOY"}
{"level":40,"time":1745348603582,"name":"close-pool","msg":"Trader (\u001b[35mEMjC...Nb52\u001b[39m) has insufficient balance on ATA (\u001b[35mCSuq...Cdxr\u001b[39m): \u001b[32m0\u001b[39m FALLENBOY"}
{"level":40,"time":1745348603868,"name":"close-pool","msg":"Trader (\u001b[35m4ASe...23VZ\u001b[39m) has insufficient balance on ATA (\u001b[35mG6c5...emWy\u001b[39m): \u001b[32m0\u001b[39m FALLENBOY"}
{"level":40,"time":1745348604204,"name":"close-pool","msg":"Trader (\u001b[35m89m5...XC5C\u001b[39m) has insufficient balance on ATA (\u001b[35mHYnj...nJkD\u001b[39m): \u001b[32m0\u001b[39m FALLENBOY"}
{"level":40,"time":1745348604398,"name":"close-pool","msg":"Trader (\u001b[35mHrxK...Li43\u001b[39m) has insufficient balance on ATA (\u001b[35mCKTV...ziKU\u001b[39m): \u001b[32m0\u001b[39m FALLENBOY"}
{"level":40,"time":1745348605058,"name":"close-pool","msg":"Trader (\u001b[35m5rsM...igmh\u001b[39m) has insufficient balance on ATA (\u001b[35m2ESy...GoX2\u001b[39m): \u001b[32m0\u001b[39m FALLENBOY"}
{"level":40,"time":1745348605203,"name":"close-pool","msg":"Trader (\u001b[35mxZey...o7NC\u001b[39m) has insufficient balance on ATA (\u001b[35mJ7y6...ojH1\u001b[39m): \u001b[32m0\u001b[39m FALLENBOY"}
{"level":40,"time":1745348605334,"name":"close-pool","msg":"Trader (\u001b[35mrnAB...vXvB\u001b[39m) has insufficient balance on ATA (\u001b[35m8ydS...4aJ4\u001b[39m): \u001b[32m0\u001b[39m FALLENBOY"}
{"level":40,"time":1745348605458,"name":"close-pool","msg":"Trader (\u001b[35m4JH2...cHtB\u001b[39m) has insufficient balance on ATA (\u001b[35m98iy...JtcG\u001b[39m): \u001b[32m0\u001b[39m FALLENBOY"}
{"level":40,"time":1745348605579,"name":"close-pool","msg":"Trader (\u001b[35m4wis...4893\u001b[39m) has insufficient balance on ATA (\u001b[35mBCJ5...8Gyr\u001b[39m): \u001b[32m0\u001b[39m FALLENBOY"}
{"level":40,"time":1745348605704,"name":"close-pool","msg":"Trader (\u001b[35mBbMw...kPUg\u001b[39m) has insufficient balance on ATA (\u001b[35mB2W7...Dn8x\u001b[39m): \u001b[32m0\u001b[39m FALLENBOY"}
{"level":40,"time":1745348605837,"name":"close-pool","msg":"Trader (\u001b[35mHYNr...exUJ\u001b[39m) has insufficient balance on ATA (\u001b[35mCxMU...tyDt\u001b[39m): \u001b[32m0\u001b[39m FALLENBOY"}
{"level":40,"time":1745348605989,"name":"close-pool","msg":"Trader (\u001b[35m61Mf...JRX1\u001b[39m) has insufficient balance on ATA (\u001b[35m6yeD...enEL\u001b[39m): \u001b[32m0\u001b[39m FALLENBOY"}
{"level":40,"time":1745348606147,"name":"close-pool","msg":"Trader (\u001b[35mHe5c...3aVZ\u001b[39m) has insufficient balance on ATA (\u001b[35mCGxx...qhp7\u001b[39m): \u001b[32m0\u001b[39m FALLENBOY"}
{"level":40,"time":1745348606276,"name":"close-pool","msg":"Trader (\u001b[35mHJDf...oen3\u001b[39m) has insufficient balance on ATA (\u001b[35m7xeF...L99m\u001b[39m): \u001b[32m0\u001b[39m FALLENBOY"}
{"level":40,"time":1745348606560,"name":"close-pool","msg":"Trader (\u001b[35m6b7G...NZkB\u001b[39m) has insufficient balance on ATA (\u001b[35mBzD2...NBQ2\u001b[39m): \u001b[32m0\u001b[39m FALLENBOY"}
{"level":40,"time":1745348606750,"name":"close-pool","msg":"Trader (\u001b[35m6eNZ...dYfK\u001b[39m) has insufficient balance on ATA (\u001b[35m2DGo...n56E\u001b[39m): \u001b[32m0\u001b[39m FALLENBOY"}
{"level":40,"time":1745348606892,"name":"close-pool","msg":"Trader (\u001b[35mDMY8...ZoDW\u001b[39m) has insufficient balance on ATA (\u001b[35m3sbd...VFoe\u001b[39m): \u001b[32m0\u001b[39m FALLENBOY"}
{"level":40,"time":1745348607024,"name":"close-pool","msg":"Trader (\u001b[35mqHC9...kbBD\u001b[39m) has insufficient balance on ATA (\u001b[35m3E7Y...3Pw6\u001b[39m): \u001b[32m0\u001b[39m FALLENBOY"}
{"level":40,"time":1745348607144,"name":"close-pool","msg":"Trader (\u001b[35mGLWH...3E5w\u001b[39m) has insufficient balance on ATA (\u001b[35mG8y8...wTVZ\u001b[39m): \u001b[32m0\u001b[39m FALLENBOY"}
{"level":40,"time":1745348607276,"name":"close-pool","msg":"Trader (\u001b[35mGvnv...kyzf\u001b[39m) has insufficient balance on ATA (\u001b[35m682g...DYDP\u001b[39m): \u001b[32m0\u001b[39m FALLENBOY"}
{"level":40,"time":1745348607426,"name":"close-pool","msg":"Trader (\u001b[35m88dJ...RS68\u001b[39m) has insufficient balance on ATA (\u001b[35mFR7W...BeEM\u001b[39m): \u001b[32m0\u001b[39m FALLENBOY"}
{"level":40,"time":1745348607569,"name":"close-pool","msg":"Trader (\u001b[35m97YL...cExM\u001b[39m) has insufficient balance on ATA (\u001b[35mGwjB...LPjm\u001b[39m): \u001b[32m0\u001b[39m FALLENBOY"}
{"level":40,"time":1745348607778,"name":"close-pool","msg":"Trader (\u001b[35m9611...nHts\u001b[39m) has insufficient balance on ATA (\u001b[35mGpD6...aG3s\u001b[39m): \u001b[32m0\u001b[39m FALLENBOY"}
{"level":40,"time":1745348608131,"name":"close-pool","msg":"Trader (\u001b[35mH29p...U8sk\u001b[39m) has insufficient balance on ATA (\u001b[35mBqe4...6X8m\u001b[39m): \u001b[32m0\u001b[39m FALLENBOY"}
{"level":40,"time":1745348608289,"name":"close-pool","msg":"Trader (\u001b[35mEqXv...ttGq\u001b[39m) has insufficient balance on ATA (\u001b[35m9zyX...LKA1\u001b[39m): \u001b[32m0\u001b[39m FALLENBOY"}
{"level":40,"time":1745348608493,"name":"close-pool","msg":"Trader (\u001b[35m2aHB...ju8z\u001b[39m) has insufficient balance on ATA (\u001b[35m4DPM...gsUy\u001b[39m): \u001b[32m0\u001b[39m FALLENBOY"}
{"level":40,"time":1745348608611,"name":"close-pool","msg":"Trader (\u001b[35m3LDD...a7kN\u001b[39m) has insufficient balance on ATA (\u001b[35mA7wE...if7w\u001b[39m): \u001b[32m0\u001b[39m FALLENBOY"}
{"level":40,"time":1745348608800,"name":"close-pool","msg":"Trader (\u001b[35mA1Ug...rvkG\u001b[39m) has insufficient balance on ATA (\u001b[35m4K4o...e4oB\u001b[39m): \u001b[32m0\u001b[39m FALLENBOY"}
{"level":40,"time":1745348609080,"name":"close-pool","msg":"Trader (\u001b[35m6Kik...m6a8\u001b[39m) has insufficient balance on ATA (\u001b[35mHUbb...ziZF\u001b[39m): \u001b[32m0\u001b[39m FALLENBOY"}
{"level":40,"time":1745348609201,"name":"close-pool","msg":"Trader (\u001b[35mFevi...Bw95\u001b[39m) has insufficient balance on ATA (\u001b[35mBCB9...JRp4\u001b[39m): \u001b[32m0\u001b[39m FALLENBOY"}
{"level":40,"time":1745348609326,"name":"close-pool","msg":"Trader (\u001b[35mEoEd...WX12\u001b[39m) has insufficient balance on ATA (\u001b[35m3ksj...TjAq\u001b[39m): \u001b[32m0\u001b[39m FALLENBOY"}
{"level":40,"time":1745348609912,"name":"close-pool","msg":"Trader (\u001b[35mG7Tj...Se2W\u001b[39m) has insufficient balance on ATA (\u001b[35mD9Qs...1a8s\u001b[39m): \u001b[32m0\u001b[39m FALLENBOY"}
{"level":40,"time":1745348610051,"name":"close-pool","msg":"Trader (\u001b[35m7Aoq...f1Aq\u001b[39m) has insufficient balance on ATA (\u001b[35mEuM1...zEMQ\u001b[39m): \u001b[32m0\u001b[39m FALLENBOY"}
{"level":40,"time":1745348610174,"name":"close-pool","msg":"Trader (\u001b[35mBMsX...VF49\u001b[39m) has insufficient balance on ATA (\u001b[35mBW3m...NrEx\u001b[39m): \u001b[32m0\u001b[39m FALLENBOY"}
{"level":40,"time":1745348610347,"name":"close-pool","msg":"Trader (\u001b[35m7kRc...AUmk\u001b[39m) has insufficient balance on ATA (\u001b[35m4r5n...3yni\u001b[39m): \u001b[32m0\u001b[39m FALLENBOY"}
{"level":40,"time":1745348610472,"name":"close-pool","msg":"Trader (\u001b[35mAE4p...RRTQ\u001b[39m) has insufficient balance on ATA (\u001b[35mDpob...Y14Z\u001b[39m): \u001b[32m0\u001b[39m FALLENBOY"}
{"level":40,"time":1745348610848,"name":"close-pool","msg":"Trader (\u001b[35mGpi9...LuCR\u001b[39m) has insufficient balance on ATA (\u001b[35mBVMn...RmsK\u001b[39m): \u001b[32m0\u001b[39m FALLENBOY"}
{"level":40,"time":1745348611054,"name":"close-pool","msg":"Trader (\u001b[35m5JvC...nKRZ\u001b[39m) has insufficient balance on ATA (\u001b[35m3fos...stoK\u001b[39m): \u001b[32m0\u001b[39m FALLENBOY"}
{"level":40,"time":1745348611055,"name":"close-pool","msg":"Account (\u001b[35mAtfS...dneW\u001b[39m) has too low amount to swap: \u001b[32m0.030301\u001b[39m FALLENBOY"}
{"level":40,"time":1745348611055,"name":"close-pool","msg":"Account (\u001b[35mCDBR...iCqi\u001b[39m) has too low amount to swap: \u001b[32m0.07061\u001b[39m FALLENBOY"}
{"level":40,"time":1745348611055,"name":"close-pool","msg":"Account (\u001b[35mz5jy...S7AD\u001b[39m) has too low amount to swap: \u001b[32m0.072346\u001b[39m FALLENBOY"}
{"level":40,"time":1745348611056,"name":"close-pool","msg":"Account (\u001b[35mFawF...Wfgy\u001b[39m) has too low amount to swap: \u001b[32m0.024954\u001b[39m FALLENBOY"}
