{"level":40,"time":1745348375167,"name":"close-pool","msg":"Dev (\u001b[35mDepa...Z8mV\u001b[39m) has insufficient balance on ATA (\u001b[35m5WDR...FWmr\u001b[39m): \u001b[32m0\u001b[39m FALLENBOY"}
{"level":30,"time":1745348401001,"name":"close-pool","msg":"Transaction (\u001b[33m4VmTnrpn...NzadvDGJ\u001b[39m) sent to swap \u001b[32m5,517,908.777763\u001b[39m FALLENBOY to ~\u001b[32m0.389222626\u001b[39m WSOL for account (\u001b[35m5qac...93hp\u001b[39m)"}
{"level":30,"time":1745348401986,"name":"close-pool","msg":"Transaction (\u001b[33m2hPSKpGj...tFKUaUmh\u001b[39m) sent to swap \u001b[32m8,546,432.414682\u001b[39m FALLENBOY to ~\u001b[32m0.588539006\u001b[39m WSOL for account (\u001b[35mAGrK...45sx\u001b[39m)"}
{"level":30,"time":1745348402162,"name":"close-pool","msg":"Transaction (\u001b[33m53jpFg9r...PxZwKcmx\u001b[39m) sent to swap \u001b[32m8,155,545.121075\u001b[39m FALLENBOY to ~\u001b[32m0.563346986\u001b[39m WSOL for account (\u001b[35m7YYS...ZV1k\u001b[39m)"}
{"level":30,"time":1745348403235,"name":"close-pool","msg":"Transaction (\u001b[33m26VZ2QzR...5sVTgrQz\u001b[39m) sent to swap \u001b[32m8,666,026.824412\u001b[39m FALLENBOY to ~\u001b[32m0.596215852\u001b[39m WSOL for account (\u001b[35mAK8D...kprw\u001b[39m)"}
{"level":30,"time":1745348403259,"name":"close-pool","msg":"Transaction (\u001b[33m5QvQu3Bf...pQdNujqB\u001b[39m) sent to swap \u001b[32m6,924,294.691216\u001b[39m FALLENBOY to ~\u001b[32m0.482973118\u001b[39m WSOL for account (\u001b[35mDTSW...Kacj\u001b[39m)"}
{"level":30,"time":1745348403783,"name":"close-pool","msg":"Transaction (\u001b[33m4E3WKWnM...PpfNPrbh\u001b[39m) sent to swap \u001b[32m8,657,060.974627\u001b[39m FALLENBOY to ~\u001b[32m0.595640827\u001b[39m WSOL for account (\u001b[35mCfQV...1yvp\u001b[39m)"}
{"level":30,"time":1745348404283,"name":"close-pool","msg":"Transaction (\u001b[33m4VgemyyH...byrHuWvx\u001b[39m) sent to swap \u001b[32m8,435,421.39846\u001b[39m FALLENBOY to ~\u001b[32m0.581400243\u001b[39m WSOL for account (\u001b[35mAADh...rKaa\u001b[39m)"}
{"level":30,"time":1745348404665,"name":"close-pool","msg":"Transaction (\u001b[33mMR3LeCu1...vuw3XY88\u001b[39m) sent to swap \u001b[32m4,139,260.914489\u001b[39m FALLENBOY to ~\u001b[32m0.295243314\u001b[39m WSOL for account (\u001b[35m98xw...z3TX\u001b[39m)"}
{"level":30,"time":1745348406107,"name":"close-pool","msg":"Transaction (\u001b[33m2Rahpc62...6Sx38kCk\u001b[39m) sent to swap \u001b[32m8,246,960.716453\u001b[39m FALLENBOY to ~\u001b[32m0.569252426\u001b[39m WSOL for account (\u001b[35m8Xam...cStN\u001b[39m)"}
{"level":30,"time":1745348406157,"name":"close-pool","msg":"Transaction (\u001b[33mxpfT56NB...RX2cti9t\u001b[39m) sent to swap \u001b[32m5,826,756.673226\u001b[39m FALLENBOY to ~\u001b[32m0.409991565\u001b[39m WSOL for account (\u001b[35m4NUE...jVuy\u001b[39m)"}
{"level":30,"time":1745348406163,"name":"close-pool","msg":"Transaction (\u001b[33m4VmTnrpn...NzadvDGJ\u001b[39m) confirmed: \u001b[34m\u001b]8;;https://solscan.io/tx/4VmTnrpntZpqUYnbSququuRt1UWxjeJsgJ6EuwoSnWLju8HSjYyfKFJmgLPg2CQv1ioMQd7UwkXcKGXrNzadvDGJ?cluster=mainnet-beta\u001b\\<Transaction link>\u001b]8;;\u001b\\\u001b[39m"}
{"level":30,"time":1745348406763,"name":"close-pool","msg":"Transaction (\u001b[33m3BTUSHpZ...6Lgeuych\u001b[39m) sent to swap \u001b[32m4,377,193.512234\u001b[39m FALLENBOY to ~\u001b[32m0.311612553\u001b[39m WSOL for account (\u001b[35mH6iL...rSoo\u001b[39m)"}
{"level":30,"time":1745348406781,"name":"close-pool","msg":"Transaction (\u001b[33m4XjDLhei...c5SdrKBs\u001b[39m) sent to swap \u001b[32m7,124,700.067306\u001b[39m FALLENBOY to ~\u001b[32m0.496162119\u001b[39m WSOL for account (\u001b[35mD3NU...h39a\u001b[39m)"}
{"level":30,"time":1745348407121,"name":"close-pool","msg":"Transaction (\u001b[33m2hPSKpGj...tFKUaUmh\u001b[39m) confirmed: \u001b[34m\u001b]8;;https://solscan.io/tx/2hPSKpGjzjYfjTfKcyjzWY98QYzrJwEvXnkLryynoSLpwAaHgZSd3LCJ5iYJFR6NpYC8tV97Qqkmq3dgtFKUaUmh?cluster=mainnet-beta\u001b\\<Transaction link>\u001b]8;;\u001b\\\u001b[39m"}
{"level":30,"time":1745348407295,"name":"close-pool","msg":"Transaction (\u001b[33m53jpFg9r...PxZwKcmx\u001b[39m) confirmed: \u001b[34m\u001b]8;;https://solscan.io/tx/53jpFg9rRLB7145T922oZ9taQH6YVySFhff3hHYrQiewUYEVSC2ubCCXuCThdsb2SBWd4qUEDpyNph15PxZwKcmx?cluster=mainnet-beta\u001b\\<Transaction link>\u001b]8;;\u001b\\\u001b[39m"}
{"level":30,"time":1745348407336,"name":"close-pool","msg":"Transaction (\u001b[33mttBdQNEh...xoo1RnAi\u001b[39m) sent to swap \u001b[32m6,228,681.705257\u001b[39m FALLENBOY to ~\u001b[32m0.43686626\u001b[39m WSOL for account (\u001b[35mGLx2...6q7G\u001b[39m)"}
{"level":30,"time":1745348407548,"name":"close-pool","msg":"Transaction (\u001b[33mwE1tXGqU...a39w3ya2\u001b[39m) sent to swap \u001b[32m7,746,204.715113\u001b[39m FALLENBOY to ~\u001b[32m0.536799185\u001b[39m WSOL for account (\u001b[35m4FDs...6x9d\u001b[39m)"}
{"level":30,"time":1745348407998,"name":"close-pool","msg":"Transaction (\u001b[33m3wxfiRQN...BVzDQTdy\u001b[39m) sent to swap \u001b[32m6,842,767.496865\u001b[39m FALLENBOY to ~\u001b[32m0.477595666\u001b[39m WSOL for account (\u001b[35mAAoi...dY9S\u001b[39m)"}
{"level":30,"time":1745348408401,"name":"close-pool","msg":"Transaction (\u001b[33m5QvQu3Bf...pQdNujqB\u001b[39m) confirmed: \u001b[34m\u001b]8;;https://solscan.io/tx/5QvQu3BfBpXpKLTSGAeWa6QkCPQBtMrfi2uJGqE2ZXaP6NugYdoWM8z7hHG3B6KXKCH6EjL37QBQjHmbpQdNujqB?cluster=mainnet-beta\u001b\\<Transaction link>\u001b]8;;\u001b\\\u001b[39m"}
{"level":30,"time":1745348408408,"name":"close-pool","msg":"Transaction (\u001b[33m26VZ2QzR...5sVTgrQz\u001b[39m) confirmed: \u001b[34m\u001b]8;;https://solscan.io/tx/26VZ2QzRR6ibeJx3Dao9MKPA1t1m8QDaJUTNonYXSkNL31fPZAAgYBrSymk3pFxcW3uhx1dmr798bgsj5sVTgrQz?cluster=mainnet-beta\u001b\\<Transaction link>\u001b]8;;\u001b\\\u001b[39m"}
{"level":30,"time":1745348408497,"name":"close-pool","msg":"Transaction (\u001b[33m2tPtg7t5...ERLLW7AM\u001b[39m) sent to swap \u001b[32m5,122,594.118932\u001b[39m FALLENBOY to ~\u001b[32m0.362488336\u001b[39m WSOL for account (\u001b[35mXWLF...t6Df\u001b[39m)"}
{"level":30,"time":1745348409390,"name":"close-pool","msg":"Transaction (\u001b[33m4E3WKWnM...PpfNPrbh\u001b[39m) confirmed: \u001b[34m\u001b]8;;https://solscan.io/tx/4E3WKWnMfkfCBJv89nNuLxiSzHdM1KYDNoDqKtxWCB4EZyyaJhUyGZgxbCeXGw9TxFNxryqAAsVnGzsPPpfNPrbh?cluster=mainnet-beta\u001b\\<Transaction link>\u001b]8;;\u001b\\\u001b[39m"}
{"level":30,"time":1745348409733,"name":"close-pool","msg":"Transaction (\u001b[33m4VgemyyH...byrHuWvx\u001b[39m) confirmed: \u001b[34m\u001b]8;;https://solscan.io/tx/4VgemyyHGz8x9HQbvY3J3UCjDve7FwKTsXjuYiAiEN2gkUP2G2VEDBxkW1J1esHLACK6DS6LhxnXNFngbyrHuWvx?cluster=mainnet-beta\u001b\\<Transaction link>\u001b]8;;\u001b\\\u001b[39m"}
{"level":30,"time":1745348409995,"name":"close-pool","msg":"Transaction (\u001b[33mh8aq8NRa...Xeu45edU\u001b[39m) sent to swap \u001b[32m4,492,872.440018\u001b[39m FALLENBOY to ~\u001b[32m0.319548228\u001b[39m WSOL for account (\u001b[35m3fE9...ZjTi\u001b[39m)"}
{"level":30,"time":1745348410309,"name":"close-pool","msg":"Transaction (\u001b[33m1iKAVY85...nUWE1iET\u001b[39m) sent to swap \u001b[32m6,146,771.858297\u001b[39m FALLENBOY to ~\u001b[32m0.431403363\u001b[39m WSOL for account (\u001b[35mHHMe...Ghmp\u001b[39m)"}
{"level":30,"time":1745348411146,"name":"close-pool","msg":"Transaction (\u001b[33m3CoNNHDx...zRLaVF6b\u001b[39m) sent to swap \u001b[32m4,026,421.751149\u001b[39m FALLENBOY to ~\u001b[32m0.287458102\u001b[39m WSOL for account (\u001b[35mEgUJ...HGUH\u001b[39m)"}
{"level":30,"time":1745348411320,"name":"close-pool","msg":"Transaction (\u001b[33m4FTC9qfE...RGctUhs5\u001b[39m) sent to swap \u001b[32m4,614,080.508197\u001b[39m FALLENBOY to ~\u001b[32m0.327847277\u001b[39m WSOL for account (\u001b[35mH4iv...BirR\u001b[39m)"}
{"level":30,"time":1745348411323,"name":"close-pool","msg":"Transaction (\u001b[33mThQiFAFF...KHdaV81T\u001b[39m) sent to swap \u001b[32m6,585,023.144636\u001b[39m FALLENBOY to ~\u001b[32m0.460549193\u001b[39m WSOL for account (\u001b[35mGNVq...FihG\u001b[39m)"}
{"level":30,"time":1745348411328,"name":"close-pool","msg":"Transaction (\u001b[33mxpfT56NB...RX2cti9t\u001b[39m) confirmed: \u001b[34m\u001b]8;;https://solscan.io/tx/xpfT56NB6NN7a2QW43whDvzxyR6tH3K88yoa118bUr6H3Qp8vistunGG5rSGp4o4A8i6gkiVc53TKBLRX2cti9t?cluster=mainnet-beta\u001b\\<Transaction link>\u001b]8;;\u001b\\\u001b[39m"}
{"level":30,"time":1745348411888,"name":"close-pool","msg":"Transaction (\u001b[33m2Rahpc62...6Sx38kCk\u001b[39m) confirmed: \u001b[34m\u001b]8;;https://solscan.io/tx/2Rahpc62RmKa6jufKV6NLAUSGPEGYLzcnTUqqEgKi3U6rMPB3hudwnq94QAaNdR3rEcqE2wjW9k5UA6s6Sx38kCk?cluster=mainnet-beta\u001b\\<Transaction link>\u001b]8;;\u001b\\\u001b[39m"}
{"level":30,"time":1745348411949,"name":"close-pool","msg":"Transaction (\u001b[33m3BTUSHpZ...6Lgeuych\u001b[39m) confirmed: \u001b[34m\u001b]8;;https://solscan.io/tx/3BTUSHpZLeMpuhk7bHrhUhEBLH11nFmQDXiKxekT2BEfMdU6VwoiFMJjobci2n4CAZmM8qEwgLo3NiCH6Lgeuych?cluster=mainnet-beta\u001b\\<Transaction link>\u001b]8;;\u001b\\\u001b[39m"}
{"level":30,"time":1745348412181,"name":"close-pool","msg":"Transaction (\u001b[33m4bgr9TEb...SrmsNPrj\u001b[39m) sent to swap \u001b[32m6,886,105.27755\u001b[39m FALLENBOY to ~\u001b[32m0.48045505\u001b[39m WSOL for account (\u001b[35m3hTk...BoGi\u001b[39m)"}
{"level":30,"time":1745348412373,"name":"close-pool","msg":"Transaction (\u001b[33m4XjDLhei...c5SdrKBs\u001b[39m) confirmed: \u001b[34m\u001b]8;;https://solscan.io/tx/4XjDLheim3ebb37yBknn4jfbkZK6Z39igq3gT9Y4b4sedKp4GXMzvSwT2QUbSyNv1PrV1uNuvtTosuQPc5SdrKBs?cluster=mainnet-beta\u001b\\<Transaction link>\u001b]8;;\u001b\\\u001b[39m"}
{"level":30,"time":1745348412471,"name":"close-pool","msg":"Transaction (\u001b[33mttBdQNEh...xoo1RnAi\u001b[39m) confirmed: \u001b[34m\u001b]8;;https://solscan.io/tx/ttBdQNEhozDGrJ5BXZuSAgWAT6cv3chfTskUjBsPhnhQt1pqq9T16VFMM54rJCELAYbvEdZizRzuFRKxoo1RnAi?cluster=mainnet-beta\u001b\\<Transaction link>\u001b]8;;\u001b\\\u001b[39m"}
{"level":30,"time":1745348412642,"name":"close-pool","msg":"Transaction (\u001b[33m44oZMmXp...Rt9u8G4h\u001b[39m) sent to swap \u001b[32m4,291,135.096087\u001b[39m FALLENBOY to ~\u001b[32m0.305699215\u001b[39m WSOL for account (\u001b[35mCzmZ...dDUQ\u001b[39m)"}
{"level":30,"time":1745348412701,"name":"close-pool","msg":"Transaction (\u001b[33mwE1tXGqU...a39w3ya2\u001b[39m) confirmed: \u001b[34m\u001b]8;;https://solscan.io/tx/wE1tXGqUUy4bVoqnLarvoY7CdhvW3JjY6BepD1C8EJzos4UBLurujR7x2BeSKdkmRmSx2xTSHoegJaKa39w3ya2?cluster=mainnet-beta\u001b\\<Transaction link>\u001b]8;;\u001b\\\u001b[39m"}
{"level":30,"time":1745348413136,"name":"close-pool","msg":"Transaction (\u001b[33m3wxfiRQN...BVzDQTdy\u001b[39m) confirmed: \u001b[34m\u001b]8;;https://solscan.io/tx/3wxfiRQNHF8MrUb4NvJXexqB6LUKjKMdnKL7hbTThC3QhFDsGRokkMBAP1bmVniHQbwZ9uug3txp8fVMBVzDQTdy?cluster=mainnet-beta\u001b\\<Transaction link>\u001b]8;;\u001b\\\u001b[39m"}
{"level":30,"time":1745348413147,"name":"close-pool","msg":"Transaction (\u001b[33m3e6W9Ydk...5bRCfX8V\u001b[39m) sent to swap \u001b[32m6,204,382.147181\u001b[39m FALLENBOY to ~\u001b[32m0.43524637\u001b[39m WSOL for account (\u001b[35mGvfG...R5P5\u001b[39m)"}
{"level":30,"time":1745348413508,"name":"close-pool","msg":"Transaction (\u001b[33mWyEKKGaB...gyTP5PPq\u001b[39m) sent to swap \u001b[32m6,753,564.321721\u001b[39m FALLENBOY to ~\u001b[32m0.471703928\u001b[39m WSOL for account (\u001b[35mDbkV...VqaQ\u001b[39m)"}
{"level":30,"time":1745348413627,"name":"close-pool","msg":"Transaction (\u001b[33m2tPtg7t5...ERLLW7AM\u001b[39m) confirmed: \u001b[34m\u001b]8;;https://solscan.io/tx/2tPtg7t5CafeZVs7zkRCguJs3qL5TuJQPDHRcBKVakmneUjNWX3aKQV2DJg7Pg2tY4xf1S5uuWQNWYDPERLLW7AM?cluster=mainnet-beta\u001b\\<Transaction link>\u001b]8;;\u001b\\\u001b[39m"}
{"level":30,"time":1745348414053,"name":"close-pool","msg":"Transaction (\u001b[33m3A4Zsjav...7zNA9N9S\u001b[39m) sent to swap \u001b[32m4,779,032.722594\u001b[39m FALLENBOY to ~\u001b[32m0.339115362\u001b[39m WSOL for account (\u001b[35mEKSB...EsLi\u001b[39m)"}
{"level":30,"time":1745348414110,"name":"close-pool","msg":"Transaction (\u001b[33mHaEG8zD4...znMpQJJ4\u001b[39m) sent to swap \u001b[32m6,124,125.703319\u001b[39m FALLENBOY to ~\u001b[32m0.429891738\u001b[39m WSOL for account (\u001b[35mDv4S...wzUS\u001b[39m)"}
{"level":30,"time":1745348414751,"name":"close-pool","msg":"Transaction (\u001b[33m2dEhjR9S...E858mM1n\u001b[39m) sent to swap \u001b[32m5,797,670.188781\u001b[39m FALLENBOY to ~\u001b[32m0.408039984\u001b[39m WSOL for account (\u001b[35mBnop...XWkB\u001b[39m)"}
{"level":30,"time":1745348414872,"name":"close-pool","msg":"Transaction (\u001b[33m2Mrxfbpw...zBUdveeJ\u001b[39m) sent to swap \u001b[32m4,108,770.377492\u001b[39m FALLENBOY to ~\u001b[32m0.29314106\u001b[39m WSOL for account (\u001b[35m6DfW...E6gQ\u001b[39m)"}
{"level":30,"time":1745348415149,"name":"close-pool","msg":"Transaction (\u001b[33mh8aq8NRa...Xeu45edU\u001b[39m) confirmed: \u001b[34m\u001b]8;;https://solscan.io/tx/h8aq8NRasrL8PPot9FzM3QZgVJaMNzay7awEEur9L16bLRZR7frYgit15VRzbYdvbDgjeKkSEwZUwhZXeu45edU?cluster=mainnet-beta\u001b\\<Transaction link>\u001b]8;;\u001b\\\u001b[39m"}
{"level":30,"time":1745348415423,"name":"close-pool","msg":"Transaction (\u001b[33m1iKAVY85...nUWE1iET\u001b[39m) confirmed: \u001b[34m\u001b]8;;https://solscan.io/tx/1iKAVY85x9wHhrEAQyuTAJcjfrH3jreb5d7Mh3Csgga9nJVxg6BeoRaKdjCED81p2j49agUgkRLfBCZnUWE1iET?cluster=mainnet-beta\u001b\\<Transaction link>\u001b]8;;\u001b\\\u001b[39m"}
{"level":30,"time":1745348416016,"name":"close-pool","msg":"Transaction (\u001b[33mzgsXRTpT...yaEQwMm2\u001b[39m) sent to swap \u001b[32m5,185,023.612957\u001b[39m FALLENBOY to ~\u001b[32m0.366721624\u001b[39m WSOL for account (\u001b[35m2G76...Azxa\u001b[39m)"}
{"level":30,"time":1745348416184,"name":"close-pool","msg":"Transaction (\u001b[33mtwnVGf4c...7DHEnQzJ\u001b[39m) sent to swap \u001b[32m4,303,371.526022\u001b[39m FALLENBOY to ~\u001b[32m0.306540521\u001b[39m WSOL for account (\u001b[35mCQmR...9AUa\u001b[39m)"}
{"level":30,"time":1745348416285,"name":"close-pool","msg":"Transaction (\u001b[33m3CoNNHDx...zRLaVF6b\u001b[39m) confirmed: \u001b[34m\u001b]8;;https://solscan.io/tx/3CoNNHDx5RePy2Kc9Nh6TD6T9EawV2DtZs6nrJdvZdCyTXKGVH6L74GuHcUMLCX6Hf5eqNyCrmsNZ2ZHzRLaVF6b?cluster=mainnet-beta\u001b\\<Transaction link>\u001b]8;;\u001b\\\u001b[39m"}
{"level":30,"time":1745348416445,"name":"close-pool","msg":"Transaction (\u001b[33m4FTC9qfE...RGctUhs5\u001b[39m) confirmed: \u001b[34m\u001b]8;;https://solscan.io/tx/4FTC9qfE48HVfDWTHBzucgxZhvq3uC5SLw2BRWqEtYhFQKmRivZAkkeAF7cAD1xwFnevqCoNia3nKZ7BRGctUhs5?cluster=mainnet-beta\u001b\\<Transaction link>\u001b]8;;\u001b\\\u001b[39m"}
{"level":30,"time":1745348416447,"name":"close-pool","msg":"Transaction (\u001b[33mThQiFAFF...KHdaV81T\u001b[39m) confirmed: \u001b[34m\u001b]8;;https://solscan.io/tx/ThQiFAFFmBFDJpQHqLNgtzhyPwUpzn9o6TfRh6rtDFPG4ZJGet5HSHEbXNgAVEpRa1x7RinnwkuBGuMKHdaV81T?cluster=mainnet-beta\u001b\\<Transaction link>\u001b]8;;\u001b\\\u001b[39m"}
{"level":30,"time":1745348416628,"name":"close-pool","msg":"Transaction (\u001b[33mCAkySR9w...MVYa8ifT\u001b[39m) sent to swap \u001b[32m5,499,677.317618\u001b[39m FALLENBOY to ~\u001b[32m0.387993404\u001b[39m WSOL for account (\u001b[35mChfY...tnB2\u001b[39m)"}
{"level":30,"time":1745348416818,"name":"close-pool","msg":"Transaction (\u001b[33mmyhq12in...wZQd3VEx\u001b[39m) sent to swap \u001b[32m3,634,410.865498\u001b[39m FALLENBOY to ~\u001b[32m0.26030044\u001b[39m WSOL for account (\u001b[35m5beB...HmEu\u001b[39m)"}
{"level":30,"time":1745348417348,"name":"close-pool","msg":"Transaction (\u001b[33m4bgr9TEb...SrmsNPrj\u001b[39m) confirmed: \u001b[34m\u001b]8;;https://solscan.io/tx/4bgr9TEb27rJmpxyX5b7yW1whExoSMPikUvDAcrD6XBgW7YXiqikXXjhJjQvqSM4fbptbxUP4GhtMHsaSrmsNPrj?cluster=mainnet-beta\u001b\\<Transaction link>\u001b]8;;\u001b\\\u001b[39m"}
{"level":30,"time":1745348417380,"name":"close-pool","msg":"Transaction (\u001b[33m3hjxZ66q...BzRx1Hmg\u001b[39m) sent to swap \u001b[32m5,773,554.347867\u001b[39m FALLENBOY to ~\u001b[32m0.406421223\u001b[39m WSOL for account (\u001b[35mzWb6...r8rS\u001b[39m)"}
{"level":30,"time":1745348417776,"name":"close-pool","msg":"Transaction (\u001b[33m5zHQ6be3...DPAW36qr\u001b[39m) sent to swap \u001b[32m5,052,601.813204\u001b[39m FALLENBOY to ~\u001b[32m0.357737157\u001b[39m WSOL for account (\u001b[35mGSdL...jy24\u001b[39m)"}
{"level":30,"time":1745348417779,"name":"close-pool","msg":"Transaction (\u001b[33m21nrVHpL...w2vWfzDh\u001b[39m) sent to swap \u001b[32m4,088,928.593164\u001b[39m FALLENBOY to ~\u001b[32m0.291772455\u001b[39m WSOL for account (\u001b[35mCB54...hXLu\u001b[39m)"}
{"level":30,"time":1745348417821,"name":"close-pool","msg":"Transaction (\u001b[33m44oZMmXp...Rt9u8G4h\u001b[39m) confirmed: \u001b[34m\u001b]8;;https://solscan.io/tx/44oZMmXpBtWfjrMzRgNP1HeWpqC2cxhkiWsg6pDUKdzMcRNHM8e3QnHWW8QiPDZwK9wytpX5sG8u8NgnRt9u8G4h?cluster=mainnet-beta\u001b\\<Transaction link>\u001b]8;;\u001b\\\u001b[39m"}
{"level":30,"time":1745348418386,"name":"close-pool","msg":"Transaction (\u001b[33m3e6W9Ydk...5bRCfX8V\u001b[39m) confirmed: \u001b[34m\u001b]8;;https://solscan.io/tx/3e6W9Ydk3vsZRaZAEVcAP5xT23hgiJajS6hToYvTRUMW2NJNZTDBjhpmgCEAMBxdf8VyJ6ZcdrgMymKc5bRCfX8V?cluster=mainnet-beta\u001b\\<Transaction link>\u001b]8;;\u001b\\\u001b[39m"}
{"level":30,"time":1745348418949,"name":"close-pool","msg":"Transaction (\u001b[33mWyEKKGaB...gyTP5PPq\u001b[39m) confirmed: \u001b[34m\u001b]8;;https://solscan.io/tx/WyEKKGaBh6JSUHxJy84hmRmgrhyQM5bb3eB5aGC1oRws972EdWEkRyXefM2idZEx7hqBy7YLnDijkxZgyTP5PPq?cluster=mainnet-beta\u001b\\<Transaction link>\u001b]8;;\u001b\\\u001b[39m"}
{"level":30,"time":1745348419218,"name":"close-pool","msg":"Transaction (\u001b[33m3A4Zsjav...7zNA9N9S\u001b[39m) confirmed: \u001b[34m\u001b]8;;https://solscan.io/tx/3A4ZsjavH43tqrtP6cHVhNVxG8Nhb4FGdtw2XebiiHa34iAcXHSfS6PDBL4Hr8b9z3EQZi97gzqby5Zg7zNA9N9S?cluster=mainnet-beta\u001b\\<Transaction link>\u001b]8;;\u001b\\\u001b[39m"}
{"level":30,"time":1745348419396,"name":"close-pool","msg":"Transaction (\u001b[33m4uumgX7F...DkH9CQXB\u001b[39m) sent to swap \u001b[32m3,182,737.318244\u001b[39m FALLENBOY to ~\u001b[32m0.228793483\u001b[39m WSOL for account (\u001b[35m4yAx...cUWu\u001b[39m)"}
{"level":30,"time":1745348419602,"name":"close-pool","msg":"Transaction (\u001b[33mHaEG8zD4...znMpQJJ4\u001b[39m) confirmed: \u001b[34m\u001b]8;;https://solscan.io/tx/HaEG8zD4K6NYXPwksyA6DPrJBogkURWdUpNTf8TABCm1mn1YKuxPi1pBiZkWr4FzNuQ9REDPAUbJDFgznMpQJJ4?cluster=mainnet-beta\u001b\\<Transaction link>\u001b]8;;\u001b\\\u001b[39m"}
{"level":40,"time":1745348419667,"name":"close-pool","msg":"Transaction (\u001b[33mMR3LeCu1...vuw3XY88\u001b[39m) resent: Transaction (\u001b[33mMR3LeCu1...vuw3XY88\u001b[39m) failed: \u001b[34m\u001b]8;;https://solscan.io/tx/MR3LeCu1udrexZjPz9ASowRRHULvTCiNZsJs5rPD5z3CHE3PPwJejqxpqbwwqtMVXodo9AgqJYHg4qSvuw3XY88?cluster=mainnet-beta\u001b\\<Transaction link>\u001b]8;;\u001b\\\u001b[39m. Reason: Timeout after \u001b[32m15\u001b[39m sec"}
{"level":30,"time":1745348419713,"name":"close-pool","msg":"Transaction (\u001b[33m3ihpGjbA...YudzAaVQ\u001b[39m) sent to swap \u001b[32m4,659,449.912689\u001b[39m FALLENBOY to ~\u001b[32m0.330949512\u001b[39m WSOL for account (\u001b[35m83Lf...pnQW\u001b[39m)"}
{"level":30,"time":1745348419845,"name":"close-pool","msg":"Transaction (\u001b[33mMR3LeCu1...vuw3XY88\u001b[39m) sent to swap \u001b[32m4,139,260.914489\u001b[39m FALLENBOY to ~\u001b[32m0.295243314\u001b[39m WSOL for account (\u001b[35m98xw...z3TX\u001b[39m)"}
{"level":30,"time":1745348419876,"name":"close-pool","msg":"Transaction (\u001b[33m2dEhjR9S...E858mM1n\u001b[39m) confirmed: \u001b[34m\u001b]8;;https://solscan.io/tx/2dEhjR9Sx36q3oh4YWk8fb2NGj5AFTHKP9bhakWjMYr3KUjNe2JWkE2V4BihfeNbj7SqXGKEgEUtPgYFE858mM1n?cluster=mainnet-beta\u001b\\<Transaction link>\u001b]8;;\u001b\\\u001b[39m"}
{"level":30,"time":1745348419993,"name":"close-pool","msg":"Transaction (\u001b[33m2Mrxfbpw...zBUdveeJ\u001b[39m) confirmed: \u001b[34m\u001b]8;;https://solscan.io/tx/2MrxfbpwbZb6GviFaRcYTNSUKVhu8MtBPTakvwVThwFr1a6CDiojBJbJabAmSuqL9SJGTg9RiZ459taJzBUdveeJ?cluster=mainnet-beta\u001b\\<Transaction link>\u001b]8;;\u001b\\\u001b[39m"}
{"level":30,"time":1745348420658,"name":"close-pool","msg":"Transaction (\u001b[33m3qMXK6nh...BRqJnYGg\u001b[39m) sent to swap \u001b[32m5,286,433.955608\u001b[39m FALLENBOY to ~\u001b[32m0.373589105\u001b[39m WSOL for account (\u001b[35mCGNs...q9aB\u001b[39m)"}
{"level":30,"time":1745348421031,"name":"close-pool","msg":"Transaction (\u001b[33m2bSbms1U...RXgYnkrH\u001b[39m) sent to swap \u001b[32m3,179,972.412231\u001b[39m FALLENBOY to ~\u001b[32m0.228599897\u001b[39m WSOL for account (\u001b[35mDb5k...y3PF\u001b[39m)"}
{"level":30,"time":1745348421174,"name":"close-pool","msg":"Transaction (\u001b[33mzgsXRTpT...yaEQwMm2\u001b[39m) confirmed: \u001b[34m\u001b]8;;https://solscan.io/tx/zgsXRTpTbNmTuKuwarPcxipzDrUxy6AVecAvAbSN6xUXidB5cbicmUhXCb7Pg4LnR1Ge36JNhAR4oyLyaEQwMm2?cluster=mainnet-beta\u001b\\<Transaction link>\u001b]8;;\u001b\\\u001b[39m"}
{"level":30,"time":1745348421393,"name":"close-pool","msg":"Transaction (\u001b[33mtwnVGf4c...7DHEnQzJ\u001b[39m) confirmed: \u001b[34m\u001b]8;;https://solscan.io/tx/twnVGf4cc5JkHX9y6w6RngusuYpNXc2rGvm19kDDg9Lag335VDRcBqxmAgfcVNW7F7NN9d7TLCzjXeJ7DHEnQzJ?cluster=mainnet-beta\u001b\\<Transaction link>\u001b]8;;\u001b\\\u001b[39m"}
{"level":30,"time":1745348421955,"name":"close-pool","msg":"Transaction (\u001b[33mmyhq12in...wZQd3VEx\u001b[39m) confirmed: \u001b[34m\u001b]8;;https://solscan.io/tx/myhq12inTcwnmZ7bp2fquRmYpRxiYctg28M5a6Rcnis7bmpGdJYsZhvvHfXeJUw7ADZeg3AodESKts9wZQd3VEx?cluster=mainnet-beta\u001b\\<Transaction link>\u001b]8;;\u001b\\\u001b[39m"}
{"level":30,"time":1745348421987,"name":"close-pool","msg":"Transaction (\u001b[33m42P91S4S...Mt9QAbtU\u001b[39m) sent to swap \u001b[32m3,441,792.203192\u001b[39m FALLENBOY to ~\u001b[32m0.246892544\u001b[39m WSOL for account (\u001b[35m4iAV...cmuQ\u001b[39m)"}
{"level":30,"time":1745348422520,"name":"close-pool","msg":"Transaction (\u001b[33m3hjxZ66q...BzRx1Hmg\u001b[39m) confirmed: \u001b[34m\u001b]8;;https://solscan.io/tx/3hjxZ66qWi6gEsg2igm5T8WV1T5WxvAmNtDCTd4sPcjWgJZEDxjj84gb59gkjS6wAJEUxPPxgPgL4oLoBzRx1Hmg?cluster=mainnet-beta\u001b\\<Transaction link>\u001b]8;;\u001b\\\u001b[39m"}
{"level":30,"time":1745348422593,"name":"close-pool","msg":"Transaction (\u001b[33m31PzxLMU...Yfd5vdyy\u001b[39m) sent to swap \u001b[32m5,506,547.928095\u001b[39m FALLENBOY to ~\u001b[32m0.388456684\u001b[39m WSOL for account (\u001b[35m5Exf...n9CC\u001b[39m)"}
{"level":30,"time":1745348422959,"name":"close-pool","msg":"Transaction (\u001b[33m5zHQ6be3...DPAW36qr\u001b[39m) confirmed: \u001b[34m\u001b]8;;https://solscan.io/tx/5zHQ6be3rLp6kw8dKdbwRVZjNvAKpCnEJgyfE1yT67Jyn6s4hwdtHSjxspvaRUMqQ5tccdbtWHcKorUyDPAW36qr?cluster=mainnet-beta\u001b\\<Transaction link>\u001b]8;;\u001b\\\u001b[39m"}
{"level":30,"time":1745348423026,"name":"close-pool","msg":"Transaction (\u001b[33m21nrVHpL...w2vWfzDh\u001b[39m) confirmed: \u001b[34m\u001b]8;;https://solscan.io/tx/21nrVHpL3dGQeWQMwEQ58dGgvd5TKcJ8rUDJqeKoTMV9EurwbQJ6PUpdVaedr9hW2SdJwdQi7wVRJitNw2vWfzDh?cluster=mainnet-beta\u001b\\<Transaction link>\u001b]8;;\u001b\\\u001b[39m"}
{"level":30,"time":1745348424119,"name":"close-pool","msg":"Transaction (\u001b[33m2w9f1VVd...hnzaAXLd\u001b[39m) sent to swap \u001b[32m3,177,418.957087\u001b[39m FALLENBOY to ~\u001b[32m0.228421108\u001b[39m WSOL for account (\u001b[35mDoj7...GyAQ\u001b[39m)"}
{"level":30,"time":1745348424626,"name":"close-pool","msg":"Transaction (\u001b[33m4uumgX7F...DkH9CQXB\u001b[39m) confirmed: \u001b[34m\u001b]8;;https://solscan.io/tx/4uumgX7FfD7zEu3MPXNPudA7AVUyxkT5WY4bRZtaSLFrgF1m4YruPV8wxR9NpjoUzGX23SBfGMzVQESpDkH9CQXB?cluster=mainnet-beta\u001b\\<Transaction link>\u001b]8;;\u001b\\\u001b[39m"}
{"level":30,"time":1745348424759,"name":"close-pool","msg":"Transaction (\u001b[33m3hGCf6NU...M3NZBReK\u001b[39m) sent to swap \u001b[32m4,480,691.017723\u001b[39m FALLENBOY to ~\u001b[32m0.318713272\u001b[39m WSOL for account (\u001b[35m6sSf...dgcT\u001b[39m)"}
{"level":30,"time":1745348424968,"name":"close-pool","msg":"Transaction (\u001b[33m3ihpGjbA...YudzAaVQ\u001b[39m) confirmed: \u001b[34m\u001b]8;;https://solscan.io/tx/3ihpGjbARDFc2NUZMJkc18DgEoAt7sqUEkPCogrBMofNkYPB3g4kidQkcVbaP7GhmVU4KsftMMCxxWTGYudzAaVQ?cluster=mainnet-beta\u001b\\<Transaction link>\u001b]8;;\u001b\\\u001b[39m"}
{"level":30,"time":1745348425020,"name":"close-pool","msg":"Transaction (\u001b[33mpRv4rRTY...ms76t9BN\u001b[39m) sent to swap \u001b[32m6,277,682.7282\u001b[39m FALLENBOY to ~\u001b[32m0.440130921\u001b[39m WSOL for account (\u001b[35m6koC...NaG4\u001b[39m)"}
{"level":30,"time":1745348425228,"name":"close-pool","msg":"Transaction (\u001b[33mMR3LeCu1...vuw3XY88\u001b[39m) confirmed: \u001b[34m\u001b]8;;https://solscan.io/tx/MR3LeCu1udrexZjPz9ASowRRHULvTCiNZsJs5rPD5z3CHE3PPwJejqxpqbwwqtMVXodo9AgqJYHg4qSvuw3XY88?cluster=mainnet-beta\u001b\\<Transaction link>\u001b]8;;\u001b\\\u001b[39m"}
{"level":30,"time":1745348425291,"name":"close-pool","msg":"Transaction (\u001b[33m39gqReio...xdf6B61o\u001b[39m) sent to swap \u001b[32m464,546.109121\u001b[39m FALLENBOY to ~\u001b[32m0.034153817\u001b[39m WSOL for account (\u001b[35mDb54...QmgF\u001b[39m)"}
{"level":30,"time":1745348425759,"name":"close-pool","msg":"Transaction (\u001b[33m6G6TvZuu...7adLpQLp\u001b[39m) sent to swap \u001b[32m561,475.254027\u001b[39m FALLENBOY to ~\u001b[32m0.041246673\u001b[39m WSOL for account (\u001b[35m8KbJ...yKZK\u001b[39m)"}
{"level":30,"time":1745348425835,"name":"close-pool","msg":"Transaction (\u001b[33m3qMXK6nh...BRqJnYGg\u001b[39m) confirmed: \u001b[34m\u001b]8;;https://solscan.io/tx/3qMXK6nhm6SJjY4vUSxJCiucjR6Rv8teBu2VS2GQ62vp2UCjBdEsw99o2DzZAt9ie5Ym4QFyRV7LB7QvBRqJnYGg?cluster=mainnet-beta\u001b\\<Transaction link>\u001b]8;;\u001b\\\u001b[39m"}
{"level":30,"time":1745348426161,"name":"close-pool","msg":"Transaction (\u001b[33m3pH6qJGx...5WyHNSqT\u001b[39m) sent to swap \u001b[32m2,313,201.96105\u001b[39m FALLENBOY to ~\u001b[32m0.167477769\u001b[39m WSOL for account (\u001b[35mAkSi...Ng5z\u001b[39m)"}
{"level":30,"time":1745348426758,"name":"close-pool","msg":"Transaction (\u001b[33m4An9a5sR...hZe3Zos2\u001b[39m) sent to swap \u001b[32m4,931,426.640349\u001b[39m FALLENBOY to ~\u001b[32m0.349498926\u001b[39m WSOL for account (\u001b[35mFvy3...7qu9\u001b[39m)"}
{"level":30,"time":1745348426875,"name":"close-pool","msg":"Transaction (\u001b[33mCAkySR9w...MVYa8ifT\u001b[39m) confirmed: \u001b[34m\u001b]8;;https://solscan.io/tx/CAkySR9wk9HbPNowteQVXLUbhi84GvAr4c9dRfsSnfVcPL68S58HAbqFsDAELJuv6iy4YK5e4DjpN5FMVYa8ifT?cluster=mainnet-beta\u001b\\<Transaction link>\u001b]8;;\u001b\\\u001b[39m"}
{"level":30,"time":1745348427886,"name":"close-pool","msg":"Transaction (\u001b[33m3rLSVT7t...TuvwxgoE\u001b[39m) sent to swap \u001b[32m729,131.307166\u001b[39m FALLENBOY to ~\u001b[32m0.053487918\u001b[39m WSOL for account (\u001b[35mEqTT...Xj1M\u001b[39m)"}
{"level":30,"time":1745348428528,"name":"close-pool","msg":"Transaction (\u001b[33m2eEiCuPX...MJ6cd2ti\u001b[39m) sent to swap \u001b[32m554,279.990906\u001b[39m FALLENBOY to ~\u001b[32m0.04072055\u001b[39m WSOL for account (\u001b[35mFMsr...37iv\u001b[39m)"}
{"level":30,"time":1745348428529,"name":"close-pool","msg":"Transaction (\u001b[33mpRB5ThEh...7afXnY4Q\u001b[39m) sent to swap \u001b[32m400,201.725795\u001b[39m FALLENBOY to ~\u001b[32m0.029439015\u001b[39m WSOL for account (\u001b[35mERYT...n3vq\u001b[39m)"}
{"level":30,"time":1745348428589,"name":"close-pool","msg":"Transaction (\u001b[33m5Weodf2U...Gy1ez9Ad\u001b[39m) sent to swap \u001b[32m496,455.218109\u001b[39m FALLENBOY to ~\u001b[32m0.036490058\u001b[39m WSOL for account (\u001b[35mHi46...QxAm\u001b[39m)"}
{"level":30,"time":1745348428821,"name":"close-pool","msg":"Transaction (\u001b[33m2JrAMMuZ...6WBPUK4y\u001b[39m) sent to swap \u001b[32m3,148,642.951388\u001b[39m FALLENBOY to ~\u001b[32m0.22640574\u001b[39m WSOL for account (\u001b[35mAPxB...QVKA\u001b[39m)"}
{"level":30,"time":1745348429307,"name":"close-pool","msg":"Transaction (\u001b[33m2w9f1VVd...hnzaAXLd\u001b[39m) confirmed: \u001b[34m\u001b]8;;https://solscan.io/tx/2w9f1VVd43vGxMT6TeLNTMHPKHunYUUbnh3782L8Un4UhzBkVrsF6EXRKiSEYjTQkSEXp443xtHovkKmhnzaAXLd?cluster=mainnet-beta\u001b\\<Transaction link>\u001b]8;;\u001b\\\u001b[39m"}
{"level":30,"time":1745348429772,"name":"close-pool","msg":"Transaction (\u001b[33m3KLFTsFP...ni5xjDqz\u001b[39m) sent to swap \u001b[32m3,860,921.038597\u001b[39m FALLENBOY to ~\u001b[32m0.276013703\u001b[39m WSOL for account (\u001b[35mCa5f...Ltbr\u001b[39m)"}
{"level":30,"time":1745348429905,"name":"close-pool","msg":"Transaction (\u001b[33m3hGCf6NU...M3NZBReK\u001b[39m) confirmed: \u001b[34m\u001b]8;;https://solscan.io/tx/3hGCf6NU8PXnubiH67nYKj7JtM1G85GgzvujmDNvT545VP231xPUqhTcCJ4Cemkewg2zUDvhrQbnQj66M3NZBReK?cluster=mainnet-beta\u001b\\<Transaction link>\u001b]8;;\u001b\\\u001b[39m"}
{"level":30,"time":1745348430274,"name":"close-pool","msg":"Transaction (\u001b[33m5fTGD7f5...gDaGTQp3\u001b[39m) sent to swap \u001b[32m2,704,522.528521\u001b[39m FALLENBOY to ~\u001b[32m0.195180322\u001b[39m WSOL for account (\u001b[35mHFNM...XWwv\u001b[39m)"}
{"level":30,"time":1745348430284,"name":"close-pool","msg":"Transaction (\u001b[33mpRv4rRTY...ms76t9BN\u001b[39m) confirmed: \u001b[34m\u001b]8;;https://solscan.io/tx/pRv4rRTY3AmjL8WyaTcf2vBDhp8BRgaHZmboqqSeagDjdy6bwggtzj5K5GG5FrDBRqMmXwA2gViLAS1ms76t9BN?cluster=mainnet-beta\u001b\\<Transaction link>\u001b]8;;\u001b\\\u001b[39m"}
{"level":30,"time":1745348430549,"name":"close-pool","msg":"Transaction (\u001b[33m39gqReio...xdf6B61o\u001b[39m) confirmed: \u001b[34m\u001b]8;;https://solscan.io/tx/39gqReioWhu1HWAH4KxkTQ9MjvLNaHmeuDG5BXM1CYCvNfqZ7JkswKUirk2bo4C5C1mG1Y4M9izpg3erxdf6B61o?cluster=mainnet-beta\u001b\\<Transaction link>\u001b]8;;\u001b\\\u001b[39m"}
{"level":30,"time":1745348430920,"name":"close-pool","msg":"Transaction (\u001b[33m6G6TvZuu...7adLpQLp\u001b[39m) confirmed: \u001b[34m\u001b]8;;https://solscan.io/tx/6G6TvZuuhttj3NUCH8DcRtmok4hnR71FCrcQz9FjiJJYswTNbdfNTad2u1cpG8vu576a7YiDWXRyyWB7adLpQLp?cluster=mainnet-beta\u001b\\<Transaction link>\u001b]8;;\u001b\\\u001b[39m"}
{"level":30,"time":1745348431353,"name":"close-pool","msg":"Transaction (\u001b[33m3pH6qJGx...5WyHNSqT\u001b[39m) confirmed: \u001b[34m\u001b]8;;https://solscan.io/tx/3pH6qJGx2wZhAFdboD17QX7bd7m1tJpVgUXSF8r74KPXVbPjTFUtwGcZNBAFDxY4Eg72SFg1GyLMFw4q5WyHNSqT?cluster=mainnet-beta\u001b\\<Transaction link>\u001b]8;;\u001b\\\u001b[39m"}
{"level":30,"time":1745348431454,"name":"close-pool","msg":"Transaction (\u001b[33m5uwEV2tz...1tW2gPgD\u001b[39m) sent to swap \u001b[32m3,452,599.608706\u001b[39m FALLENBOY to ~\u001b[32m0.247645948\u001b[39m WSOL for account (\u001b[35mHfDm...kV5A\u001b[39m)"}
{"level":30,"time":1745348431597,"name":"close-pool","msg":"Transaction (\u001b[33m4bBpFsy8...VRW3Gp8w\u001b[39m) sent to swap \u001b[32m3,414,859.703153\u001b[39m FALLENBOY to ~\u001b[32m0.245014452\u001b[39m WSOL for account (\u001b[35m98ZR...ogyu\u001b[39m)"}
{"level":30,"time":1745348431756,"name":"close-pool","msg":"Transaction (\u001b[33m2hjQZ2mB...WsdvEvWf\u001b[39m) sent to swap \u001b[32m2,328,926.340065\u001b[39m FALLENBOY to ~\u001b[32m0.168594382\u001b[39m WSOL for account (\u001b[35mFTJi...6B2N\u001b[39m)"}
{"level":30,"time":1745348431902,"name":"close-pool","msg":"Transaction (\u001b[33m4An9a5sR...hZe3Zos2\u001b[39m) confirmed: \u001b[34m\u001b]8;;https://solscan.io/tx/4An9a5sRTyE7gfAPRYFEgSWsMbZUkoXduPRzc96ZFHPvwvVCMzrcNAHzkEMqqthmNyNUCMs4f7hrwofMhZe3Zos2?cluster=mainnet-beta\u001b\\<Transaction link>\u001b]8;;\u001b\\\u001b[39m"}
{"level":30,"time":1745348432024,"name":"close-pool","msg":"Transaction (\u001b[33m3A5ice7e...xiznxpWG\u001b[39m) sent to swap \u001b[32m4,293,975.831482\u001b[39m FALLENBOY to ~\u001b[32m0.305894542\u001b[39m WSOL for account (\u001b[35mCGW9...zMVK\u001b[39m)"}
{"level":30,"time":1745348432635,"name":"close-pool","msg":"Transaction (\u001b[33m4MHVeQJH...6ho5buNi\u001b[39m) sent to swap \u001b[32m3,147,704.494414\u001b[39m FALLENBOY to ~\u001b[32m0.226339998\u001b[39m WSOL for account (\u001b[35mChqG...uLP6\u001b[39m)"}
{"level":30,"time":1745348432684,"name":"close-pool","msg":"Transaction (\u001b[33m4eqedx78...2J4NyUoe\u001b[39m) sent to swap \u001b[32m609.693133\u001b[39m FALLENBOY to ~\u001b[32m0.000044999\u001b[39m WSOL for account (\u001b[35m9znM...p5mS\u001b[39m)"}
{"level":30,"time":1745348433047,"name":"close-pool","msg":"Transaction (\u001b[33m3rLSVT7t...TuvwxgoE\u001b[39m) confirmed: \u001b[34m\u001b]8;;https://solscan.io/tx/3rLSVT7tMpME71CaCQtpr3KuEKNrrc1dbVkQJ4RQ7tjW5omqYq2GoAYj4jQM5peTDTeQpZ5pXM9rGqqHTuvwxgoE?cluster=mainnet-beta\u001b\\<Transaction link>\u001b]8;;\u001b\\\u001b[39m"}
{"level":30,"time":1745348433218,"name":"close-pool","msg":"Transaction (\u001b[33m8PfbsQbM...fEyJudVw\u001b[39m) sent to swap \u001b[32m6,456,011.362292\u001b[39m FALLENBOY to ~\u001b[32m0.451990427\u001b[39m WSOL for account (\u001b[35m94Mw...3c9o\u001b[39m)"}
{"level":30,"time":1745348433746,"name":"close-pool","msg":"Transaction (\u001b[33mpRB5ThEh...7afXnY4Q\u001b[39m) confirmed: \u001b[34m\u001b]8;;https://solscan.io/tx/pRB5ThEhmSmhcnwZVxmTb86xP6xiHVtrdMYcQsBjLPpKJCAQH548uTzNfH4aT2yWxEgxp1XWjSLvGpw7afXnY4Q?cluster=mainnet-beta\u001b\\<Transaction link>\u001b]8;;\u001b\\\u001b[39m"}
{"level":30,"time":1745348433761,"name":"close-pool","msg":"Transaction (\u001b[33m2eEiCuPX...MJ6cd2ti\u001b[39m) confirmed: \u001b[34m\u001b]8;;https://solscan.io/tx/2eEiCuPXzMrkrw9GgfqhSLrYnWGBRfvUvpkR8NdmgBYeUTyjhAfXxuxC6bQt8fbiS2KHBrCrFUrKFekoMJ6cd2ti?cluster=mainnet-beta\u001b\\<Transaction link>\u001b]8;;\u001b\\\u001b[39m"}
{"level":30,"time":1745348434131,"name":"close-pool","msg":"Transaction (\u001b[33m2JrAMMuZ...6WBPUK4y\u001b[39m) confirmed: \u001b[34m\u001b]8;;https://solscan.io/tx/2JrAMMuZe6CgQDgom1KmL7fwKcM9jtt8yvrF989m3a5j2aUVVnCKaX4kku1CJWSNnCGinmZySsvNmkS36WBPUK4y?cluster=mainnet-beta\u001b\\<Transaction link>\u001b]8;;\u001b\\\u001b[39m"}
{"level":30,"time":1745348434925,"name":"close-pool","msg":"Transaction (\u001b[33m3KLFTsFP...ni5xjDqz\u001b[39m) confirmed: \u001b[34m\u001b]8;;https://solscan.io/tx/3KLFTsFPzGcKGwmoWNcwdz7RUkMgdhXXfccaZ44PXPYtv6hGChA7bkhkmBGYNsETXpktMRT2Z2QHSNa1ni5xjDqz?cluster=mainnet-beta\u001b\\<Transaction link>\u001b]8;;\u001b\\\u001b[39m"}
{"level":30,"time":1745348434957,"name":"close-pool","msg":"Transaction (\u001b[33m4hh1n6fy...mDWEn3pc\u001b[39m) sent to swap \u001b[32m3,210,657.975927\u001b[39m FALLENBOY to ~\u001b[32m0.230747868\u001b[39m WSOL for account (\u001b[35m6Bgo...7LLw\u001b[39m)"}
{"level":30,"time":1745348434985,"name":"close-pool","msg":"Transaction (\u001b[33m2T8zQF9i...D7oY5Kjf\u001b[39m) sent to swap \u001b[32m349.921547\u001b[39m FALLENBOY to ~\u001b[32m0.000025826\u001b[39m WSOL for account (\u001b[35mAXiA...gvut\u001b[39m)"}
{"level":30,"time":1745348435427,"name":"close-pool","msg":"Transaction (\u001b[33m5fTGD7f5...gDaGTQp3\u001b[39m) confirmed: \u001b[34m\u001b]8;;https://solscan.io/tx/5fTGD7f5mfKbXPtyNrT4FkFZ1eS6GufHrT5FBDPapmRCxVQVXesxnnHkxXMZmuK5XYjceGngUNY51UufgDaGTQp3?cluster=mainnet-beta\u001b\\<Transaction link>\u001b]8;;\u001b\\\u001b[39m"}
{"level":40,"time":1745348436034,"name":"close-pool","msg":"Transaction (\u001b[33m2bSbms1U...RXgYnkrH\u001b[39m) resent: Transaction (\u001b[33m2bSbms1U...RXgYnkrH\u001b[39m) failed: \u001b[34m\u001b]8;;https://solscan.io/tx/2bSbms1Ur6TxrcfLTwg2ayEFDUa5zaKjGrp4gQeAAU3Q3PdocWfbqfTtEeC9kYhKdfMVeLE7XHV4gvCmRXgYnkrH?cluster=mainnet-beta\u001b\\<Transaction link>\u001b]8;;\u001b\\\u001b[39m. Reason: Timeout after \u001b[32m15\u001b[39m sec"}
{"level":30,"time":1745348436080,"name":"close-pool","msg":"Transaction (\u001b[33m5diq8i75...N7xkyptC\u001b[39m) sent to swap \u001b[32m3,278,135.797681\u001b[39m FALLENBOY to ~\u001b[32m0.235467486\u001b[39m WSOL for account (\u001b[35mEsq4...m4kn\u001b[39m)"}
{"level":30,"time":1745348436194,"name":"close-pool","msg":"Transaction (\u001b[33m2bSbms1U...RXgYnkrH\u001b[39m) sent to swap \u001b[32m3,179,972.412231\u001b[39m FALLENBOY to ~\u001b[32m0.228599897\u001b[39m WSOL for account (\u001b[35mDb5k...y3PF\u001b[39m)"}
{"level":30,"time":1745348436288,"name":"close-pool","msg":"Transaction (\u001b[33m5PKqWKac...ARYRnpgn\u001b[39m) sent to swap \u001b[32m0.030301\u001b[39m FALLENBOY to ~\u001b[32m0.000000002\u001b[39m WSOL for account (\u001b[35mAtfS...dneW\u001b[39m)"}
{"level":30,"time":1745348436623,"name":"close-pool","msg":"Transaction (\u001b[33m5uwEV2tz...1tW2gPgD\u001b[39m) confirmed: \u001b[34m\u001b]8;;https://solscan.io/tx/5uwEV2tzPXgVBF3eoiNGPnfH6e3AydYr8cwKYx39gtD2m2BtqJnTLzrCMFJseh1tTRi54yNxdPh8mFbr1tW2gPgD?cluster=mainnet-beta\u001b\\<Transaction link>\u001b]8;;\u001b\\\u001b[39m"}
{"level":30,"time":1745348436737,"name":"close-pool","msg":"Transaction (\u001b[33m4bBpFsy8...VRW3Gp8w\u001b[39m) confirmed: \u001b[34m\u001b]8;;https://solscan.io/tx/4bBpFsy8X36jKLKzFCqkDQW5ao8LBYiSY2A1kWvB1bhBaGqpS5tgwvRie7ZLEEzwrNBGCcykLCHBXH4iVRW3Gp8w?cluster=mainnet-beta\u001b\\<Transaction link>\u001b]8;;\u001b\\\u001b[39m"}
{"level":30,"time":1745348436894,"name":"close-pool","msg":"Transaction (\u001b[33m2hjQZ2mB...WsdvEvWf\u001b[39m) confirmed: \u001b[34m\u001b]8;;https://solscan.io/tx/2hjQZ2mBsQ2gTFN7eWTXPnLxxLaX7usUtWFDssDKesMt8nndtaDtPhc4tncX93KseXQsBB6KgqnoMNjeWsdvEvWf?cluster=mainnet-beta\u001b\\<Transaction link>\u001b]8;;\u001b\\\u001b[39m"}
{"level":30,"time":1745348436976,"name":"close-pool","msg":"Transaction (\u001b[33m64KpfALJ...Z7wo5hS5\u001b[39m) sent to swap \u001b[32m2,538,371.36952\u001b[39m FALLENBOY to ~\u001b[32m0.183439854\u001b[39m WSOL for account (\u001b[35mHQkv...ruUt\u001b[39m)"}
{"level":40,"time":1745348436988,"name":"close-pool","msg":"Transaction (\u001b[33m42P91S4S...Mt9QAbtU\u001b[39m) resent: Transaction (\u001b[33m42P91S4S...Mt9QAbtU\u001b[39m) failed: \u001b[34m\u001b]8;;https://solscan.io/tx/42P91S4ShpgeJvGWNJwVvDJGJ5DP9iHPWrYpMvUp2BzMSJ9uVyE2YWhwFNHjJZvc2cjJ9kdVY6uj7pqWMt9QAbtU?cluster=mainnet-beta\u001b\\<Transaction link>\u001b]8;;\u001b\\\u001b[39m. Reason: Timeout after \u001b[32m15\u001b[39m sec"}
{"level":30,"time":1745348437165,"name":"close-pool","msg":"Transaction (\u001b[33m42P91S4S...Mt9QAbtU\u001b[39m) sent to swap \u001b[32m3,441,792.203192\u001b[39m FALLENBOY to ~\u001b[32m0.246892544\u001b[39m WSOL for account (\u001b[35m4iAV...cmuQ\u001b[39m)"}
{"level":30,"time":1745348437179,"name":"close-pool","msg":"Transaction (\u001b[33m3A5ice7e...xiznxpWG\u001b[39m) confirmed: \u001b[34m\u001b]8;;https://solscan.io/tx/3A5ice7e8eX6mfmujNTiyEasEet2E4sGpAYnGaKU2r7CUgt2M1qCVzpv2JgU9DpNUHH2ZAKCf5F4j8UvxiznxpWG?cluster=mainnet-beta\u001b\\<Transaction link>\u001b]8;;\u001b\\\u001b[39m"}
{"level":30,"time":1745348437455,"name":"close-pool","msg":"Transaction (\u001b[33m5Weodf2U...Gy1ez9Ad\u001b[39m) confirmed: \u001b[34m\u001b]8;;https://solscan.io/tx/5Weodf2UNxQEtptTe42v79jr9MwPEK4HPv4yqhwm5oSPuFbumnWX5geNJWHZJ5HZCVxDzjd6k17gaKiwGy1ez9Ad?cluster=mainnet-beta\u001b\\<Transaction link>\u001b]8;;\u001b\\\u001b[39m"}
{"level":40,"time":1745348437595,"name":"close-pool","msg":"Transaction (\u001b[33m31PzxLMU...Yfd5vdyy\u001b[39m) resent: Transaction (\u001b[33m31PzxLMU...Yfd5vdyy\u001b[39m) failed: \u001b[34m\u001b]8;;https://solscan.io/tx/31PzxLMUYWmJSEc1zTUSXJgvTS7ShQzZ85etRuWSu68Pq8ZYKFbmmx6PAMvyipH1HcAY5CkLd6ek9LPKYfd5vdyy?cluster=mainnet-beta\u001b\\<Transaction link>\u001b]8;;\u001b\\\u001b[39m. Reason: Timeout after \u001b[32m15\u001b[39m sec"}
{"level":30,"time":1745348437830,"name":"close-pool","msg":"Transaction (\u001b[33m4eqedx78...2J4NyUoe\u001b[39m) confirmed: \u001b[34m\u001b]8;;https://solscan.io/tx/4eqedx78RkHsswvxQZwcRbL9TMPZQEtdkUxSFBXwauTKjqGSDHWEG7zonMkEoVorc77qTHhuhRigmdvX2J4NyUoe?cluster=mainnet-beta\u001b\\<Transaction link>\u001b]8;;\u001b\\\u001b[39m"}
{"level":30,"time":1745348437904,"name":"close-pool","msg":"Transaction (\u001b[33m31PzxLMU...Yfd5vdyy\u001b[39m) sent to swap \u001b[32m5,506,547.928095\u001b[39m FALLENBOY to ~\u001b[32m0.388456684\u001b[39m WSOL for account (\u001b[35m5Exf...n9CC\u001b[39m)"}
{"level":30,"time":1745348438071,"name":"close-pool","msg":"Transaction (\u001b[33m4MHVeQJH...6ho5buNi\u001b[39m) confirmed: \u001b[34m\u001b]8;;https://solscan.io/tx/4MHVeQJHGFeehA6Kpisk34cC96uo79287BWnWwNNhGmPs7KdbA3ZfCEx6Qe8qPxHGmcHAeTM97frPxMz6ho5buNi?cluster=mainnet-beta\u001b\\<Transaction link>\u001b]8;;\u001b\\\u001b[39m"}
{"level":30,"time":1745348438337,"name":"close-pool","msg":"Transaction (\u001b[33m8PfbsQbM...fEyJudVw\u001b[39m) confirmed: \u001b[34m\u001b]8;;https://solscan.io/tx/8PfbsQbMfbSioK9UCUi3Ts6WACpr9eW4uyEyCnQ2QpUcwK5oSve6iTYghKtgr4iyqmMoKrp3TRJ2kyqfEyJudVw?cluster=mainnet-beta\u001b\\<Transaction link>\u001b]8;;\u001b\\\u001b[39m"}
{"level":30,"time":1745348438936,"name":"close-pool","msg":"Transaction (\u001b[33m3KMiUv3x...nQbLgTxX\u001b[39m) sent to swap \u001b[32m4,491,178.720366\u001b[39m FALLENBOY to ~\u001b[32m0.319432145\u001b[39m WSOL for account (\u001b[35mgFyE...EEvp\u001b[39m)"}
{"level":30,"time":1745348439129,"name":"close-pool","msg":"Transaction (\u001b[33m2t8riFcG...LTntjVrP\u001b[39m) sent to swap \u001b[32m527.717081\u001b[39m FALLENBOY to ~\u001b[32m0.000038949\u001b[39m WSOL for account (\u001b[35m9XCQ...D2ox\u001b[39m)"}
{"level":30,"time":1745348439552,"name":"close-pool","msg":"Transaction (\u001b[33m5dVtK93v...cDwAfpMe\u001b[39m) sent to swap \u001b[32m3,167,057.067621\u001b[39m FALLENBOY to ~\u001b[32m0.227695508\u001b[39m WSOL for account (\u001b[35mHZE9...P4w8\u001b[39m)"}
{"level":30,"time":1745348440100,"name":"close-pool","msg":"Transaction (\u001b[33m4hh1n6fy...mDWEn3pc\u001b[39m) confirmed: \u001b[34m\u001b]8;;https://solscan.io/tx/4hh1n6fyyF53LQZ9RaiukVr48aj2fF8ytfpVdyK4xuT1tBGvV92AnZYviZ58n4Vt4utZyYnV3D8a8PN9mDWEn3pc?cluster=mainnet-beta\u001b\\<Transaction link>\u001b]8;;\u001b\\\u001b[39m"}
{"level":30,"time":1745348440151,"name":"close-pool","msg":"Transaction (\u001b[33m2T8zQF9i...D7oY5Kjf\u001b[39m) confirmed: \u001b[34m\u001b]8;;https://solscan.io/tx/2T8zQF9iJyq5sdz2UmgxE7oby1FTmxNpdvfCYN2R6r4haTzPHzaxpfe38BJZTQ4McCL76BFT9RjAEQcdD7oY5Kjf?cluster=mainnet-beta\u001b\\<Transaction link>\u001b]8;;\u001b\\\u001b[39m"}
{"level":30,"time":1745348440784,"name":"close-pool","msg":"Transaction (\u001b[33m2pELEdA4...EarqYbzP\u001b[39m) sent to swap \u001b[32m2,730,450.308771\u001b[39m FALLENBOY to ~\u001b[32m0.197009524\u001b[39m WSOL for account (\u001b[35m4DxB...RgiZ\u001b[39m)"}
{"level":30,"time":1745348441312,"name":"close-pool","msg":"Transaction (\u001b[33m5dTH123x...D66NcVkp\u001b[39m) sent to swap \u001b[32m6,855,124.725563\u001b[39m FALLENBOY to ~\u001b[32m0.478411184\u001b[39m WSOL for account (\u001b[35m5rk7...fvra\u001b[39m)"}
{"level":30,"time":1745348441369,"name":"close-pool","msg":"Transaction (\u001b[33m2bSbms1U...RXgYnkrH\u001b[39m) confirmed: \u001b[34m\u001b]8;;https://solscan.io/tx/2bSbms1Ur6TxrcfLTwg2ayEFDUa5zaKjGrp4gQeAAU3Q3PdocWfbqfTtEeC9kYhKdfMVeLE7XHV4gvCmRXgYnkrH?cluster=mainnet-beta\u001b\\<Transaction link>\u001b]8;;\u001b\\\u001b[39m"}
