{"level":40,"time":1745348451791,"name":"close-pool","msg":"Sniper (\u001b[35m5qac...93hp\u001b[39m) has insufficient balance on ATA (\u001b[35m3yUo...GJjV\u001b[39m): \u001b[32m0\u001b[39m FALLENBOY"}
{"level":40,"time":1745348452308,"name":"close-pool","msg":"Sniper (\u001b[35mAGrK...45sx\u001b[39m) has insufficient balance on ATA (\u001b[35mF14y...mZSv\u001b[39m): \u001b[32m0\u001b[39m FALLENBOY"}
{"level":40,"time":1745348452472,"name":"close-pool","msg":"Sniper (\u001b[35m7YYS...ZV1k\u001b[39m) has insufficient balance on ATA (\u001b[35m4xGd...b15F\u001b[39m): \u001b[32m0\u001b[39m FALLENBOY"}
{"level":40,"time":1745348452641,"name":"close-pool","msg":"Sniper (\u001b[35mAK8D...kprw\u001b[39m) has insufficient balance on ATA (\u001b[35mGJBa...B1k1\u001b[39m): \u001b[32m0\u001b[39m FALLENBOY"}
{"level":40,"time":1745348452845,"name":"close-pool","msg":"Sniper (\u001b[35mDTSW...Kacj\u001b[39m) has insufficient balance on ATA (\u001b[35mGkCr...9PLX\u001b[39m): \u001b[32m0\u001b[39m FALLENBOY"}
{"level":40,"time":1745348453050,"name":"close-pool","msg":"Sniper (\u001b[35mCfQV...1yvp\u001b[39m) has insufficient balance on ATA (\u001b[35mAhmi...gVoy\u001b[39m): \u001b[32m0\u001b[39m FALLENBOY"}
{"level":40,"time":1745348453174,"name":"close-pool","msg":"Sniper (\u001b[35mAADh...rKaa\u001b[39m) has insufficient balance on ATA (\u001b[35m2UrF...qkiF\u001b[39m): \u001b[32m0\u001b[39m FALLENBOY"}
{"level":40,"time":1745348453303,"name":"close-pool","msg":"Sniper (\u001b[35mD3NU...h39a\u001b[39m) has insufficient balance on ATA (\u001b[35mExKy...uA5F\u001b[39m): \u001b[32m0\u001b[39m FALLENBOY"}
{"level":40,"time":1745348453564,"name":"close-pool","msg":"Sniper (\u001b[35m98xw...z3TX\u001b[39m) has insufficient balance on ATA (\u001b[35mBw6U...jcLe\u001b[39m): \u001b[32m0\u001b[39m FALLENBOY"}
{"level":40,"time":1745348453711,"name":"close-pool","msg":"Sniper (\u001b[35m4NUE...jVuy\u001b[39m) has insufficient balance on ATA (\u001b[35m2VLG...BKz8\u001b[39m): \u001b[32m0\u001b[39m FALLENBOY"}
{"level":40,"time":1745348453870,"name":"close-pool","msg":"Sniper (\u001b[35m8Xam...cStN\u001b[39m) has insufficient balance on ATA (\u001b[35mHt2q...3MV1\u001b[39m): \u001b[32m0\u001b[39m FALLENBOY"}
{"level":40,"time":1745348454021,"name":"close-pool","msg":"Sniper (\u001b[35mH6iL...rSoo\u001b[39m) has insufficient balance on ATA (\u001b[35mFSVb...7Zn1\u001b[39m): \u001b[32m0\u001b[39m FALLENBOY"}
{"level":40,"time":1745348454485,"name":"close-pool","msg":"Sniper (\u001b[35m4FDs...6x9d\u001b[39m) has insufficient balance on ATA (\u001b[35m2iZs...89ow\u001b[39m): \u001b[32m0\u001b[39m FALLENBOY"}
{"level":40,"time":1745348454732,"name":"close-pool","msg":"Sniper (\u001b[35mGLx2...6q7G\u001b[39m) has insufficient balance on ATA (\u001b[35m5jEK...g57t\u001b[39m): \u001b[32m0\u001b[39m FALLENBOY"}
{"level":40,"time":1745348454896,"name":"close-pool","msg":"Sniper (\u001b[35mXWLF...t6Df\u001b[39m) has insufficient balance on ATA (\u001b[35m4V7w...naBC\u001b[39m): \u001b[32m0\u001b[39m FALLENBOY"}
{"level":40,"time":1745348455029,"name":"close-pool","msg":"Sniper (\u001b[35mAAoi...dY9S\u001b[39m) has insufficient balance on ATA (\u001b[35m4i7w...rAnn\u001b[39m): \u001b[32m0\u001b[39m FALLENBOY"}
{"level":40,"time":1745348455200,"name":"close-pool","msg":"Sniper (\u001b[35mHHMe...Ghmp\u001b[39m) has insufficient balance on ATA (\u001b[35mGmgt...WWPQ\u001b[39m): \u001b[32m0\u001b[39m FALLENBOY"}
{"level":40,"time":1745348455353,"name":"close-pool","msg":"Sniper (\u001b[35m3fE9...ZjTi\u001b[39m) has insufficient balance on ATA (\u001b[35mFR7k...CVLe\u001b[39m): \u001b[32m0\u001b[39m FALLENBOY"}
{"level":40,"time":1745348455501,"name":"close-pool","msg":"Sniper (\u001b[35mGNVq...FihG\u001b[39m) has insufficient balance on ATA (\u001b[35mCCFR...w6jH\u001b[39m): \u001b[32m0\u001b[39m FALLENBOY"}
{"level":40,"time":1745348456196,"name":"close-pool","msg":"Sniper (\u001b[35mH4iv...BirR\u001b[39m) has insufficient balance on ATA (\u001b[35m2dq7...5uku\u001b[39m): \u001b[32m0\u001b[39m FALLENBOY"}
{"level":40,"time":1745348456336,"name":"close-pool","msg":"Sniper (\u001b[35mEgUJ...HGUH\u001b[39m) has insufficient balance on ATA (\u001b[35mEBoT...5Mh7\u001b[39m): \u001b[32m0\u001b[39m FALLENBOY"}
{"level":40,"time":1745348456488,"name":"close-pool","msg":"Sniper (\u001b[35mCzmZ...dDUQ\u001b[39m) has insufficient balance on ATA (\u001b[35mx6oc...9dyx\u001b[39m): \u001b[32m0\u001b[39m FALLENBOY"}
{"level":40,"time":1745348456736,"name":"close-pool","msg":"Sniper (\u001b[35m3hTk...BoGi\u001b[39m) has insufficient balance on ATA (\u001b[35mC8Zk...3EMG\u001b[39m): \u001b[32m0\u001b[39m FALLENBOY"}
{"level":40,"time":1745348456995,"name":"close-pool","msg":"Sniper (\u001b[35mDbkV...VqaQ\u001b[39m) has insufficient balance on ATA (\u001b[35m6uUL...o67R\u001b[39m): \u001b[32m0\u001b[39m FALLENBOY"}
{"level":40,"time":1745348457146,"name":"close-pool","msg":"Sniper (\u001b[35mGvfG...R5P5\u001b[39m) has insufficient balance on ATA (\u001b[35mFDLm...CHCJ\u001b[39m): \u001b[32m0\u001b[39m FALLENBOY"}
{"level":40,"time":1745348457351,"name":"close-pool","msg":"Sniper (\u001b[35mEKSB...EsLi\u001b[39m) has insufficient balance on ATA (\u001b[35mBWG4...N3Jb\u001b[39m): \u001b[32m0\u001b[39m FALLENBOY"}
{"level":40,"time":1745348457483,"name":"close-pool","msg":"Sniper (\u001b[35mDv4S...wzUS\u001b[39m) has insufficient balance on ATA (\u001b[35mJDFV...4746\u001b[39m): \u001b[32m0\u001b[39m FALLENBOY"}
{"level":40,"time":1745348457658,"name":"close-pool","msg":"Sniper (\u001b[35mBnop...XWkB\u001b[39m) has insufficient balance on ATA (\u001b[35mD8f9...bGSX\u001b[39m): \u001b[32m0\u001b[39m FALLENBOY"}
{"level":40,"time":1745348457861,"name":"close-pool","msg":"Sniper (\u001b[35m6DfW...E6gQ\u001b[39m) has insufficient balance on ATA (\u001b[35m9x4t...4xck\u001b[39m): \u001b[32m0\u001b[39m FALLENBOY"}
{"level":40,"time":1745348457996,"name":"close-pool","msg":"Sniper (\u001b[35mCQmR...9AUa\u001b[39m) has insufficient balance on ATA (\u001b[35m8w2f...ZfXW\u001b[39m): \u001b[32m0\u001b[39m FALLENBOY"}
{"level":40,"time":1745348458170,"name":"close-pool","msg":"Sniper (\u001b[35m2G76...Azxa\u001b[39m) has insufficient balance on ATA (\u001b[35mF7QY...ZaMJ\u001b[39m): \u001b[32m0\u001b[39m FALLENBOY"}
{"level":40,"time":1745348458313,"name":"close-pool","msg":"Sniper (\u001b[35mzWb6...r8rS\u001b[39m) has insufficient balance on ATA (\u001b[35mknxg...kypQ\u001b[39m): \u001b[32m0\u001b[39m FALLENBOY"}
{"level":40,"time":1745348458451,"name":"close-pool","msg":"Sniper (\u001b[35mChfY...tnB2\u001b[39m) has insufficient balance on ATA (\u001b[35m9md7...z8br\u001b[39m): \u001b[32m0\u001b[39m FALLENBOY"}
{"level":40,"time":1745348458589,"name":"close-pool","msg":"Sniper (\u001b[35m5beB...HmEu\u001b[39m) has insufficient balance on ATA (\u001b[35mH7Ec...QQwk\u001b[39m): \u001b[32m0\u001b[39m FALLENBOY"}
{"level":40,"time":1745348458721,"name":"close-pool","msg":"Sniper (\u001b[35mCB54...hXLu\u001b[39m) has insufficient balance on ATA (\u001b[35m51j7...dxxL\u001b[39m): \u001b[32m0\u001b[39m FALLENBOY"}
{"level":40,"time":1745348458849,"name":"close-pool","msg":"Sniper (\u001b[35mGSdL...jy24\u001b[39m) has insufficient balance on ATA (\u001b[35m5dFT...u6Uk\u001b[39m): \u001b[32m0\u001b[39m FALLENBOY"}
{"level":40,"time":1745348459102,"name":"close-pool","msg":"Sniper (\u001b[35mCGNs...q9aB\u001b[39m) has insufficient balance on ATA (\u001b[35m4rjB...9SQr\u001b[39m): \u001b[32m0\u001b[39m FALLENBOY"}
{"level":40,"time":1745348459236,"name":"close-pool","msg":"Sniper (\u001b[35m4yAx...cUWu\u001b[39m) has insufficient balance on ATA (\u001b[35m7Aay...WzCH\u001b[39m): \u001b[32m0\u001b[39m FALLENBOY"}
{"level":40,"time":1745348459398,"name":"close-pool","msg":"Sniper (\u001b[35m83Lf...pnQW\u001b[39m) has insufficient balance on ATA (\u001b[35m5m9r...HiJh\u001b[39m): \u001b[32m0\u001b[39m FALLENBOY"}
{"level":40,"time":1745348459513,"name":"close-pool","msg":"Sniper (\u001b[35mDb5k...y3PF\u001b[39m) has insufficient balance on ATA (\u001b[35m9jMo...9QuX\u001b[39m): \u001b[32m0\u001b[39m FALLENBOY"}
{"level":40,"time":1745348459706,"name":"close-pool","msg":"Sniper (\u001b[35m4iAV...cmuQ\u001b[39m) has insufficient balance on ATA (\u001b[35mHYHk...hNEw\u001b[39m): \u001b[32m0\u001b[39m FALLENBOY"}
{"level":40,"time":1745348460025,"name":"close-pool","msg":"Sniper (\u001b[35m5Exf...n9CC\u001b[39m) has insufficient balance on ATA (\u001b[35mDcXz...Giw9\u001b[39m): \u001b[32m0\u001b[39m FALLENBOY"}
{"level":40,"time":1745348460174,"name":"close-pool","msg":"Dev (\u001b[35mDepa...Z8mV\u001b[39m) has insufficient balance on ATA (\u001b[35m5WDR...FWmr\u001b[39m): \u001b[32m0\u001b[39m FALLENBOY"}
{"level":40,"time":1745348460331,"name":"close-pool","msg":"Trader (\u001b[35mHi46...QxAm\u001b[39m) has insufficient balance on ATA (\u001b[35mBe74...T3PN\u001b[39m): \u001b[32m0\u001b[39m FALLENBOY"}
{"level":40,"time":1745348460525,"name":"close-pool","msg":"Trader (\u001b[35mDoj7...GyAQ\u001b[39m) has insufficient balance on ATA (\u001b[35m7Uj7...PZ2N\u001b[39m): \u001b[32m0\u001b[39m FALLENBOY"}
{"level":40,"time":1745348460698,"name":"close-pool","msg":"Trader (\u001b[35m6koC...NaG4\u001b[39m) has insufficient balance on ATA (\u001b[35m4ZPB...RV5y\u001b[39m): \u001b[32m0\u001b[39m FALLENBOY"}
{"level":40,"time":1745348460935,"name":"close-pool","msg":"Trader (\u001b[35m6sSf...dgcT\u001b[39m) has insufficient balance on ATA (\u001b[35mH5at...kGEm\u001b[39m): \u001b[32m0\u001b[39m FALLENBOY"}
{"level":40,"time":1745348461067,"name":"close-pool","msg":"Trader (\u001b[35mDb54...QmgF\u001b[39m) has insufficient balance on ATA (\u001b[35mAT22...K7Ar\u001b[39m): \u001b[32m0\u001b[39m FALLENBOY"}
{"level":40,"time":1745348461205,"name":"close-pool","msg":"Trader (\u001b[35m8KbJ...yKZK\u001b[39m) has insufficient balance on ATA (\u001b[35m4VCb...5mU4\u001b[39m): \u001b[32m0\u001b[39m FALLENBOY"}
{"level":40,"time":1745348461344,"name":"close-pool","msg":"Trader (\u001b[35mAkSi...Ng5z\u001b[39m) has insufficient balance on ATA (\u001b[35mDpAB...iuYN\u001b[39m): \u001b[32m0\u001b[39m FALLENBOY"}
{"level":40,"time":1745348461550,"name":"close-pool","msg":"Trader (\u001b[35mFvy3...7qu9\u001b[39m) has insufficient balance on ATA (\u001b[35m4evX...mmQb\u001b[39m): \u001b[32m0\u001b[39m FALLENBOY"}
{"level":40,"time":1745348461755,"name":"close-pool","msg":"Trader (\u001b[35mFMsr...37iv\u001b[39m) has insufficient balance on ATA (\u001b[35m2Hg2...wv7V\u001b[39m): \u001b[32m0\u001b[39m FALLENBOY"}
{"level":40,"time":1745348461960,"name":"close-pool","msg":"Trader (\u001b[35mEqTT...Xj1M\u001b[39m) has insufficient balance on ATA (\u001b[35mByQu...gERC\u001b[39m): \u001b[32m0\u001b[39m FALLENBOY"}
{"level":40,"time":1745348462165,"name":"close-pool","msg":"Trader (\u001b[35mERYT...n3vq\u001b[39m) has insufficient balance on ATA (\u001b[35mAFaG...8i9Y\u001b[39m): \u001b[32m0\u001b[39m FALLENBOY"}
{"level":40,"time":1745348462367,"name":"close-pool","msg":"Trader (\u001b[35mAPxB...QVKA\u001b[39m) has insufficient balance on ATA (\u001b[35m7uv9...C1B2\u001b[39m): \u001b[32m0\u001b[39m FALLENBOY"}
{"level":40,"time":1745348462572,"name":"close-pool","msg":"Trader (\u001b[35mCa5f...Ltbr\u001b[39m) has insufficient balance on ATA (\u001b[35mDbPQ...rVtw\u001b[39m): \u001b[32m0\u001b[39m FALLENBOY"}
{"level":40,"time":1745348463019,"name":"close-pool","msg":"Trader (\u001b[35mHFNM...XWwv\u001b[39m) has insufficient balance on ATA (\u001b[35m69kN...fdZa\u001b[39m): \u001b[32m0\u001b[39m FALLENBOY"}
{"level":40,"time":1745348463150,"name":"close-pool","msg":"Trader (\u001b[35m98ZR...ogyu\u001b[39m) has insufficient balance on ATA (\u001b[35m9u5w...f5Lq\u001b[39m): \u001b[32m0\u001b[39m FALLENBOY"}
{"level":40,"time":1745348463289,"name":"close-pool","msg":"Trader (\u001b[35mHfDm...kV5A\u001b[39m) has insufficient balance on ATA (\u001b[35m9AsG...su6n\u001b[39m): \u001b[32m0\u001b[39m FALLENBOY"}
{"level":40,"time":1745348463423,"name":"close-pool","msg":"Trader (\u001b[35mFTJi...6B2N\u001b[39m) has insufficient balance on ATA (\u001b[35mDwdj...wJ2m\u001b[39m): \u001b[32m0\u001b[39m FALLENBOY"}
{"level":40,"time":1745348463544,"name":"close-pool","msg":"Trader (\u001b[35mCGW9...zMVK\u001b[39m) has insufficient balance on ATA (\u001b[35mAHyM...qD4A\u001b[39m): \u001b[32m0\u001b[39m FALLENBOY"}
{"level":40,"time":1745348463810,"name":"close-pool","msg":"Trader (\u001b[35m9znM...p5mS\u001b[39m) has insufficient balance on ATA (\u001b[35m7qYh...CkzT\u001b[39m): \u001b[32m0\u001b[39m FALLENBOY"}
{"level":40,"time":1745348464311,"name":"close-pool","msg":"Trader (\u001b[35mChqG...uLP6\u001b[39m) has insufficient balance on ATA (\u001b[35m4xGp...oD4s\u001b[39m): \u001b[32m0\u001b[39m FALLENBOY"}
{"level":40,"time":1745348464450,"name":"close-pool","msg":"Trader (\u001b[35m94Mw...3c9o\u001b[39m) has insufficient balance on ATA (\u001b[35mE7d6...qCqM\u001b[39m): \u001b[32m0\u001b[39m FALLENBOY"}
{"level":40,"time":1745348464803,"name":"close-pool","msg":"Trader (\u001b[35mAXiA...gvut\u001b[39m) has insufficient balance on ATA (\u001b[35mH7fP...guGE\u001b[39m): \u001b[32m0\u001b[39m FALLENBOY"}
{"level":40,"time":1745348464952,"name":"close-pool","msg":"Trader (\u001b[35m6Bgo...7LLw\u001b[39m) has insufficient balance on ATA (\u001b[35m8GF9...xn9S\u001b[39m): \u001b[32m0\u001b[39m FALLENBOY"}
{"level":40,"time":1745348465337,"name":"close-pool","msg":"Trader (\u001b[35mEsq4...m4kn\u001b[39m) has insufficient balance on ATA (\u001b[35m8Eg6...o3Tc\u001b[39m): \u001b[32m0\u001b[39m FALLENBOY"}
{"level":40,"time":1745348465542,"name":"close-pool","msg":"Trader (\u001b[35mHQkv...ruUt\u001b[39m) has insufficient balance on ATA (\u001b[35mCFrZ...HpFc\u001b[39m): \u001b[32m0\u001b[39m FALLENBOY"}
{"level":40,"time":1745348465748,"name":"close-pool","msg":"Trader (\u001b[35mgFyE...EEvp\u001b[39m) has insufficient balance on ATA (\u001b[35m2AFT...RUa4\u001b[39m): \u001b[32m0\u001b[39m FALLENBOY"}
{"level":40,"time":1745348466407,"name":"close-pool","msg":"Trader (\u001b[35m9XCQ...D2ox\u001b[39m) has insufficient balance on ATA (\u001b[35m6gZY...fT7Q\u001b[39m): \u001b[32m0\u001b[39m FALLENBOY"}
{"level":40,"time":1745348466552,"name":"close-pool","msg":"Trader (\u001b[35mHZE9...P4w8\u001b[39m) has insufficient balance on ATA (\u001b[35mDpVN...Ld71\u001b[39m): \u001b[32m0\u001b[39m FALLENBOY"}
{"level":40,"time":1745348484313,"name":"close-pool","msg":"Account (\u001b[35mAtfS...dneW\u001b[39m) has too low amount to swap: \u001b[32m0.030301\u001b[39m FALLENBOY"}
{"level":40,"time":1745348492552,"name":"close-pool","msg":"Account (\u001b[35mCDBR...iCqi\u001b[39m) has too low amount to swap: \u001b[32m0.07061\u001b[39m FALLENBOY"}
{"level":30,"time":1745348493780,"name":"close-pool","msg":"Transaction (\u001b[33m58s9qYsD...3ypokeq3\u001b[39m) sent to swap \u001b[32m6,855,124.725563\u001b[39m FALLENBOY to ~\u001b[32m0.054038151\u001b[39m WSOL for account (\u001b[35m5rk7...fvra\u001b[39m)"}
{"level":30,"time":1745348493875,"name":"close-pool","msg":"Transaction (\u001b[33m4KNXkGbi...GwFsS7dy\u001b[39m) sent to swap \u001b[32m2,730,450.308771\u001b[39m FALLENBOY to ~\u001b[32m0.021765949\u001b[39m WSOL for account (\u001b[35m4DxB...RgiZ\u001b[39m)"}
{"level":30,"time":1745348495167,"name":"close-pool","msg":"Transaction (\u001b[33m3hCoH8LM...RonqX7uQ\u001b[39m) sent to swap \u001b[32m4,688,609.090815\u001b[39m FALLENBOY to ~\u001b[32m0.037176987\u001b[39m WSOL for account (\u001b[35m3V3J...ih5H\u001b[39m)"}
{"level":30,"time":1745348495199,"name":"close-pool","msg":"Transaction (\u001b[33m413qx5eK...zDRpTNGu\u001b[39m) sent to swap \u001b[32m3,660,419.263597\u001b[39m FALLENBOY to ~\u001b[32m0.029105433\u001b[39m WSOL for account (\u001b[35mG1xF...Uevr\u001b[39m)"}
{"level":30,"time":1745348495694,"name":"close-pool","msg":"Transaction (\u001b[33m4WNLdKzz...YMnRwhXB\u001b[39m) sent to swap \u001b[32m3,272,829.868829\u001b[39m FALLENBOY to ~\u001b[32m0.026051025\u001b[39m WSOL for account (\u001b[35m7cVn...WYZu\u001b[39m)"}
{"level":30,"time":1745348495830,"name":"close-pool","msg":"Transaction (\u001b[33m4pJb6bE1...SPBbsbzY\u001b[39m) sent to swap \u001b[32m4,929,266.493499\u001b[39m FALLENBOY to ~\u001b[32m0.03905971\u001b[39m WSOL for account (\u001b[35mHuPf...H9fY\u001b[39m)"}
{"level":30,"time":1745348496120,"name":"close-pool","msg":"Transaction (\u001b[33m5YHKsJV3...uRdcjLAJ\u001b[39m) sent to swap \u001b[32m2,843,443.153761\u001b[39m FALLENBOY to ~\u001b[32m0.022659696\u001b[39m WSOL for account (\u001b[35m8cpP...Zcnr\u001b[39m)"}
{"level":30,"time":1745348497053,"name":"close-pool","msg":"Transaction (\u001b[33m3mEqWucm...b7A1oe7p\u001b[39m) sent to swap \u001b[32m2,928,389.294035\u001b[39m FALLENBOY to ~\u001b[32m0.023331237\u001b[39m WSOL for account (\u001b[35m4qEq...iBAN\u001b[39m)"}
{"level":30,"time":1745348497453,"name":"close-pool","msg":"Transaction (\u001b[33m5etaXQxB...CmE6ueDL\u001b[39m) sent to swap \u001b[32m2,746,821.107182\u001b[39m FALLENBOY to ~\u001b[32m0.021895473\u001b[39m WSOL for account (\u001b[35mFt9z...N5UZ\u001b[39m)"}
{"level":30,"time":1745348497591,"name":"close-pool","msg":"Transaction (\u001b[33m4z4YzqeC...1WSEASZe\u001b[39m) sent to swap \u001b[32m2,440,183.957101\u001b[39m FALLENBOY to ~\u001b[32m0.019467485\u001b[39m WSOL for account (\u001b[35mJ2tg...KHFg\u001b[39m)"}
{"level":30,"time":1745348497698,"name":"close-pool","msg":"Transaction (\u001b[33m3xck3iYw...fscWGhJ6\u001b[39m) sent to swap \u001b[32m6,066,369.534428\u001b[39m FALLENBOY to ~\u001b[32m0.047922429\u001b[39m WSOL for account (\u001b[35mH8vG...6kZP\u001b[39m)"}
{"level":30,"time":1745348497944,"name":"close-pool","msg":"Transaction (\u001b[33m5LrUStKK...21DuRw7D\u001b[39m) sent to swap \u001b[32m2,672,024.66549\u001b[39m FALLENBOY to ~\u001b[32m0.021303601\u001b[39m WSOL for account (\u001b[35m7Pz5...x8HT\u001b[39m)"}
{"level":30,"time":1745348498617,"name":"close-pool","msg":"Transaction (\u001b[33m5eKfRLKt...Q5c8qC69\u001b[39m) sent to swap \u001b[32m718,428.840327\u001b[39m FALLENBOY to ~\u001b[32m0.005758598\u001b[39m WSOL for account (\u001b[35m4LQL...6ssg\u001b[39m)"}
{"level":30,"time":1745348499012,"name":"close-pool","msg":"Transaction (\u001b[33m4KNXkGbi...GwFsS7dy\u001b[39m) confirmed: \u001b[34m\u001b]8;;https://solscan.io/tx/4KNXkGbiC2PpfnJWJK3r2ajCy4jEcoyQa9ZDJcjnJTyNCFowPQJHXYCetM3S7fJiTvY2DkwRDcK7bVMYGwFsS7dy?cluster=mainnet-beta\u001b\\<Transaction link>\u001b]8;;\u001b\\\u001b[39m"}
{"level":30,"time":1745348499368,"name":"close-pool","msg":"Transaction (\u001b[33m2Q7Krwsg...4vSNYeL3\u001b[39m) sent to swap \u001b[32m3,472,157.778562\u001b[39m FALLENBOY to ~\u001b[32m0.027622639\u001b[39m WSOL for account (\u001b[35m7ALP...eury\u001b[39m)"}
{"level":30,"time":1745348499773,"name":"close-pool","msg":"Transaction (\u001b[33m4uT86Hfr...3mVa3YbN\u001b[39m) sent to swap \u001b[32m2,310,693.580107\u001b[39m FALLENBOY to ~\u001b[32m0.018440945\u001b[39m WSOL for account (\u001b[35mGRdP...9rex\u001b[39m)"}
{"level":30,"time":1745348500023,"name":"close-pool","msg":"Transaction (\u001b[33m5k7kK8hh...5g1YcUPV\u001b[39m) sent to swap \u001b[32m3,662,610.496224\u001b[39m FALLENBOY to ~\u001b[32m0.029122683\u001b[39m WSOL for account (\u001b[35m4Lpb...MYZc\u001b[39m)"}
{"level":30,"time":1745348500401,"name":"close-pool","msg":"Transaction (\u001b[33m2Zw4CmGg...S42732di\u001b[39m) sent to swap \u001b[32m484,502.101862\u001b[39m FALLENBOY to ~\u001b[32m0.003886041\u001b[39m WSOL for account (\u001b[35mC68d...dnSA\u001b[39m)"}
{"level":30,"time":1745348500842,"name":"close-pool","msg":"Transaction (\u001b[33m4WNLdKzz...YMnRwhXB\u001b[39m) confirmed: \u001b[34m\u001b]8;;https://solscan.io/tx/4WNLdKzzesTGYwZbd2Yt7J6hbMkbUBoVWiYnasYJAvQvhPxheZcNd1Yg1YXQyLY1jSc6dwqQmR8GvngCYMnRwhXB?cluster=mainnet-beta\u001b\\<Transaction link>\u001b]8;;\u001b\\\u001b[39m"}
{"level":30,"time":1745348500957,"name":"close-pool","msg":"Transaction (\u001b[33m4pJb6bE1...SPBbsbzY\u001b[39m) confirmed: \u001b[34m\u001b]8;;https://solscan.io/tx/4pJb6bE1HoUusyRsYcTYr74kZACd6XXt46ZS9Rqk4eDkwif4R6Va976gKSpASuiJHZG88RDWG38WadovSPBbsbzY?cluster=mainnet-beta\u001b\\<Transaction link>\u001b]8;;\u001b\\\u001b[39m"}
{"level":30,"time":1745348501260,"name":"close-pool","msg":"Transaction (\u001b[33m5YHKsJV3...uRdcjLAJ\u001b[39m) confirmed: \u001b[34m\u001b]8;;https://solscan.io/tx/5YHKsJV34Nq1sPcHeHdG7AACtAvEpgTkEqsWsfq9zuGzq3mrBWBruUytk7bVjrqfSXnLCsr2Wum5N53uuRdcjLAJ?cluster=mainnet-beta\u001b\\<Transaction link>\u001b]8;;\u001b\\\u001b[39m"}
{"level":30,"time":1745348501430,"name":"close-pool","msg":"Transaction (\u001b[33m3yoWxJJH...wUrPRDye\u001b[39m) sent to swap \u001b[32m3,865,316.812228\u001b[39m FALLENBOY to ~\u001b[32m0.030717532\u001b[39m WSOL for account (\u001b[35m9d4e...PwzV\u001b[39m)"}
{"level":30,"time":1745348501430,"name":"close-pool","msg":"Transaction (\u001b[33m3C3Rx76H...e72s5s3h\u001b[39m) sent to swap \u001b[32m4,351,494.925936\u001b[39m FALLENBOY to ~\u001b[32m0.03453552\u001b[39m WSOL for account (\u001b[35m82T9...k2Af\u001b[39m)"}
{"level":30,"time":1745348501670,"name":"close-pool","msg":"Transaction (\u001b[33m4dnMnmfv...EnKyxgBm\u001b[39m) sent to swap \u001b[32m605,398.351496\u001b[39m FALLENBOY to ~\u001b[32m0.004854102\u001b[39m WSOL for account (\u001b[35mFHYH...xZgx\u001b[39m)"}
{"level":30,"time":1745348502303,"name":"close-pool","msg":"Transaction (\u001b[33m3mEqWucm...b7A1oe7p\u001b[39m) confirmed: \u001b[34m\u001b]8;;https://solscan.io/tx/3mEqWucmTfU1nECPMr1KcgHAn6LTzBeWiW2BWPrDsprqLtHUeMGBtUJYxmbJunwRS7yebtLXSV4ZJjWib7A1oe7p?cluster=mainnet-beta\u001b\\<Transaction link>\u001b]8;;\u001b\\\u001b[39m"}
{"level":30,"time":1745348502601,"name":"close-pool","msg":"Transaction (\u001b[33m5etaXQxB...CmE6ueDL\u001b[39m) confirmed: \u001b[34m\u001b]8;;https://solscan.io/tx/5etaXQxB5KMeufD66NqjrqduPtoXftWxxaRo791rJN1eAWk66oYP8bC6Ms3nwWBSEpjGaspK2wScey77CmE6ueDL?cluster=mainnet-beta\u001b\\<Transaction link>\u001b]8;;\u001b\\\u001b[39m"}
{"level":30,"time":1745348502749,"name":"close-pool","msg":"Transaction (\u001b[33m4z4YzqeC...1WSEASZe\u001b[39m) confirmed: \u001b[34m\u001b]8;;https://solscan.io/tx/4z4YzqeC4ish2kG4qgtTX2rGiJnQ4ASuveLw7wKGirwz8hp99yb2vSFiJT3WBcoRxP1ynG6B5T7M3cvJ1WSEASZe?cluster=mainnet-beta\u001b\\<Transaction link>\u001b]8;;\u001b\\\u001b[39m"}
{"level":30,"time":1745348502839,"name":"close-pool","msg":"Transaction (\u001b[33m3xck3iYw...fscWGhJ6\u001b[39m) confirmed: \u001b[34m\u001b]8;;https://solscan.io/tx/3xck3iYwMQ2tPdMVjVtDKsL2rwBavkZDE2gyaneL1JhFxhQHLv7NzMr89HYLH5svuWovTSWEXMvFec64fscWGhJ6?cluster=mainnet-beta\u001b\\<Transaction link>\u001b]8;;\u001b\\\u001b[39m"}
{"level":30,"time":1745348503068,"name":"close-pool","msg":"Transaction (\u001b[33m5LrUStKK...21DuRw7D\u001b[39m) confirmed: \u001b[34m\u001b]8;;https://solscan.io/tx/5LrUStKK71fWeYzwWi3MyeLNpD83Tpcu2eQ6thCDFS2gAeVXSBAggFzMvcUEAQytNzVzmKXxgg8aKrnE21DuRw7D?cluster=mainnet-beta\u001b\\<Transaction link>\u001b]8;;\u001b\\\u001b[39m"}
{"level":30,"time":1745348503801,"name":"close-pool","msg":"Transaction (\u001b[33m5eKfRLKt...Q5c8qC69\u001b[39m) confirmed: \u001b[34m\u001b]8;;https://solscan.io/tx/5eKfRLKteHqrYcph8LfSUrchUSNANcPr9GJLydPrs9zWakgyn6rdABSzomLBksYiyox3AibwfVZCZveTQ5c8qC69?cluster=mainnet-beta\u001b\\<Transaction link>\u001b]8;;\u001b\\\u001b[39m"}
{"level":30,"time":1745348503927,"name":"close-pool","msg":"Transaction (\u001b[33m58s9qYsD...3ypokeq3\u001b[39m) confirmed: \u001b[34m\u001b]8;;https://solscan.io/tx/58s9qYsDSwYsaNz4Vc4hnxXTeLgtB4HT3Avdn5amVXNRRZoZf7rz5yj5DWEUdymjPnMjpU4mU4wgwTda3ypokeq3?cluster=mainnet-beta\u001b\\<Transaction link>\u001b]8;;\u001b\\\u001b[39m"}
{"level":30,"time":1745348504653,"name":"close-pool","msg":"Transaction (\u001b[33m4VKbw36r...jTTuwqyb\u001b[39m) sent to swap \u001b[32m5,158,852.144716\u001b[39m FALLENBOY to ~\u001b[32m0.040853528\u001b[39m WSOL for account (\u001b[35mGAXP...REiR\u001b[39m)"}
{"level":30,"time":1745348504654,"name":"close-pool","msg":"Transaction (\u001b[33m2Q7Krwsg...4vSNYeL3\u001b[39m) confirmed: \u001b[34m\u001b]8;;https://solscan.io/tx/2Q7KrwsgXFr8Brj7i6F1ZsG5Tt5SJsPttzcA3mR35RenY4X9cAUtimiAEkzY9wxBAmGKoTpvQWMMXwTF4vSNYeL3?cluster=mainnet-beta\u001b\\<Transaction link>\u001b]8;;\u001b\\\u001b[39m"}
{"level":30,"time":1745348504907,"name":"close-pool","msg":"Transaction (\u001b[33m4uT86Hfr...3mVa3YbN\u001b[39m) confirmed: \u001b[34m\u001b]8;;https://solscan.io/tx/4uT86HfrrmgJajeEahQ9Z1Dy5RvXQ4LeJyCC5gRt5UqWZepNHzADGfeHwpaa282iYBaQKykokxWZU3yJ3mVa3YbN?cluster=mainnet-beta\u001b\\<Transaction link>\u001b]8;;\u001b\\\u001b[39m"}
{"level":30,"time":1745348505005,"name":"close-pool","msg":"Transaction (\u001b[33m33Pyek5M...dr5AmsWw\u001b[39m) sent to swap \u001b[32m2,117,484.759588\u001b[39m FALLENBOY to ~\u001b[32m0.016907923\u001b[39m WSOL for account (\u001b[35m4Nfd...ZXXd\u001b[39m)"}
{"level":30,"time":1745348505151,"name":"close-pool","msg":"Transaction (\u001b[33m5k7kK8hh...5g1YcUPV\u001b[39m) confirmed: \u001b[34m\u001b]8;;https://solscan.io/tx/5k7kK8hhzPKzUTEHT9Hw2hLDYr34zprxZobfDj8VWi3yMxpCUxMAKDSUZL6uzuQLoYQKfrng2GdANEQj5g1YcUPV?cluster=mainnet-beta\u001b\\<Transaction link>\u001b]8;;\u001b\\\u001b[39m"}
{"level":30,"time":1745348505532,"name":"close-pool","msg":"Transaction (\u001b[33m2Zw4CmGg...S42732di\u001b[39m) confirmed: \u001b[34m\u001b]8;;https://solscan.io/tx/2Zw4CmGgQaaPpeHjwLwW6P92cPRLnQ8kgyaiDjCZfUsnVxN8Fzo457KJiXmn5JDAhbVwmo9c1GKuUUsgS42732di?cluster=mainnet-beta\u001b\\<Transaction link>\u001b]8;;\u001b\\\u001b[39m"}
{"level":30,"time":1745348505844,"name":"close-pool","msg":"Transaction (\u001b[33m2Po29w8c...JjoTVNLC\u001b[39m) sent to swap \u001b[32m2,549,113.207696\u001b[39m FALLENBOY to ~\u001b[32m0.020330464\u001b[39m WSOL for account (\u001b[35m6noH...RSbe\u001b[39m)"}
{"level":30,"time":1745348506150,"name":"close-pool","msg":"Transaction (\u001b[33m5DynuFmw...mafMV8o3\u001b[39m) sent to swap \u001b[32m5,733,781.495521\u001b[39m FALLENBOY to ~\u001b[32m0.045335839\u001b[39m WSOL for account (\u001b[35mA76Z...TcM3\u001b[39m)"}
{"level":30,"time":1745348506580,"name":"close-pool","msg":"Transaction (\u001b[33m3C3Rx76H...e72s5s3h\u001b[39m) confirmed: \u001b[34m\u001b]8;;https://solscan.io/tx/3C3Rx76Hhr9SodB6jz6HhvFQyczSMuqKdpfEZrrQCTHTzsBYhHQzGfafwhznoebuRK4Xq8AchzSpG8Bpe72s5s3h?cluster=mainnet-beta\u001b\\<Transaction link>\u001b]8;;\u001b\\\u001b[39m"}
{"level":30,"time":1745348506580,"name":"close-pool","msg":"Transaction (\u001b[33m3yoWxJJH...wUrPRDye\u001b[39m) confirmed: \u001b[34m\u001b]8;;https://solscan.io/tx/3yoWxJJH4zYc7vaFCW3FhShRkbjrgG3SZ4pFx4XJeXNx1G81t1anXE8qMrZRdJbXR1QbVPjNR79DrpTuwUrPRDye?cluster=mainnet-beta\u001b\\<Transaction link>\u001b]8;;\u001b\\\u001b[39m"}
{"level":30,"time":1745348506897,"name":"close-pool","msg":"Transaction (\u001b[33m4dnMnmfv...EnKyxgBm\u001b[39m) confirmed: \u001b[34m\u001b]8;;https://solscan.io/tx/4dnMnmfvYwwnjka5FyLnW8tLkDiYhdryZ9kAfgupErvSVbsS5QkV6jrYZLX6ECNpxm4fYDq15fuPNDdqEnKyxgBm?cluster=mainnet-beta\u001b\\<Transaction link>\u001b]8;;\u001b\\\u001b[39m"}
{"level":30,"time":1745348507244,"name":"close-pool","msg":"Transaction (\u001b[33m3rgeRgHQ...1VWuqt14\u001b[39m) sent to swap \u001b[32m3,402,836.867195\u001b[39m FALLENBOY to ~\u001b[32m0.027076267\u001b[39m WSOL for account (\u001b[35mFCeW...ebvA\u001b[39m)"}
{"level":30,"time":1745348507365,"name":"close-pool","msg":"Transaction (\u001b[33m4qsVxwRf...r3iDW8md\u001b[39m) sent to swap \u001b[32m3,730,597.477876\u001b[39m FALLENBOY to ~\u001b[32m0.029657785\u001b[39m WSOL for account (\u001b[35mBqaj...kX1Y\u001b[39m)"}
{"level":30,"time":1745348507901,"name":"close-pool","msg":"Transaction (\u001b[33m5A4f16ip...WPF1bRGv\u001b[39m) sent to swap \u001b[32m3,219,836.140749\u001b[39m FALLENBOY to ~\u001b[32m0.025632906\u001b[39m WSOL for account (\u001b[35mFn3H...AQHm\u001b[39m)"}
{"level":30,"time":1745348508708,"name":"close-pool","msg":"Transaction (\u001b[33m5s9Kxixy...Hoq665ps\u001b[39m) sent to swap \u001b[32m2,821,770.144214\u001b[39m FALLENBOY to ~\u001b[32m0.02248831\u001b[39m WSOL for account (\u001b[35mAFDh...N2v6\u001b[39m)"}
{"level":40,"time":1745348508713,"name":"close-pool","msg":"Account (\u001b[35mz5jy...S7AD\u001b[39m) has too low amount to swap: \u001b[32m0.072346\u001b[39m FALLENBOY"}
{"level":30,"time":1745348509549,"name":"close-pool","msg":"Transaction (\u001b[33m5PdQ7Ktj...xhfD4seg\u001b[39m) sent to swap \u001b[32m2,267,930.764685\u001b[39m FALLENBOY to ~\u001b[32m0.018101781\u001b[39m WSOL for account (\u001b[35m2sdU...kfCy\u001b[39m)"}
{"level":30,"time":1745348509788,"name":"close-pool","msg":"Transaction (\u001b[33m4VKbw36r...jTTuwqyb\u001b[39m) confirmed: \u001b[34m\u001b]8;;https://solscan.io/tx/4VKbw36rxE8sP4yavdC8F5yHctt5MX5Z1wTLWGaiXP7mfeHNTHVF2mjBwmBc5K6sYHG5JoANmDpTSS78jTTuwqyb?cluster=mainnet-beta\u001b\\<Transaction link>\u001b]8;;\u001b\\\u001b[39m"}
{"level":30,"time":1745348509842,"name":"close-pool","msg":"Transaction (\u001b[33m2yAVyfJy...SryTH8vb\u001b[39m) sent to swap \u001b[32m2,570,696.211308\u001b[39m FALLENBOY to ~\u001b[32m0.020501392\u001b[39m WSOL for account (\u001b[35mHtfL...YzRX\u001b[39m)"}
{"level":40,"time":1745348510170,"name":"close-pool","msg":"Transaction (\u001b[33m3hCoH8LM...RonqX7uQ\u001b[39m) resent: Transaction (\u001b[33m3hCoH8LM...RonqX7uQ\u001b[39m) failed: \u001b[34m\u001b]8;;https://solscan.io/tx/3hCoH8LMdvhKx7R1wyAxcWEpokzBATcq87ftGDz5svQySNAmoDGwzi9F4LXm34jvcvZjWqssYgQkZqBRonqX7uQ?cluster=mainnet-beta\u001b\\<Transaction link>\u001b]8;;\u001b\\\u001b[39m. Reason: Timeout after \u001b[32m15\u001b[39m sec"}
{"level":30,"time":1745348510190,"name":"close-pool","msg":"Transaction (\u001b[33m33Pyek5M...dr5AmsWw\u001b[39m) confirmed: \u001b[34m\u001b]8;;https://solscan.io/tx/33Pyek5MPKu59KBHDkLjjokY4d4FDmFrjsvXPD7wetgEgY4JHifcCiAYQhEqW4SsN7LQubjoS5HKgFdGdr5AmsWw?cluster=mainnet-beta\u001b\\<Transaction link>\u001b]8;;\u001b\\\u001b[39m"}
{"level":40,"time":1745348510203,"name":"close-pool","msg":"Transaction (\u001b[33m413qx5eK...zDRpTNGu\u001b[39m) resent: Transaction (\u001b[33m413qx5eK...zDRpTNGu\u001b[39m) failed: \u001b[34m\u001b]8;;https://solscan.io/tx/413qx5eKiMcd2ZUXHnu6ZhhfxbXf3ESHDnmBRCtFUSntutBRoiWe4Z4kWfcM5sw177gwNs6KvE8N5nBhzDRpTNGu?cluster=mainnet-beta\u001b\\<Transaction link>\u001b]8;;\u001b\\\u001b[39m. Reason: Timeout after \u001b[32m15\u001b[39m sec"}
{"level":30,"time":1745348510311,"name":"close-pool","msg":"Transaction (\u001b[33m3hCoH8LM...RonqX7uQ\u001b[39m) sent to swap \u001b[32m4,688,609.090815\u001b[39m FALLENBOY to ~\u001b[32m0.037176987\u001b[39m WSOL for account (\u001b[35m3V3J...ih5H\u001b[39m)"}
{"level":30,"time":1745348510629,"name":"close-pool","msg":"Transaction (\u001b[33m2zor9eCZ...w5sgeuZ6\u001b[39m) sent to swap \u001b[32m424.420675\u001b[39m FALLENBOY to ~\u001b[32m0.000003408\u001b[39m WSOL for account (\u001b[35mF3bu...wGk7\u001b[39m)"}
{"level":30,"time":1745348510821,"name":"close-pool","msg":"Transaction (\u001b[33m413qx5eK...zDRpTNGu\u001b[39m) sent to swap \u001b[32m3,660,419.263597\u001b[39m FALLENBOY to ~\u001b[32m0.029105433\u001b[39m WSOL for account (\u001b[35mG1xF...Uevr\u001b[39m)"}
{"level":30,"time":1745348510993,"name":"close-pool","msg":"Transaction (\u001b[33m2Po29w8c...JjoTVNLC\u001b[39m) confirmed: \u001b[34m\u001b]8;;https://solscan.io/tx/2Po29w8ceRKmfCJrc6CprbCkQgMXXG9Xuuf3d6Q3xhoXcVC6k8atoMfd1vitbVLBZyHmbj88V5sZw5adJjoTVNLC?cluster=mainnet-beta\u001b\\<Transaction link>\u001b]8;;\u001b\\\u001b[39m"}
{"level":30,"time":1745348511289,"name":"close-pool","msg":"Transaction (\u001b[33m5DynuFmw...mafMV8o3\u001b[39m) confirmed: \u001b[34m\u001b]8;;https://solscan.io/tx/5DynuFmw2D31eUCtFoitEE2vqysb5tnTYsn6qSHETnj7JsvNv2XzbRCnm9xYo7WorWFhV6TffhKNSzxomafMV8o3?cluster=mainnet-beta\u001b\\<Transaction link>\u001b]8;;\u001b\\\u001b[39m"}
{"level":30,"time":1745348512394,"name":"close-pool","msg":"Transaction (\u001b[33m3rgeRgHQ...1VWuqt14\u001b[39m) confirmed: \u001b[34m\u001b]8;;https://solscan.io/tx/3rgeRgHQ1z9oRdwK1GSmVNcUk6FkNY1eUD7Lfuy9yGp7t4BXVYLZRJKP1pNMMcKpJEFa8EqCYaVscw8Q1VWuqt14?cluster=mainnet-beta\u001b\\<Transaction link>\u001b]8;;\u001b\\\u001b[39m"}
{"level":30,"time":1745348512953,"name":"close-pool","msg":"Transaction (\u001b[33m4qsVxwRf...r3iDW8md\u001b[39m) confirmed: \u001b[34m\u001b]8;;https://solscan.io/tx/4qsVxwRfxmw38YA6JPxdYaCj5dohyJrGyhxe5GRLtbBfNR9UQYQ75S3TEzqA5ZBHE96kNWFDMH8QfoBTr3iDW8md?cluster=mainnet-beta\u001b\\<Transaction link>\u001b]8;;\u001b\\\u001b[39m"}
{"level":30,"time":1745348513042,"name":"close-pool","msg":"Transaction (\u001b[33m5A4f16ip...WPF1bRGv\u001b[39m) confirmed: \u001b[34m\u001b]8;;https://solscan.io/tx/5A4f16ipKJt64VeAhGMqp9fZ5A6oanTxHKUxnVcXCJ8UJ1BedgYYy7pnYDzfKDUbBFX3jiKfjE4MTQzdWPF1bRGv?cluster=mainnet-beta\u001b\\<Transaction link>\u001b]8;;\u001b\\\u001b[39m"}
{"level":30,"time":1745348513829,"name":"close-pool","msg":"Transaction (\u001b[33m5s9Kxixy...Hoq665ps\u001b[39m) confirmed: \u001b[34m\u001b]8;;https://solscan.io/tx/5s9Kxixyc1R1x6FYBUEZn1bguANtkHcRevZvYCTq7WaHScVE6uXPtbRUMLvy4on4uJwHsXUVGrsq5r8RHoq665ps?cluster=mainnet-beta\u001b\\<Transaction link>\u001b]8;;\u001b\\\u001b[39m"}
{"level":30,"time":1745348514319,"name":"close-pool","msg":"Transaction (\u001b[33m3yBUzvf5...36QStw6a\u001b[39m) sent to swap \u001b[32m465,962.235042\u001b[39m FALLENBOY to ~\u001b[32m0.003737529\u001b[39m WSOL for account (\u001b[35mCPS5...yeTB\u001b[39m)"}
{"level":30,"time":1745348514386,"name":"close-pool","msg":"Transaction (\u001b[33m2ThgtFvy...aYB23zvX\u001b[39m) sent to swap \u001b[32m3,936,515.627235\u001b[39m FALLENBOY to ~\u001b[32m0.031277291\u001b[39m WSOL for account (\u001b[35m8pX3...E5Qb\u001b[39m)"}
{"level":30,"time":1745348514721,"name":"close-pool","msg":"Transaction (\u001b[33m5PdQ7Ktj...xhfD4seg\u001b[39m) confirmed: \u001b[34m\u001b]8;;https://solscan.io/tx/5PdQ7Ktj4Ee2Pkv2hyVcNYZoNDrskFYiwZy3zUJA2jCg7eWQ1LmR4SqTpGBid2HSPxis7zeZEWwCx8f5xhfD4seg?cluster=mainnet-beta\u001b\\<Transaction link>\u001b]8;;\u001b\\\u001b[39m"}
{"level":30,"time":1745348514981,"name":"close-pool","msg":"Transaction (\u001b[33m2yAVyfJy...SryTH8vb\u001b[39m) confirmed: \u001b[34m\u001b]8;;https://solscan.io/tx/2yAVyfJy43ayjLyqYJ5ZUdKWXJyChLaqQLn8gvWxSaGiaJjaCvT2Zq7nDJ4aoouZjrGa9MTbFrKWeVpFSryTH8vb?cluster=mainnet-beta\u001b\\<Transaction link>\u001b]8;;\u001b\\\u001b[39m"}
{"level":30,"time":1745348515334,"name":"close-pool","msg":"Transaction (\u001b[33m4vcxWzqG...v4xG56UA\u001b[39m) sent to swap \u001b[32m380.463818\u001b[39m FALLENBOY to ~\u001b[32m0.000003055\u001b[39m WSOL for account (\u001b[35mFBGD...ACn5\u001b[39m)"}
{"level":30,"time":1745348515682,"name":"close-pool","msg":"Transaction (\u001b[33m3hCoH8LM...RonqX7uQ\u001b[39m) confirmed: \u001b[34m\u001b]8;;https://solscan.io/tx/3hCoH8LMdvhKx7R1wyAxcWEpokzBATcq87ftGDz5svQySNAmoDGwzi9F4LXm34jvcvZjWqssYgQkZqBRonqX7uQ?cluster=mainnet-beta\u001b\\<Transaction link>\u001b]8;;\u001b\\\u001b[39m"}
{"level":30,"time":1745348515739,"name":"close-pool","msg":"Transaction (\u001b[33m4Rx1JbD6...CWrAzcUe\u001b[39m) sent to swap \u001b[32m2,720,802.471276\u001b[39m FALLENBOY to ~\u001b[32m0.021689612\u001b[39m WSOL for account (\u001b[35m9JCF...nga5\u001b[39m)"}
{"level":30,"time":1745348515783,"name":"close-pool","msg":"Transaction (\u001b[33m5vXHBjps...h3sGtWQN\u001b[39m) sent to swap \u001b[32m3,071,132.139092\u001b[39m FALLENBOY to ~\u001b[32m0.024458989\u001b[39m WSOL for account (\u001b[35mGMRm...soJA\u001b[39m)"}
{"level":30,"time":1745348515960,"name":"close-pool","msg":"Transaction (\u001b[33m413qx5eK...zDRpTNGu\u001b[39m) confirmed: \u001b[34m\u001b]8;;https://solscan.io/tx/413qx5eKiMcd2ZUXHnu6ZhhfxbXf3ESHDnmBRCtFUSntutBRoiWe4Z4kWfcM5sw177gwNs6KvE8N5nBhzDRpTNGu?cluster=mainnet-beta\u001b\\<Transaction link>\u001b]8;;\u001b\\\u001b[39m"}
{"level":30,"time":1745348516061,"name":"close-pool","msg":"Transaction (\u001b[33m2zor9eCZ...w5sgeuZ6\u001b[39m) confirmed: \u001b[34m\u001b]8;;https://solscan.io/tx/2zor9eCZEzrHXfzTuyqJFN8oSVNQpDbiJ95E67Wbivnwc6tn3C4aSPvpsJi6pmmzAZTYddeDcm8ZBiCPw5sgeuZ6?cluster=mainnet-beta\u001b\\<Transaction link>\u001b]8;;\u001b\\\u001b[39m"}
{"level":30,"time":1745348516175,"name":"close-pool","msg":"Transaction (\u001b[33m5H97W9u8...qwtAt7dR\u001b[39m) sent to swap \u001b[32m3,024,385.212562\u001b[39m FALLENBOY to ~\u001b[32m0.024089758\u001b[39m WSOL for account (\u001b[35m4ASe...23VZ\u001b[39m)"}
{"level":30,"time":1745348516308,"name":"close-pool","msg":"Transaction (\u001b[33m38GFumTC...w7TXdaPo\u001b[39m) sent to swap \u001b[32m3,299,223.958008\u001b[39m FALLENBOY to ~\u001b[32m0.026259229\u001b[39m WSOL for account (\u001b[35mEMjC...Nb52\u001b[39m)"}
{"level":30,"time":1745348517014,"name":"close-pool","msg":"Transaction (\u001b[33m2zdCkXzA...Sj6gtQw5\u001b[39m) sent to swap \u001b[32m845.531846\u001b[39m FALLENBOY to ~\u001b[32m0.00000679\u001b[39m WSOL for account (\u001b[35m89m5...XC5C\u001b[39m)"}
{"level":30,"time":1745348517568,"name":"close-pool","msg":"Transaction (\u001b[33m5bQoVvWG...GcLyVoM4\u001b[39m) sent to swap \u001b[32m5,126,321.102991\u001b[39m FALLENBOY to ~\u001b[32m0.04059949\u001b[39m WSOL for account (\u001b[35mHrxK...Li43\u001b[39m)"}
{"level":30,"time":1745348517821,"name":"close-pool","msg":"Transaction (\u001b[33m3RZQoMbv...jVNJsDZP\u001b[39m) sent to swap \u001b[32m521,279.104035\u001b[39m FALLENBOY to ~\u001b[32m0.004180596\u001b[39m WSOL for account (\u001b[35m5rsM...igmh\u001b[39m)"}
{"level":30,"time":1745348519460,"name":"close-pool","msg":"Transaction (\u001b[33m3yBUzvf5...36QStw6a\u001b[39m) confirmed: \u001b[34m\u001b]8;;https://solscan.io/tx/3yBUzvf51xrdQwHhdjTuLxvxCVexStkcVBCu7BvCuJzhhH9CuXa6sB5d6EXZiPLFXSYVxhjKQkNYxGMT36QStw6a?cluster=mainnet-beta\u001b\\<Transaction link>\u001b]8;;\u001b\\\u001b[39m"}
{"level":30,"time":1745348519522,"name":"close-pool","msg":"Transaction (\u001b[33m2ThgtFvy...aYB23zvX\u001b[39m) confirmed: \u001b[34m\u001b]8;;https://solscan.io/tx/2ThgtFvytENUUmR4vbRq5yasLuVZtidPrg23MhZLStQucAeEptN2hqKh4M2eYxLB32uHtLM8ceDugPEVaYB23zvX?cluster=mainnet-beta\u001b\\<Transaction link>\u001b]8;;\u001b\\\u001b[39m"}
{"level":30,"time":1745348520195,"name":"close-pool","msg":"Transaction (\u001b[33m5f8fpQ68...mnunDp5N\u001b[39m) sent to swap \u001b[32m574,609.452648\u001b[39m FALLENBOY to ~\u001b[32m0.004607625\u001b[39m WSOL for account (\u001b[35m4JH2...cHtB\u001b[39m)"}
{"level":30,"time":1745348520474,"name":"close-pool","msg":"Transaction (\u001b[33m4vcxWzqG...v4xG56UA\u001b[39m) confirmed: \u001b[34m\u001b]8;;https://solscan.io/tx/4vcxWzqGva8FF5LodctBPUJqq6sU4ksqHRrLCzzJRALbspjKXXeWnD5DBXrzXobHcLg7oY77EDF1LZXpv4xG56UA?cluster=mainnet-beta\u001b\\<Transaction link>\u001b]8;;\u001b\\\u001b[39m"}
{"level":30,"time":1745348520635,"name":"close-pool","msg":"Transaction (\u001b[33m3p2hxDKk...4qnb8QNx\u001b[39m) sent to swap \u001b[32m2,908,733.006292\u001b[39m FALLENBOY to ~\u001b[32m0.023175872\u001b[39m WSOL for account (\u001b[35m4wis...4893\u001b[39m)"}
{"level":30,"time":1745348520890,"name":"close-pool","msg":"Transaction (\u001b[33m4Rx1JbD6...CWrAzcUe\u001b[39m) confirmed: \u001b[34m\u001b]8;;https://solscan.io/tx/4Rx1JbD6wjXdfzmZ8Gv45uTBzwjrsksQfQMVpMw2Qci4cAXmNaVoKjeXjUo2EgrZF2nHhGRcAzw5EKW1CWrAzcUe?cluster=mainnet-beta\u001b\\<Transaction link>\u001b]8;;\u001b\\\u001b[39m"}
{"level":30,"time":1745348521012,"name":"close-pool","msg":"Transaction (\u001b[33m2uzf7Z4X...PGcs3qha\u001b[39m) sent to swap \u001b[32m2,923,927.181877\u001b[39m FALLENBOY to ~\u001b[32m0.023295969\u001b[39m WSOL for account (\u001b[35mBbMw...kPUg\u001b[39m)"}
{"level":30,"time":1745348521317,"name":"close-pool","msg":"Transaction (\u001b[33m5H97W9u8...qwtAt7dR\u001b[39m) confirmed: \u001b[34m\u001b]8;;https://solscan.io/tx/5H97W9u8E5p7EhfUDGbwUmWoEvK3Pq7bu7P3aGAgDcsRaR6GoFt51dVjvsb7WKd8YLjoM89bDXNnXw5WqwtAt7dR?cluster=mainnet-beta\u001b\\<Transaction link>\u001b]8;;\u001b\\\u001b[39m"}
{"level":30,"time":1745348521411,"name":"close-pool","msg":"Transaction (\u001b[33m5vXHBjps...h3sGtWQN\u001b[39m) confirmed: \u001b[34m\u001b]8;;https://solscan.io/tx/5vXHBjpskNf1Ginu5Xom2coHgLC3ZJyqqiwwXDoW5vSYj2ntR63fqaG9dEhTWnySjZEggixvbdoji1i1h3sGtWQN?cluster=mainnet-beta\u001b\\<Transaction link>\u001b]8;;\u001b\\\u001b[39m"}
{"level":30,"time":1745348521432,"name":"close-pool","msg":"Transaction (\u001b[33m38GFumTC...w7TXdaPo\u001b[39m) confirmed: \u001b[34m\u001b]8;;https://solscan.io/tx/38GFumTCuHF1wRnkjRzAQTMAPNAuQNV7T4rjTSSRgjPEyp2Vu8DQm49g7pcriPK1L8Wt3E1UX89wfC2zw7TXdaPo?cluster=mainnet-beta\u001b\\<Transaction link>\u001b]8;;\u001b\\\u001b[39m"}
{"level":30,"time":1745348521807,"name":"close-pool","msg":"Transaction (\u001b[33m28vyw7yo...Z35DYTtu\u001b[39m) sent to swap \u001b[32m451.09235\u001b[39m FALLENBOY to ~\u001b[32m0.000003622\u001b[39m WSOL for account (\u001b[35m61Mf...JRX1\u001b[39m)"}
{"level":30,"time":1745348521917,"name":"close-pool","msg":"Transaction (\u001b[33m4LNnVwHU...Eafnchxq\u001b[39m) sent to swap \u001b[32m361,859.615676\u001b[39m FALLENBOY to ~\u001b[32m0.002903341\u001b[39m WSOL for account (\u001b[35mHYNr...exUJ\u001b[39m)"}
{"level":30,"time":1745348522153,"name":"close-pool","msg":"Transaction (\u001b[33m2zdCkXzA...Sj6gtQw5\u001b[39m) confirmed: \u001b[34m\u001b]8;;https://solscan.io/tx/2zdCkXzAq9p86x4pgG4jKdBdNb17eJLTP9cWWEhc6LLGTMunhE2DcWPhH6B5XGEGVwhjziAYypxNvucQSj6gtQw5?cluster=mainnet-beta\u001b\\<Transaction link>\u001b]8;;\u001b\\\u001b[39m"}
{"level":30,"time":1745348522918,"name":"close-pool","msg":"Transaction (\u001b[33m5bQoVvWG...GcLyVoM4\u001b[39m) confirmed: \u001b[34m\u001b]8;;https://solscan.io/tx/5bQoVvWG8SwKcuuZV6aa1DYn1oiUvupfBJ4SnvjJKzUkmMGShiBUegrBKkWLeh55SASG2hYfGhKrZikfGcLyVoM4?cluster=mainnet-beta\u001b\\<Transaction link>\u001b]8;;\u001b\\\u001b[39m"}
{"level":30,"time":1745348522919,"name":"close-pool","msg":"Transaction (\u001b[33m5FqhKwxX...M9ovbyyM\u001b[39m) sent to swap \u001b[32m3,284,651.870613\u001b[39m FALLENBOY to ~\u001b[32m0.026144284\u001b[39m WSOL for account (\u001b[35mHe5c...3aVZ\u001b[39m)"}
{"level":30,"time":1745348523000,"name":"close-pool","msg":"Transaction (\u001b[33m3RZQoMbv...jVNJsDZP\u001b[39m) confirmed: \u001b[34m\u001b]8;;https://solscan.io/tx/3RZQoMbvrYtGenAQmHG1iFqwUKFemcFNdthmxuGhNYyjWyH4u6jGojLLNXRjiGqURLwuUjiAvDtMo3ukjVNJsDZP?cluster=mainnet-beta\u001b\\<Transaction link>\u001b]8;;\u001b\\\u001b[39m"}
{"level":30,"time":1745348523022,"name":"close-pool","msg":"Transaction (\u001b[33m27CoT8GL...bxvG6uvc\u001b[39m) sent to swap \u001b[32m4,673,556.846053\u001b[39m FALLENBOY to ~\u001b[32m0.037059148\u001b[39m WSOL for account (\u001b[35mHJDf...oen3\u001b[39m)"}
{"level":30,"time":1745348523148,"name":"close-pool","msg":"Transaction (\u001b[33m5x7tnSu5...UM67u9bH\u001b[39m) sent to swap \u001b[32m2,962,915.348619\u001b[39m FALLENBOY to ~\u001b[32m0.023604094\u001b[39m WSOL for account (\u001b[35m6b7G...NZkB\u001b[39m)"}
{"level":30,"time":1745348524087,"name":"close-pool","msg":"Transaction (\u001b[33mi8YGaFue...TFHjj2d9\u001b[39m) sent to swap \u001b[32m533.584351\u001b[39m FALLENBOY to ~\u001b[32m0.000004285\u001b[39m WSOL for account (\u001b[35mrnAB...vXvB\u001b[39m)"}
{"level":30,"time":1745348525038,"name":"close-pool","msg":"Transaction (\u001b[33m4T8tcdwf...sWrsJt1r\u001b[39m) sent to swap \u001b[32m3,705,492.903982\u001b[39m FALLENBOY to ~\u001b[32m0.029460219\u001b[39m WSOL for account (\u001b[35m6eNZ...dYfK\u001b[39m)"}
{"level":30,"time":1745348525332,"name":"close-pool","msg":"Transaction (\u001b[33m5f8fpQ68...mnunDp5N\u001b[39m) confirmed: \u001b[34m\u001b]8;;https://solscan.io/tx/5f8fpQ68tbGmDH18dcG3a5LGcjuboKAkzuLe6Vg5GLPmjaZjBP5EZp5XKjjikhNw4TtYUXuPm7eS9A8SmnunDp5N?cluster=mainnet-beta\u001b\\<Transaction link>\u001b]8;;\u001b\\\u001b[39m"}
{"level":30,"time":1745348525428,"name":"close-pool","msg":"Transaction (\u001b[33m2wcmUQLW...3kCT6F5d\u001b[39m) sent to swap \u001b[32m301.861491\u001b[39m FALLENBOY to ~\u001b[32m0.000002424\u001b[39m WSOL for account (\u001b[35mDMY8...ZoDW\u001b[39m)"}
{"level":30,"time":1745348525975,"name":"close-pool","msg":"Transaction (\u001b[33m3p2hxDKk...4qnb8QNx\u001b[39m) confirmed: \u001b[34m\u001b]8;;https://solscan.io/tx/3p2hxDKk246Ycj2nM6d9kbPYN5PnLQfmMWnaCcgDBTxdYjLhRDj7phsGFqTwBDNFaJQm1YxHmCBoT2Rc4qnb8QNx?cluster=mainnet-beta\u001b\\<Transaction link>\u001b]8;;\u001b\\\u001b[39m"}
{"level":30,"time":1745348526234,"name":"close-pool","msg":"Transaction (\u001b[33m2uzf7Z4X...PGcs3qha\u001b[39m) confirmed: \u001b[34m\u001b]8;;https://solscan.io/tx/2uzf7Z4X2c5z6i5SAfWyk3PFWepuSK8nwBanj4UzmaBqnqafko7HhFXacy96Wsus4tHZWU2JdrRHuGsaPGcs3qha?cluster=mainnet-beta\u001b\\<Transaction link>\u001b]8;;\u001b\\\u001b[39m"}
{"level":30,"time":1745348526443,"name":"close-pool","msg":"Transaction (\u001b[33m5QbU5FR8...t2yUWDZZ\u001b[39m) sent to swap \u001b[32m2,878,180.976153\u001b[39m FALLENBOY to ~\u001b[32m0.022934353\u001b[39m WSOL for account (\u001b[35mqHC9...kbBD\u001b[39m)"}
{"level":30,"time":1745348526964,"name":"close-pool","msg":"Transaction (\u001b[33m28vyw7yo...Z35DYTtu\u001b[39m) confirmed: \u001b[34m\u001b]8;;https://solscan.io/tx/28vyw7yocKdD89VLkavrYd9tt6uUXgaWJa2EmsaTxD7wY1HmEpCi3NFtqc5XUeAaAFSiQPQct7g5WXxQZ35DYTtu?cluster=mainnet-beta\u001b\\<Transaction link>\u001b]8;;\u001b\\\u001b[39m"}
{"level":30,"time":1745348527087,"name":"close-pool","msg":"Transaction (\u001b[33m4LNnVwHU...Eafnchxq\u001b[39m) confirmed: \u001b[34m\u001b]8;;https://solscan.io/tx/4LNnVwHULw6dutPipcxrGUiqqn1PMAUgDtPUouRrpW21YHRsbyXVEgiD3ZdDX42g8RXxGmReY6h5m6bSEafnchxq?cluster=mainnet-beta\u001b\\<Transaction link>\u001b]8;;\u001b\\\u001b[39m"}
{"level":30,"time":1745348527452,"name":"close-pool","msg":"Transaction (\u001b[33mzzk9s9cL...SEFPgE6L\u001b[39m) sent to swap \u001b[32m3,576,372.033936\u001b[39m FALLENBOY to ~\u001b[32m0.028443644\u001b[39m WSOL for account (\u001b[35mGvnv...kyzf\u001b[39m)"}
{"level":30,"time":1745348527868,"name":"close-pool","msg":"Transaction (\u001b[33m598sUhWx...MPfXJ1rk\u001b[39m) sent to swap \u001b[32m6,876,743.535078\u001b[39m FALLENBOY to ~\u001b[32m0.05420541\u001b[39m WSOL for account (\u001b[35mGLWH...3E5w\u001b[39m)"}
{"level":30,"time":1745348528044,"name":"close-pool","msg":"Transaction (\u001b[33m5FqhKwxX...M9ovbyyM\u001b[39m) confirmed: \u001b[34m\u001b]8;;https://solscan.io/tx/5FqhKwxXx2qXF82hAuSVNwLDw33GfMRSSmovhajp5zJq8w96oziUB1YXZDn7ZWs9rxYoqVC7DRFd5nSZM9ovbyyM?cluster=mainnet-beta\u001b\\<Transaction link>\u001b]8;;\u001b\\\u001b[39m"}
{"level":30,"time":1745348528303,"name":"close-pool","msg":"Transaction (\u001b[33m5x7tnSu5...UM67u9bH\u001b[39m) confirmed: \u001b[34m\u001b]8;;https://solscan.io/tx/5x7tnSu5bo5D2eVviZ99P33bkPfRKFLSsBKRN5YPm9FQtthzxT7USYnXVMwWprLokyHxE1qCqK1AEQAkUM67u9bH?cluster=mainnet-beta\u001b\\<Transaction link>\u001b]8;;\u001b\\\u001b[39m"}
{"level":30,"time":1745348528431,"name":"close-pool","msg":"Transaction (\u001b[33m3AiDtdij...hwv5ooed\u001b[39m) sent to swap \u001b[32m3,274,548.603033\u001b[39m FALLENBOY to ~\u001b[32m0.026064584\u001b[39m WSOL for account (\u001b[35m88dJ...RS68\u001b[39m)"}
{"level":30,"time":1745348528577,"name":"close-pool","msg":"Transaction (\u001b[33m27CoT8GL...bxvG6uvc\u001b[39m) confirmed: \u001b[34m\u001b]8;;https://solscan.io/tx/27CoT8GL2vwmCCYfGmCexSivfn62i7nLdtwq8shQX422jiUzFLzGijBtkVe4FDxqezZWy2oq7UE2p8p3bxvG6uvc?cluster=mainnet-beta\u001b\\<Transaction link>\u001b]8;;\u001b\\\u001b[39m"}
{"level":30,"time":1745348528758,"name":"close-pool","msg":"Transaction (\u001b[33m3xZAFHcH...GQPfcJpc\u001b[39m) sent to swap \u001b[32m571,346.492363\u001b[39m FALLENBOY to ~\u001b[32m0.004581501\u001b[39m WSOL for account (\u001b[35m97YL...cExM\u001b[39m)"}
{"level":30,"time":1745348529246,"name":"close-pool","msg":"Transaction (\u001b[33mi8YGaFue...TFHjj2d9\u001b[39m) confirmed: \u001b[34m\u001b]8;;https://solscan.io/tx/i8YGaFue9MHYpJd3tTpovQyMs6GyxLNvrMAPeJGYKgaEBX7eRYtw7bz3sX1qYTiyyXTrVea2PBdFCQoTFHjj2d9?cluster=mainnet-beta\u001b\\<Transaction link>\u001b]8;;\u001b\\\u001b[39m"}
{"level":30,"time":1745348529835,"name":"close-pool","msg":"Transaction (\u001b[33m63V6bjvW...yMf9j63E\u001b[39m) sent to swap \u001b[32m2,372,429.131293\u001b[39m FALLENBOY to ~\u001b[32m0.018930446\u001b[39m WSOL for account (\u001b[35mxZey...o7NC\u001b[39m)"}
{"level":30,"time":1745348530135,"name":"close-pool","msg":"Transaction (\u001b[33m5mGgZDaM...HJT55vAi\u001b[39m) sent to swap \u001b[32m5,741,008.126947\u001b[39m FALLENBOY to ~\u001b[32m0.045392091\u001b[39m WSOL for account (\u001b[35m9611...nHts\u001b[39m)"}
{"level":30,"time":1745348530188,"name":"close-pool","msg":"Transaction (\u001b[33m4T8tcdwf...sWrsJt1r\u001b[39m) confirmed: \u001b[34m\u001b]8;;https://solscan.io/tx/4T8tcdwf8ZMBTCJs2GTFcimDVnivoAScUQsfsqjx189vDGdr5oXsdPRjBet6U157XnqPstLxbKvBnEkNsWrsJt1r?cluster=mainnet-beta\u001b\\<Transaction link>\u001b]8;;\u001b\\\u001b[39m"}
{"level":30,"time":1745348530903,"name":"close-pool","msg":"Transaction (\u001b[33m2wcmUQLW...3kCT6F5d\u001b[39m) confirmed: \u001b[34m\u001b]8;;https://solscan.io/tx/2wcmUQLWrwP8textY4WfsfmXwZQrDpEKECXeK9YjS26LdK1BcMeUfzhN5UpTy5uNEbRkMfWj5No9ykUj3kCT6F5d?cluster=mainnet-beta\u001b\\<Transaction link>\u001b]8;;\u001b\\\u001b[39m"}
{"level":30,"time":1745348531653,"name":"close-pool","msg":"Transaction (\u001b[33m5QbU5FR8...t2yUWDZZ\u001b[39m) confirmed: \u001b[34m\u001b]8;;https://solscan.io/tx/5QbU5FR8X2ULyMhkTKnx3PR77157PbLGVdKEtg9cveTre3mNNZqcjPkNwK3EZzK5U2rGnoNqTmt7Zeb9t2yUWDZZ?cluster=mainnet-beta\u001b\\<Transaction link>\u001b]8;;\u001b\\\u001b[39m"}
{"level":30,"time":1745348532482,"name":"close-pool","msg":"Transaction (\u001b[33m22dJyxVG...Bn9hNkgU\u001b[39m) sent to swap \u001b[32m2,773,796.0121\u001b[39m FALLENBOY to ~\u001b[32m0.022108869\u001b[39m WSOL for account (\u001b[35mEqXv...ttGq\u001b[39m)"}
{"level":30,"time":1745348532596,"name":"close-pool","msg":"Transaction (\u001b[33mzzk9s9cL...SEFPgE6L\u001b[39m) confirmed: \u001b[34m\u001b]8;;https://solscan.io/tx/zzk9s9cLfJFecZodGRb8gedxxwNe2AGdaTGYUDnjsLWo66pH9pCwqFUa4h1a7a1JVmeUEueVcjKVeFwSEFPgE6L?cluster=mainnet-beta\u001b\\<Transaction link>\u001b]8;;\u001b\\\u001b[39m"}
{"level":30,"time":1745348533077,"name":"close-pool","msg":"Transaction (\u001b[33m598sUhWx...MPfXJ1rk\u001b[39m) confirmed: \u001b[34m\u001b]8;;https://solscan.io/tx/598sUhWx5rGP848AP9yN2G64dkEBHJkBMAagaBBMkDF6awwW7ZFeha68DeqwvxDnCqfgz9H1q415E1WTMPfXJ1rk?cluster=mainnet-beta\u001b\\<Transaction link>\u001b]8;;\u001b\\\u001b[39m"}
{"level":30,"time":1745348533618,"name":"close-pool","msg":"Transaction (\u001b[33m3AiDtdij...hwv5ooed\u001b[39m) confirmed: \u001b[34m\u001b]8;;https://solscan.io/tx/3AiDtdijJozfZsYCoH9vwqHT7SYyJis8BYQNoC34S3ieTLzg5vZ3U9kDQh42Y8wVcQ7MnasE3jTLPfkxhwv5ooed?cluster=mainnet-beta\u001b\\<Transaction link>\u001b]8;;\u001b\\\u001b[39m"}
{"level":30,"time":1745348533761,"name":"close-pool","msg":"Transaction (\u001b[33m47EV83nZ...ptPTEqCg\u001b[39m) sent to swap \u001b[32m830.687059\u001b[39m FALLENBOY to ~\u001b[32m0.000006671\u001b[39m WSOL for account (\u001b[35mA1Ug...rvkG\u001b[39m)"}
{"level":30,"time":1745348533898,"name":"close-pool","msg":"Transaction (\u001b[33m3xZAFHcH...GQPfcJpc\u001b[39m) confirmed: \u001b[34m\u001b]8;;https://solscan.io/tx/3xZAFHcHT1hCh5u23iHvdgNAAB12XFDgk5DKdjAnErchcGnPWpYipt3nZSEAptVcP7oo3ZZrWnHqSaXhGQPfcJpc?cluster=mainnet-beta\u001b\\<Transaction link>\u001b]8;;\u001b\\\u001b[39m"}
{"level":30,"time":1745348534087,"name":"close-pool","msg":"Transaction (\u001b[33m2AJg9kAP...1awJacyt\u001b[39m) sent to swap \u001b[32m521,789.389236\u001b[39m FALLENBOY to ~\u001b[32m0.004184683\u001b[39m WSOL for account (\u001b[35m3LDD...a7kN\u001b[39m)"}
{"level":30,"time":1745348534875,"name":"close-pool","msg":"Transaction (\u001b[33m55LETWVs...V3HxztXt\u001b[39m) sent to swap \u001b[32m3,014,163.965116\u001b[39m FALLENBOY to ~\u001b[32m0.024009012\u001b[39m WSOL for account (\u001b[35m6Kik...m6a8\u001b[39m)"}
{"level":30,"time":1745348534962,"name":"close-pool","msg":"Transaction (\u001b[33m63V6bjvW...yMf9j63E\u001b[39m) confirmed: \u001b[34m\u001b]8;;https://solscan.io/tx/63V6bjvWwwh3LPm4RonAi4oje4368CswzVN9ci3LgKboHQmdoZ2J9CF5e8z42hkZPYeQzBhXyCGxNeqGyMf9j63E?cluster=mainnet-beta\u001b\\<Transaction link>\u001b]8;;\u001b\\\u001b[39m"}
{"level":30,"time":1745348535057,"name":"close-pool","msg":"Transaction (\u001b[33m4yvtKDZB...PsFkkqCg\u001b[39m) sent to swap \u001b[32m2,814,400.706814\u001b[39m FALLENBOY to ~\u001b[32m0.02243003\u001b[39m WSOL for account (\u001b[35mFevi...Bw95\u001b[39m)"}
{"level":30,"time":1745348535302,"name":"close-pool","msg":"Transaction (\u001b[33m5mGgZDaM...HJT55vAi\u001b[39m) confirmed: \u001b[34m\u001b]8;;https://solscan.io/tx/5mGgZDaMsvGSBvPKoFfLXW7XDaci41Xd1rXciTeV2Z1nqVo9G4uHh1gTrggM1rasU5KuSaanaWyBomXwHJT55vAi?cluster=mainnet-beta\u001b\\<Transaction link>\u001b]8;;\u001b\\\u001b[39m"}
{"level":30,"time":1745348535880,"name":"close-pool","msg":"Transaction (\u001b[33m5HxVUTd8...j8iyToRw\u001b[39m) sent to swap \u001b[32m5,296,419.941483\u001b[39m FALLENBOY to ~\u001b[32m0.041927316\u001b[39m WSOL for account (\u001b[35mEoEd...WX12\u001b[39m)"}
{"level":30,"time":1745348536419,"name":"close-pool","msg":"Transaction (\u001b[33m5TMwDix8...2Hh5aL7L\u001b[39m) sent to swap \u001b[32m3,206,150.370896\u001b[39m FALLENBOY to ~\u001b[32m0.025524906\u001b[39m WSOL for account (\u001b[35mH29p...U8sk\u001b[39m)"}
{"level":30,"time":1745348537134,"name":"close-pool","msg":"Transaction (\u001b[33m5oBPoWHe...yQUwY4HZ\u001b[39m) sent to swap \u001b[32m4,227,364.790018\u001b[39m FALLENBOY to ~\u001b[32m0.033561677\u001b[39m WSOL for account (\u001b[35mBMsX...VF49\u001b[39m)"}
{"level":30,"time":1745348537213,"name":"close-pool","msg":"Transaction (\u001b[33m4da8t4uQ...aeV2Czuw\u001b[39m) sent to swap \u001b[32m2,970,506.967854\u001b[39m FALLENBOY to ~\u001b[32m0.023664083\u001b[39m WSOL for account (\u001b[35mG7Tj...Se2W\u001b[39m)"}
{"level":30,"time":1745348537325,"name":"close-pool","msg":"Transaction (\u001b[33m3R1R7Lip...4dKYvsP6\u001b[39m) sent to swap \u001b[32m2,520,482.842935\u001b[39m FALLENBOY to ~\u001b[32m0.020103693\u001b[39m WSOL for account (\u001b[35m7Aoq...f1Aq\u001b[39m)"}
{"level":40,"time":1745348537586,"name":"close-pool","msg":"Account (\u001b[35mFawF...Wfgy\u001b[39m) has too low amount to swap: \u001b[32m0.024954\u001b[39m FALLENBOY"}
{"level":30,"time":1745348537624,"name":"close-pool","msg":"Transaction (\u001b[33m22dJyxVG...Bn9hNkgU\u001b[39m) confirmed: \u001b[34m\u001b]8;;https://solscan.io/tx/22dJyxVGKWyysgCPzkXan8P46w8DVMaPuf2hxMHKZKWrQfhVEN6Lr5L68mWFgEFXFdFxb1FUZAWdArgNBn9hNkgU?cluster=mainnet-beta\u001b\\<Transaction link>\u001b]8;;\u001b\\\u001b[39m"}
{"level":30,"time":1745348537816,"name":"close-pool","msg":"Transaction (\u001b[33m3tYtmVeZ...uVAosMkd\u001b[39m) sent to swap \u001b[32m3,034,160.297518\u001b[39m FALLENBOY to ~\u001b[32m0.024166974\u001b[39m WSOL for account (\u001b[35m7kRc...AUmk\u001b[39m)"}
{"level":30,"time":1745348538323,"name":"close-pool","msg":"Transaction (\u001b[33mEhDzHd9x...HPMnjpA8\u001b[39m) sent to swap \u001b[32m4,262,474.767149\u001b[39m FALLENBOY to ~\u001b[32m0.033837193\u001b[39m WSOL for account (\u001b[35mAE4p...RRTQ\u001b[39m)"}
{"level":30,"time":1745348538448,"name":"close-pool","msg":"Transaction (\u001b[33m5enbURNc...De3NHySu\u001b[39m) sent to swap \u001b[32m206.037469\u001b[39m FALLENBOY to ~\u001b[32m0.000001654\u001b[39m WSOL for account (\u001b[35m2aHB...ju8z\u001b[39m)"}
{"level":30,"time":1745348538545,"name":"close-pool","msg":"Transaction (\u001b[33m5qmy9hav...Ez72uFwe\u001b[39m) sent to swap \u001b[32m655,994.361499\u001b[39m FALLENBOY to ~\u001b[32m0.005259052\u001b[39m WSOL for account (\u001b[35mGpi9...LuCR\u001b[39m)"}
{"level":30,"time":1745348538992,"name":"close-pool","msg":"Transaction (\u001b[33mtimULZBq...XeZCh7cM\u001b[39m) sent to swap \u001b[32m478,501.656462\u001b[39m FALLENBOY to ~\u001b[32m0.003837976\u001b[39m WSOL for account (\u001b[35m5JvC...nKRZ\u001b[39m)"}
{"level":30,"time":1745348538998,"name":"close-pool","msg":"Transaction (\u001b[33m47EV83nZ...ptPTEqCg\u001b[39m) confirmed: \u001b[34m\u001b]8;;https://solscan.io/tx/47EV83nZjcekkUtsdBFF95QrBaCvWc8iWc6RX8nfwxnpkVjF4TSPhxhvLt2BhV5B6fhL51wWBQiPmEBzptPTEqCg?cluster=mainnet-beta\u001b\\<Transaction link>\u001b]8;;\u001b\\\u001b[39m"}
{"level":30,"time":1745348539335,"name":"close-pool","msg":"Transaction (\u001b[33m2AJg9kAP...1awJacyt\u001b[39m) confirmed: \u001b[34m\u001b]8;;https://solscan.io/tx/2AJg9kAPLTGXrsDCi5wVkxQK1ExuamaRnhanDALq4HfEhNbzr3Mg6MHHgsfxDMzx1c7nT5S2JnrUx7ZB1awJacyt?cluster=mainnet-beta\u001b\\<Transaction link>\u001b]8;;\u001b\\\u001b[39m"}
{"level":30,"time":1745348540009,"name":"close-pool","msg":"Transaction (\u001b[33m55LETWVs...V3HxztXt\u001b[39m) confirmed: \u001b[34m\u001b]8;;https://solscan.io/tx/55LETWVswkGrf4tvvtBLxPEFPtyjZesM8X53Vi9nFvssE7xdC51BVrNBk1GGRMwiifgQzpf2qrxjihEuV3HxztXt?cluster=mainnet-beta\u001b\\<Transaction link>\u001b]8;;\u001b\\\u001b[39m"}
{"level":30,"time":1745348540173,"name":"close-pool","msg":"Transaction (\u001b[33m4yvtKDZB...PsFkkqCg\u001b[39m) confirmed: \u001b[34m\u001b]8;;https://solscan.io/tx/4yvtKDZBdKHRbXZ1nrPZLLgWevvKTSeBAmd5cxQBZZS1emWgqqw9iUXFJcE25iqqURL9zSzmthRMuF72PsFkkqCg?cluster=mainnet-beta\u001b\\<Transaction link>\u001b]8;;\u001b\\\u001b[39m"}
{"level":30,"time":1745348541025,"name":"close-pool","msg":"Transaction (\u001b[33m5HxVUTd8...j8iyToRw\u001b[39m) confirmed: \u001b[34m\u001b]8;;https://solscan.io/tx/5HxVUTd8aKFXc9sbSZ6XpGgg6PRMy9LoHDWB53uVUncUnZkELzFahVaq1xVPaZEC7EpEFpqFD47U2NpZj8iyToRw?cluster=mainnet-beta\u001b\\<Transaction link>\u001b]8;;\u001b\\\u001b[39m"}
{"level":30,"time":1745348541894,"name":"close-pool","msg":"Transaction (\u001b[33m5TMwDix8...2Hh5aL7L\u001b[39m) confirmed: \u001b[34m\u001b]8;;https://solscan.io/tx/5TMwDix89RaqrrHpDDJiaHPAC1tM8ukFnuCnndiHw1mvhaLCHpzeHFGKhTqKPaVxzG9nPRJcsRjuDikW2Hh5aL7L?cluster=mainnet-beta\u001b\\<Transaction link>\u001b]8;;\u001b\\\u001b[39m"}
{"level":30,"time":1745348542268,"name":"close-pool","msg":"Transaction (\u001b[33m5oBPoWHe...yQUwY4HZ\u001b[39m) confirmed: \u001b[34m\u001b]8;;https://solscan.io/tx/5oBPoWHe631ediMqrT7gdpwjPptLmyGYinmmwsiow69hSMtxchVd84cF3WPMmfS498S4eCTWtiBFgWDNyQUwY4HZ?cluster=mainnet-beta\u001b\\<Transaction link>\u001b]8;;\u001b\\\u001b[39m"}
{"level":30,"time":1745348542389,"name":"close-pool","msg":"Transaction (\u001b[33m4da8t4uQ...aeV2Czuw\u001b[39m) confirmed: \u001b[34m\u001b]8;;https://solscan.io/tx/4da8t4uQmC5idCU8g2tbiarMUGEGNWmrm7wPLTz3nPE9XpsetxkxDoYACd4kLpT5eumPTkvJfGTTpg3NaeV2Czuw?cluster=mainnet-beta\u001b\\<Transaction link>\u001b]8;;\u001b\\\u001b[39m"}
{"level":30,"time":1745348542486,"name":"close-pool","msg":"Transaction (\u001b[33m3R1R7Lip...4dKYvsP6\u001b[39m) confirmed: \u001b[34m\u001b]8;;https://solscan.io/tx/3R1R7Liph3RsV4BhLcM3egKc82DsHxZqEQbqkuoukbMAXs9rwTmSDrzwLengk7w6wxeZasvFUFaSejiG4dKYvsP6?cluster=mainnet-beta\u001b\\<Transaction link>\u001b]8;;\u001b\\\u001b[39m"}
{"level":30,"time":1745348543468,"name":"close-pool","msg":"Transaction (\u001b[33mEhDzHd9x...HPMnjpA8\u001b[39m) confirmed: \u001b[34m\u001b]8;;https://solscan.io/tx/EhDzHd9xx6EZBHn82FXosRT1KEokqPWa3PwwnQoRYTWY7sUPuCfWtdMDTuo7s4W9Zi5CKRgxV8Lqz63HPMnjpA8?cluster=mainnet-beta\u001b\\<Transaction link>\u001b]8;;\u001b\\\u001b[39m"}
{"level":30,"time":1745348543609,"name":"close-pool","msg":"Transaction (\u001b[33m5enbURNc...De3NHySu\u001b[39m) confirmed: \u001b[34m\u001b]8;;https://solscan.io/tx/5enbURNcNjuRpxbsbCwQuRbYAMCmhhnvbdpRH2ubLUtPK1HK7ihzoVWgFQzaPXRk3kxNupptDNMd1MBWDe3NHySu?cluster=mainnet-beta\u001b\\<Transaction link>\u001b]8;;\u001b\\\u001b[39m"}
{"level":30,"time":1745348543805,"name":"close-pool","msg":"Transaction (\u001b[33m5qmy9hav...Ez72uFwe\u001b[39m) confirmed: \u001b[34m\u001b]8;;https://solscan.io/tx/5qmy9havcPySFQ5PXnQ1bCwt5yV1t63u9UCmgz8CaiDyWZ6LRTWT5Vmv1XjQUDb759xzLp3uN4GfiCrzEz72uFwe?cluster=mainnet-beta\u001b\\<Transaction link>\u001b]8;;\u001b\\\u001b[39m"}
{"level":30,"time":1745348544188,"name":"close-pool","msg":"Transaction (\u001b[33mtimULZBq...XeZCh7cM\u001b[39m) confirmed: \u001b[34m\u001b]8;;https://solscan.io/tx/timULZBqob2ER7AWtyAF37or18b5uLUX6X5Cm9RCZxfnAmeDksmPTjxrd3yEk7vo8AAGd4TPHZsKdWkXeZCh7cM?cluster=mainnet-beta\u001b\\<Transaction link>\u001b]8;;\u001b\\\u001b[39m"}
{"level":40,"time":1745348552820,"name":"close-pool","msg":"Transaction (\u001b[33m3tYtmVeZ...uVAosMkd\u001b[39m) resent: Transaction (\u001b[33m3tYtmVeZ...uVAosMkd\u001b[39m) failed: \u001b[34m\u001b]8;;https://solscan.io/tx/3tYtmVeZgUc3ZAH9q7YLMYhaEFQoVfh41CxumUCjY5Z5V46phYECD6PNgof1c5MT1BHpwmsZcguq4f9uVAosMkd?cluster=mainnet-beta\u001b\\<Transaction link>\u001b]8;;\u001b\\\u001b[39m. Reason: Timeout after \u001b[32m15\u001b[39m sec"}
{"level":30,"time":1745348553843,"name":"close-pool","msg":"Transaction (\u001b[33m3tYtmVeZ...uVAosMkd\u001b[39m) sent to swap \u001b[32m3,034,160.297518\u001b[39m FALLENBOY to ~\u001b[32m0.024166974\u001b[39m WSOL for account (\u001b[35m7kRc...AUmk\u001b[39m)"}
{"level":30,"time":1745348559240,"name":"close-pool","msg":"Transaction (\u001b[33m3tYtmVeZ...uVAosMkd\u001b[39m) confirmed: \u001b[34m\u001b]8;;https://solscan.io/tx/3tYtmVeZgUc3ZAH9q7YLMYhaEFQoVfh41CxumUCjY5Z5V46phYECD6PNgof1c5MT1BHpwmsZcguq4f9uVAosMkd?cluster=mainnet-beta\u001b\\<Transaction link>\u001b]8;;\u001b\\\u001b[39m"}
