{"level":30,"time":1743523422269,"name":"distribute-funds","msg":"Sniper (\u001b[35mB1Fe...kYYT\u001b[39m) key pair generated"}
{"level":30,"time":1743523422270,"name":"distribute-funds","msg":"Sniper (\u001b[35m8uo8...dgvM\u001b[39m) key pair generated"}
{"level":30,"time":1743523422271,"name":"distribute-funds","msg":"Sniper (\u001b[35m6YjE...aAu9\u001b[39m) key pair generated"}
{"level":30,"time":1743523422271,"name":"distribute-funds","msg":"Sniper (\u001b[35m66gJ...socj\u001b[39m) key pair generated"}
{"level":30,"time":1743523422272,"name":"distribute-funds","msg":"Sniper (\u001b[35m2yXH...ovQy\u001b[39m) key pair generated"}
{"level":30,"time":1743523422272,"name":"distribute-funds","msg":"Sniper (\u001b[35m5LA2...K4yC\u001b[39m) key pair generated"}
{"level":30,"time":1743523422273,"name":"distribute-funds","msg":"Sniper (\u001b[35mAWCw...BZUm\u001b[39m) key pair generated"}
{"level":30,"time":1743523422274,"name":"distribute-funds","msg":"Sniper (\u001b[35mF3Qz...xiVB\u001b[39m) key pair generated"}
{"level":30,"time":1743523422274,"name":"distribute-funds","msg":"Sniper (\u001b[35mDi2N...VC3Q\u001b[39m) key pair generated"}
{"level":30,"time":1743523422275,"name":"distribute-funds","msg":"Sniper (\u001b[35m9Mpm...N7tt\u001b[39m) key pair generated"}
{"level":30,"time":1743523422275,"name":"distribute-funds","msg":"Sniper (\u001b[35mDHfq...SLQB\u001b[39m) key pair generated"}
{"level":30,"time":1743523422275,"name":"distribute-funds","msg":"Sniper (\u001b[35m6LQ4...29pr\u001b[39m) key pair generated"}
{"level":30,"time":1743523422276,"name":"distribute-funds","msg":"Sniper (\u001b[35mAubh...s8BZ\u001b[39m) key pair generated"}
{"level":30,"time":1743523422276,"name":"distribute-funds","msg":"Sniper (\u001b[35m6KQS...oRdb\u001b[39m) key pair generated"}
{"level":30,"time":1743523422285,"name":"distribute-funds","msg":"Sniper (\u001b[35mxwDQ...isnV\u001b[39m) key pair generated"}
{"level":30,"time":1743523422285,"name":"distribute-funds","msg":"Sniper (\u001b[35mG6jC...cMFG\u001b[39m) key pair generated"}
{"level":30,"time":1743523422285,"name":"distribute-funds","msg":"Sniper (\u001b[35m5NWd...9bng\u001b[39m) key pair generated"}
{"level":30,"time":1743523422286,"name":"distribute-funds","msg":"Sniper (\u001b[35mEwkm...uRL3\u001b[39m) key pair generated"}
{"level":30,"time":1743523422286,"name":"distribute-funds","msg":"Sniper (\u001b[35mA5Vi...vFer\u001b[39m) key pair generated"}
{"level":30,"time":1743523422286,"name":"distribute-funds","msg":"Sniper (\u001b[35mB8G8...1kjH\u001b[39m) key pair generated"}
{"level":30,"time":1743523422287,"name":"distribute-funds","msg":"Sniper (\u001b[35m8Tet...j4GF\u001b[39m) key pair generated"}
{"level":30,"time":1743523422287,"name":"distribute-funds","msg":"Sniper (\u001b[35mBSfk...2LM4\u001b[39m) key pair generated"}
{"level":30,"time":1743523422287,"name":"distribute-funds","msg":"Sniper (\u001b[35mE5pE...X7Ps\u001b[39m) key pair generated"}
{"level":30,"time":1743523422288,"name":"distribute-funds","msg":"Sniper (\u001b[35m6FSD...qrMx\u001b[39m) key pair generated"}
{"level":30,"time":1743523422288,"name":"distribute-funds","msg":"Sniper (\u001b[35mDvxy...Ejbx\u001b[39m) key pair generated"}
{"level":30,"time":1743523422288,"name":"distribute-funds","msg":"Sniper (\u001b[35mDm5C...Dq4i\u001b[39m) key pair generated"}
{"level":30,"time":1743523422289,"name":"distribute-funds","msg":"Sniper (\u001b[35mjzfZ...vH3b\u001b[39m) key pair generated"}
{"level":30,"time":1743523422289,"name":"distribute-funds","msg":"Sniper (\u001b[35m5N4H...QXC8\u001b[39m) key pair generated"}
{"level":30,"time":1743523422290,"name":"distribute-funds","msg":"Sniper (\u001b[35m8zoo...mQs4\u001b[39m) key pair generated"}
{"level":30,"time":1743523422290,"name":"distribute-funds","msg":"Sniper (\u001b[35mDCTk...kJqD\u001b[39m) key pair generated"}
{"level":30,"time":1743523422291,"name":"distribute-funds","msg":"Sniper (\u001b[35m7C6n...Py1Q\u001b[39m) key pair generated"}
{"level":30,"time":1743523422291,"name":"distribute-funds","msg":"Sniper (\u001b[35m3qTH...EeCy\u001b[39m) key pair generated"}
{"level":30,"time":1743523422292,"name":"distribute-funds","msg":"Sniper (\u001b[35mDZEf...j3fL\u001b[39m) key pair generated"}
{"level":30,"time":1743523422293,"name":"distribute-funds","msg":"Sniper (\u001b[35m8GwW...gAtk\u001b[39m) key pair generated"}
{"level":30,"time":1743523422293,"name":"distribute-funds","msg":"Sniper (\u001b[35m7616...acAu\u001b[39m) key pair generated"}
{"level":30,"time":1743523422294,"name":"distribute-funds","msg":"Sniper (\u001b[35m6aHc...CDBk\u001b[39m) key pair generated"}
{"level":30,"time":1743523422294,"name":"distribute-funds","msg":"Sniper (\u001b[35m8N92...SMFA\u001b[39m) key pair generated"}
{"level":30,"time":1743523422295,"name":"distribute-funds","msg":"Sniper (\u001b[35m5Kkt...9oEo\u001b[39m) key pair generated"}
{"level":30,"time":1743523422295,"name":"distribute-funds","msg":"Sniper (\u001b[35mD1sm...ay5f\u001b[39m) key pair generated"}
{"level":30,"time":1743523422295,"name":"distribute-funds","msg":"Sniper (\u001b[35m2wWL...QhYE\u001b[39m) key pair generated"}
{"level":30,"time":1743523422296,"name":"distribute-funds","msg":"Sniper (\u001b[35m8AgH...ftqx\u001b[39m) key pair generated"}
{"level":30,"time":1743523422296,"name":"distribute-funds","msg":"Sniper (\u001b[35mFNac...rJkg\u001b[39m) key pair generated"}
{"level":30,"time":1743523422306,"name":"distribute-funds","msg":"Trader (\u001b[35m7it4...3nGY\u001b[39m) key pair generated"}
{"level":30,"time":1743523422306,"name":"distribute-funds","msg":"Trader (\u001b[35mSV2y...wrV2\u001b[39m) key pair generated"}
{"level":30,"time":1743523422306,"name":"distribute-funds","msg":"Trader (\u001b[35mAKHb...qUps\u001b[39m) key pair generated"}
{"level":30,"time":1743523422307,"name":"distribute-funds","msg":"Trader (\u001b[35mBdfY...vN5f\u001b[39m) key pair generated"}
{"level":30,"time":1743523422307,"name":"distribute-funds","msg":"Trader (\u001b[35m42xL...6VXk\u001b[39m) key pair generated"}
{"level":30,"time":1743523422308,"name":"distribute-funds","msg":"Trader (\u001b[35mCLom...KJB2\u001b[39m) key pair generated"}
{"level":30,"time":1743523422308,"name":"distribute-funds","msg":"Trader (\u001b[35m9g9H...5zru\u001b[39m) key pair generated"}
{"level":30,"time":1743523422308,"name":"distribute-funds","msg":"Trader (\u001b[35mCmVT...7NFg\u001b[39m) key pair generated"}
{"level":30,"time":1743523422309,"name":"distribute-funds","msg":"Trader (\u001b[35mCjo3...jUBE\u001b[39m) key pair generated"}
{"level":30,"time":1743523422309,"name":"distribute-funds","msg":"Trader (\u001b[35mAAkB...uBgt\u001b[39m) key pair generated"}
{"level":30,"time":1743523422309,"name":"distribute-funds","msg":"Trader (\u001b[35mAiMA...d3VD\u001b[39m) key pair generated"}
{"level":30,"time":1743523422310,"name":"distribute-funds","msg":"Trader (\u001b[35mDirQ...7HAn\u001b[39m) key pair generated"}
{"level":30,"time":1743523422310,"name":"distribute-funds","msg":"Trader (\u001b[35mEh68...pPBU\u001b[39m) key pair generated"}
{"level":30,"time":1743523422310,"name":"distribute-funds","msg":"Trader (\u001b[35m29ff...hMCA\u001b[39m) key pair generated"}
{"level":30,"time":1743523422311,"name":"distribute-funds","msg":"Trader (\u001b[35m5gxF...2hfe\u001b[39m) key pair generated"}
{"level":30,"time":1743523422311,"name":"distribute-funds","msg":"Trader (\u001b[35m4aF1...BZUN\u001b[39m) key pair generated"}
{"level":30,"time":1743523422311,"name":"distribute-funds","msg":"Trader (\u001b[35m7sw2...7q3x\u001b[39m) key pair generated"}
{"level":30,"time":1743523422312,"name":"distribute-funds","msg":"Trader (\u001b[35m219C...syK5\u001b[39m) key pair generated"}
{"level":30,"time":1743523422312,"name":"distribute-funds","msg":"Trader (\u001b[35mJ9Q2...5CdK\u001b[39m) key pair generated"}
{"level":30,"time":1743523422312,"name":"distribute-funds","msg":"Trader (\u001b[35m68rk...EvTq\u001b[39m) key pair generated"}
{"level":30,"time":1743523422313,"name":"distribute-funds","msg":"Trader (\u001b[35m2g2L...oxXt\u001b[39m) key pair generated"}
{"level":30,"time":1743523422313,"name":"distribute-funds","msg":"Trader (\u001b[35mHn9L...K7FP\u001b[39m) key pair generated"}
{"level":30,"time":1743523422314,"name":"distribute-funds","msg":"Trader (\u001b[35mAPCJ...LEwx\u001b[39m) key pair generated"}
{"level":30,"time":1743523422314,"name":"distribute-funds","msg":"Trader (\u001b[35m9VqD...wAPa\u001b[39m) key pair generated"}
{"level":30,"time":1743523422315,"name":"distribute-funds","msg":"Trader (\u001b[35mGnBW...7LKC\u001b[39m) key pair generated"}
{"level":30,"time":1743523422315,"name":"distribute-funds","msg":"Trader (\u001b[35m28cu...T7mm\u001b[39m) key pair generated"}
{"level":30,"time":1743523422316,"name":"distribute-funds","msg":"Trader (\u001b[35mHjjD...jqzH\u001b[39m) key pair generated"}
{"level":30,"time":1743523422316,"name":"distribute-funds","msg":"Trader (\u001b[35m3suM...JvPK\u001b[39m) key pair generated"}
{"level":30,"time":1743523422317,"name":"distribute-funds","msg":"Trader (\u001b[35mChvR...XetZ\u001b[39m) key pair generated"}
{"level":30,"time":1743523422318,"name":"distribute-funds","msg":"Trader (\u001b[35m5gKk...1Bsh\u001b[39m) key pair generated"}
{"level":30,"time":1743523422318,"name":"distribute-funds","msg":"Trader (\u001b[35mCxiK...6A8F\u001b[39m) key pair generated"}
{"level":30,"time":1743523422319,"name":"distribute-funds","msg":"Trader (\u001b[35m4bKg...ghkC\u001b[39m) key pair generated"}
{"level":30,"time":1743523422319,"name":"distribute-funds","msg":"Trader (\u001b[35mCBT2...u9MK\u001b[39m) key pair generated"}
{"level":30,"time":1743523422320,"name":"distribute-funds","msg":"Trader (\u001b[35mDtes...kLqh\u001b[39m) key pair generated"}
{"level":30,"time":1743523422320,"name":"distribute-funds","msg":"Trader (\u001b[35mGUNP...qNa5\u001b[39m) key pair generated"}
{"level":30,"time":1743523422321,"name":"distribute-funds","msg":"Trader (\u001b[35mHQFr...f4LR\u001b[39m) key pair generated"}
{"level":30,"time":1743523422321,"name":"distribute-funds","msg":"Trader (\u001b[35m5anH...AvTu\u001b[39m) key pair generated"}
{"level":30,"time":1743523422321,"name":"distribute-funds","msg":"Trader (\u001b[35mE4MH...feKc\u001b[39m) key pair generated"}
{"level":30,"time":1743523422322,"name":"distribute-funds","msg":"Trader (\u001b[35m82iW...wHiR\u001b[39m) key pair generated"}
{"level":30,"time":1743523422322,"name":"distribute-funds","msg":"Trader (\u001b[35m978K...1GNq\u001b[39m) key pair generated"}
{"level":30,"time":1743523422323,"name":"distribute-funds","msg":"Trader (\u001b[35m28AQ...tUs4\u001b[39m) key pair generated"}
{"level":30,"time":1743523422325,"name":"distribute-funds","msg":"Trader (\u001b[35mG6vb...PvD4\u001b[39m) key pair generated"}
{"level":30,"time":1743523422325,"name":"distribute-funds","msg":"Trader (\u001b[35mEqXD...ZZmJ\u001b[39m) key pair generated"}
{"level":30,"time":1743523422325,"name":"distribute-funds","msg":"Trader (\u001b[35m3mjx...yQyb\u001b[39m) key pair generated"}
{"level":30,"time":1743523422326,"name":"distribute-funds","msg":"Trader (\u001b[35mbdQo...CiBp\u001b[39m) key pair generated"}
{"level":30,"time":1743523422326,"name":"distribute-funds","msg":"Trader (\u001b[35mE87X...cdfA\u001b[39m) key pair generated"}
{"level":30,"time":1743523422326,"name":"distribute-funds","msg":"Trader (\u001b[35m8oLj...9XHv\u001b[39m) key pair generated"}
{"level":30,"time":1743523422326,"name":"distribute-funds","msg":"Trader (\u001b[35m95wt...3FAy\u001b[39m) key pair generated"}
{"level":30,"time":1743523422327,"name":"distribute-funds","msg":"Trader (\u001b[35m874e...ube8\u001b[39m) key pair generated"}
{"level":30,"time":1743523422327,"name":"distribute-funds","msg":"Trader (\u001b[35m8itT...Z2AY\u001b[39m) key pair generated"}
{"level":30,"time":1743523422327,"name":"distribute-funds","msg":"Trader (\u001b[35mJ5FU...4w2b\u001b[39m) key pair generated"}
{"level":30,"time":1743523422327,"name":"distribute-funds","msg":"Trader (\u001b[35mCaR4...cXqp\u001b[39m) key pair generated"}
{"level":30,"time":1743523422328,"name":"distribute-funds","msg":"Trader (\u001b[35moFLK...Q5CC\u001b[39m) key pair generated"}
{"level":30,"time":1743523422328,"name":"distribute-funds","msg":"Trader (\u001b[35mEYMq...Zatm\u001b[39m) key pair generated"}
{"level":30,"time":1743523422328,"name":"distribute-funds","msg":"Trader (\u001b[35mF5tV...vG22\u001b[39m) key pair generated"}
{"level":30,"time":1743523422328,"name":"distribute-funds","msg":"Trader (\u001b[35m9f79...xop6\u001b[39m) key pair generated"}
{"level":30,"time":1743523422329,"name":"distribute-funds","msg":"Trader (\u001b[35mAxQ8...8czA\u001b[39m) key pair generated"}
{"level":30,"time":1743523422329,"name":"distribute-funds","msg":"Trader (\u001b[35m98xG...Ra4f\u001b[39m) key pair generated"}
{"level":30,"time":1743523422329,"name":"distribute-funds","msg":"Trader (\u001b[35mEfX9...bEr6\u001b[39m) key pair generated"}
{"level":30,"time":1743523422329,"name":"distribute-funds","msg":"Trader (\u001b[35mECmW...usZX\u001b[39m) key pair generated"}
{"level":30,"time":1743523422330,"name":"distribute-funds","msg":"Trader (\u001b[35mkZ7d...bukM\u001b[39m) key pair generated"}
{"level":30,"time":1743523422330,"name":"distribute-funds","msg":"Trader (\u001b[35mB7NJ...Htsi\u001b[39m) key pair generated"}
{"level":30,"time":1743523422330,"name":"distribute-funds","msg":"Trader (\u001b[35mEW8b...15Jt\u001b[39m) key pair generated"}
{"level":30,"time":1743523422330,"name":"distribute-funds","msg":"Trader (\u001b[35mHQgk...fst1\u001b[39m) key pair generated"}
{"level":30,"time":1743523422331,"name":"distribute-funds","msg":"Trader (\u001b[35m4J8j...YzYd\u001b[39m) key pair generated"}
{"level":30,"time":1743523422331,"name":"distribute-funds","msg":"Trader (\u001b[35mF3mL...WuCe\u001b[39m) key pair generated"}
{"level":30,"time":1743523422331,"name":"distribute-funds","msg":"Trader (\u001b[35m3hXd...tdHj\u001b[39m) key pair generated"}
{"level":30,"time":1743523422331,"name":"distribute-funds","msg":"Trader (\u001b[35mD5Mc...S8qA\u001b[39m) key pair generated"}
{"level":30,"time":1743523422332,"name":"distribute-funds","msg":"Trader (\u001b[35mFbUi...MLtN\u001b[39m) key pair generated"}
{"level":30,"time":1743523422332,"name":"distribute-funds","msg":"Trader (\u001b[35m26hy...4UJT\u001b[39m) key pair generated"}
{"level":30,"time":1743523422332,"name":"distribute-funds","msg":"Trader (\u001b[35mALgh...H8BQ\u001b[39m) key pair generated"}
{"level":30,"time":1743523422332,"name":"distribute-funds","msg":"Trader (\u001b[35mEstZ...c6MW\u001b[39m) key pair generated"}
{"level":30,"time":1743523422333,"name":"distribute-funds","msg":"Trader (\u001b[35mHFDB...wNZz\u001b[39m) key pair generated"}
{"level":30,"time":1743523422333,"name":"distribute-funds","msg":"Trader (\u001b[35mDm4R...bTxy\u001b[39m) key pair generated"}
{"level":30,"time":1743523422333,"name":"distribute-funds","msg":"Trader (\u001b[35m6vKB...pTFQ\u001b[39m) key pair generated"}
{"level":30,"time":1743523422333,"name":"distribute-funds","msg":"Trader (\u001b[35m35ee...eVpK\u001b[39m) key pair generated"}
{"level":30,"time":1743523422334,"name":"distribute-funds","msg":"Trader (\u001b[35m9PvN...VLLb\u001b[39m) key pair generated"}
{"level":30,"time":1743523422334,"name":"distribute-funds","msg":"Trader (\u001b[35mDoaW...8Dwg\u001b[39m) key pair generated"}
{"level":30,"time":1743523422334,"name":"distribute-funds","msg":"Trader (\u001b[35mDBZZ...G8S1\u001b[39m) key pair generated"}
{"level":30,"time":1743523422334,"name":"distribute-funds","msg":"Trader (\u001b[35m8PNU...CFeV\u001b[39m) key pair generated"}
{"level":30,"time":1743523422335,"name":"distribute-funds","msg":"Trader (\u001b[35mB2Gb...VwCU\u001b[39m) key pair generated"}
{"level":30,"time":1743523422335,"name":"distribute-funds","msg":"Trader (\u001b[35mBB4E...EtUL\u001b[39m) key pair generated"}
{"level":30,"time":1743523422335,"name":"distribute-funds","msg":"Trader (\u001b[35mHA63...ZU9k\u001b[39m) key pair generated"}
{"level":30,"time":1743523422336,"name":"distribute-funds","msg":"Trader (\u001b[35mChkK...JU6i\u001b[39m) key pair generated"}
{"level":30,"time":1743523422336,"name":"distribute-funds","msg":"Trader (\u001b[35m48pS...6AHL\u001b[39m) key pair generated"}
{"level":30,"time":1743523422337,"name":"distribute-funds","msg":"Trader (\u001b[35mDghJ...r9M1\u001b[39m) key pair generated"}
{"level":30,"time":1743523422337,"name":"distribute-funds","msg":"Trader (\u001b[35m2zeG...7eRP\u001b[39m) key pair generated"}
{"level":30,"time":1743523422337,"name":"distribute-funds","msg":"Trader (\u001b[35m3RsP...B11V\u001b[39m) key pair generated"}
{"level":30,"time":1743523422338,"name":"distribute-funds","msg":"Trader (\u001b[35mAkjd...EhEH\u001b[39m) key pair generated"}
{"level":30,"time":1743523422338,"name":"distribute-funds","msg":"Trader (\u001b[35m6okc...C2AT\u001b[39m) key pair generated"}
{"level":30,"time":1743523422338,"name":"distribute-funds","msg":"Trader (\u001b[35mDRbN...qSpg\u001b[39m) key pair generated"}
{"level":30,"time":1743523422338,"name":"distribute-funds","msg":"Trader (\u001b[35mF1p2...7wiz\u001b[39m) key pair generated"}
{"level":30,"time":1743523422339,"name":"distribute-funds","msg":"Trader (\u001b[35m912b...TQCN\u001b[39m) key pair generated"}
{"level":30,"time":1743523422339,"name":"distribute-funds","msg":"Trader (\u001b[35mB42J...cYjG\u001b[39m) key pair generated"}
{"level":30,"time":1743523422339,"name":"distribute-funds","msg":"Trader (\u001b[35m5fFU...tY7V\u001b[39m) key pair generated"}
{"level":30,"time":1743523422339,"name":"distribute-funds","msg":"Trader (\u001b[35m2moe...q5JZ\u001b[39m) key pair generated"}
{"level":30,"time":1743523422340,"name":"distribute-funds","msg":"Trader (\u001b[35mCTcG...dUwB\u001b[39m) key pair generated"}
{"level":30,"time":1743523422340,"name":"distribute-funds","msg":"Trader (\u001b[35mG8xw...JeHd\u001b[39m) key pair generated"}
{"level":30,"time":1743523422340,"name":"distribute-funds","msg":"Trader (\u001b[35m53Z2...Fffi\u001b[39m) key pair generated"}
{"level":30,"time":1743523422341,"name":"distribute-funds","msg":"Trader (\u001b[35m82Kn...fktS\u001b[39m) key pair generated"}
{"level":30,"time":1743523422341,"name":"distribute-funds","msg":"Trader (\u001b[35m7cPo...pwVr\u001b[39m) key pair generated"}
{"level":30,"time":1743523427802,"name":"distribute-funds","msg":"Transaction (\u001b[33m3wz14yiZ...5GNNsi2A\u001b[39m) sent to distribute \u001b[32m1.362555986\u001b[39m SOL from sniper distributor (\u001b[35mDssV...pYVN\u001b[39m) to \u001b[32m20\u001b[39m snipers"}
{"level":30,"time":1743523430896,"name":"distribute-funds","msg":"Transaction (\u001b[33m3wz14yiZ...5GNNsi2A\u001b[39m) confirmed: \u001b[34m\u001b]8;;https://solscan.io/tx/3wz14yiZbk37yzbr2z3enviWqomB5iNT9GViaLjSTuLju3oB8nAQcdjXr3a7FNrTD8JHysfsvEvrv56P5GNNsi2A?cluster=mainnet-beta\u001b\\<Transaction link>\u001b]8;;\u001b\\\u001b[39m"}
{"level":30,"time":1743523436411,"name":"distribute-funds","msg":"Transaction (\u001b[33m2LvU2m4h...LpbgAEXN\u001b[39m) sent to distribute \u001b[32m1.354597654\u001b[39m SOL from sniper distributor (\u001b[35mDssV...pYVN\u001b[39m) to \u001b[32m20\u001b[39m snipers"}
{"level":30,"time":1743523438041,"name":"distribute-funds","msg":"Transaction (\u001b[33m2LvU2m4h...LpbgAEXN\u001b[39m) confirmed: \u001b[34m\u001b]8;;https://solscan.io/tx/2LvU2m4hUHy3GcJ7Ba4UemC3CcA42QsJE197CiAa9PxtsircL6B1wNgcrnjgpE6AcCqyykDbvyDjgjs7LpbgAEXN?cluster=mainnet-beta\u001b\\<Transaction link>\u001b]8;;\u001b\\\u001b[39m"}
{"level":30,"time":1743523439130,"name":"distribute-funds","msg":"Transaction (\u001b[33m28hYHtDg...tjUCsMpu\u001b[39m) sent to distribute \u001b[32m0.139122759\u001b[39m SOL from sniper distributor (\u001b[35mDssV...pYVN\u001b[39m) to \u001b[32m2\u001b[39m snipers"}
{"level":30,"time":1743523445845,"name":"distribute-funds","msg":"Transaction (\u001b[33m28hYHtDg...tjUCsMpu\u001b[39m) confirmed: \u001b[34m\u001b]8;;https://solscan.io/tx/28hYHtDgkuzL5ftLYntmGtsdf8Kq3FZjxP5TYrPS9VZiHfpP4AV2awqi3sYsb4HU9qtcvGXgHtWuKMvmtjUCsMpu?cluster=mainnet-beta\u001b\\<Transaction link>\u001b]8;;\u001b\\\u001b[39m"}
{"level":30,"time":1743523451998,"name":"distribute-funds","msg":"Transaction (\u001b[33m5HeRGEha...x7MNSxM5\u001b[39m) sent to distribute \u001b[32m0.346610556\u001b[39m SOL from trader distributor (\u001b[35mDtrk...Cy8R\u001b[39m) to \u001b[32m20\u001b[39m traders"}
{"level":30,"time":1743523455072,"name":"distribute-funds","msg":"Transaction (\u001b[33m5HeRGEha...x7MNSxM5\u001b[39m) confirmed: \u001b[34m\u001b]8;;https://solscan.io/tx/5HeRGEha5KoC71pnnsg8wqc8hYpAaaF9sCpVfgqUVJzBgyufgqVfVDNawu55z36NbeqHGmQzD6qNxL4Yx7MNSxM5?cluster=mainnet-beta\u001b\\<Transaction link>\u001b]8;;\u001b\\\u001b[39m"}
{"level":40,"time":1743523458678,"name":"distribute-funds","msg":"Simulation failed: BlockhashNotFound. Compute unit limit defaults to \u001b[32m200,000\u001b[39m"}
{"level":30,"time":1743523459154,"name":"distribute-funds","msg":"Transaction (\u001b[33m3ucBjrds...uR3ydh1A\u001b[39m) sent to distribute \u001b[32m0.348349934\u001b[39m SOL from trader distributor (\u001b[35mDtrk...Cy8R\u001b[39m) to \u001b[32m20\u001b[39m traders"}
{"level":30,"time":1743523462226,"name":"distribute-funds","msg":"Transaction (\u001b[33m3ucBjrds...uR3ydh1A\u001b[39m) confirmed: \u001b[34m\u001b]8;;https://solscan.io/tx/3ucBjrdsKrd72mNLCq9AeJnVsbvbfqe3u4yjW4RQJMaMwbiHnGfYLh7RBZfiRM7YZohGgARk4rKYoJKZuR3ydh1A?cluster=mainnet-beta\u001b\\<Transaction link>\u001b]8;;\u001b\\\u001b[39m"}
{"level":30,"time":1743523466685,"name":"distribute-funds","msg":"Transaction (\u001b[33m4xZpfFQH...u3rFgZVL\u001b[39m) sent to distribute \u001b[32m0.35093775\u001b[39m SOL from trader distributor (\u001b[35mDtrk...Cy8R\u001b[39m) to \u001b[32m20\u001b[39m traders"}
{"level":30,"time":1743523468276,"name":"distribute-funds","msg":"Transaction (\u001b[33m4xZpfFQH...u3rFgZVL\u001b[39m) confirmed: \u001b[34m\u001b]8;;https://solscan.io/tx/4xZpfFQHEJaa98Csdfs7p3VstGfFJuVCGsivUk4WqNYPJVNRWxhvnR4efWL97nj2wtzmVeRQ3Pzt7pGou3rFgZVL?cluster=mainnet-beta\u001b\\<Transaction link>\u001b]8;;\u001b\\\u001b[39m"}
{"level":30,"time":1743523473745,"name":"distribute-funds","msg":"Transaction (\u001b[33m3XyeabDj...ip7ob1J1\u001b[39m) sent to distribute \u001b[32m0.350686287\u001b[39m SOL from trader distributor (\u001b[35mDtrk...Cy8R\u001b[39m) to \u001b[32m20\u001b[39m traders"}
{"level":30,"time":1743523475313,"name":"distribute-funds","msg":"Transaction (\u001b[33m3XyeabDj...ip7ob1J1\u001b[39m) confirmed: \u001b[34m\u001b]8;;https://solscan.io/tx/3XyeabDjvN5SXDSGHhDa3nnksMc7qCxp6oXC9rCLF6rjt69TDDPxvARZaa3BgpbSYZgu4FHy3abXHUe1ip7ob1J1?cluster=mainnet-beta\u001b\\<Transaction link>\u001b]8;;\u001b\\\u001b[39m"}
{"level":30,"time":1743523480422,"name":"distribute-funds","msg":"Transaction (\u001b[33m4hM2uQ9b...oHULY8hD\u001b[39m) sent to distribute \u001b[32m0.350313053\u001b[39m SOL from trader distributor (\u001b[35mDtrk...Cy8R\u001b[39m) to \u001b[32m20\u001b[39m traders"}
{"level":30,"time":1743523483494,"name":"distribute-funds","msg":"Transaction (\u001b[33m4hM2uQ9b...oHULY8hD\u001b[39m) confirmed: \u001b[34m\u001b]8;;https://solscan.io/tx/4hM2uQ9bFLEEXUQHvzQMgQ1DPFMmuFnshgvvcWHFH8ruUqrysPRDQJBvRt5YWRvHUbvYbtZ81cE5x2sioHULY8hD?cluster=mainnet-beta\u001b\\<Transaction link>\u001b]8;;\u001b\\\u001b[39m"}
{"level":30,"time":1743523484062,"name":"distribute-funds","msg":"Transaction (\u001b[33m4UrByGw4...5nCbpGBD\u001b[39m) sent to distribute \u001b[32m0.01708981\u001b[39m SOL from trader distributor (\u001b[35mDtrk...Cy8R\u001b[39m) to \u001b[32m1\u001b[39m traders"}
{"level":30,"time":1743523485658,"name":"distribute-funds","msg":"Transaction (\u001b[33m4UrByGw4...5nCbpGBD\u001b[39m) confirmed: \u001b[34m\u001b]8;;https://solscan.io/tx/4UrByGw48nzHtc1ZYCZT5t2KxC9J7zZqzadjefhixPkySrGt9VkyV2L2mxQ6CWEKoh7eYsBqT1veX9JJ5nCbpGBD?cluster=mainnet-beta\u001b\\<Transaction link>\u001b]8;;\u001b\\\u001b[39m"}
