{"level":30,"time":1745325106785,"name":"distribute-funds","msg":"Sniper (\u001b[35m5qac...93hp\u001b[39m) key pair generated"}
{"level":30,"time":1745325106786,"name":"distribute-funds","msg":"Sniper (\u001b[35mAGrK...45sx\u001b[39m) key pair generated"}
{"level":30,"time":1745325106787,"name":"distribute-funds","msg":"Sniper (\u001b[35m7YYS...ZV1k\u001b[39m) key pair generated"}
{"level":30,"time":1745325106787,"name":"distribute-funds","msg":"Sniper (\u001b[35mAK8D...kprw\u001b[39m) key pair generated"}
{"level":30,"time":1745325106787,"name":"distribute-funds","msg":"Sniper (\u001b[35mDTSW...Kacj\u001b[39m) key pair generated"}
{"level":30,"time":1745325106788,"name":"distribute-funds","msg":"Sniper (\u001b[35mCfQV...1yvp\u001b[39m) key pair generated"}
{"level":30,"time":1745325106788,"name":"distribute-funds","msg":"Sniper (\u001b[35mAADh...rKaa\u001b[39m) key pair generated"}
{"level":30,"time":1745325106789,"name":"distribute-funds","msg":"Sniper (\u001b[35mD3NU...h39a\u001b[39m) key pair generated"}
{"level":30,"time":1745325106789,"name":"distribute-funds","msg":"Sniper (\u001b[35m98xw...z3TX\u001b[39m) key pair generated"}
{"level":30,"time":1745325106790,"name":"distribute-funds","msg":"Sniper (\u001b[35m4NUE...jVuy\u001b[39m) key pair generated"}
{"level":30,"time":1745325106790,"name":"distribute-funds","msg":"Sniper (\u001b[35m8Xam...cStN\u001b[39m) key pair generated"}
{"level":30,"time":1745325106790,"name":"distribute-funds","msg":"Sniper (\u001b[35mH6iL...rSoo\u001b[39m) key pair generated"}
{"level":30,"time":1745325106791,"name":"distribute-funds","msg":"Sniper (\u001b[35m4FDs...6x9d\u001b[39m) key pair generated"}
{"level":30,"time":1745325106791,"name":"distribute-funds","msg":"Sniper (\u001b[35mGLx2...6q7G\u001b[39m) key pair generated"}
{"level":30,"time":1745325106799,"name":"distribute-funds","msg":"Sniper (\u001b[35mXWLF...t6Df\u001b[39m) key pair generated"}
{"level":30,"time":1745325106800,"name":"distribute-funds","msg":"Sniper (\u001b[35mAAoi...dY9S\u001b[39m) key pair generated"}
{"level":30,"time":1745325106800,"name":"distribute-funds","msg":"Sniper (\u001b[35mHHMe...Ghmp\u001b[39m) key pair generated"}
{"level":30,"time":1745325106801,"name":"distribute-funds","msg":"Sniper (\u001b[35m3fE9...ZjTi\u001b[39m) key pair generated"}
{"level":30,"time":1745325106801,"name":"distribute-funds","msg":"Sniper (\u001b[35mGNVq...FihG\u001b[39m) key pair generated"}
{"level":30,"time":1745325106801,"name":"distribute-funds","msg":"Sniper (\u001b[35mH4iv...BirR\u001b[39m) key pair generated"}
{"level":30,"time":1745325106801,"name":"distribute-funds","msg":"Sniper (\u001b[35mEgUJ...HGUH\u001b[39m) key pair generated"}
{"level":30,"time":1745325106802,"name":"distribute-funds","msg":"Sniper (\u001b[35mCzmZ...dDUQ\u001b[39m) key pair generated"}
{"level":30,"time":1745325106802,"name":"distribute-funds","msg":"Sniper (\u001b[35m3hTk...BoGi\u001b[39m) key pair generated"}
{"level":30,"time":1745325106802,"name":"distribute-funds","msg":"Sniper (\u001b[35mDbkV...VqaQ\u001b[39m) key pair generated"}
{"level":30,"time":1745325106803,"name":"distribute-funds","msg":"Sniper (\u001b[35mGvfG...R5P5\u001b[39m) key pair generated"}
{"level":30,"time":1745325106803,"name":"distribute-funds","msg":"Sniper (\u001b[35mEKSB...EsLi\u001b[39m) key pair generated"}
{"level":30,"time":1745325106803,"name":"distribute-funds","msg":"Sniper (\u001b[35mDv4S...wzUS\u001b[39m) key pair generated"}
{"level":30,"time":1745325106804,"name":"distribute-funds","msg":"Sniper (\u001b[35mBnop...XWkB\u001b[39m) key pair generated"}
{"level":30,"time":1745325106804,"name":"distribute-funds","msg":"Sniper (\u001b[35m6DfW...E6gQ\u001b[39m) key pair generated"}
{"level":30,"time":1745325106804,"name":"distribute-funds","msg":"Sniper (\u001b[35mCQmR...9AUa\u001b[39m) key pair generated"}
{"level":30,"time":1745325106804,"name":"distribute-funds","msg":"Sniper (\u001b[35m2G76...Azxa\u001b[39m) key pair generated"}
{"level":30,"time":1745325106805,"name":"distribute-funds","msg":"Sniper (\u001b[35mzWb6...r8rS\u001b[39m) key pair generated"}
{"level":30,"time":1745325106805,"name":"distribute-funds","msg":"Sniper (\u001b[35mChfY...tnB2\u001b[39m) key pair generated"}
{"level":30,"time":1745325106806,"name":"distribute-funds","msg":"Sniper (\u001b[35m5beB...HmEu\u001b[39m) key pair generated"}
{"level":30,"time":1745325106806,"name":"distribute-funds","msg":"Sniper (\u001b[35mCB54...hXLu\u001b[39m) key pair generated"}
{"level":30,"time":1745325106806,"name":"distribute-funds","msg":"Sniper (\u001b[35mGSdL...jy24\u001b[39m) key pair generated"}
{"level":30,"time":1745325106807,"name":"distribute-funds","msg":"Sniper (\u001b[35mCGNs...q9aB\u001b[39m) key pair generated"}
{"level":30,"time":1745325106807,"name":"distribute-funds","msg":"Sniper (\u001b[35m4yAx...cUWu\u001b[39m) key pair generated"}
{"level":30,"time":1745325106807,"name":"distribute-funds","msg":"Sniper (\u001b[35m83Lf...pnQW\u001b[39m) key pair generated"}
{"level":30,"time":1745325106808,"name":"distribute-funds","msg":"Sniper (\u001b[35mDb5k...y3PF\u001b[39m) key pair generated"}
{"level":30,"time":1745325106808,"name":"distribute-funds","msg":"Sniper (\u001b[35m4iAV...cmuQ\u001b[39m) key pair generated"}
{"level":30,"time":1745325106808,"name":"distribute-funds","msg":"Sniper (\u001b[35m5Exf...n9CC\u001b[39m) key pair generated"}
{"level":30,"time":1745325106819,"name":"distribute-funds","msg":"Trader (\u001b[35mHi46...QxAm\u001b[39m) key pair generated"}
{"level":30,"time":1745325106819,"name":"distribute-funds","msg":"Trader (\u001b[35mDoj7...GyAQ\u001b[39m) key pair generated"}
{"level":30,"time":1745325106819,"name":"distribute-funds","msg":"Trader (\u001b[35m6koC...NaG4\u001b[39m) key pair generated"}
{"level":30,"time":1745325106820,"name":"distribute-funds","msg":"Trader (\u001b[35m6sSf...dgcT\u001b[39m) key pair generated"}
{"level":30,"time":1745325106820,"name":"distribute-funds","msg":"Trader (\u001b[35mDb54...QmgF\u001b[39m) key pair generated"}
{"level":30,"time":1745325106821,"name":"distribute-funds","msg":"Trader (\u001b[35m8KbJ...yKZK\u001b[39m) key pair generated"}
{"level":30,"time":1745325106821,"name":"distribute-funds","msg":"Trader (\u001b[35mAkSi...Ng5z\u001b[39m) key pair generated"}
{"level":30,"time":1745325106821,"name":"distribute-funds","msg":"Trader (\u001b[35mFvy3...7qu9\u001b[39m) key pair generated"}
{"level":30,"time":1745325106822,"name":"distribute-funds","msg":"Trader (\u001b[35mFMsr...37iv\u001b[39m) key pair generated"}
{"level":30,"time":1745325106822,"name":"distribute-funds","msg":"Trader (\u001b[35mEqTT...Xj1M\u001b[39m) key pair generated"}
{"level":30,"time":1745325106822,"name":"distribute-funds","msg":"Trader (\u001b[35mERYT...n3vq\u001b[39m) key pair generated"}
{"level":30,"time":1745325106823,"name":"distribute-funds","msg":"Trader (\u001b[35mAPxB...QVKA\u001b[39m) key pair generated"}
{"level":30,"time":1745325106823,"name":"distribute-funds","msg":"Trader (\u001b[35mCa5f...Ltbr\u001b[39m) key pair generated"}
{"level":30,"time":1745325106823,"name":"distribute-funds","msg":"Trader (\u001b[35mHFNM...XWwv\u001b[39m) key pair generated"}
{"level":30,"time":1745325106824,"name":"distribute-funds","msg":"Trader (\u001b[35m98ZR...ogyu\u001b[39m) key pair generated"}
{"level":30,"time":1745325106824,"name":"distribute-funds","msg":"Trader (\u001b[35mHfDm...kV5A\u001b[39m) key pair generated"}
{"level":30,"time":1745325106824,"name":"distribute-funds","msg":"Trader (\u001b[35mFTJi...6B2N\u001b[39m) key pair generated"}
{"level":30,"time":1745325106825,"name":"distribute-funds","msg":"Trader (\u001b[35mCGW9...zMVK\u001b[39m) key pair generated"}
{"level":30,"time":1745325106825,"name":"distribute-funds","msg":"Trader (\u001b[35m9znM...p5mS\u001b[39m) key pair generated"}
{"level":30,"time":1745325106825,"name":"distribute-funds","msg":"Trader (\u001b[35mChqG...uLP6\u001b[39m) key pair generated"}
{"level":30,"time":1745325106826,"name":"distribute-funds","msg":"Trader (\u001b[35m94Mw...3c9o\u001b[39m) key pair generated"}
{"level":30,"time":1745325106826,"name":"distribute-funds","msg":"Trader (\u001b[35mAXiA...gvut\u001b[39m) key pair generated"}
{"level":30,"time":1745325106826,"name":"distribute-funds","msg":"Trader (\u001b[35m6Bgo...7LLw\u001b[39m) key pair generated"}
{"level":30,"time":1745325106827,"name":"distribute-funds","msg":"Trader (\u001b[35mAtfS...dneW\u001b[39m) key pair generated"}
{"level":30,"time":1745325106827,"name":"distribute-funds","msg":"Trader (\u001b[35mEsq4...m4kn\u001b[39m) key pair generated"}
{"level":30,"time":1745325106828,"name":"distribute-funds","msg":"Trader (\u001b[35mHQkv...ruUt\u001b[39m) key pair generated"}
{"level":30,"time":1745325106828,"name":"distribute-funds","msg":"Trader (\u001b[35mgFyE...EEvp\u001b[39m) key pair generated"}
{"level":30,"time":1745325106828,"name":"distribute-funds","msg":"Trader (\u001b[35m5rk7...fvra\u001b[39m) key pair generated"}
{"level":30,"time":1745325106829,"name":"distribute-funds","msg":"Trader (\u001b[35m9XCQ...D2ox\u001b[39m) key pair generated"}
{"level":30,"time":1745325106830,"name":"distribute-funds","msg":"Trader (\u001b[35mHZE9...P4w8\u001b[39m) key pair generated"}
{"level":30,"time":1745325106831,"name":"distribute-funds","msg":"Trader (\u001b[35mCDBR...iCqi\u001b[39m) key pair generated"}
{"level":30,"time":1745325106831,"name":"distribute-funds","msg":"Trader (\u001b[35m4DxB...RgiZ\u001b[39m) key pair generated"}
{"level":30,"time":1745325106832,"name":"distribute-funds","msg":"Trader (\u001b[35mG1xF...Uevr\u001b[39m) key pair generated"}
{"level":30,"time":1745325106832,"name":"distribute-funds","msg":"Trader (\u001b[35m3V3J...ih5H\u001b[39m) key pair generated"}
{"level":30,"time":1745325106832,"name":"distribute-funds","msg":"Trader (\u001b[35m7cVn...WYZu\u001b[39m) key pair generated"}
{"level":30,"time":1745325106833,"name":"distribute-funds","msg":"Trader (\u001b[35mHuPf...H9fY\u001b[39m) key pair generated"}
{"level":30,"time":1745325106833,"name":"distribute-funds","msg":"Trader (\u001b[35m8cpP...Zcnr\u001b[39m) key pair generated"}
{"level":30,"time":1745325106833,"name":"distribute-funds","msg":"Trader (\u001b[35mJ2tg...KHFg\u001b[39m) key pair generated"}
{"level":30,"time":1745325106834,"name":"distribute-funds","msg":"Trader (\u001b[35m4qEq...iBAN\u001b[39m) key pair generated"}
{"level":30,"time":1745325106834,"name":"distribute-funds","msg":"Trader (\u001b[35mFt9z...N5UZ\u001b[39m) key pair generated"}
{"level":30,"time":1745325106834,"name":"distribute-funds","msg":"Trader (\u001b[35mH8vG...6kZP\u001b[39m) key pair generated"}
{"level":30,"time":1745325106835,"name":"distribute-funds","msg":"Trader (\u001b[35m7Pz5...x8HT\u001b[39m) key pair generated"}
{"level":30,"time":1745325106835,"name":"distribute-funds","msg":"Trader (\u001b[35m4LQL...6ssg\u001b[39m) key pair generated"}
{"level":30,"time":1745325106835,"name":"distribute-funds","msg":"Trader (\u001b[35m7ALP...eury\u001b[39m) key pair generated"}
{"level":30,"time":1745325106835,"name":"distribute-funds","msg":"Trader (\u001b[35mGRdP...9rex\u001b[39m) key pair generated"}
{"level":30,"time":1745325106836,"name":"distribute-funds","msg":"Trader (\u001b[35m4Lpb...MYZc\u001b[39m) key pair generated"}
{"level":30,"time":1745325106836,"name":"distribute-funds","msg":"Trader (\u001b[35mC68d...dnSA\u001b[39m) key pair generated"}
{"level":30,"time":1745325106836,"name":"distribute-funds","msg":"Trader (\u001b[35m82T9...k2Af\u001b[39m) key pair generated"}
{"level":30,"time":1745325106837,"name":"distribute-funds","msg":"Trader (\u001b[35m9d4e...PwzV\u001b[39m) key pair generated"}
{"level":30,"time":1745325106837,"name":"distribute-funds","msg":"Trader (\u001b[35mFHYH...xZgx\u001b[39m) key pair generated"}
{"level":30,"time":1745325106838,"name":"distribute-funds","msg":"Trader (\u001b[35mGAXP...REiR\u001b[39m) key pair generated"}
{"level":30,"time":1745325106838,"name":"distribute-funds","msg":"Trader (\u001b[35m4Nfd...ZXXd\u001b[39m) key pair generated"}
{"level":30,"time":1745325106838,"name":"distribute-funds","msg":"Trader (\u001b[35m6noH...RSbe\u001b[39m) key pair generated"}
{"level":30,"time":1745325106839,"name":"distribute-funds","msg":"Trader (\u001b[35mA76Z...TcM3\u001b[39m) key pair generated"}
{"level":30,"time":1745325106839,"name":"distribute-funds","msg":"Trader (\u001b[35mFCeW...ebvA\u001b[39m) key pair generated"}
{"level":30,"time":1745325106839,"name":"distribute-funds","msg":"Trader (\u001b[35mBqaj...kX1Y\u001b[39m) key pair generated"}
{"level":30,"time":1745325106839,"name":"distribute-funds","msg":"Trader (\u001b[35mFn3H...AQHm\u001b[39m) key pair generated"}
{"level":30,"time":1745325106840,"name":"distribute-funds","msg":"Trader (\u001b[35mAFDh...N2v6\u001b[39m) key pair generated"}
{"level":30,"time":1745325106840,"name":"distribute-funds","msg":"Trader (\u001b[35m2sdU...kfCy\u001b[39m) key pair generated"}
{"level":30,"time":1745325106840,"name":"distribute-funds","msg":"Trader (\u001b[35mz5jy...S7AD\u001b[39m) key pair generated"}
{"level":30,"time":1745325106841,"name":"distribute-funds","msg":"Trader (\u001b[35mHtfL...YzRX\u001b[39m) key pair generated"}
{"level":30,"time":1745325106841,"name":"distribute-funds","msg":"Trader (\u001b[35mF3bu...wGk7\u001b[39m) key pair generated"}
{"level":30,"time":1745325106841,"name":"distribute-funds","msg":"Trader (\u001b[35mCPS5...yeTB\u001b[39m) key pair generated"}
{"level":30,"time":1745325106841,"name":"distribute-funds","msg":"Trader (\u001b[35m9JCF...nga5\u001b[39m) key pair generated"}
{"level":30,"time":1745325106842,"name":"distribute-funds","msg":"Trader (\u001b[35m8pX3...E5Qb\u001b[39m) key pair generated"}
{"level":30,"time":1745325106842,"name":"distribute-funds","msg":"Trader (\u001b[35mFBGD...ACn5\u001b[39m) key pair generated"}
{"level":30,"time":1745325106842,"name":"distribute-funds","msg":"Trader (\u001b[35mGMRm...soJA\u001b[39m) key pair generated"}
{"level":30,"time":1745325106843,"name":"distribute-funds","msg":"Trader (\u001b[35mEMjC...Nb52\u001b[39m) key pair generated"}
{"level":30,"time":1745325106843,"name":"distribute-funds","msg":"Trader (\u001b[35m4ASe...23VZ\u001b[39m) key pair generated"}
{"level":30,"time":1745325106843,"name":"distribute-funds","msg":"Trader (\u001b[35m89m5...XC5C\u001b[39m) key pair generated"}
{"level":30,"time":1745325106843,"name":"distribute-funds","msg":"Trader (\u001b[35mHrxK...Li43\u001b[39m) key pair generated"}
{"level":30,"time":1745325106844,"name":"distribute-funds","msg":"Trader (\u001b[35m5rsM...igmh\u001b[39m) key pair generated"}
{"level":30,"time":1745325106844,"name":"distribute-funds","msg":"Trader (\u001b[35mxZey...o7NC\u001b[39m) key pair generated"}
{"level":30,"time":1745325106844,"name":"distribute-funds","msg":"Trader (\u001b[35mrnAB...vXvB\u001b[39m) key pair generated"}
{"level":30,"time":1745325106845,"name":"distribute-funds","msg":"Trader (\u001b[35m4JH2...cHtB\u001b[39m) key pair generated"}
{"level":30,"time":1745325106845,"name":"distribute-funds","msg":"Trader (\u001b[35m4wis...4893\u001b[39m) key pair generated"}
{"level":30,"time":1745325106845,"name":"distribute-funds","msg":"Trader (\u001b[35mBbMw...kPUg\u001b[39m) key pair generated"}
{"level":30,"time":1745325106846,"name":"distribute-funds","msg":"Trader (\u001b[35mHYNr...exUJ\u001b[39m) key pair generated"}
{"level":30,"time":1745325106846,"name":"distribute-funds","msg":"Trader (\u001b[35m61Mf...JRX1\u001b[39m) key pair generated"}
{"level":30,"time":1745325106846,"name":"distribute-funds","msg":"Trader (\u001b[35mHe5c...3aVZ\u001b[39m) key pair generated"}
{"level":30,"time":1745325106847,"name":"distribute-funds","msg":"Trader (\u001b[35mHJDf...oen3\u001b[39m) key pair generated"}
{"level":30,"time":1745325106847,"name":"distribute-funds","msg":"Trader (\u001b[35m6b7G...NZkB\u001b[39m) key pair generated"}
{"level":30,"time":1745325106847,"name":"distribute-funds","msg":"Trader (\u001b[35m6eNZ...dYfK\u001b[39m) key pair generated"}
{"level":30,"time":1745325106848,"name":"distribute-funds","msg":"Trader (\u001b[35mDMY8...ZoDW\u001b[39m) key pair generated"}
{"level":30,"time":1745325106848,"name":"distribute-funds","msg":"Trader (\u001b[35mqHC9...kbBD\u001b[39m) key pair generated"}
{"level":30,"time":1745325106848,"name":"distribute-funds","msg":"Trader (\u001b[35mGLWH...3E5w\u001b[39m) key pair generated"}
{"level":30,"time":1745325106849,"name":"distribute-funds","msg":"Trader (\u001b[35mGvnv...kyzf\u001b[39m) key pair generated"}
{"level":30,"time":1745325106849,"name":"distribute-funds","msg":"Trader (\u001b[35m88dJ...RS68\u001b[39m) key pair generated"}
{"level":30,"time":1745325106849,"name":"distribute-funds","msg":"Trader (\u001b[35m97YL...cExM\u001b[39m) key pair generated"}
{"level":30,"time":1745325106850,"name":"distribute-funds","msg":"Trader (\u001b[35m9611...nHts\u001b[39m) key pair generated"}
{"level":30,"time":1745325106850,"name":"distribute-funds","msg":"Trader (\u001b[35mH29p...U8sk\u001b[39m) key pair generated"}
{"level":30,"time":1745325106850,"name":"distribute-funds","msg":"Trader (\u001b[35mEqXv...ttGq\u001b[39m) key pair generated"}
{"level":30,"time":1745325106851,"name":"distribute-funds","msg":"Trader (\u001b[35m2aHB...ju8z\u001b[39m) key pair generated"}
{"level":30,"time":1745325106851,"name":"distribute-funds","msg":"Trader (\u001b[35m3LDD...a7kN\u001b[39m) key pair generated"}
{"level":30,"time":1745325106851,"name":"distribute-funds","msg":"Trader (\u001b[35mA1Ug...rvkG\u001b[39m) key pair generated"}
{"level":30,"time":1745325106852,"name":"distribute-funds","msg":"Trader (\u001b[35m6Kik...m6a8\u001b[39m) key pair generated"}
{"level":30,"time":1745325106852,"name":"distribute-funds","msg":"Trader (\u001b[35mFevi...Bw95\u001b[39m) key pair generated"}
{"level":30,"time":1745325106852,"name":"distribute-funds","msg":"Trader (\u001b[35mEoEd...WX12\u001b[39m) key pair generated"}
{"level":30,"time":1745325106853,"name":"distribute-funds","msg":"Trader (\u001b[35mG7Tj...Se2W\u001b[39m) key pair generated"}
{"level":30,"time":1745325106853,"name":"distribute-funds","msg":"Trader (\u001b[35m7Aoq...f1Aq\u001b[39m) key pair generated"}
{"level":30,"time":1745325106853,"name":"distribute-funds","msg":"Trader (\u001b[35mBMsX...VF49\u001b[39m) key pair generated"}
{"level":30,"time":1745325106854,"name":"distribute-funds","msg":"Trader (\u001b[35m7kRc...AUmk\u001b[39m) key pair generated"}
{"level":30,"time":1745325106854,"name":"distribute-funds","msg":"Trader (\u001b[35mAE4p...RRTQ\u001b[39m) key pair generated"}
{"level":30,"time":1745325106855,"name":"distribute-funds","msg":"Trader (\u001b[35mFawF...Wfgy\u001b[39m) key pair generated"}
{"level":30,"time":1745325106855,"name":"distribute-funds","msg":"Trader (\u001b[35mGpi9...LuCR\u001b[39m) key pair generated"}
{"level":30,"time":1745325106855,"name":"distribute-funds","msg":"Trader (\u001b[35m5JvC...nKRZ\u001b[39m) key pair generated"}
{"level":30,"time":1745325113332,"name":"distribute-funds","msg":"Transaction (\u001b[33m5KETcYGR...Vhh2yh7z\u001b[39m) sent to distribute \u001b[32m0.409851648\u001b[39m SOL from sniper distributor (\u001b[35mDszP...FyYN\u001b[39m) to \u001b[32m20\u001b[39m snipers"}
{"level":30,"time":1745325123837,"name":"distribute-funds","msg":"Transaction (\u001b[33m5KETcYGR...Vhh2yh7z\u001b[39m) confirmed: \u001b[34m\u001b]8;;https://solscan.io/tx/5KETcYGR1yraZFuSwVjRSCaM91HSJax8mvPX58fEW5XWVuaGQiin6Md7gZQuuzdFPoKC4Q54wfq83P25Vhh2yh7z?cluster=mainnet-beta\u001b\\<Transaction link>\u001b]8;;\u001b\\\u001b[39m"}
{"level":30,"time":1745325128718,"name":"distribute-funds","msg":"Transaction (\u001b[33m5YbMHX9C...NUfYKGPj\u001b[39m) sent to distribute \u001b[32m0.408007535\u001b[39m SOL from sniper distributor (\u001b[35mDszP...FyYN\u001b[39m) to \u001b[32m20\u001b[39m snipers"}
{"level":30,"time":1745325134179,"name":"distribute-funds","msg":"Transaction (\u001b[33m5YbMHX9C...NUfYKGPj\u001b[39m) confirmed: \u001b[34m\u001b]8;;https://solscan.io/tx/5YbMHX9CHc1VP6T7WYxenheT7BkLnqUTufAtKKYCQg5J4RRc8xxAqKD84TXtmH9rqrHSZDgLVxET9xSJNUfYKGPj?cluster=mainnet-beta\u001b\\<Transaction link>\u001b]8;;\u001b\\\u001b[39m"}
{"level":30,"time":1745325135567,"name":"distribute-funds","msg":"Transaction (\u001b[33m4JTCcyzg...uLuZghTm\u001b[39m) sent to distribute \u001b[32m0.041595556\u001b[39m SOL from sniper distributor (\u001b[35mDszP...FyYN\u001b[39m) to \u001b[32m2\u001b[39m snipers"}
{"level":30,"time":1745325141143,"name":"distribute-funds","msg":"Transaction (\u001b[33m4JTCcyzg...uLuZghTm\u001b[39m) confirmed: \u001b[34m\u001b]8;;https://solscan.io/tx/4JTCcyzgvwZ6amsbM1QTYcBirsDU7a6ToxjzfAF3XpoytdLUQnerww3SbBai95WRAM4c5sCSzh6zDwAFuLuZghTm?cluster=mainnet-beta\u001b\\<Transaction link>\u001b]8;;\u001b\\\u001b[39m"}
{"level":30,"time":1745325146980,"name":"distribute-funds","msg":"Transaction (\u001b[33mqD9cQApy...dKRMiQjg\u001b[39m) sent to distribute \u001b[32m4.012515785\u001b[39m SOL from trader distributor (\u001b[35mDtcZ...AVjR\u001b[39m) to \u001b[32m20\u001b[39m traders"}
{"level":30,"time":1745325152320,"name":"distribute-funds","msg":"Transaction (\u001b[33mqD9cQApy...dKRMiQjg\u001b[39m) confirmed: \u001b[34m\u001b]8;;https://solscan.io/tx/qD9cQApy18qtygfQDsLc7rgfzg1R8SbwNoA8bC9tS1afU7Xen8cU3uHh3ktX5LdVtDXPf5Ko7LBPHLLdKRMiQjg?cluster=mainnet-beta\u001b\\<Transaction link>\u001b]8;;\u001b\\\u001b[39m"}
{"level":30,"time":1745325157022,"name":"distribute-funds","msg":"Transaction (\u001b[33mTQHLM1H1...QoxQwxPD\u001b[39m) sent to distribute \u001b[32m3.969249292\u001b[39m SOL from trader distributor (\u001b[35mDtcZ...AVjR\u001b[39m) to \u001b[32m20\u001b[39m traders"}
{"level":30,"time":1745325162440,"name":"distribute-funds","msg":"Transaction (\u001b[33mTQHLM1H1...QoxQwxPD\u001b[39m) confirmed: \u001b[34m\u001b]8;;https://solscan.io/tx/TQHLM1H1KSgX6ubuCDNVV55QzfMezsEXXfj6VHrxZRRD5ft2o7ycMwhhtRZg9CM7zxGF3mR63yKAkkGQoxQwxPD?cluster=mainnet-beta\u001b\\<Transaction link>\u001b]8;;\u001b\\\u001b[39m"}
{"level":30,"time":1745325166369,"name":"distribute-funds","msg":"Transaction (\u001b[33m4iJDuw1s...XyNf9XEQ\u001b[39m) sent to distribute \u001b[32m4.038657726\u001b[39m SOL from trader distributor (\u001b[35mDtcZ...AVjR\u001b[39m) to \u001b[32m20\u001b[39m traders"}
{"level":30,"time":1745325171966,"name":"distribute-funds","msg":"Transaction (\u001b[33m4iJDuw1s...XyNf9XEQ\u001b[39m) confirmed: \u001b[34m\u001b]8;;https://solscan.io/tx/4iJDuw1snetyKLvKcQQhMUMHmgznAYTQLacaKnjm5EP3gmz6xY6RvtvEmKcM8YyzcN2XM9sHWzA6HDoiXyNf9XEQ?cluster=mainnet-beta\u001b\\<Transaction link>\u001b]8;;\u001b\\\u001b[39m"}
{"level":30,"time":1745325176787,"name":"distribute-funds","msg":"Transaction (\u001b[33m3pgK2moV...nStUs8gP\u001b[39m) sent to distribute \u001b[32m3.979780716\u001b[39m SOL from trader distributor (\u001b[35mDtcZ...AVjR\u001b[39m) to \u001b[32m20\u001b[39m traders"}
{"level":30,"time":1745325182306,"name":"distribute-funds","msg":"Transaction (\u001b[33m3pgK2moV...nStUs8gP\u001b[39m) confirmed: \u001b[34m\u001b]8;;https://solscan.io/tx/3pgK2moVQA7bzDgQgLNWYaSgFsVMX9cGDVkmyXP2r1RHXvJbabf4ZNatydcFjMw9XetZB6F88aHWxur1nStUs8gP?cluster=mainnet-beta\u001b\\<Transaction link>\u001b]8;;\u001b\\\u001b[39m"}
{"level":30,"time":1745325187853,"name":"distribute-funds","msg":"Transaction (\u001b[33m5gSq1g6o...uQrCNnV4\u001b[39m) sent to distribute \u001b[32m3.955890572\u001b[39m SOL from trader distributor (\u001b[35mDtcZ...AVjR\u001b[39m) to \u001b[32m20\u001b[39m traders"}
{"level":30,"time":1745325193263,"name":"distribute-funds","msg":"Transaction (\u001b[33m5gSq1g6o...uQrCNnV4\u001b[39m) confirmed: \u001b[34m\u001b]8;;https://solscan.io/tx/5gSq1g6oivEtWLbiLovifHuNvY6JYFP2atouL42QcAoBU2mZTvtRb5UDrP8hF2BmnWqYk8stmCKkRfXuQrCNnV4?cluster=mainnet-beta\u001b\\<Transaction link>\u001b]8;;\u001b\\\u001b[39m"}
{"level":30,"time":1745325195005,"name":"distribute-funds","msg":"Transaction (\u001b[33mwkgyrutf...hL967f3w\u001b[39m) sent to distribute \u001b[32m1.206685852\u001b[39m SOL from trader distributor (\u001b[35mDtcZ...AVjR\u001b[39m) to \u001b[32m6\u001b[39m traders"}
{"level":30,"time":1745325200848,"name":"distribute-funds","msg":"Transaction (\u001b[33mwkgyrutf...hL967f3w\u001b[39m) confirmed: \u001b[34m\u001b]8;;https://solscan.io/tx/wkgyrutfVMguPGm9yG1rNwKigCwkQSsW3KhTUBmThjrNhYdgF969iMaoDPzF28AisRXSieXUY8yA1cFhL967f3w?cluster=mainnet-beta\u001b\\<Transaction link>\u001b]8;;\u001b\\\u001b[39m"}
