{"level":30,"time":1745518512901,"name":"distribute-funds","msg":"Sniper (\u001b[35m52VK...WTbv\u001b[39m) key pair generated"}
{"level":30,"time":1745518512902,"name":"distribute-funds","msg":"Sniper (\u001b[35mEDZP...ihNU\u001b[39m) key pair generated"}
{"level":30,"time":1745518512903,"name":"distribute-funds","msg":"Sniper (\u001b[35m43Gi...SYik\u001b[39m) key pair generated"}
{"level":30,"time":1745518512903,"name":"distribute-funds","msg":"Sniper (\u001b[35m74DD...gU96\u001b[39m) key pair generated"}
{"level":30,"time":1745518512903,"name":"distribute-funds","msg":"Sniper (\u001b[35mFyBp...Nz55\u001b[39m) key pair generated"}
{"level":30,"time":1745518512904,"name":"distribute-funds","msg":"Sniper (\u001b[35mBoPt...pXjk\u001b[39m) key pair generated"}
{"level":30,"time":1745518512905,"name":"distribute-funds","msg":"Sniper (\u001b[35mGv8e...6wYq\u001b[39m) key pair generated"}
{"level":30,"time":1745518512905,"name":"distribute-funds","msg":"Sniper (\u001b[35mDGAG...mrn2\u001b[39m) key pair generated"}
{"level":30,"time":1745518512906,"name":"distribute-funds","msg":"Sniper (\u001b[35mGLHJ...9Jp9\u001b[39m) key pair generated"}
{"level":30,"time":1745518512906,"name":"distribute-funds","msg":"Sniper (\u001b[35m8YGV...FFyk\u001b[39m) key pair generated"}
{"level":30,"time":1745518512906,"name":"distribute-funds","msg":"Sniper (\u001b[35mHQzX...Ff9c\u001b[39m) key pair generated"}
{"level":30,"time":1745518512907,"name":"distribute-funds","msg":"Sniper (\u001b[35mGUwE...QsK8\u001b[39m) key pair generated"}
{"level":30,"time":1745518512907,"name":"distribute-funds","msg":"Sniper (\u001b[35mCgVG...yMM7\u001b[39m) key pair generated"}
{"level":30,"time":1745518512907,"name":"distribute-funds","msg":"Sniper (\u001b[35m7gKR...CzXS\u001b[39m) key pair generated"}
{"level":30,"time":1745518512908,"name":"distribute-funds","msg":"Sniper (\u001b[35m6wuj...sKJc\u001b[39m) key pair generated"}
{"level":30,"time":1745518512908,"name":"distribute-funds","msg":"Sniper (\u001b[35mHKbL...79yn\u001b[39m) key pair generated"}
{"level":30,"time":1745518512909,"name":"distribute-funds","msg":"Sniper (\u001b[35mBXbK...8aP7\u001b[39m) key pair generated"}
{"level":30,"time":1745518512909,"name":"distribute-funds","msg":"Sniper (\u001b[35mBM9w...63yK\u001b[39m) key pair generated"}
{"level":30,"time":1745518512909,"name":"distribute-funds","msg":"Sniper (\u001b[35m4bUV...gZVy\u001b[39m) key pair generated"}
{"level":30,"time":1745518512910,"name":"distribute-funds","msg":"Sniper (\u001b[35mCwnS...sHqb\u001b[39m) key pair generated"}
{"level":30,"time":1745518512910,"name":"distribute-funds","msg":"Sniper (\u001b[35mLmWD...sUwK\u001b[39m) key pair generated"}
{"level":30,"time":1745518512910,"name":"distribute-funds","msg":"Sniper (\u001b[35mqY3C...Gfw9\u001b[39m) key pair generated"}
{"level":30,"time":1745518512911,"name":"distribute-funds","msg":"Sniper (\u001b[35m8B8K...6uUs\u001b[39m) key pair generated"}
{"level":30,"time":1745518512911,"name":"distribute-funds","msg":"Sniper (\u001b[35mF68k...HBPd\u001b[39m) key pair generated"}
{"level":30,"time":1745518512911,"name":"distribute-funds","msg":"Sniper (\u001b[35m4PPx...RJ4L\u001b[39m) key pair generated"}
{"level":30,"time":1745518512912,"name":"distribute-funds","msg":"Sniper (\u001b[35mDyPK...cRx6\u001b[39m) key pair generated"}
{"level":30,"time":1745518512912,"name":"distribute-funds","msg":"Sniper (\u001b[35mGhfr...oDbS\u001b[39m) key pair generated"}
{"level":30,"time":1745518512912,"name":"distribute-funds","msg":"Sniper (\u001b[35m9WW1...y2ce\u001b[39m) key pair generated"}
{"level":30,"time":1745518512913,"name":"distribute-funds","msg":"Sniper (\u001b[35m9pCP...tcR5\u001b[39m) key pair generated"}
{"level":30,"time":1745518512913,"name":"distribute-funds","msg":"Sniper (\u001b[35m2Tpa...8Rsw\u001b[39m) key pair generated"}
{"level":30,"time":1745518512913,"name":"distribute-funds","msg":"Sniper (\u001b[35mDYEB...MN9M\u001b[39m) key pair generated"}
{"level":30,"time":1745518512914,"name":"distribute-funds","msg":"Sniper (\u001b[35mDYJC...xNrx\u001b[39m) key pair generated"}
{"level":30,"time":1745518512914,"name":"distribute-funds","msg":"Sniper (\u001b[35m4YWT...Bpva\u001b[39m) key pair generated"}
{"level":30,"time":1745518512914,"name":"distribute-funds","msg":"Sniper (\u001b[35mHEsP...d5Sf\u001b[39m) key pair generated"}
{"level":30,"time":1745518512915,"name":"distribute-funds","msg":"Sniper (\u001b[35mhGv7...XVRg\u001b[39m) key pair generated"}
{"level":30,"time":1745518512915,"name":"distribute-funds","msg":"Sniper (\u001b[35mEn3U...3GDF\u001b[39m) key pair generated"}
{"level":30,"time":1745518512915,"name":"distribute-funds","msg":"Sniper (\u001b[35m4BHF...DU8D\u001b[39m) key pair generated"}
{"level":30,"time":1745518512916,"name":"distribute-funds","msg":"Sniper (\u001b[35m88gv...WFpM\u001b[39m) key pair generated"}
{"level":30,"time":1745518512916,"name":"distribute-funds","msg":"Sniper (\u001b[35mAkwt...a9wG\u001b[39m) key pair generated"}
{"level":30,"time":1745518512919,"name":"distribute-funds","msg":"Sniper (\u001b[35mAbtG...VSZq\u001b[39m) key pair generated"}
{"level":30,"time":1745518512919,"name":"distribute-funds","msg":"Sniper (\u001b[35mGyDQ...8KnX\u001b[39m) key pair generated"}
{"level":30,"time":1745518512919,"name":"distribute-funds","msg":"Sniper (\u001b[35mHiJq...hdMh\u001b[39m) key pair generated"}
{"level":30,"time":1745518512920,"name":"distribute-funds","msg":"Sniper (\u001b[35mC3ko...v741\u001b[39m) key pair generated"}
{"level":30,"time":1745518512920,"name":"distribute-funds","msg":"Sniper (\u001b[35m31t8...BiVx\u001b[39m) key pair generated"}
{"level":30,"time":1745518512920,"name":"distribute-funds","msg":"Sniper (\u001b[35m6Xs8...xmdr\u001b[39m) key pair generated"}
{"level":30,"time":1745518512921,"name":"distribute-funds","msg":"Sniper (\u001b[35m7sSo...CLQq\u001b[39m) key pair generated"}
{"level":30,"time":1745518512921,"name":"distribute-funds","msg":"Sniper (\u001b[35m9nAZ...qaFS\u001b[39m) key pair generated"}
{"level":30,"time":1745518512921,"name":"distribute-funds","msg":"Sniper (\u001b[35m2BAR...vXaQ\u001b[39m) key pair generated"}
{"level":30,"time":1745518512922,"name":"distribute-funds","msg":"Sniper (\u001b[35m5CGB...sCZr\u001b[39m) key pair generated"}
{"level":30,"time":1745518512922,"name":"distribute-funds","msg":"Sniper (\u001b[35m43GY...8b9Q\u001b[39m) key pair generated"}
{"level":30,"time":1745518512922,"name":"distribute-funds","msg":"Sniper (\u001b[35mf9nM...KBVK\u001b[39m) key pair generated"}
{"level":30,"time":1745518512923,"name":"distribute-funds","msg":"Sniper (\u001b[35mESvS...pBLd\u001b[39m) key pair generated"}
{"level":30,"time":1745518512923,"name":"distribute-funds","msg":"Sniper (\u001b[35mHe3D...Gk5T\u001b[39m) key pair generated"}
{"level":30,"time":1745518512923,"name":"distribute-funds","msg":"Sniper (\u001b[35m4327...SybH\u001b[39m) key pair generated"}
{"level":30,"time":1745518512923,"name":"distribute-funds","msg":"Sniper (\u001b[35mJBFz...WhZq\u001b[39m) key pair generated"}
{"level":30,"time":1745518512924,"name":"distribute-funds","msg":"Sniper (\u001b[35mFhzN...rZLy\u001b[39m) key pair generated"}
{"level":30,"time":1745518512924,"name":"distribute-funds","msg":"Sniper (\u001b[35mFa3D...RGwf\u001b[39m) key pair generated"}
{"level":30,"time":1745518512924,"name":"distribute-funds","msg":"Sniper (\u001b[35m2Svg...cX6Q\u001b[39m) key pair generated"}
{"level":30,"time":1745518512925,"name":"distribute-funds","msg":"Sniper (\u001b[35mA4XW...fpDc\u001b[39m) key pair generated"}
{"level":30,"time":1745518512935,"name":"distribute-funds","msg":"Trader (\u001b[35mAzrn...cydm\u001b[39m) key pair generated"}
{"level":30,"time":1745518512935,"name":"distribute-funds","msg":"Trader (\u001b[35mCsmk...zPBw\u001b[39m) key pair generated"}
{"level":30,"time":1745518512935,"name":"distribute-funds","msg":"Trader (\u001b[35m9bBi...9YmM\u001b[39m) key pair generated"}
{"level":30,"time":1745518512936,"name":"distribute-funds","msg":"Trader (\u001b[35m9wcm...SyDw\u001b[39m) key pair generated"}
{"level":30,"time":1745518512936,"name":"distribute-funds","msg":"Trader (\u001b[35mGDu3...CbrP\u001b[39m) key pair generated"}
{"level":30,"time":1745518512936,"name":"distribute-funds","msg":"Trader (\u001b[35m7q8H...S9AT\u001b[39m) key pair generated"}
{"level":30,"time":1745518512937,"name":"distribute-funds","msg":"Trader (\u001b[35mCTAy...z6EM\u001b[39m) key pair generated"}
{"level":30,"time":1745518512937,"name":"distribute-funds","msg":"Trader (\u001b[35mDia2...yri3\u001b[39m) key pair generated"}
{"level":30,"time":1745518512937,"name":"distribute-funds","msg":"Trader (\u001b[35m8JhB...PRGx\u001b[39m) key pair generated"}
{"level":30,"time":1745518512938,"name":"distribute-funds","msg":"Trader (\u001b[35m4f5d...3tra\u001b[39m) key pair generated"}
{"level":30,"time":1745518512938,"name":"distribute-funds","msg":"Trader (\u001b[35m51mK...LFvJ\u001b[39m) key pair generated"}
{"level":30,"time":1745518512938,"name":"distribute-funds","msg":"Trader (\u001b[35mBr1K...pXSp\u001b[39m) key pair generated"}
{"level":30,"time":1745518512939,"name":"distribute-funds","msg":"Trader (\u001b[35mE1Ri...BqcU\u001b[39m) key pair generated"}
{"level":30,"time":1745518512939,"name":"distribute-funds","msg":"Trader (\u001b[35mDaUh...eQT7\u001b[39m) key pair generated"}
{"level":30,"time":1745518512939,"name":"distribute-funds","msg":"Trader (\u001b[35m3S58...yNMk\u001b[39m) key pair generated"}
{"level":30,"time":1745518512940,"name":"distribute-funds","msg":"Trader (\u001b[35mHE9K...E8yi\u001b[39m) key pair generated"}
{"level":30,"time":1745518512940,"name":"distribute-funds","msg":"Trader (\u001b[35mF6rY...NZuC\u001b[39m) key pair generated"}
{"level":30,"time":1745518512940,"name":"distribute-funds","msg":"Trader (\u001b[35mBRSH...pBYC\u001b[39m) key pair generated"}
{"level":30,"time":1745518512941,"name":"distribute-funds","msg":"Trader (\u001b[35m4vGi...BzTz\u001b[39m) key pair generated"}
{"level":30,"time":1745518512941,"name":"distribute-funds","msg":"Trader (\u001b[35m8TYV...bx1s\u001b[39m) key pair generated"}
{"level":30,"time":1745518512941,"name":"distribute-funds","msg":"Trader (\u001b[35mFjvA...J2n6\u001b[39m) key pair generated"}
{"level":30,"time":1745518512942,"name":"distribute-funds","msg":"Trader (\u001b[35mEsYM...F2KP\u001b[39m) key pair generated"}
{"level":30,"time":1745518512942,"name":"distribute-funds","msg":"Trader (\u001b[35mBPYk...2sXT\u001b[39m) key pair generated"}
{"level":30,"time":1745518512943,"name":"distribute-funds","msg":"Trader (\u001b[35m9XBX...QGRB\u001b[39m) key pair generated"}
{"level":30,"time":1745518512943,"name":"distribute-funds","msg":"Trader (\u001b[35mETZr...ez1c\u001b[39m) key pair generated"}
{"level":30,"time":1745518512943,"name":"distribute-funds","msg":"Trader (\u001b[35m2GaW...Piss\u001b[39m) key pair generated"}
{"level":30,"time":1745518512944,"name":"distribute-funds","msg":"Trader (\u001b[35m87U9...ECUh\u001b[39m) key pair generated"}
{"level":30,"time":1745518512944,"name":"distribute-funds","msg":"Trader (\u001b[35m2MgN...AaA3\u001b[39m) key pair generated"}
{"level":30,"time":1745518512944,"name":"distribute-funds","msg":"Trader (\u001b[35m13aY...YpWC\u001b[39m) key pair generated"}
{"level":30,"time":1745518512945,"name":"distribute-funds","msg":"Trader (\u001b[35m2WWy...4tda\u001b[39m) key pair generated"}
{"level":30,"time":1745518512945,"name":"distribute-funds","msg":"Trader (\u001b[35mEJs1...Qfec\u001b[39m) key pair generated"}
{"level":30,"time":1745518512945,"name":"distribute-funds","msg":"Trader (\u001b[35mBdWy...X4Cm\u001b[39m) key pair generated"}
{"level":30,"time":1745518512946,"name":"distribute-funds","msg":"Trader (\u001b[35mAsYj...m6EU\u001b[39m) key pair generated"}
{"level":30,"time":1745518512946,"name":"distribute-funds","msg":"Trader (\u001b[35m7pkV...WkcR\u001b[39m) key pair generated"}
{"level":30,"time":1745518512946,"name":"distribute-funds","msg":"Trader (\u001b[35m4BJs...s3Js\u001b[39m) key pair generated"}
{"level":30,"time":1745518512946,"name":"distribute-funds","msg":"Trader (\u001b[35mDTcd...kT6p\u001b[39m) key pair generated"}
{"level":30,"time":1745518512947,"name":"distribute-funds","msg":"Trader (\u001b[35mEbQN...DSic\u001b[39m) key pair generated"}
{"level":30,"time":1745518512947,"name":"distribute-funds","msg":"Trader (\u001b[35m8hnV...NPsS\u001b[39m) key pair generated"}
{"level":30,"time":1745518512947,"name":"distribute-funds","msg":"Trader (\u001b[35m83DC...HfDM\u001b[39m) key pair generated"}
{"level":30,"time":1745518512948,"name":"distribute-funds","msg":"Trader (\u001b[35mEQUb...QmVK\u001b[39m) key pair generated"}
{"level":30,"time":1745518512948,"name":"distribute-funds","msg":"Trader (\u001b[35m6uF1...pnj1\u001b[39m) key pair generated"}
{"level":30,"time":1745518512948,"name":"distribute-funds","msg":"Trader (\u001b[35mHJSq...gyJx\u001b[39m) key pair generated"}
{"level":30,"time":1745518512948,"name":"distribute-funds","msg":"Trader (\u001b[35mBQfa...FXZh\u001b[39m) key pair generated"}
{"level":30,"time":1745518512949,"name":"distribute-funds","msg":"Trader (\u001b[35m7S85...omx5\u001b[39m) key pair generated"}
{"level":30,"time":1745518512949,"name":"distribute-funds","msg":"Trader (\u001b[35m2wk8...JWTB\u001b[39m) key pair generated"}
{"level":30,"time":1745518512949,"name":"distribute-funds","msg":"Trader (\u001b[35mKVvb...AEGt\u001b[39m) key pair generated"}
{"level":30,"time":1745518512950,"name":"distribute-funds","msg":"Trader (\u001b[35mCPF2...auFn\u001b[39m) key pair generated"}
{"level":30,"time":1745518512950,"name":"distribute-funds","msg":"Trader (\u001b[35mG2JC...w7Pv\u001b[39m) key pair generated"}
{"level":30,"time":1745518512950,"name":"distribute-funds","msg":"Trader (\u001b[35m3JHt...FcwA\u001b[39m) key pair generated"}
{"level":30,"time":1745518512950,"name":"distribute-funds","msg":"Trader (\u001b[35mKtj8...tSGA\u001b[39m) key pair generated"}
{"level":30,"time":1745518512951,"name":"distribute-funds","msg":"Trader (\u001b[35mESTS...FktU\u001b[39m) key pair generated"}
{"level":30,"time":1745518512951,"name":"distribute-funds","msg":"Trader (\u001b[35m7VtB...CVhY\u001b[39m) key pair generated"}
{"level":30,"time":1745518512951,"name":"distribute-funds","msg":"Trader (\u001b[35mDDEM...ru6i\u001b[39m) key pair generated"}
{"level":30,"time":1745518512951,"name":"distribute-funds","msg":"Trader (\u001b[35mFRZB...FvZc\u001b[39m) key pair generated"}
{"level":30,"time":1745518512952,"name":"distribute-funds","msg":"Trader (\u001b[35m52qq...U7uJ\u001b[39m) key pair generated"}
{"level":30,"time":1745518512952,"name":"distribute-funds","msg":"Trader (\u001b[35m6zoi...6N3n\u001b[39m) key pair generated"}
{"level":30,"time":1745518512952,"name":"distribute-funds","msg":"Trader (\u001b[35mARLR...JEaC\u001b[39m) key pair generated"}
{"level":30,"time":1745518512953,"name":"distribute-funds","msg":"Trader (\u001b[35m367p...dwPh\u001b[39m) key pair generated"}
{"level":30,"time":1745518512953,"name":"distribute-funds","msg":"Trader (\u001b[35m5nb6...vUpP\u001b[39m) key pair generated"}
{"level":30,"time":1745518512953,"name":"distribute-funds","msg":"Trader (\u001b[35m7ijT...TqUf\u001b[39m) key pair generated"}
{"level":30,"time":1745518512953,"name":"distribute-funds","msg":"Trader (\u001b[35m6fym...uyKw\u001b[39m) key pair generated"}
{"level":30,"time":1745518512954,"name":"distribute-funds","msg":"Trader (\u001b[35m77bF...ePvi\u001b[39m) key pair generated"}
{"level":30,"time":1745518512954,"name":"distribute-funds","msg":"Trader (\u001b[35mFpXL...Do6M\u001b[39m) key pair generated"}
{"level":30,"time":1745518512954,"name":"distribute-funds","msg":"Trader (\u001b[35mEXdF...jrgX\u001b[39m) key pair generated"}
{"level":30,"time":1745518512955,"name":"distribute-funds","msg":"Trader (\u001b[35mDUcb...5wqh\u001b[39m) key pair generated"}
{"level":30,"time":1745518512956,"name":"distribute-funds","msg":"Trader (\u001b[35m8v9g...X212\u001b[39m) key pair generated"}
{"level":30,"time":1745518512957,"name":"distribute-funds","msg":"Trader (\u001b[35mG2or...E5em\u001b[39m) key pair generated"}
{"level":30,"time":1745518512957,"name":"distribute-funds","msg":"Trader (\u001b[35mFMMJ...FwDQ\u001b[39m) key pair generated"}
{"level":30,"time":1745518512957,"name":"distribute-funds","msg":"Trader (\u001b[35mEcD5...Lb6n\u001b[39m) key pair generated"}
{"level":30,"time":1745518512958,"name":"distribute-funds","msg":"Trader (\u001b[35m5YS6...wj4u\u001b[39m) key pair generated"}
{"level":30,"time":1745518512958,"name":"distribute-funds","msg":"Trader (\u001b[35mA3NT...sP5E\u001b[39m) key pair generated"}
{"level":30,"time":1745518512958,"name":"distribute-funds","msg":"Trader (\u001b[35mC1wd...KBos\u001b[39m) key pair generated"}
{"level":30,"time":1745518512958,"name":"distribute-funds","msg":"Trader (\u001b[35m4DTK...zcSp\u001b[39m) key pair generated"}
{"level":30,"time":1745518512959,"name":"distribute-funds","msg":"Trader (\u001b[35m3aSx...vRq7\u001b[39m) key pair generated"}
{"level":30,"time":1745518512959,"name":"distribute-funds","msg":"Trader (\u001b[35m2BPL...zmpi\u001b[39m) key pair generated"}
{"level":30,"time":1745518512959,"name":"distribute-funds","msg":"Trader (\u001b[35mDk1Y...9VEZ\u001b[39m) key pair generated"}
{"level":30,"time":1745518512960,"name":"distribute-funds","msg":"Trader (\u001b[35mB6jq...xFZz\u001b[39m) key pair generated"}
{"level":30,"time":1745518512960,"name":"distribute-funds","msg":"Trader (\u001b[35m6PLX...qub6\u001b[39m) key pair generated"}
{"level":30,"time":1745518512960,"name":"distribute-funds","msg":"Trader (\u001b[35mGvof...jZ2e\u001b[39m) key pair generated"}
{"level":30,"time":1745518512960,"name":"distribute-funds","msg":"Trader (\u001b[35mDKT1...ACFC\u001b[39m) key pair generated"}
{"level":30,"time":1745518512961,"name":"distribute-funds","msg":"Trader (\u001b[35mBSUh...W8ig\u001b[39m) key pair generated"}
{"level":30,"time":1745518512961,"name":"distribute-funds","msg":"Trader (\u001b[35mHiRC...EjqV\u001b[39m) key pair generated"}
{"level":30,"time":1745518512961,"name":"distribute-funds","msg":"Trader (\u001b[35mDoH9...WgHn\u001b[39m) key pair generated"}
{"level":30,"time":1745518512962,"name":"distribute-funds","msg":"Trader (\u001b[35mDmnV...mi31\u001b[39m) key pair generated"}
{"level":30,"time":1745518512962,"name":"distribute-funds","msg":"Trader (\u001b[35mEWV4...4tck\u001b[39m) key pair generated"}
{"level":30,"time":1745518512962,"name":"distribute-funds","msg":"Trader (\u001b[35mEcQu...Ccqk\u001b[39m) key pair generated"}
{"level":30,"time":1745518522213,"name":"distribute-funds","msg":"Transaction (\u001b[33m2MgLSa2e...5AuvEd9M\u001b[39m) sent to distribute \u001b[32m0.415246687\u001b[39m SOL from sniper distributor (\u001b[35mDsDz...V8rN\u001b[39m) to \u001b[32m20\u001b[39m snipers"}
{"level":30,"time":1745518527710,"name":"distribute-funds","msg":"Transaction (\u001b[33m2MgLSa2e...5AuvEd9M\u001b[39m) confirmed: \u001b[34m\u001b]8;;https://solscan.io/tx/2MgLSa2ewMvJPtDuDgEcDc2Wvbm2ov75U8136WphyrAc6GTG3KDn51N9p8hz3LRfzj4kHXJqPivAr4Yt5AuvEd9M?cluster=mainnet-beta\u001b\\<Transaction link>\u001b]8;;\u001b\\\u001b[39m"}
{"level":30,"time":1745518533169,"name":"distribute-funds","msg":"Transaction (\u001b[33m31fCAVoW...TQLCkhwV\u001b[39m) sent to distribute \u001b[32m0.399448935\u001b[39m SOL from sniper distributor (\u001b[35mDsDz...V8rN\u001b[39m) to \u001b[32m20\u001b[39m snipers"}
{"level":30,"time":1745518538873,"name":"distribute-funds","msg":"Transaction (\u001b[33m31fCAVoW...TQLCkhwV\u001b[39m) confirmed: \u001b[34m\u001b]8;;https://solscan.io/tx/31fCAVoWGQeoj1LLzRvHSHMAq3WdQFLZhBNe18vmuPNrB6S7mDdggWq8RjCBMhh78RwkWMzBHhbWQhQDTQLCkhwV?cluster=mainnet-beta\u001b\\<Transaction link>\u001b]8;;\u001b\\\u001b[39m"}
{"level":30,"time":1745518543916,"name":"distribute-funds","msg":"Transaction (\u001b[33m3RJyoahN...btreYUjt\u001b[39m) sent to distribute \u001b[32m0.389686547\u001b[39m SOL from sniper distributor (\u001b[35mDsDz...V8rN\u001b[39m) to \u001b[32m19\u001b[39m snipers"}
{"level":30,"time":1745518549349,"name":"distribute-funds","msg":"Transaction (\u001b[33m3RJyoahN...btreYUjt\u001b[39m) confirmed: \u001b[34m\u001b]8;;https://solscan.io/tx/3RJyoahN9oktxoJv7TTCWzW8JpcYpju6A1vhNBmWD5vNB1kSgmQN8PoEm8Ueh49qyqQ8gfkCy5n543TKbtreYUjt?cluster=mainnet-beta\u001b\\<Transaction link>\u001b]8;;\u001b\\\u001b[39m"}
{"level":30,"time":1745518554231,"name":"distribute-funds","msg":"Transaction (\u001b[33mvJMKwbTe...uKvr3LZP\u001b[39m) sent to distribute \u001b[32m4.057537928\u001b[39m SOL from trader distributor (\u001b[35mDt9Z...zKuR\u001b[39m) to \u001b[32m20\u001b[39m traders"}
{"level":30,"time":1745518559562,"name":"distribute-funds","msg":"Transaction (\u001b[33mvJMKwbTe...uKvr3LZP\u001b[39m) confirmed: \u001b[34m\u001b]8;;https://solscan.io/tx/vJMKwbTekG4E9XBYZGVxwtbY8xQobhJnXW6q1eZyYF2HBBrDxC23ptxfgmdcbFus95yc6rAsfAtQJGduKvr3LZP?cluster=mainnet-beta\u001b\\<Transaction link>\u001b]8;;\u001b\\\u001b[39m"}
{"level":30,"time":1745518565210,"name":"distribute-funds","msg":"Transaction (\u001b[33m4fGSfcHt...nAHXAFcW\u001b[39m) sent to distribute \u001b[32m4.025805886\u001b[39m SOL from trader distributor (\u001b[35mDt9Z...zKuR\u001b[39m) to \u001b[32m20\u001b[39m traders"}
{"level":30,"time":1745518570650,"name":"distribute-funds","msg":"Transaction (\u001b[33m4fGSfcHt...nAHXAFcW\u001b[39m) confirmed: \u001b[34m\u001b]8;;https://solscan.io/tx/4fGSfcHtRVKuybJ5fG5QPNvjD9uPvF94waxVjFa1pPptfVD8zkxViM7JtZDYew8H14WD1H3euMadBmJ6nAHXAFcW?cluster=mainnet-beta\u001b\\<Transaction link>\u001b]8;;\u001b\\\u001b[39m"}
{"level":30,"time":1745518575256,"name":"distribute-funds","msg":"Transaction (\u001b[33m2HQXiVRp...dWvjBMHC\u001b[39m) sent to distribute \u001b[32m3.986488308\u001b[39m SOL from trader distributor (\u001b[35mDt9Z...zKuR\u001b[39m) to \u001b[32m20\u001b[39m traders"}
{"level":30,"time":1745518580760,"name":"distribute-funds","msg":"Transaction (\u001b[33m2HQXiVRp...dWvjBMHC\u001b[39m) confirmed: \u001b[34m\u001b]8;;https://solscan.io/tx/2HQXiVRp58jwAfkA9PYBqk1io1edNc5dfpfJH2jSkuXZYX3xpUWPaHjqqqdXivUWdEyFQNmE8ayAJgmrdWvjBMHC?cluster=mainnet-beta\u001b\\<Transaction link>\u001b]8;;\u001b\\\u001b[39m"}
{"level":30,"time":1745518596199,"name":"distribute-funds","msg":"Transaction (\u001b[33m31EhgmyA...U9aPXb1M\u001b[39m) sent to distribute \u001b[32m4.011121372\u001b[39m SOL from trader distributor (\u001b[35mDt9Z...zKuR\u001b[39m) to \u001b[32m20\u001b[39m traders"}
{"level":30,"time":1745518601605,"name":"distribute-funds","msg":"Transaction (\u001b[33m31EhgmyA...U9aPXb1M\u001b[39m) confirmed: \u001b[34m\u001b]8;;https://solscan.io/tx/31EhgmyAQUJ4yRrJYeTBGU5gEg6hpSTCZ6CY5GCzZ4t3zLWwSukQJn6vQnV5c3CnTzpo2m5hfxTnfuWjU9aPXb1M?cluster=mainnet-beta\u001b\\<Transaction link>\u001b]8;;\u001b\\\u001b[39m"}
{"level":30,"time":1745518603975,"name":"distribute-funds","msg":"Transaction (\u001b[33m2rG3wSEr...pZtTnzNw\u001b[39m) sent to distribute \u001b[32m1.210392165\u001b[39m SOL from trader distributor (\u001b[35mDt9Z...zKuR\u001b[39m) to \u001b[32m6\u001b[39m traders"}
{"level":30,"time":1745518609304,"name":"distribute-funds","msg":"Transaction (\u001b[33m2rG3wSEr...pZtTnzNw\u001b[39m) confirmed: \u001b[34m\u001b]8;;https://solscan.io/tx/2rG3wSErQiBPgpEca7pTGz9f1kpZ1uTRGAKifiqB7aSPNrLFtn2KcAEdQeCyz1NEmZnPUiTUz9xGgPyWpZtTnzNw?cluster=mainnet-beta\u001b\\<Transaction link>\u001b]8;;\u001b\\\u001b[39m"}
