{"level":40,"time":1745166642155,"name":"close-pool","msg":"Dev (\u001b[35mDeuc...hWMV\u001b[39m) has insufficient balance on ATA (\u001b[35mHNoB...maua\u001b[39m): \u001b[32m0\u001b[39m EGGLON"}
{"level":30,"time":1745166657426,"name":"close-pool","msg":"Transaction (\u001b[33m2zpsC6Fq...GdHXf4i3\u001b[39m) sent to swap \u001b[32m6,885,515.516497\u001b[39m EGGLON to ~\u001b[32m0.233806461\u001b[39m WSOL for account (\u001b[35m3P52...ZLzR\u001b[39m)"}
{"level":30,"time":1745166657720,"name":"close-pool","msg":"Transaction (\u001b[33m2G9RvZq1...SJbQxUhh\u001b[39m) sent to swap \u001b[32m10,611,889.802443\u001b[39m EGGLON to ~\u001b[32m0.353762137\u001b[39m WSOL for account (\u001b[35m54wQ...2zVo\u001b[39m)"}
{"level":30,"time":1745166657950,"name":"close-pool","msg":"Transaction (\u001b[33m4YRgcnRd...QKrsSfgy\u001b[39m) sent to swap \u001b[32m10,132,261.712047\u001b[39m EGGLON to ~\u001b[32m0.338568591\u001b[39m WSOL for account (\u001b[35mHhKt...E58t\u001b[39m)"}
{"level":30,"time":1745166658310,"name":"close-pool","msg":"Transaction (\u001b[33m2Hka8MuB...f4Da82sa\u001b[39m) sent to swap \u001b[32m10,514,892.626689\u001b[39m EGGLON to ~\u001b[32m0.350695246\u001b[39m WSOL for account (\u001b[35mAQ7c...QcyB\u001b[39m)"}
{"level":30,"time":1745166658515,"name":"close-pool","msg":"Transaction (\u001b[33m4wdAuVfZ...zycbsYUy\u001b[39m) sent to swap \u001b[32m8,937,343.106449\u001b[39m EGGLON to ~\u001b[32m0.300403148\u001b[39m WSOL for account (\u001b[35mDVL9...BPGA\u001b[39m)"}
{"level":30,"time":1745166658735,"name":"close-pool","msg":"Transaction (\u001b[33m3UURNujZ...1SyDBu1Z\u001b[39m) sent to swap \u001b[32m10,521,463.019506\u001b[39m EGGLON to ~\u001b[32m0.350903083\u001b[39m WSOL for account (\u001b[35mGESz...keAt\u001b[39m)"}
{"level":30,"time":1745166659028,"name":"close-pool","msg":"Transaction (\u001b[33m2SmMVNQ9...yPNLybHQ\u001b[39m) sent to swap \u001b[32m10,396,915.413468\u001b[39m EGGLON to ~\u001b[32m0.346961067\u001b[39m WSOL for account (\u001b[35mEoWx...2VeN\u001b[39m)"}
{"level":30,"time":1745166659254,"name":"close-pool","msg":"Transaction (\u001b[33m5TYs3465...8fAGTncY\u001b[39m) sent to swap \u001b[32m8,739,841.143139\u001b[39m EGGLON to ~\u001b[32m0.294051549\u001b[39m WSOL for account (\u001b[35mAaP8...eJc2\u001b[39m)"}
{"level":30,"time":1745166659524,"name":"close-pool","msg":"Transaction (\u001b[33m4j9xmAHy...BYAeNxUt\u001b[39m) sent to swap \u001b[32m6,044,647.950924\u001b[39m EGGLON to ~\u001b[32m0.206118596\u001b[39m WSOL for account (\u001b[35m6Xnt...UHNa\u001b[39m)"}
{"level":30,"time":1745166659833,"name":"close-pool","msg":"Transaction (\u001b[33m3EDQu6P8...7JcQorZi\u001b[39m) sent to swap \u001b[32m7,055,804.834933\u001b[39m EGGLON to ~\u001b[32m0.239385435\u001b[39m WSOL for account (\u001b[35mHZgm...cb8Q\u001b[39m)"}
{"level":30,"time":1745166660137,"name":"close-pool","msg":"Transaction (\u001b[33m5Y9zXE3f...BLXPVUJf\u001b[39m) sent to swap \u001b[32m9,965,163.450932\u001b[39m EGGLON to ~\u001b[32m0.333258467\u001b[39m WSOL for account (\u001b[35m7ita...cbeC\u001b[39m)"}
{"level":30,"time":1745166660637,"name":"close-pool","msg":"Transaction (\u001b[33m2HSGqdQY...Wo2WeqTs\u001b[39m) sent to swap \u001b[32m5,690,976.050504\u001b[39m EGGLON to ~\u001b[32m0.194403148\u001b[39m WSOL for account (\u001b[35m88dk...J1uN\u001b[39m)"}
{"level":30,"time":1745166660986,"name":"close-pool","msg":"Transaction (\u001b[33m3CLZKZjg...Pfdksvqv\u001b[39m) sent to swap \u001b[32m9,181,665.788991\u001b[39m EGGLON to ~\u001b[32m0.308243359\u001b[39m WSOL for account (\u001b[35mB22E...itZJ\u001b[39m)"}
{"level":30,"time":1745166661266,"name":"close-pool","msg":"Transaction (\u001b[33m3fstEFDY...d7iF5r7i\u001b[39m) sent to swap \u001b[32m7,402,559.450156\u001b[39m EGGLON to ~\u001b[32m0.250716482\u001b[39m WSOL for account (\u001b[35m2eGT...XJRD\u001b[39m)"}
{"level":30,"time":1745166661701,"name":"close-pool","msg":"Transaction (\u001b[33m2CktRfXJ...yGKQbPdF\u001b[39m) sent to swap \u001b[32m6,017,608.212114\u001b[39m EGGLON to ~\u001b[32m0.205224366\u001b[39m WSOL for account (\u001b[35m6Bvc...xDAr\u001b[39m)"}
{"level":30,"time":1745166662078,"name":"close-pool","msg":"Transaction (\u001b[33m5NeJijwk...S1Dk4WbQ\u001b[39m) sent to swap \u001b[32m8,051,331.187756\u001b[39m EGGLON to ~\u001b[32m0.271811964\u001b[39m WSOL for account (\u001b[35m338w...4rTf\u001b[39m)"}
{"level":30,"time":1745166662688,"name":"close-pool","msg":"Transaction (\u001b[33m3ciaFkB8...GnrUuTd3\u001b[39m) sent to swap \u001b[32m7,331,296.681534\u001b[39m EGGLON to ~\u001b[32m0.248390993\u001b[39m WSOL for account (\u001b[35m7DaL...gwqp\u001b[39m)"}
{"level":30,"time":1745166662872,"name":"close-pool","msg":"Transaction (\u001b[33m2zpsC6Fq...GdHXf4i3\u001b[39m) confirmed: \u001b[34m\u001b]8;;https://solscan.io/tx/2zpsC6FqgVqso61Ab8VBmiDERbbqvSMtrsNsy2UxdiYETehqdyySydLQc8Tv5umkAFEj8mgv4SNqatuvGdHXf4i3?cluster=mainnet-beta\u001b\\<Transaction link>\u001b]8;;\u001b\\\u001b[39m"}
{"level":30,"time":1745166662954,"name":"close-pool","msg":"Transaction (\u001b[33m2KGrgokp...xWfSQhk8\u001b[39m) sent to swap \u001b[32m5,384,622.628387\u001b[39m EGGLON to ~\u001b[32m0.184221457\u001b[39m WSOL for account (\u001b[35m91hL...F5b4\u001b[39m)"}
{"level":30,"time":1745166663007,"name":"close-pool","msg":"Transaction (\u001b[33m2G9RvZq1...SJbQxUhh\u001b[39m) confirmed: \u001b[34m\u001b]8;;https://solscan.io/tx/2G9RvZq1GMEqyWkqyAUQF5rMLCXdwHyQgrLryMJrxiB1YMKVStbCoJzaxNeZP5h2pMZBNjNz7pgu9981SJbQxUhh?cluster=mainnet-beta\u001b\\<Transaction link>\u001b]8;;\u001b\\\u001b[39m"}
{"level":30,"time":1745166663087,"name":"close-pool","msg":"Transaction (\u001b[33m4YRgcnRd...QKrsSfgy\u001b[39m) confirmed: \u001b[34m\u001b]8;;https://solscan.io/tx/4YRgcnRdcnSTXffJxNCMAP523tFpQBhD9vrKf5tXV1jBvQ5nHb3vj1WY8nhVcLDW3MZK7XoXVR4iQfn6QKrsSfgy?cluster=mainnet-beta\u001b\\<Transaction link>\u001b]8;;\u001b\\\u001b[39m"}
{"level":30,"time":1745166663384,"name":"close-pool","msg":"Transaction (\u001b[33m4JRJTCDM...yW79LaTA\u001b[39m) sent to swap \u001b[32m7,861,463.428112\u001b[39m EGGLON to ~\u001b[32m0.265652287\u001b[39m WSOL for account (\u001b[35mFfam...gs15\u001b[39m)"}
{"level":30,"time":1745166663414,"name":"close-pool","msg":"Transaction (\u001b[33m2Hka8MuB...f4Da82sa\u001b[39m) confirmed: \u001b[34m\u001b]8;;https://solscan.io/tx/2Hka8MuB7ghWVQnYhu1yDWWccKfvV1db2zvzYgTpjFjMnp3ou1nPH6E5VSHwNNsSLbyMoqjmpxJxeHnLf4Da82sa?cluster=mainnet-beta\u001b\\<Transaction link>\u001b]8;;\u001b\\\u001b[39m"}
{"level":30,"time":1745166663699,"name":"close-pool","msg":"Transaction (\u001b[33m5XYQRUKf...C22PjnBY\u001b[39m) sent to swap \u001b[32m5,446,948.991675\u001b[39m EGGLON to ~\u001b[32m0.186295422\u001b[39m WSOL for account (\u001b[35mAtSh...bHnE\u001b[39m)"}
{"level":30,"time":1745166663701,"name":"close-pool","msg":"Transaction (\u001b[33m4wdAuVfZ...zycbsYUy\u001b[39m) confirmed: \u001b[34m\u001b]8;;https://solscan.io/tx/4wdAuVfZ8H5wDtYrD7hhUq5MUFD8UyLv6cSAht7g6YEdFLnezo6WpY7UQPXmAkDzByh9bhynevxRkviyzycbsYUy?cluster=mainnet-beta\u001b\\<Transaction link>\u001b]8;;\u001b\\\u001b[39m"}
{"level":30,"time":1745166663783,"name":"close-pool","msg":"Transaction (\u001b[33m5SCF5Wp5...a9Yt42BH\u001b[39m) sent to swap \u001b[32m4,763,718.363763\u001b[39m EGGLON to ~\u001b[32m0.16348913\u001b[39m WSOL for account (\u001b[35mAca6...JFNV\u001b[39m)"}
{"level":30,"time":1745166663876,"name":"close-pool","msg":"Transaction (\u001b[33m3UURNujZ...1SyDBu1Z\u001b[39m) confirmed: \u001b[34m\u001b]8;;https://solscan.io/tx/3UURNujZmSyeRXC5Z7uBz6b1vhPyudckfQHPWmBjJPYrjTuuYYkWBLrG4YGUr1j54jBQss5USLAFRKka1SyDBu1Z?cluster=mainnet-beta\u001b\\<Transaction link>\u001b]8;;\u001b\\\u001b[39m"}
{"level":30,"time":1745166664079,"name":"close-pool","msg":"Transaction (\u001b[33m4GN2Tw2C...2k6eDBv9\u001b[39m) sent to swap \u001b[32m6,275,963.876725\u001b[39m EGGLON to ~\u001b[32m0.213758544\u001b[39m WSOL for account (\u001b[35mCtLR...Lo1s\u001b[39m)"}
{"level":30,"time":1745166664156,"name":"close-pool","msg":"Transaction (\u001b[33m2SmMVNQ9...yPNLybHQ\u001b[39m) confirmed: \u001b[34m\u001b]8;;https://solscan.io/tx/2SmMVNQ9GShWwcRT3EBvytdBszZVEFQiZQA2C8vFoTFVjeZwfreUBweJvFJDpnqXrMtFM8f86vVJo3jDyPNLybHQ?cluster=mainnet-beta\u001b\\<Transaction link>\u001b]8;;\u001b\\\u001b[39m"}
{"level":30,"time":1745166664388,"name":"close-pool","msg":"Transaction (\u001b[33m2GMRVH4L...ADoK3aCv\u001b[39m) sent to swap \u001b[32m7,922,414.356259\u001b[39m EGGLON to ~\u001b[32m0.267630918\u001b[39m WSOL for account (\u001b[35m4knG...ny4q\u001b[39m)"}
{"level":30,"time":1745166664424,"name":"close-pool","msg":"Transaction (\u001b[33m5TYs3465...8fAGTncY\u001b[39m) confirmed: \u001b[34m\u001b]8;;https://solscan.io/tx/5TYs3465mhujsTY9KfCYLkHRLayyyoUk2Tyt8BxYne1hjqdDvGUVXKe5N8EyVJUdYKZHYxjwpK1kavsZ8fAGTncY?cluster=mainnet-beta\u001b\\<Transaction link>\u001b]8;;\u001b\\\u001b[39m"}
{"level":30,"time":1745166664619,"name":"close-pool","msg":"Transaction (\u001b[33m4j9xmAHy...BYAeNxUt\u001b[39m) confirmed: \u001b[34m\u001b]8;;https://solscan.io/tx/4j9xmAHyRCXf3XeFXTGuvjuYxNZ14cpZNJxXmmgmh4RFZf9t5mkNXvyi7zZUZFvgH85rZoByLeCEKtjWBYAeNxUt?cluster=mainnet-beta\u001b\\<Transaction link>\u001b]8;;\u001b\\\u001b[39m"}
{"level":30,"time":1745166664619,"name":"close-pool","msg":"Transaction (\u001b[33m4L18yJpC...EaYrzsbo\u001b[39m) sent to swap \u001b[32m7,677,283.813308\u001b[39m EGGLON to ~\u001b[32m0.259666036\u001b[39m WSOL for account (\u001b[35mGHZ3...3ZiT\u001b[39m)"}
{"level":30,"time":1745166664789,"name":"close-pool","msg":"Transaction (\u001b[33m64ebBByt...c7AL3Hao\u001b[39m) sent to swap \u001b[32m7,643,199.725571\u001b[39m EGGLON to ~\u001b[32m0.258557024\u001b[39m WSOL for account (\u001b[35mVzhN...3PUT\u001b[39m)"}
{"level":30,"time":1745166664990,"name":"close-pool","msg":"Transaction (\u001b[33m3EDQu6P8...7JcQorZi\u001b[39m) confirmed: \u001b[34m\u001b]8;;https://solscan.io/tx/3EDQu6P8SjQ8nT2ZCSJWb1tTGNCv32KbzYzt2UvVh84s77iTvd4k8RDvp5SRGFPJp1LcptP2scbSaq9r7JcQorZi?cluster=mainnet-beta\u001b\\<Transaction link>\u001b]8;;\u001b\\\u001b[39m"}
{"level":30,"time":1745166664999,"name":"close-pool","msg":"Transaction (\u001b[33m4gn6wFEb...3eFgNkdP\u001b[39m) sent to swap \u001b[32m5,389,433.535845\u001b[39m EGGLON to ~\u001b[32m0.184381591\u001b[39m WSOL for account (\u001b[35mFXTD...5dFa\u001b[39m)"}
{"level":30,"time":1745166665214,"name":"close-pool","msg":"Transaction (\u001b[33m4A113kXk...T2E7kHUq\u001b[39m) sent to swap \u001b[32m6,635,535.453019\u001b[39m EGGLON to ~\u001b[32m0.225599484\u001b[39m WSOL for account (\u001b[35mBSzx...J52H\u001b[39m)"}
{"level":30,"time":1745166665268,"name":"close-pool","msg":"Transaction (\u001b[33m5Y9zXE3f...BLXPVUJf\u001b[39m) confirmed: \u001b[34m\u001b]8;;https://solscan.io/tx/5Y9zXE3fvmXmk448hmPBBMfsWKY2pqCeuhhYAsHAH6vfR9vxUWtpAcNX9d7M69t3F4pi9TDwHk8EW3uHBLXPVUJf?cluster=mainnet-beta\u001b\\<Transaction link>\u001b]8;;\u001b\\\u001b[39m"}
{"level":30,"time":1745166665386,"name":"close-pool","msg":"Transaction (\u001b[33m3HDbTYDp...KhRDb4CN\u001b[39m) sent to swap \u001b[32m6,367,738.535284\u001b[39m EGGLON to ~\u001b[32m0.216784796\u001b[39m WSOL for account (\u001b[35mCNDU...nWoZ\u001b[39m)"}
{"level":30,"time":1745166665587,"name":"close-pool","msg":"Transaction (\u001b[33mihhpggMr...s8tVYs8t\u001b[39m) sent to swap \u001b[32m4,498,357.046167\u001b[39m EGGLON to ~\u001b[32m0.154588915\u001b[39m WSOL for account (\u001b[35m6Rgn...X9MC\u001b[39m)"}
{"level":30,"time":1745166665773,"name":"close-pool","msg":"Transaction (\u001b[33mY9wgTH4N...Ehegwv1K\u001b[39m) sent to swap \u001b[32m4,763,349.151376\u001b[39m EGGLON to ~\u001b[32m0.163476763\u001b[39m WSOL for account (\u001b[35mGM8J...SYYX\u001b[39m)"}
{"level":30,"time":1745166665783,"name":"close-pool","msg":"Transaction (\u001b[33m2HSGqdQY...Wo2WeqTs\u001b[39m) confirmed: \u001b[34m\u001b]8;;https://solscan.io/tx/2HSGqdQYyUnqZcZ3Gt56DG42x1Anht9NZ6pmQE7LMKH5nUQTuBz6uXV3XknRXDWsxp9E81YcyZ6UfkDTWo2WeqTs?cluster=mainnet-beta\u001b\\<Transaction link>\u001b]8;;\u001b\\\u001b[39m"}
{"level":30,"time":1745166665959,"name":"close-pool","msg":"Transaction (\u001b[33m51Nk7Jhb...6kpuZQbz\u001b[39m) sent to swap \u001b[32m5,720,103.474285\u001b[39m EGGLON to ~\u001b[32m0.195369571\u001b[39m WSOL for account (\u001b[35m7j6r...HAC8\u001b[39m)"}
{"level":30,"time":1745166666087,"name":"close-pool","msg":"Transaction (\u001b[33m3CLZKZjg...Pfdksvqv\u001b[39m) confirmed: \u001b[34m\u001b]8;;https://solscan.io/tx/3CLZKZjgjsyxNktWkUScnhyQyPixUc8gu8aoTDPWegoqimmJHaGwgCbi8EKMKPmc4d5LC6phKboTzb9TPfdksvqv?cluster=mainnet-beta\u001b\\<Transaction link>\u001b]8;;\u001b\\\u001b[39m"}
{"level":30,"time":1745166666281,"name":"close-pool","msg":"Transaction (\u001b[33m3omYJu6A...DTmAyea4\u001b[39m) sent to swap \u001b[32m6,485,126.109782\u001b[39m EGGLON to ~\u001b[32m0.220651581\u001b[39m WSOL for account (\u001b[35m9RNy...JDag\u001b[39m)"}
{"level":30,"time":1745166666390,"name":"close-pool","msg":"Transaction (\u001b[33m3fstEFDY...d7iF5r7i\u001b[39m) confirmed: \u001b[34m\u001b]8;;https://solscan.io/tx/3fstEFDY7iaX2g8Bd4i34NmPgqtfcCGFmAbL8vX1M5vG1WqFUhHoZJvexNCqUVez5DXFV5qMQJFyjPSNd7iF5r7i?cluster=mainnet-beta\u001b\\<Transaction link>\u001b]8;;\u001b\\\u001b[39m"}
{"level":30,"time":1745166666454,"name":"close-pool","msg":"Transaction (\u001b[33m4vtgxf38...Jmv6F5LH\u001b[39m) sent to swap \u001b[32m6,228,469.559824\u001b[39m EGGLON to ~\u001b[32m0.212191336\u001b[39m WSOL for account (\u001b[35mHYen...YUZS\u001b[39m)"}
{"level":30,"time":1745166666631,"name":"close-pool","msg":"Transaction (\u001b[33m41vungBU...AwohUK9t\u001b[39m) sent to swap \u001b[32m4,134,238.787077\u001b[39m EGGLON to ~\u001b[32m0.142337498\u001b[39m WSOL for account (\u001b[35m9GV9...aNmg\u001b[39m)"}
{"level":30,"time":1745166666786,"name":"close-pool","msg":"Transaction (\u001b[33m2CktRfXJ...yGKQbPdF\u001b[39m) confirmed: \u001b[34m\u001b]8;;https://solscan.io/tx/2CktRfXJAzFgUAmFTanfQCR7xBw8ks52368Cb2ehjAGU8xfVpP3faA3AcqBoDULsXmA8sLKd9ngzHYGtyGKQbPdF?cluster=mainnet-beta\u001b\\<Transaction link>\u001b]8;;\u001b\\\u001b[39m"}
{"level":30,"time":1745166666873,"name":"close-pool","msg":"Transaction (\u001b[33mUMe8oJ8q...LYj2mhgX\u001b[39m) sent to swap \u001b[32m4,684,471.248478\u001b[39m EGGLON to ~\u001b[32m0.160833679\u001b[39m WSOL for account (\u001b[35mKZ1p...spGm\u001b[39m)"}
{"level":30,"time":1745166667172,"name":"close-pool","msg":"Transaction (\u001b[33m5NeJijwk...S1Dk4WbQ\u001b[39m) confirmed: \u001b[34m\u001b]8;;https://solscan.io/tx/5NeJijwk2E5BvcpqquD3SmzXKeYC8ovCRWZiyzMNASiqDeEuQ9p9cJQXqsMrsL6oADjZJNm4schkwsYqS1Dk4WbQ?cluster=mainnet-beta\u001b\\<Transaction link>\u001b]8;;\u001b\\\u001b[39m"}
{"level":30,"time":1745166667218,"name":"close-pool","msg":"Transaction (\u001b[33m5eQYMxnk...9WBo32vv\u001b[39m) sent to swap \u001b[32m6,308,637.63527\u001b[39m EGGLON to ~\u001b[32m0.214836274\u001b[39m WSOL for account (\u001b[35mDpuq...a3K3\u001b[39m)"}
{"level":30,"time":1745166667548,"name":"close-pool","msg":"Transaction (\u001b[33m3Wz8rCD7...wuFRUgEX\u001b[39m) sent to swap \u001b[32m5,908,649.901635\u001b[39m EGGLON to ~\u001b[32m0.201618552\u001b[39m WSOL for account (\u001b[35m6QDF...oT9Q\u001b[39m)"}
{"level":30,"time":1745166667727,"name":"close-pool","msg":"Transaction (\u001b[33m2P6oZu5g...i8GyHMxd\u001b[39m) sent to swap \u001b[32m3,658,540.967559\u001b[39m EGGLON to ~\u001b[32m0.126263612\u001b[39m WSOL for account (\u001b[35mDvFz...dhgb\u001b[39m)"}
{"level":30,"time":1745166667786,"name":"close-pool","msg":"Transaction (\u001b[33m3ciaFkB8...GnrUuTd3\u001b[39m) confirmed: \u001b[34m\u001b]8;;https://solscan.io/tx/3ciaFkB8u7Vng6wkq2zFnMU495LKXcscCg64PvWjNhhw1DmMmKh7wPcXS2NJsF9kHP5bz5NcAYoJDXi9GnrUuTd3?cluster=mainnet-beta\u001b\\<Transaction link>\u001b]8;;\u001b\\\u001b[39m"}
{"level":30,"time":1745166667943,"name":"close-pool","msg":"Transaction (\u001b[33m3pUzcVwR...CTApexcC\u001b[39m) sent to swap \u001b[32m5,283,051.875377\u001b[39m EGGLON to ~\u001b[32m0.180838815\u001b[39m WSOL for account (\u001b[35m6gaa...Aro5\u001b[39m)"}
{"level":30,"time":1745166668060,"name":"close-pool","msg":"Transaction (\u001b[33m2KGrgokp...xWfSQhk8\u001b[39m) confirmed: \u001b[34m\u001b]8;;https://solscan.io/tx/2KGrgokpvy4o3fnr1a6sfhkLnrSbDaaBp9feTYaTcoXxvscgJSTWASdysK5yHjc3sZ6u12F3CeB3yqGbxWfSQhk8?cluster=mainnet-beta\u001b\\<Transaction link>\u001b]8;;\u001b\\\u001b[39m"}
{"level":30,"time":1745166668170,"name":"close-pool","msg":"Transaction (\u001b[33m2JF4r7Pk...cExkHfBb\u001b[39m) sent to swap \u001b[32m3,670,779.28698\u001b[39m EGGLON to ~\u001b[32m0.126678118\u001b[39m WSOL for account (\u001b[35m7nQS...r3Dy\u001b[39m)"}
{"level":30,"time":1745166668377,"name":"close-pool","msg":"Transaction (\u001b[33mMaxS9YaU...tfqiTnzd\u001b[39m) sent to swap \u001b[32m4,047,620.13202\u001b[39m EGGLON to ~\u001b[32m0.139416408\u001b[39m WSOL for account (\u001b[35m7PRs...Phrw\u001b[39m)"}
{"level":30,"time":1745166668481,"name":"close-pool","msg":"Transaction (\u001b[33m4JRJTCDM...yW79LaTA\u001b[39m) confirmed: \u001b[34m\u001b]8;;https://solscan.io/tx/4JRJTCDMf6P6F5LoR2dGpDHCcyZGueFt7ZSLqU9BufnHy321dQai3h1uCU9Ck14ZBRYT9t9jefZJ4fKjyW79LaTA?cluster=mainnet-beta\u001b\\<Transaction link>\u001b]8;;\u001b\\\u001b[39m"}
{"level":30,"time":1745166668646,"name":"close-pool","msg":"Transaction (\u001b[33m5KqHMfJ9...xcUmKVG5\u001b[39m) sent to swap \u001b[32m6,360,660.52892\u001b[39m EGGLON to ~\u001b[32m0.216551499\u001b[39m WSOL for account (\u001b[35m64ZQ...RWLZ\u001b[39m)"}
{"level":30,"time":1745166668816,"name":"close-pool","msg":"Transaction (\u001b[33m5XYQRUKf...C22PjnBY\u001b[39m) confirmed: \u001b[34m\u001b]8;;https://solscan.io/tx/5XYQRUKfFtSqMsz7Nn1BCMimYu5ULCB6ARRX6eVftFmyKaJ4Akf1KfiL8d3mXT4D1Fka4QiptoUwnrKYC22PjnBY?cluster=mainnet-beta\u001b\\<Transaction link>\u001b]8;;\u001b\\\u001b[39m"}
{"level":30,"time":1745166668901,"name":"close-pool","msg":"Transaction (\u001b[33m5SCF5Wp5...a9Yt42BH\u001b[39m) confirmed: \u001b[34m\u001b]8;;https://solscan.io/tx/5SCF5Wp5v7YLEmuUpadPobpneYCVyJ5JjbVmryo84YGnEj2XdfEBp7HtWDpQqu8YDiuQUqSrdhqQNZ7Na9Yt42BH?cluster=mainnet-beta\u001b\\<Transaction link>\u001b]8;;\u001b\\\u001b[39m"}
{"level":30,"time":1745166669184,"name":"close-pool","msg":"Transaction (\u001b[33m4GN2Tw2C...2k6eDBv9\u001b[39m) confirmed: \u001b[34m\u001b]8;;https://solscan.io/tx/4GN2Tw2CX7ZEijnGJHtFHvBEo3JjfY2Y5qEAnFh4FqxQnE6UfNDsm9XNFHH4Jgg6Zw6dXwPr59DkTedc2k6eDBv9?cluster=mainnet-beta\u001b\\<Transaction link>\u001b]8;;\u001b\\\u001b[39m"}
{"level":30,"time":1745166669354,"name":"close-pool","msg":"Transaction (\u001b[33m5wnWpmcm...n8EG7Dcg\u001b[39m) sent to swap \u001b[32m3,778,769.105656\u001b[39m EGGLON to ~\u001b[32m0.130333455\u001b[39m WSOL for account (\u001b[35mEccL...tQcx\u001b[39m)"}
{"level":30,"time":1745166669541,"name":"close-pool","msg":"Transaction (\u001b[33m2GMRVH4L...ADoK3aCv\u001b[39m) confirmed: \u001b[34m\u001b]8;;https://solscan.io/tx/2GMRVH4Lb5jPeTd6q6atRAdC4mHZGX3EtuZqpDQivaFAxH8VFHedhaiZYZ3mvZefQM8exqcjWKezzigsADoK3aCv?cluster=mainnet-beta\u001b\\<Transaction link>\u001b]8;;\u001b\\\u001b[39m"}
{"level":30,"time":1745166669629,"name":"close-pool","msg":"Transaction (\u001b[33m3FmPkf25...MYAAd7Gv\u001b[39m) sent to swap \u001b[32m1,318,174.860004\u001b[39m EGGLON to ~\u001b[32m0.046039338\u001b[39m WSOL for account (\u001b[35m3qus...gGwz\u001b[39m)"}
{"level":30,"time":1745166669711,"name":"close-pool","msg":"Transaction (\u001b[33m4L18yJpC...EaYrzsbo\u001b[39m) confirmed: \u001b[34m\u001b]8;;https://solscan.io/tx/4L18yJpCSoPHzkn4TD6RJFbh6t4Gns9h6RGX8mT3YWLXPus1Ue4ACQCRE7BXufKDkHY36SYimW8py6CNEaYrzsbo?cluster=mainnet-beta\u001b\\<Transaction link>\u001b]8;;\u001b\\\u001b[39m"}
{"level":30,"time":1745166669868,"name":"close-pool","msg":"Transaction (\u001b[33m4aL2MkFV...TgX3LM3r\u001b[39m) sent to swap \u001b[32m720.7677\u001b[39m EGGLON to ~\u001b[32m0.000025345\u001b[39m WSOL for account (\u001b[35m7Srh...nvrC\u001b[39m)"}
{"level":30,"time":1745166669886,"name":"close-pool","msg":"Transaction (\u001b[33m64ebBByt...c7AL3Hao\u001b[39m) confirmed: \u001b[34m\u001b]8;;https://solscan.io/tx/64ebBBytH3Grrpf83R3KHzhe8k4rk16CzuNn3cT1utrecRbdrK7HE8mmeLrBGiRGaWmCn1tse1xGzM5vc7AL3Hao?cluster=mainnet-beta\u001b\\<Transaction link>\u001b]8;;\u001b\\\u001b[39m"}
{"level":30,"time":1745166670063,"name":"close-pool","msg":"Transaction (\u001b[33m3VZHkFWf...WT6vMZ5Q\u001b[39m) sent to swap \u001b[32m360.725218\u001b[39m EGGLON to ~\u001b[32m0.000012684\u001b[39m WSOL for account (\u001b[35mBYX7...VS3h\u001b[39m)"}
{"level":30,"time":1745166670089,"name":"close-pool","msg":"Transaction (\u001b[33m4gn6wFEb...3eFgNkdP\u001b[39m) confirmed: \u001b[34m\u001b]8;;https://solscan.io/tx/4gn6wFEbfUT4apNSRLaBig7uFmrWgJGQyi8gfJZfJPJpE6JGFcKgxbHm5YYRRKrs2x1sYoXCHZQL4SBR3eFgNkdP?cluster=mainnet-beta\u001b\\<Transaction link>\u001b]8;;\u001b\\\u001b[39m"}
{"level":30,"time":1745166670284,"name":"close-pool","msg":"Transaction (\u001b[33m52p68hkM...KKZNCJPc\u001b[39m) sent to swap \u001b[32m386.797431\u001b[39m EGGLON to ~\u001b[32m0.000013601\u001b[39m WSOL for account (\u001b[35m37vg...RDCz\u001b[39m)"}
{"level":30,"time":1745166670337,"name":"close-pool","msg":"Transaction (\u001b[33m4A113kXk...T2E7kHUq\u001b[39m) confirmed: \u001b[34m\u001b]8;;https://solscan.io/tx/4A113kXkiwT2sHaJfkUwR22cXFnz2XwaeYSYu8UfAwTTFdkZiMo28tAkhHMZyNwkF7WrMRtgKvEFWkFDT2E7kHUq?cluster=mainnet-beta\u001b\\<Transaction link>\u001b]8;;\u001b\\\u001b[39m"}
{"level":30,"time":1745166670457,"name":"close-pool","msg":"Transaction (\u001b[33m5C1h3Kz9...zgBhVqq7\u001b[39m) sent to swap \u001b[32m5,338,469.431024\u001b[39m EGGLON to ~\u001b[32m0.182684832\u001b[39m WSOL for account (\u001b[35mH8cc...uU24\u001b[39m)"}
{"level":30,"time":1745166670478,"name":"close-pool","msg":"Transaction (\u001b[33m3HDbTYDp...KhRDb4CN\u001b[39m) confirmed: \u001b[34m\u001b]8;;https://solscan.io/tx/3HDbTYDpmqpren8SJ93iNaWTgHhhD9mbwi4Mep8nX2rcAZasLKEkpfRuK5rWBKJ3HM9rZXZDs6hp8RLnKhRDb4CN?cluster=mainnet-beta\u001b\\<Transaction link>\u001b]8;;\u001b\\\u001b[39m"}
{"level":40,"time":1745166670502,"name":"close-pool","msg":"Account (\u001b[35m8opD...Xsen\u001b[39m) has too low amount to swap: \u001b[32m0.010026\u001b[39m EGGLON"}
{"level":30,"time":1745166670695,"name":"close-pool","msg":"Transaction (\u001b[33m28uRVGqr...xLUkF1zb\u001b[39m) sent to swap \u001b[32m1,309,680.726556\u001b[39m EGGLON to ~\u001b[32m0.045744661\u001b[39m WSOL for account (\u001b[35m3bGh...E8LY\u001b[39m)"}
{"level":30,"time":1745166670733,"name":"close-pool","msg":"Transaction (\u001b[33mihhpggMr...s8tVYs8t\u001b[39m) confirmed: \u001b[34m\u001b]8;;https://solscan.io/tx/ihhpggMr8P6YRMncZPT9TPake5pYPeom5A9KQ5xAwYnSCyHCE1BjmK2L1ZWTmRAKMJoLgwKzYsF5yQxs8tVYs8t?cluster=mainnet-beta\u001b\\<Transaction link>\u001b]8;;\u001b\\\u001b[39m"}
{"level":30,"time":1745166670863,"name":"close-pool","msg":"Transaction (\u001b[33mY9wgTH4N...Ehegwv1K\u001b[39m) confirmed: \u001b[34m\u001b]8;;https://solscan.io/tx/Y9wgTH4NgXY2PLy9a8mqhVWrV9bQfTYfdVVPcVrPPt6tq2zkNny8fYqmVLsthGVJYW1YTH7B4zYBzeHEhegwv1K?cluster=mainnet-beta\u001b\\<Transaction link>\u001b]8;;\u001b\\\u001b[39m"}
{"level":30,"time":1745166670900,"name":"close-pool","msg":"Transaction (\u001b[33m2XtkiF1C...YaYxCTK2\u001b[39m) sent to swap \u001b[32m3,777,985.688828\u001b[39m EGGLON to ~\u001b[32m0.130306951\u001b[39m WSOL for account (\u001b[35m2rp1...Q33H\u001b[39m)"}
{"level":30,"time":1745166671085,"name":"close-pool","msg":"Transaction (\u001b[33m2pzisd4G...J3iaUr1x\u001b[39m) sent to swap \u001b[32m1,259,144.908088\u001b[39m EGGLON to ~\u001b[32m0.043990952\u001b[39m WSOL for account (\u001b[35mDE8v...P8UZ\u001b[39m)"}
{"level":30,"time":1745166671088,"name":"close-pool","msg":"Transaction (\u001b[33m51Nk7Jhb...6kpuZQbz\u001b[39m) confirmed: \u001b[34m\u001b]8;;https://solscan.io/tx/51Nk7JhbGAWwPVF2c4u9bWmX4c9ZcgtjDi7TDEydSasC42GR2vpN5CVu2gTK36eUoesepHoef2pemujr6kpuZQbz?cluster=mainnet-beta\u001b\\<Transaction link>\u001b]8;;\u001b\\\u001b[39m"}
{"level":30,"time":1745166671376,"name":"close-pool","msg":"Transaction (\u001b[33m3omYJu6A...DTmAyea4\u001b[39m) confirmed: \u001b[34m\u001b]8;;https://solscan.io/tx/3omYJu6Ausvo1jZRXSvsdQ9bfAFg8JHjt1yVWqrag6dTm34YGhZKRpEAetZDKCfdkLm3Lcqy7HRxHTjkDTmAyea4?cluster=mainnet-beta\u001b\\<Transaction link>\u001b]8;;\u001b\\\u001b[39m"}
{"level":30,"time":1745166671402,"name":"close-pool","msg":"Transaction (\u001b[33m5HyuwmGs...UBMoU9QK\u001b[39m) sent to swap \u001b[32m4,249,966.2687\u001b[39m EGGLON to ~\u001b[32m0.146236249\u001b[39m WSOL for account (\u001b[35mHuXm...q1z6\u001b[39m)"}
{"level":30,"time":1745166671554,"name":"close-pool","msg":"Transaction (\u001b[33m4vtgxf38...Jmv6F5LH\u001b[39m) confirmed: \u001b[34m\u001b]8;;https://solscan.io/tx/4vtgxf38k71xt3zBSgQw6iuXZbYxUtDtN2S9brFsaWoDGv53iMu38vXVBbX5bc83NnuLAmAb3Tu9x1ZnJmv6F5LH?cluster=mainnet-beta\u001b\\<Transaction link>\u001b]8;;\u001b\\\u001b[39m"}
{"level":30,"time":1745166671604,"name":"close-pool","msg":"Transaction (\u001b[33m3E8pY5Zx...iqBWW5iL\u001b[39m) sent to swap \u001b[32m1,128,193.81842\u001b[39m EGGLON to ~\u001b[32m0.03944241\u001b[39m WSOL for account (\u001b[35mDPc3...bkGa\u001b[39m)"}
{"level":30,"time":1745166671713,"name":"close-pool","msg":"Transaction (\u001b[33m41vungBU...AwohUK9t\u001b[39m) confirmed: \u001b[34m\u001b]8;;https://solscan.io/tx/41vungBUeakM4tCDVV76mEM2tXm8mMtw4cuHdpWsFJaAgsmbStA4oG6cFLGCHJUsqamWZz3M2ANzR2JuAwohUK9t?cluster=mainnet-beta\u001b\\<Transaction link>\u001b]8;;\u001b\\\u001b[39m"}
{"level":40,"time":1745166671891,"name":"close-pool","msg":"Account (\u001b[35mCAXT...EALp\u001b[39m) has too low amount to swap: \u001b[32m0.005901\u001b[39m EGGLON"}
{"level":30,"time":1745166671964,"name":"close-pool","msg":"Transaction (\u001b[33mUMe8oJ8q...LYj2mhgX\u001b[39m) confirmed: \u001b[34m\u001b]8;;https://solscan.io/tx/UMe8oJ8qvgWrA8ULv6wf6Ub9r4xf5bqUBFmzgGpUnUtK4x59XE1hpiTPJqfM73myYYugnq5kbN1WLU2LYj2mhgX?cluster=mainnet-beta\u001b\\<Transaction link>\u001b]8;;\u001b\\\u001b[39m"}
{"level":30,"time":1745166671968,"name":"close-pool","msg":"Transaction (\u001b[33m5EhHb57G...8sag1BM3\u001b[39m) sent to swap \u001b[32m3,152,479.32973\u001b[39m EGGLON to ~\u001b[32m0.109078366\u001b[39m WSOL for account (\u001b[35m3kge...asxb\u001b[39m)"}
{"level":30,"time":1745166672077,"name":"close-pool","msg":"Transaction (\u001b[33m3yqEiALF...MY5bc4tu\u001b[39m) sent to swap \u001b[32m4,386,805.3562\u001b[39m EGGLON to ~\u001b[32m0.150840347\u001b[39m WSOL for account (\u001b[35m7bBd...o2Mq\u001b[39m)"}
{"level":30,"time":1745166672309,"name":"close-pool","msg":"Transaction (\u001b[33m5eQYMxnk...9WBo32vv\u001b[39m) confirmed: \u001b[34m\u001b]8;;https://solscan.io/tx/5eQYMxnkfb9pmSGRLa4QTaTdCrFpvD833BVex9yEZ2vxYqDC4SSn4p1KXvJ7FJ9PvjfSbJ3y5mhCr7Zj9WBo32vv?cluster=mainnet-beta\u001b\\<Transaction link>\u001b]8;;\u001b\\\u001b[39m"}
{"level":30,"time":1745166672499,"name":"close-pool","msg":"Transaction (\u001b[33m2dVD6Cot...VqFewJ65\u001b[39m) sent to swap \u001b[32m2,731,552.543362\u001b[39m EGGLON to ~\u001b[32m0.094716678\u001b[39m WSOL for account (\u001b[35m2tvv...r14a\u001b[39m)"}
{"level":30,"time":1745166672636,"name":"close-pool","msg":"Transaction (\u001b[33m3Wz8rCD7...wuFRUgEX\u001b[39m) confirmed: \u001b[34m\u001b]8;;https://solscan.io/tx/3Wz8rCD7Npm9beeBFAvLVxv5eYYdnibv8uxe5a1L6L4yKmZG8cwzhJRD6uM4pQhFL2en8PACns7YU2BzwuFRUgEX?cluster=mainnet-beta\u001b\\<Transaction link>\u001b]8;;\u001b\\\u001b[39m"}
{"level":40,"time":1745166672711,"name":"close-pool","msg":"Account (\u001b[35mCrnL...Ucdr\u001b[39m) has too low amount to swap: \u001b[32m0.000006\u001b[39m EGGLON"}
{"level":30,"time":1745166672715,"name":"close-pool","msg":"Transaction (\u001b[33m4UZdGY4C...2gTXCE1b\u001b[39m) sent to swap \u001b[32m1,460,586.767477\u001b[39m EGGLON to ~\u001b[32m0.050976038\u001b[39m WSOL for account (\u001b[35m2bWk...xKdU\u001b[39m)"}
{"level":30,"time":1745166672836,"name":"close-pool","msg":"Transaction (\u001b[33m2P6oZu5g...i8GyHMxd\u001b[39m) confirmed: \u001b[34m\u001b]8;;https://solscan.io/tx/2P6oZu5geFePbyzdyjYFsPqgY6mQyikqZ8ELJN72ax9yXP7X2jM1e6qUhoco16wTyariHsBWmBDuoGoqi8GyHMxd?cluster=mainnet-beta\u001b\\<Transaction link>\u001b]8;;\u001b\\\u001b[39m"}
{"level":30,"time":1745166672890,"name":"close-pool","msg":"Transaction (\u001b[33m4MecHGaQ...dbxp26iC\u001b[39m) sent to swap \u001b[32m0.049007\u001b[39m EGGLON to ~\u001b[32m0.000000001\u001b[39m WSOL for account (\u001b[35m8xBL...6Cz4\u001b[39m)"}
{"level":30,"time":1745166673050,"name":"close-pool","msg":"Transaction (\u001b[33m3pUzcVwR...CTApexcC\u001b[39m) confirmed: \u001b[34m\u001b]8;;https://solscan.io/tx/3pUzcVwRU5uQkPte7hXhsoVZSDXJLPwKT6JNXrCJrVZ7AYmmdw37Qv1yHnmotmCMpJRcJFKksuMnKZYcCTApexcC?cluster=mainnet-beta\u001b\\<Transaction link>\u001b]8;;\u001b\\\u001b[39m"}
{"level":30,"time":1745166673272,"name":"close-pool","msg":"Transaction (\u001b[33m2JF4r7Pk...cExkHfBb\u001b[39m) confirmed: \u001b[34m\u001b]8;;https://solscan.io/tx/2JF4r7Pk8Gzchuag8yXqrr91ELcpQ3Vd425v6eQYAT5QfVDkqjCBeTcihUFDBDSy1xhCdr92oUUna3jjcExkHfBb?cluster=mainnet-beta\u001b\\<Transaction link>\u001b]8;;\u001b\\\u001b[39m"}
{"level":30,"time":1745166673346,"name":"close-pool","msg":"Transaction (\u001b[33mmL4hC18q...GdtVp64p\u001b[39m) sent to swap \u001b[32m2,444,603.441008\u001b[39m EGGLON to ~\u001b[32m0.084890835\u001b[39m WSOL for account (\u001b[35m6quq...8Ngi\u001b[39m)"}
{"level":30,"time":1745166673496,"name":"close-pool","msg":"Transaction (\u001b[33mMaxS9YaU...tfqiTnzd\u001b[39m) confirmed: \u001b[34m\u001b]8;;https://solscan.io/tx/MaxS9YaUKdAUpGs4MCUzRD1aWbgv8NPLRRF4M8seStpZ5F6TM92At15GpZGH5eXiycpTgchaZMs68GwtfqiTnzd?cluster=mainnet-beta\u001b\\<Transaction link>\u001b]8;;\u001b\\\u001b[39m"}
{"level":30,"time":1745166673773,"name":"close-pool","msg":"Transaction (\u001b[33m5KqHMfJ9...xcUmKVG5\u001b[39m) confirmed: \u001b[34m\u001b]8;;https://solscan.io/tx/5KqHMfJ99fjF2RnZ8EyFUW71a185C2fncfB7Cw6QWDGUxiLu6XjNff6zeeFp4Dc7dh6dBt6JoKizuCjqxcUmKVG5?cluster=mainnet-beta\u001b\\<Transaction link>\u001b]8;;\u001b\\\u001b[39m"}
{"level":30,"time":1745166673787,"name":"close-pool","msg":"Transaction (\u001b[33m2mY8pZ9M...8X4uYCxB\u001b[39m) sent to swap \u001b[32m0.085332\u001b[39m EGGLON to ~\u001b[32m0.000000003\u001b[39m WSOL for account (\u001b[35mEW1R...MeUy\u001b[39m)"}
{"level":30,"time":1745166673924,"name":"close-pool","msg":"Transaction (\u001b[33m23KHt9mb...9umCK7Ey\u001b[39m) sent to swap \u001b[32m4,190,135.040945\u001b[39m EGGLON to ~\u001b[32m0.144221161\u001b[39m WSOL for account (\u001b[35mJDwE...5TW9\u001b[39m)"}
{"level":30,"time":1745166674142,"name":"close-pool","msg":"Transaction (\u001b[33m5y6C1Aby...3U6UA257\u001b[39m) sent to swap \u001b[32m2,543,453.93019\u001b[39m EGGLON to ~\u001b[32m0.088278966\u001b[39m WSOL for account (\u001b[35mBL8d...koJQ\u001b[39m)"}
{"level":30,"time":1745166674387,"name":"close-pool","msg":"Transaction (\u001b[33m5c5JeME8...Ys3yngff\u001b[39m) sent to swap \u001b[32m2,677,792.047319\u001b[39m EGGLON to ~\u001b[32m0.092877974\u001b[39m WSOL for account (\u001b[35mK2Eb...to46\u001b[39m)"}
{"level":30,"time":1745166674549,"name":"close-pool","msg":"Transaction (\u001b[33m5wnWpmcm...n8EG7Dcg\u001b[39m) confirmed: \u001b[34m\u001b]8;;https://solscan.io/tx/5wnWpmcmFuzQK3LCu9MxPGKbWcccAibVqnSVL4PagmNe5TGdhhW71fbKCekKuUVW2VenPGB5R2GgqEyDn8EG7Dcg?cluster=mainnet-beta\u001b\\<Transaction link>\u001b]8;;\u001b\\\u001b[39m"}
{"level":30,"time":1745166674637,"name":"close-pool","msg":"Transaction (\u001b[33m2fbsGxHc...t9cVuzWt\u001b[39m) sent to swap \u001b[32m1,163,560.670858\u001b[39m EGGLON to ~\u001b[32m0.040671469\u001b[39m WSOL for account (\u001b[35mCn8c...PgNg\u001b[39m)"}
{"level":30,"time":1745166674727,"name":"close-pool","msg":"Transaction (\u001b[33m3FmPkf25...MYAAd7Gv\u001b[39m) confirmed: \u001b[34m\u001b]8;;https://solscan.io/tx/3FmPkf25doXrHoqTLFxKGMqiRCjrJsWS1n7b6jZpfP8tj11ETjuFEccxzN9DornWHKtEMQwkQJncYcNzMYAAd7Gv?cluster=mainnet-beta\u001b\\<Transaction link>\u001b]8;;\u001b\\\u001b[39m"}
{"level":30,"time":1745166674956,"name":"close-pool","msg":"Transaction (\u001b[33m2g28zn6F...GaRcsDjD\u001b[39m) sent to swap \u001b[32m2,391,343.119442\u001b[39m EGGLON to ~\u001b[32m0.083063903\u001b[39m WSOL for account (\u001b[35m68r7...CHFg\u001b[39m)"}
{"level":30,"time":1745166674962,"name":"close-pool","msg":"Transaction (\u001b[33m4aL2MkFV...TgX3LM3r\u001b[39m) confirmed: \u001b[34m\u001b]8;;https://solscan.io/tx/4aL2MkFVrNjiMt9nxmbg3g76Nvrnhmu7zokPBteKdKvYN3UbonwEpZ2iM5FpLeW585GCGpB5JgvE1BzcTgX3LM3r?cluster=mainnet-beta\u001b\\<Transaction link>\u001b]8;;\u001b\\\u001b[39m"}
{"level":30,"time":1745166675162,"name":"close-pool","msg":"Transaction (\u001b[33m3VZHkFWf...WT6vMZ5Q\u001b[39m) confirmed: \u001b[34m\u001b]8;;https://solscan.io/tx/3VZHkFWfZgi5vFX8hjUWYZEaRDx5Z7j2F3NVLbPExxnXdx2gDqc9QRo7o4xWt31rXmVwzC637rVFLRFpWT6vMZ5Q?cluster=mainnet-beta\u001b\\<Transaction link>\u001b]8;;\u001b\\\u001b[39m"}
{"level":30,"time":1745166675162,"name":"close-pool","msg":"Transaction (\u001b[33m3kiZSsvC...sV6v2uTu\u001b[39m) sent to swap \u001b[32m3,171,420.241058\u001b[39m EGGLON to ~\u001b[32m0.10972317\u001b[39m WSOL for account (\u001b[35m38fH...Yv3v\u001b[39m)"}
{"level":30,"time":1745166675438,"name":"close-pool","msg":"Transaction (\u001b[33m52p68hkM...KKZNCJPc\u001b[39m) confirmed: \u001b[34m\u001b]8;;https://solscan.io/tx/52p68hkMS5F9F5WGYyyoJjctw6z8jBH8ahqUegmruzXRpafLR7AgEcznLUjcqEDputTgn9FmSBGV4mthKKZNCJPc?cluster=mainnet-beta\u001b\\<Transaction link>\u001b]8;;\u001b\\\u001b[39m"}
{"level":30,"time":1745166675438,"name":"close-pool","msg":"Transaction (\u001b[33m48nFrVxb...8SJ96dwU\u001b[39m) sent to swap \u001b[32m1,047,872.689077\u001b[39m EGGLON to ~\u001b[32m0.036649454\u001b[39m WSOL for account (\u001b[35mCpgA...wzAA\u001b[39m)"}
{"level":30,"time":1745166675674,"name":"close-pool","msg":"Transaction (\u001b[33m5C1h3Kz9...zgBhVqq7\u001b[39m) confirmed: \u001b[34m\u001b]8;;https://solscan.io/tx/5C1h3Kz9rSiFBWC6PAFRtyzSmdyivgvbUPuyaJnSgiYfKASay1JLiTPEnBxgbRmCQdFTTJfqmrz3mCoZzgBhVqq7?cluster=mainnet-beta\u001b\\<Transaction link>\u001b]8;;\u001b\\\u001b[39m"}
{"level":30,"time":1745166675777,"name":"close-pool","msg":"Transaction (\u001b[33mS8AKepgB...gzjwrmyf\u001b[39m) sent to swap \u001b[32m1,553,976.30354\u001b[39m EGGLON to ~\u001b[32m0.054209467\u001b[39m WSOL for account (\u001b[35mHR6r...Zcov\u001b[39m)"}
{"level":30,"time":1745166675932,"name":"close-pool","msg":"Transaction (\u001b[33m28uRVGqr...xLUkF1zb\u001b[39m) confirmed: \u001b[34m\u001b]8;;https://solscan.io/tx/28uRVGqr95wR7zw7G6f1ffsbJSkVH1t7BatnxCHDdGjUCjzFhkvEFNDcRh5aKHXortLPLWYoUQWkYZUKxLUkF1zb?cluster=mainnet-beta\u001b\\<Transaction link>\u001b]8;;\u001b\\\u001b[39m"}
{"level":30,"time":1745166676030,"name":"close-pool","msg":"Transaction (\u001b[33m5uNAHiNb...QvphS7WR\u001b[39m) sent to swap \u001b[32m180.218412\u001b[39m EGGLON to ~\u001b[32m0.000006337\u001b[39m WSOL for account (\u001b[35m6dX9...eG8s\u001b[39m)"}
{"level":30,"time":1745166676066,"name":"close-pool","msg":"Transaction (\u001b[33m2XtkiF1C...YaYxCTK2\u001b[39m) confirmed: \u001b[34m\u001b]8;;https://solscan.io/tx/2XtkiF1C19uUbsEFaAA78CWnRHtc26zXJNqzfAX4iEKaTABUTEM412tHHigGTfn4bPsSmh9gwE7vkChfYaYxCTK2?cluster=mainnet-beta\u001b\\<Transaction link>\u001b]8;;\u001b\\\u001b[39m"}
{"level":30,"time":1745166676408,"name":"close-pool","msg":"Transaction (\u001b[33m2pzisd4G...J3iaUr1x\u001b[39m) confirmed: \u001b[34m\u001b]8;;https://solscan.io/tx/2pzisd4GGN5CKF8G9w9xqCwp4vJdkZdEYCNYZjVquy5YRDVnrtz3ghw5osJaYftTrafhgY1Udcx8qpYvJ3iaUr1x?cluster=mainnet-beta\u001b\\<Transaction link>\u001b]8;;\u001b\\\u001b[39m"}
{"level":30,"time":1745166676609,"name":"close-pool","msg":"Transaction (\u001b[33mnaMyRvJQ...pYSev5Jb\u001b[39m) sent to swap \u001b[32m4,030,837.893259\u001b[39m EGGLON to ~\u001b[32m0.138850154\u001b[39m WSOL for account (\u001b[35mESbf...KfjS\u001b[39m)"}
{"level":30,"time":1745166676609,"name":"close-pool","msg":"Transaction (\u001b[33m5HyuwmGs...UBMoU9QK\u001b[39m) confirmed: \u001b[34m\u001b]8;;https://solscan.io/tx/5HyuwmGsTyGHPuDXPURYqER6RPKFdmVLxXzoEeWBXKR5bQ5A2H6LYZ8KpeYLPwwz2JfDV8WVSAqGi1qUUBMoU9QK?cluster=mainnet-beta\u001b\\<Transaction link>\u001b]8;;\u001b\\\u001b[39m"}
{"level":30,"time":1745166677019,"name":"close-pool","msg":"Transaction (\u001b[33m3E8pY5Zx...iqBWW5iL\u001b[39m) confirmed: \u001b[34m\u001b]8;;https://solscan.io/tx/3E8pY5Zx1eAcPEyy7WUonETovD4CEmGRQ19QzWEywaQDYrHpcgAPmr77jY34nPZQkmiWj2yT3Y8TrbZBiqBWW5iL?cluster=mainnet-beta\u001b\\<Transaction link>\u001b]8;;\u001b\\\u001b[39m"}
{"level":30,"time":1745166677226,"name":"close-pool","msg":"Transaction (\u001b[33m5EhHb57G...8sag1BM3\u001b[39m) confirmed: \u001b[34m\u001b]8;;https://solscan.io/tx/5EhHb57GkAtvvLKrawV2DkEtwT1XXUpAMx3cKeu7XXuWvN3miBJe3f51zz6DB3pyYZcrFJRFJ5CAEMFJ8sag1BM3?cluster=mainnet-beta\u001b\\<Transaction link>\u001b]8;;\u001b\\\u001b[39m"}
{"level":30,"time":1745166677226,"name":"close-pool","msg":"Transaction (\u001b[33m61HTMXHw...3Br7iNPi\u001b[39m) sent to swap \u001b[32m1,088,356.383965\u001b[39m EGGLON to ~\u001b[32m0.038057456\u001b[39m WSOL for account (\u001b[35mAs1u...XK3D\u001b[39m)"}
{"level":30,"time":1745166677226,"name":"close-pool","msg":"Transaction (\u001b[33m3yqEiALF...MY5bc4tu\u001b[39m) confirmed: \u001b[34m\u001b]8;;https://solscan.io/tx/3yqEiALFPvt6mzR2xtvdz5dB8GS39UfP6y3YQrTsJYyLJgevtgQk2u595fSBoT1oG9RE7ZqWXZWHySptMY5bc4tu?cluster=mainnet-beta\u001b\\<Transaction link>\u001b]8;;\u001b\\\u001b[39m"}
{"level":30,"time":1745166677534,"name":"close-pool","msg":"Transaction (\u001b[33m3rvC31eA...PQiFg8jm\u001b[39m) sent to swap \u001b[32m2,234,812.960087\u001b[39m EGGLON to ~\u001b[32m0.077688863\u001b[39m WSOL for account (\u001b[35m2XVU...XSs5\u001b[39m)"}
{"level":30,"time":1745166677631,"name":"close-pool","msg":"Transaction (\u001b[33m2dVD6Cot...VqFewJ65\u001b[39m) confirmed: \u001b[34m\u001b]8;;https://solscan.io/tx/2dVD6Cot8kF2jwxCLbNtugVMTHgJ5mvDcob2aovwYrsftTfvTCWb7ZTecCnnX69Xi5WRuhpp9uBX8K2dVqFewJ65?cluster=mainnet-beta\u001b\\<Transaction link>\u001b]8;;\u001b\\\u001b[39m"}
{"level":30,"time":1745166677748,"name":"close-pool","msg":"Transaction (\u001b[33m2Lk4MxSE...UdKmN86X\u001b[39m) sent to swap \u001b[32m1,132,253.378481\u001b[39m EGGLON to ~\u001b[32m0.03958351\u001b[39m WSOL for account (\u001b[35mHKKQ...C6ZB\u001b[39m)"}
{"level":40,"time":1745166677805,"name":"close-pool","msg":"Account (\u001b[35m2XNi...6RYh\u001b[39m) has too low amount to swap: \u001b[32m0.021594\u001b[39m EGGLON"}
{"level":30,"time":1745166677846,"name":"close-pool","msg":"Transaction (\u001b[33m4UZdGY4C...2gTXCE1b\u001b[39m) confirmed: \u001b[34m\u001b]8;;https://solscan.io/tx/4UZdGY4CYxVpkQDgGfEFND92Y2Gn3RFvsQKMvUNQU5pwix6j44oHZo8ntYtNpNySKkZUUJK8S4Ps9YfQ2gTXCE1b?cluster=mainnet-beta\u001b\\<Transaction link>\u001b]8;;\u001b\\\u001b[39m"}
{"level":30,"time":1745166678019,"name":"close-pool","msg":"Transaction (\u001b[33m3WNgF1kq...9tjvoitq\u001b[39m) sent to swap \u001b[32m5,045,314.831431\u001b[39m EGGLON to ~\u001b[32m0.172907855\u001b[39m WSOL for account (\u001b[35mAyHe...E9GJ\u001b[39m)"}
