{"level":40,"time":1745166685184,"name":"close-pool","msg":"Sniper (\u001b[35m3P52...ZLzR\u001b[39m) has insufficient balance on ATA (\u001b[35mGndB...RWa1\u001b[39m): \u001b[32m0\u001b[39m EGGLON"}
{"level":40,"time":1745166685320,"name":"close-pool","msg":"Sniper (\u001b[35m54wQ...2zVo\u001b[39m) has insufficient balance on ATA (\u001b[35mH8Kb...z4bC\u001b[39m): \u001b[32m0\u001b[39m EGGLON"}
{"level":40,"time":1745166685454,"name":"close-pool","msg":"Sniper (\u001b[35mHhKt...E58t\u001b[39m) has insufficient balance on ATA (\u001b[35m7TWo...CJmV\u001b[39m): \u001b[32m0\u001b[39m EGGLON"}
{"level":40,"time":1745166685588,"name":"close-pool","msg":"Sniper (\u001b[35mAQ7c...QcyB\u001b[39m) has insufficient balance on ATA (\u001b[35m14BN...GtBG\u001b[39m): \u001b[32m0\u001b[39m EGGLON"}
{"level":40,"time":1745166685874,"name":"close-pool","msg":"Sniper (\u001b[35mDVL9...BPGA\u001b[39m) has insufficient balance on ATA (\u001b[35m5W9K...MeCK\u001b[39m): \u001b[32m0\u001b[39m EGGLON"}
{"level":40,"time":1745166686028,"name":"close-pool","msg":"Sniper (\u001b[35mGESz...keAt\u001b[39m) has insufficient balance on ATA (\u001b[35mBfid...UK9a\u001b[39m): \u001b[32m0\u001b[39m EGGLON"}
{"level":40,"time":1745166686165,"name":"close-pool","msg":"Sniper (\u001b[35mEoWx...2VeN\u001b[39m) has insufficient balance on ATA (\u001b[35m3cjV...HFNx\u001b[39m): \u001b[32m0\u001b[39m EGGLON"}
{"level":40,"time":1745166686286,"name":"close-pool","msg":"Sniper (\u001b[35mAaP8...eJc2\u001b[39m) has insufficient balance on ATA (\u001b[35mCQum...T6za\u001b[39m): \u001b[32m0\u001b[39m EGGLON"}
{"level":40,"time":1745166686412,"name":"close-pool","msg":"Sniper (\u001b[35m6Xnt...UHNa\u001b[39m) has insufficient balance on ATA (\u001b[35mFD4U...EwbV\u001b[39m): \u001b[32m0\u001b[39m EGGLON"}
{"level":40,"time":1745166686506,"name":"close-pool","msg":"Sniper (\u001b[35mHZgm...cb8Q\u001b[39m) has insufficient balance on ATA (\u001b[35mBk99...QTqV\u001b[39m): \u001b[32m0\u001b[39m EGGLON"}
{"level":40,"time":1745166686638,"name":"close-pool","msg":"Sniper (\u001b[35m7ita...cbeC\u001b[39m) has insufficient balance on ATA (\u001b[35m6xRf...jKLG\u001b[39m): \u001b[32m0\u001b[39m EGGLON"}
{"level":40,"time":1745166686760,"name":"close-pool","msg":"Sniper (\u001b[35m88dk...J1uN\u001b[39m) has insufficient balance on ATA (\u001b[35mCfv1...ATas\u001b[39m): \u001b[32m0\u001b[39m EGGLON"}
{"level":40,"time":1745166686882,"name":"close-pool","msg":"Sniper (\u001b[35mB22E...itZJ\u001b[39m) has insufficient balance on ATA (\u001b[35mEYfW...vLew\u001b[39m): \u001b[32m0\u001b[39m EGGLON"}
{"level":40,"time":1745166686998,"name":"close-pool","msg":"Sniper (\u001b[35m2eGT...XJRD\u001b[39m) has insufficient balance on ATA (\u001b[35mHyTb...2tr8\u001b[39m): \u001b[32m0\u001b[39m EGGLON"}
{"level":40,"time":1745166687245,"name":"close-pool","msg":"Sniper (\u001b[35m6Bvc...xDAr\u001b[39m) has insufficient balance on ATA (\u001b[35mD9GZ...ydwA\u001b[39m): \u001b[32m0\u001b[39m EGGLON"}
{"level":40,"time":1745166687373,"name":"close-pool","msg":"Sniper (\u001b[35m338w...4rTf\u001b[39m) has insufficient balance on ATA (\u001b[35m5qd6...CQcU\u001b[39m): \u001b[32m0\u001b[39m EGGLON"}
{"level":40,"time":1745166687480,"name":"close-pool","msg":"Sniper (\u001b[35m7DaL...gwqp\u001b[39m) has insufficient balance on ATA (\u001b[35mE5gE...ca7z\u001b[39m): \u001b[32m0\u001b[39m EGGLON"}
{"level":40,"time":1745166687605,"name":"close-pool","msg":"Sniper (\u001b[35m91hL...F5b4\u001b[39m) has insufficient balance on ATA (\u001b[35mDmpg...rsPA\u001b[39m): \u001b[32m0\u001b[39m EGGLON"}
{"level":40,"time":1745166687876,"name":"close-pool","msg":"Sniper (\u001b[35mFfam...gs15\u001b[39m) has insufficient balance on ATA (\u001b[35mErge...Mn9C\u001b[39m): \u001b[32m0\u001b[39m EGGLON"}
{"level":40,"time":1745166688042,"name":"close-pool","msg":"Sniper (\u001b[35mAtSh...bHnE\u001b[39m) has insufficient balance on ATA (\u001b[35m9rYM...ffjX\u001b[39m): \u001b[32m0\u001b[39m EGGLON"}
{"level":40,"time":1745166688154,"name":"close-pool","msg":"Sniper (\u001b[35mAca6...JFNV\u001b[39m) has insufficient balance on ATA (\u001b[35mF2ok...GaMn\u001b[39m): \u001b[32m0\u001b[39m EGGLON"}
{"level":40,"time":1745166688279,"name":"close-pool","msg":"Sniper (\u001b[35mCtLR...Lo1s\u001b[39m) has insufficient balance on ATA (\u001b[35mB2tP...5CNJ\u001b[39m): \u001b[32m0\u001b[39m EGGLON"}
{"level":40,"time":1745166688378,"name":"close-pool","msg":"Sniper (\u001b[35m4knG...ny4q\u001b[39m) has insufficient balance on ATA (\u001b[35m9oeZ...u8xJ\u001b[39m): \u001b[32m0\u001b[39m EGGLON"}
{"level":40,"time":1745166688498,"name":"close-pool","msg":"Sniper (\u001b[35mGHZ3...3ZiT\u001b[39m) has insufficient balance on ATA (\u001b[35mHjBs...b4ST\u001b[39m): \u001b[32m0\u001b[39m EGGLON"}
{"level":40,"time":1745166688630,"name":"close-pool","msg":"Sniper (\u001b[35mVzhN...3PUT\u001b[39m) has insufficient balance on ATA (\u001b[35m5Hwz...rHZC\u001b[39m): \u001b[32m0\u001b[39m EGGLON"}
{"level":40,"time":1745166688728,"name":"close-pool","msg":"Sniper (\u001b[35mFXTD...5dFa\u001b[39m) has insufficient balance on ATA (\u001b[35mGc6s...DXTL\u001b[39m): \u001b[32m0\u001b[39m EGGLON"}
{"level":40,"time":1745166688850,"name":"close-pool","msg":"Sniper (\u001b[35mBSzx...J52H\u001b[39m) has insufficient balance on ATA (\u001b[35mGqEd...ezsm\u001b[39m): \u001b[32m0\u001b[39m EGGLON"}
{"level":40,"time":1745166688983,"name":"close-pool","msg":"Sniper (\u001b[35mCNDU...nWoZ\u001b[39m) has insufficient balance on ATA (\u001b[35mBtL2...VVKo\u001b[39m): \u001b[32m0\u001b[39m EGGLON"}
{"level":40,"time":1745166689094,"name":"close-pool","msg":"Sniper (\u001b[35m6Rgn...X9MC\u001b[39m) has insufficient balance on ATA (\u001b[35mCdVq...pzxn\u001b[39m): \u001b[32m0\u001b[39m EGGLON"}
{"level":40,"time":1745166689197,"name":"close-pool","msg":"Sniper (\u001b[35mGM8J...SYYX\u001b[39m) has insufficient balance on ATA (\u001b[35m2Jvo...4vAW\u001b[39m): \u001b[32m0\u001b[39m EGGLON"}
{"level":40,"time":1745166689324,"name":"close-pool","msg":"Sniper (\u001b[35m7j6r...HAC8\u001b[39m) has insufficient balance on ATA (\u001b[35mB6Bj...TsuS\u001b[39m): \u001b[32m0\u001b[39m EGGLON"}
{"level":40,"time":1745166689435,"name":"close-pool","msg":"Sniper (\u001b[35m9RNy...JDag\u001b[39m) has insufficient balance on ATA (\u001b[35m7Yoj...HKbg\u001b[39m): \u001b[32m0\u001b[39m EGGLON"}
{"level":40,"time":1745166689579,"name":"close-pool","msg":"Sniper (\u001b[35mHYen...YUZS\u001b[39m) has insufficient balance on ATA (\u001b[35m9nfn...991v\u001b[39m): \u001b[32m0\u001b[39m EGGLON"}
{"level":40,"time":1745166689687,"name":"close-pool","msg":"Sniper (\u001b[35m9GV9...aNmg\u001b[39m) has insufficient balance on ATA (\u001b[35mCLxu...8ALa\u001b[39m): \u001b[32m0\u001b[39m EGGLON"}
{"level":40,"time":1745166689782,"name":"close-pool","msg":"Sniper (\u001b[35mKZ1p...spGm\u001b[39m) has insufficient balance on ATA (\u001b[35m5LZG...HyRn\u001b[39m): \u001b[32m0\u001b[39m EGGLON"}
{"level":40,"time":1745166689961,"name":"close-pool","msg":"Sniper (\u001b[35mDpuq...a3K3\u001b[39m) has insufficient balance on ATA (\u001b[35m8DhV...oHVC\u001b[39m): \u001b[32m0\u001b[39m EGGLON"}
{"level":40,"time":1745166690097,"name":"close-pool","msg":"Sniper (\u001b[35m6QDF...oT9Q\u001b[39m) has insufficient balance on ATA (\u001b[35m5JSN...ZuEY\u001b[39m): \u001b[32m0\u001b[39m EGGLON"}
{"level":40,"time":1745166690206,"name":"close-pool","msg":"Sniper (\u001b[35mDvFz...dhgb\u001b[39m) has insufficient balance on ATA (\u001b[35mcZvj...fiPh\u001b[39m): \u001b[32m0\u001b[39m EGGLON"}
{"level":40,"time":1745166690315,"name":"close-pool","msg":"Sniper (\u001b[35m6gaa...Aro5\u001b[39m) has insufficient balance on ATA (\u001b[35mD42s...Lgv3\u001b[39m): \u001b[32m0\u001b[39m EGGLON"}
{"level":40,"time":1745166690538,"name":"close-pool","msg":"Sniper (\u001b[35m7nQS...r3Dy\u001b[39m) has insufficient balance on ATA (\u001b[35m2Wpb...sh4M\u001b[39m): \u001b[32m0\u001b[39m EGGLON"}
{"level":40,"time":1745166690831,"name":"close-pool","msg":"Sniper (\u001b[35m7PRs...Phrw\u001b[39m) has insufficient balance on ATA (\u001b[35m4mrH...Rn5Z\u001b[39m): \u001b[32m0\u001b[39m EGGLON"}
{"level":40,"time":1745166690943,"name":"close-pool","msg":"Sniper (\u001b[35m64ZQ...RWLZ\u001b[39m) has insufficient balance on ATA (\u001b[35m8SqZ...2dXY\u001b[39m): \u001b[32m0\u001b[39m EGGLON"}
{"level":40,"time":1745166691133,"name":"close-pool","msg":"Dev (\u001b[35mDeuc...hWMV\u001b[39m) has insufficient balance on ATA (\u001b[35mHNoB...maua\u001b[39m): \u001b[32m0\u001b[39m EGGLON"}
{"level":40,"time":1745166691272,"name":"close-pool","msg":"Trader (\u001b[35mEccL...tQcx\u001b[39m) has insufficient balance on ATA (\u001b[35m7rhz...EEjR\u001b[39m): \u001b[32m0\u001b[39m EGGLON"}
{"level":40,"time":1745166691435,"name":"close-pool","msg":"Trader (\u001b[35m3qus...gGwz\u001b[39m) has insufficient balance on ATA (\u001b[35mACqP...ZYhP\u001b[39m): \u001b[32m0\u001b[39m EGGLON"}
{"level":40,"time":1745166691560,"name":"close-pool","msg":"Trader (\u001b[35m7Srh...nvrC\u001b[39m) has insufficient balance on ATA (\u001b[35mHtyQ...3B2P\u001b[39m): \u001b[32m0\u001b[39m EGGLON"}
{"level":40,"time":1745166691766,"name":"close-pool","msg":"Trader (\u001b[35mBYX7...VS3h\u001b[39m) has insufficient balance on ATA (\u001b[35m21NW...h6uK\u001b[39m): \u001b[32m0\u001b[39m EGGLON"}
{"level":40,"time":1745166691970,"name":"close-pool","msg":"Trader (\u001b[35m37vg...RDCz\u001b[39m) has insufficient balance on ATA (\u001b[35mBcXX...ZBiz\u001b[39m): \u001b[32m0\u001b[39m EGGLON"}
{"level":40,"time":1745166692175,"name":"close-pool","msg":"Trader (\u001b[35mH8cc...uU24\u001b[39m) has insufficient balance on ATA (\u001b[35mGft3...X6hX\u001b[39m): \u001b[32m0\u001b[39m EGGLON"}
{"level":40,"time":1745166692380,"name":"close-pool","msg":"Trader (\u001b[35m3bGh...E8LY\u001b[39m) has insufficient balance on ATA (\u001b[35m5Kio...weJU\u001b[39m): \u001b[32m0\u001b[39m EGGLON"}
{"level":40,"time":1745166692789,"name":"close-pool","msg":"Trader (\u001b[35m2rp1...Q33H\u001b[39m) has insufficient balance on ATA (\u001b[35m8NZU...cN7Z\u001b[39m): \u001b[32m0\u001b[39m EGGLON"}
{"level":40,"time":1745166692994,"name":"close-pool","msg":"Trader (\u001b[35mDE8v...P8UZ\u001b[39m) has insufficient balance on ATA (\u001b[35mDC1q...Dvhc\u001b[39m): \u001b[32m0\u001b[39m EGGLON"}
{"level":40,"time":1745166693108,"name":"close-pool","msg":"Trader (\u001b[35mHuXm...q1z6\u001b[39m) has insufficient balance on ATA (\u001b[35mGhaZ...JGf4\u001b[39m): \u001b[32m0\u001b[39m EGGLON"}
{"level":40,"time":1745166693221,"name":"close-pool","msg":"Trader (\u001b[35mDPc3...bkGa\u001b[39m) has insufficient balance on ATA (\u001b[35m4794...kzJS\u001b[39m): \u001b[32m0\u001b[39m EGGLON"}
{"level":40,"time":1745166693369,"name":"close-pool","msg":"Trader (\u001b[35m3kge...asxb\u001b[39m) has insufficient balance on ATA (\u001b[35mH5mm...AnDF\u001b[39m): \u001b[32m0\u001b[39m EGGLON"}
{"level":40,"time":1745166693488,"name":"close-pool","msg":"Trader (\u001b[35m7bBd...o2Mq\u001b[39m) has insufficient balance on ATA (\u001b[35m6wTc...2Uc9\u001b[39m): \u001b[32m0\u001b[39m EGGLON"}
{"level":40,"time":1745166693734,"name":"close-pool","msg":"Trader (\u001b[35m2tvv...r14a\u001b[39m) has insufficient balance on ATA (\u001b[35m4BPF...aHP6\u001b[39m): \u001b[32m0\u001b[39m EGGLON"}
{"level":40,"time":1745166694004,"name":"close-pool","msg":"Trader (\u001b[35m2bWk...xKdU\u001b[39m) has insufficient balance on ATA (\u001b[35mCkdQ...SxoT\u001b[39m): \u001b[32m0\u001b[39m EGGLON"}
{"level":40,"time":1745166694351,"name":"close-pool","msg":"Trader (\u001b[35m6quq...8Ngi\u001b[39m) has insufficient balance on ATA (\u001b[35mEiLU...KDDg\u001b[39m): \u001b[32m0\u001b[39m EGGLON"}
{"level":40,"time":1745166694550,"name":"close-pool","msg":"Trader (\u001b[35mJDwE...5TW9\u001b[39m) has insufficient balance on ATA (\u001b[35mEh1C...65w8\u001b[39m): \u001b[32m0\u001b[39m EGGLON"}
{"level":40,"time":1745166694659,"name":"close-pool","msg":"Trader (\u001b[35mBL8d...koJQ\u001b[39m) has insufficient balance on ATA (\u001b[35mBDq8...vJc4\u001b[39m): \u001b[32m0\u001b[39m EGGLON"}
{"level":40,"time":1745166694764,"name":"close-pool","msg":"Trader (\u001b[35mK2Eb...to46\u001b[39m) has insufficient balance on ATA (\u001b[35m44Uj...i72e\u001b[39m): \u001b[32m0\u001b[39m EGGLON"}
{"level":40,"time":1745166694864,"name":"close-pool","msg":"Trader (\u001b[35mCn8c...PgNg\u001b[39m) has insufficient balance on ATA (\u001b[35mEgFt...pt4Q\u001b[39m): \u001b[32m0\u001b[39m EGGLON"}
{"level":40,"time":1745166694955,"name":"close-pool","msg":"Trader (\u001b[35m68r7...CHFg\u001b[39m) has insufficient balance on ATA (\u001b[35m6sfi...WwwY\u001b[39m): \u001b[32m0\u001b[39m EGGLON"}
{"level":40,"time":1745166695065,"name":"close-pool","msg":"Trader (\u001b[35m38fH...Yv3v\u001b[39m) has insufficient balance on ATA (\u001b[35m4Yab...9Dzn\u001b[39m): \u001b[32m0\u001b[39m EGGLON"}
{"level":40,"time":1745166695182,"name":"close-pool","msg":"Trader (\u001b[35mCpgA...wzAA\u001b[39m) has insufficient balance on ATA (\u001b[35mDeB1...zr7j\u001b[39m): \u001b[32m0\u001b[39m EGGLON"}
{"level":40,"time":1745166695285,"name":"close-pool","msg":"Trader (\u001b[35mHR6r...Zcov\u001b[39m) has insufficient balance on ATA (\u001b[35m3CHU...ri2z\u001b[39m): \u001b[32m0\u001b[39m EGGLON"}
{"level":40,"time":1745166695716,"name":"close-pool","msg":"Trader (\u001b[35m6dX9...eG8s\u001b[39m) has insufficient balance on ATA (\u001b[35mJCzY...A6yJ\u001b[39m): \u001b[32m0\u001b[39m EGGLON"}
{"level":40,"time":1745166695821,"name":"close-pool","msg":"Trader (\u001b[35mESbf...KfjS\u001b[39m) has insufficient balance on ATA (\u001b[35mFonj...j6Ri\u001b[39m): \u001b[32m0\u001b[39m EGGLON"}
{"level":40,"time":1745166695919,"name":"close-pool","msg":"Trader (\u001b[35mAs1u...XK3D\u001b[39m) has insufficient balance on ATA (\u001b[35mHL7y...RTw6\u001b[39m): \u001b[32m0\u001b[39m EGGLON"}
{"level":40,"time":1745166696015,"name":"close-pool","msg":"Trader (\u001b[35m2XVU...XSs5\u001b[39m) has insufficient balance on ATA (\u001b[35mEp4A...YJ1h\u001b[39m): \u001b[32m0\u001b[39m EGGLON"}
{"level":40,"time":1745166696185,"name":"close-pool","msg":"Trader (\u001b[35mHKKQ...C6ZB\u001b[39m) has insufficient balance on ATA (\u001b[35m3nyK...6UVZ\u001b[39m): \u001b[32m0\u001b[39m EGGLON"}
{"level":40,"time":1745166696355,"name":"close-pool","msg":"Trader (\u001b[35mAyHe...E9GJ\u001b[39m) has insufficient balance on ATA (\u001b[35m7PdV...Ct6T\u001b[39m): \u001b[32m0\u001b[39m EGGLON"}
{"level":40,"time":1745166704787,"name":"close-pool","msg":"Account (\u001b[35m8opD...Xsen\u001b[39m) has too low amount to swap: \u001b[32m0.010026\u001b[39m EGGLON"}
{"level":40,"time":1745166704787,"name":"close-pool","msg":"Account (\u001b[35mCAXT...EALp\u001b[39m) has too low amount to swap: \u001b[32m0.005901\u001b[39m EGGLON"}
{"level":40,"time":1745166704787,"name":"close-pool","msg":"Account (\u001b[35m8xBL...6Cz4\u001b[39m) has too low amount to swap: \u001b[32m0.049007\u001b[39m EGGLON"}
{"level":40,"time":1745166704787,"name":"close-pool","msg":"Account (\u001b[35mCrnL...Ucdr\u001b[39m) has too low amount to swap: \u001b[32m0.000006\u001b[39m EGGLON"}
{"level":40,"time":1745166704787,"name":"close-pool","msg":"Account (\u001b[35mEW1R...MeUy\u001b[39m) has too low amount to swap: \u001b[32m0.085332\u001b[39m EGGLON"}
{"level":40,"time":1745166704787,"name":"close-pool","msg":"Account (\u001b[35m2XNi...6RYh\u001b[39m) has too low amount to swap: \u001b[32m0.021594\u001b[39m EGGLON"}
{"level":30,"time":1745166706056,"name":"close-pool","msg":"Transaction (\u001b[33m5qyj5B3Q...CF87n491\u001b[39m) sent to swap \u001b[32m1,384,639.155383\u001b[39m EGGLON to ~\u001b[32m0.009293437\u001b[39m WSOL for account (\u001b[35mFpgH...66bB\u001b[39m)"}
{"level":30,"time":1745166706549,"name":"close-pool","msg":"Transaction (\u001b[33mzfGAaKgU...EV4xUFmA\u001b[39m) sent to swap \u001b[32m3,799,566.161155\u001b[39m EGGLON to ~\u001b[32m0.025364094\u001b[39m WSOL for account (\u001b[35mGHUr...YeEc\u001b[39m)"}
{"level":30,"time":1745166706922,"name":"close-pool","msg":"Transaction (\u001b[33m5ReLU2E1...ut2VXByd\u001b[39m) sent to swap \u001b[32m2,187,820.463699\u001b[39m EGGLON to ~\u001b[32m0.014657738\u001b[39m WSOL for account (\u001b[35m6yLv...CEwz\u001b[39m)"}
{"level":30,"time":1745166707547,"name":"close-pool","msg":"Transaction (\u001b[33m2racYLhX...8xw381X5\u001b[39m) sent to swap \u001b[32m3,629,094.830925\u001b[39m EGGLON to ~\u001b[32m0.024235358\u001b[39m WSOL for account (\u001b[35mC8fh...JjQg\u001b[39m)"}
{"level":30,"time":1745166707944,"name":"close-pool","msg":"Transaction (\u001b[33mT9mmhiqh...aK19HeDN\u001b[39m) sent to swap \u001b[32m0.172099\u001b[39m EGGLON to ~\u001b[32m0.000000001\u001b[39m WSOL for account (\u001b[35m71a4...8RMN\u001b[39m)"}
{"level":40,"time":1745166708339,"name":"close-pool","msg":"Account (\u001b[35mFsKA...s2H7\u001b[39m) has too low amount to swap: \u001b[32m0.011465\u001b[39m EGGLON"}
{"level":30,"time":1745166708340,"name":"close-pool","msg":"Transaction (\u001b[33m3KxyyCJP...gugMseg7\u001b[39m) sent to swap \u001b[32m114.244879\u001b[39m EGGLON to ~\u001b[32m0.000000769\u001b[39m WSOL for account (\u001b[35mBvdM...dCAJ\u001b[39m)"}
{"level":30,"time":1745166708556,"name":"close-pool","msg":"Transaction (\u001b[33mKWG9nuWg...jVmnf4sA\u001b[39m) sent to swap \u001b[32m3,063,319.694013\u001b[39m EGGLON to ~\u001b[32m0.020483026\u001b[39m WSOL for account (\u001b[35m23XR...awTB\u001b[39m)"}
{"level":30,"time":1745166708844,"name":"close-pool","msg":"Transaction (\u001b[33m3gNemeGm...gcLAY8Vr\u001b[39m) sent to swap \u001b[32m1,748,283.492714\u001b[39m EGGLON to ~\u001b[32m0.011724552\u001b[39m WSOL for account (\u001b[35mEk8n...4STr\u001b[39m)"}
{"level":30,"time":1745166709083,"name":"close-pool","msg":"Transaction (\u001b[33m5sPGkd6h...EL3Rjc3X\u001b[39m) sent to swap \u001b[32m2,471,480.06221\u001b[39m EGGLON to ~\u001b[32m0.016547625\u001b[39m WSOL for account (\u001b[35mE6og...Nh3N\u001b[39m)"}
{"level":30,"time":1745166709290,"name":"close-pool","msg":"Transaction (\u001b[33m4HQnsHt3...5vFhXRR3\u001b[39m) sent to swap \u001b[32m1,248,064.277405\u001b[39m EGGLON to ~\u001b[32m0.008379348\u001b[39m WSOL for account (\u001b[35m7AUc...p94A\u001b[39m)"}
{"level":30,"time":1745166709580,"name":"close-pool","msg":"Transaction (\u001b[33m2WmBDuns...5jvknKKK\u001b[39m) sent to swap \u001b[32m758,003.578094\u001b[39m EGGLON to ~\u001b[32m0.005094763\u001b[39m WSOL for account (\u001b[35mHmd4...1nr4\u001b[39m)"}
{"level":40,"time":1745166709585,"name":"close-pool","msg":"Account (\u001b[35m96GE...HhBZ\u001b[39m) has too low amount to swap: \u001b[32m0.05014\u001b[39m EGGLON"}
{"level":30,"time":1745166709817,"name":"close-pool","msg":"Transaction (\u001b[33m5eNhGAg6...WesvQEnV\u001b[39m) sent to swap \u001b[32m11,386,966.292733\u001b[39m EGGLON to ~\u001b[32m0.074744303\u001b[39m WSOL for account (\u001b[35mBmGQ...F3yi\u001b[39m)"}
{"level":30,"time":1745166710024,"name":"close-pool","msg":"Transaction (\u001b[33m5Qz28SzQ...zyCJCjgg\u001b[39m) sent to swap \u001b[32m177.38189\u001b[39m EGGLON to ~\u001b[32m0.000001194\u001b[39m WSOL for account (\u001b[35m3MPp...rUZR\u001b[39m)"}
{"level":30,"time":1745166710269,"name":"close-pool","msg":"Transaction (\u001b[33m5onjcXxi...fXUrRRxA\u001b[39m) sent to swap \u001b[32m2,243,258.795373\u001b[39m EGGLON to ~\u001b[32m0.015027286\u001b[39m WSOL for account (\u001b[35m3Zmk...uyJh\u001b[39m)"}
{"level":30,"time":1745166710449,"name":"close-pool","msg":"Transaction (\u001b[33m5ZEb6cFY...7YNbGv6Z\u001b[39m) sent to swap \u001b[32m3,880,600.415813\u001b[39m EGGLON to ~\u001b[32m0.025900342\u001b[39m WSOL for account (\u001b[35mDF2t...njkZ\u001b[39m)"}
{"level":30,"time":1745166710738,"name":"close-pool","msg":"Transaction (\u001b[33m3btbFzEX...NRM7tqgM\u001b[39m) sent to swap \u001b[32m388.728352\u001b[39m EGGLON to ~\u001b[32m0.000002617\u001b[39m WSOL for account (\u001b[35mEeZK...X767\u001b[39m)"}
{"level":30,"time":1745166710946,"name":"close-pool","msg":"Transaction (\u001b[33m36Jk5ip8...oRtHve8M\u001b[39m) sent to swap \u001b[32m1,385,806.98441\u001b[39m EGGLON to ~\u001b[32m0.009301251\u001b[39m WSOL for account (\u001b[35m374J...V3St\u001b[39m)"}
{"level":30,"time":1745166711160,"name":"close-pool","msg":"Transaction (\u001b[33m3zdJZF2z...HrJEgJg9\u001b[39m) sent to swap \u001b[32m480.510303\u001b[39m EGGLON to ~\u001b[32m0.000003235\u001b[39m WSOL for account (\u001b[35mEE2q...RdEn\u001b[39m)"}
{"level":30,"time":1745166711170,"name":"close-pool","msg":"Transaction (\u001b[33m5qyj5B3Q...CF87n491\u001b[39m) confirmed: \u001b[34m\u001b]8;;https://solscan.io/tx/5qyj5B3Qb9jWbwnwVSSbZu7cRfC83qqH5GZnFF4xjQ5P6rgc4Mc3esLinMdoVsfdyGeJv51agJMvefA5CF87n491?cluster=mainnet-beta\u001b\\<Transaction link>\u001b]8;;\u001b\\\u001b[39m"}
{"level":30,"time":1745166711474,"name":"close-pool","msg":"Transaction (\u001b[33m2CktTZh3...ntAZmxLw\u001b[39m) sent to swap \u001b[32m730,469.98716\u001b[39m EGGLON to ~\u001b[32m0.004910007\u001b[39m WSOL for account (\u001b[35mGh59...Dxmt\u001b[39m)"}
{"level":30,"time":1745166711676,"name":"close-pool","msg":"Transaction (\u001b[33mzfGAaKgU...EV4xUFmA\u001b[39m) confirmed: \u001b[34m\u001b]8;;https://solscan.io/tx/zfGAaKgUfSJjiyJNrLq9iCtMBAvNNtNYuWx4pEkrTRtGp8DmUewTq9WkVjoH1dCqg1P7ZGbjKYQDEkQEV4xUFmA?cluster=mainnet-beta\u001b\\<Transaction link>\u001b]8;;\u001b\\\u001b[39m"}
{"level":30,"time":1745166711744,"name":"close-pool","msg":"Transaction (\u001b[33mGS4nCWxj...Gym6HVZ4\u001b[39m) sent to swap \u001b[32m682,547.589031\u001b[39m EGGLON to ~\u001b[32m0.004588382\u001b[39m WSOL for account (\u001b[35mEnwC...iAJh\u001b[39m)"}
{"level":30,"time":1745166712052,"name":"close-pool","msg":"Transaction (\u001b[33m49iJmJSt...nmBCYUNp\u001b[39m) sent to swap \u001b[32m1,709,442.936125\u001b[39m EGGLON to ~\u001b[32m0.011465076\u001b[39m WSOL for account (\u001b[35mBVrx...e3og\u001b[39m)"}
{"level":30,"time":1745166712358,"name":"close-pool","msg":"Transaction (\u001b[33m21C1NdDP...Q8f55q79\u001b[39m) sent to swap \u001b[32m4,048,029.949909\u001b[39m EGGLON to ~\u001b[32m0.027007697\u001b[39m WSOL for account (\u001b[35mBE8y...zxT4\u001b[39m)"}
{"level":30,"time":1745166712543,"name":"close-pool","msg":"Transaction (\u001b[33m5Y8GMs5d...uf9vgsU2\u001b[39m) sent to swap \u001b[32m3,219,442.01453\u001b[39m EGGLON to ~\u001b[32m0.021519411\u001b[39m WSOL for account (\u001b[35mHCR1...46PC\u001b[39m)"}
{"level":30,"time":1745166712731,"name":"close-pool","msg":"Transaction (\u001b[33mXVg3oH61...AkdLhuj7\u001b[39m) sent to swap \u001b[32m916,660.559243\u001b[39m EGGLON to ~\u001b[32m0.00615894\u001b[39m WSOL for account (\u001b[35m5zq6...ePTH\u001b[39m)"}
{"level":30,"time":1745166713018,"name":"close-pool","msg":"Transaction (\u001b[33m2Gy761WA...e6HzfDmf\u001b[39m) sent to swap \u001b[32m4,286,954.64345\u001b[39m EGGLON to ~\u001b[32m0.028586475\u001b[39m WSOL for account (\u001b[35mB1KT...PS2X\u001b[39m)"}
{"level":30,"time":1745166713265,"name":"close-pool","msg":"Transaction (\u001b[33m3HAJ24qd...KT2Q6w5n\u001b[39m) sent to swap \u001b[32m3,841,819.988333\u001b[39m EGGLON to ~\u001b[32m0.025643735\u001b[39m WSOL for account (\u001b[35m65HN...fcuS\u001b[39m)"}
{"level":30,"time":1745166713478,"name":"close-pool","msg":"Transaction (\u001b[33m4EyxHXf4...mLPZMX1p\u001b[39m) sent to swap \u001b[32m1,763,250.236765\u001b[39m EGGLON to ~\u001b[32m0.011824526\u001b[39m WSOL for account (\u001b[35m3qwF...y2uA\u001b[39m)"}
{"level":30,"time":1745166713690,"name":"close-pool","msg":"Transaction (\u001b[33m5CQurxc9...jeWPs1Ln\u001b[39m) sent to swap \u001b[32m1,707,307.155603\u001b[39m EGGLON to ~\u001b[32m0.011450807\u001b[39m WSOL for account (\u001b[35mPcUM...TMW5\u001b[39m)"}
{"level":30,"time":1745166713865,"name":"close-pool","msg":"Transaction (\u001b[33m43ajXJ9x...YgxTAMev\u001b[39m) sent to swap \u001b[32m556,686.735019\u001b[39m EGGLON to ~\u001b[32m0.003743353\u001b[39m WSOL for account (\u001b[35m8zjw...1sDq\u001b[39m)"}
{"level":30,"time":1745166714079,"name":"close-pool","msg":"Transaction (\u001b[33m5473MLK3...R8n7txvE\u001b[39m) sent to swap \u001b[32m7,206,958.241877\u001b[39m EGGLON to ~\u001b[32m0.047745991\u001b[39m WSOL for account (\u001b[35mENEa...KN8G\u001b[39m)"}
{"level":30,"time":1745166714264,"name":"close-pool","msg":"Transaction (\u001b[33m3Lz7q49X...H919zyfW\u001b[39m) sent to swap \u001b[32m1,333,234.486243\u001b[39m EGGLON to ~\u001b[32m0.008949454\u001b[39m WSOL for account (\u001b[35mEmx8...DGhN\u001b[39m)"}
{"level":30,"time":1745166714642,"name":"close-pool","msg":"Transaction (\u001b[33m4vuwZQG1...TovkauFF\u001b[39m) sent to swap \u001b[32m2,980,407.511712\u001b[39m EGGLON to ~\u001b[32m0.019932336\u001b[39m WSOL for account (\u001b[35mGm8k...ijo1\u001b[39m)"}
{"level":30,"time":1745166714736,"name":"close-pool","msg":"Transaction (\u001b[33m27evG7gB...L3Xe6wog\u001b[39m) sent to swap \u001b[32m1,348,714.249982\u001b[39m EGGLON to ~\u001b[32m0.009053048\u001b[39m WSOL for account (\u001b[35mEtcy...HJe4\u001b[39m)"}
{"level":30,"time":1745166714916,"name":"close-pool","msg":"Transaction (\u001b[33m5eNhGAg6...WesvQEnV\u001b[39m) confirmed: \u001b[34m\u001b]8;;https://solscan.io/tx/5eNhGAg6yLfoW1DZiErbhc1vMkUihBXPCg4rZokskeKNLNnzc8a9AeaAnr6d97bN6gjWdSMK5TMrt5z4WesvQEnV?cluster=mainnet-beta\u001b\\<Transaction link>\u001b]8;;\u001b\\\u001b[39m"}
{"level":30,"time":1745166715019,"name":"close-pool","msg":"Transaction (\u001b[33m3oFamB8r...5DYg4cNB\u001b[39m) sent to swap \u001b[32m2,742,262.582467\u001b[39m EGGLON to ~\u001b[32m0.018349474\u001b[39m WSOL for account (\u001b[35m9FHp...nbx6\u001b[39m)"}
{"level":30,"time":1745166715126,"name":"close-pool","msg":"Transaction (\u001b[33m5Qz28SzQ...zyCJCjgg\u001b[39m) confirmed: \u001b[34m\u001b]8;;https://solscan.io/tx/5Qz28SzQyxZ2QfbUPTqorc6Ro1fXDNgVHz7wG7eDLBX2CQ98GpUUPiHeTKRb1cvdLxtF15pScP65KAawzyCJCjgg?cluster=mainnet-beta\u001b\\<Transaction link>\u001b]8;;\u001b\\\u001b[39m"}
{"level":30,"time":1745166715218,"name":"close-pool","msg":"Transaction (\u001b[33m5R5tV47N...gwouj6N4\u001b[39m) sent to swap \u001b[32m197.183471\u001b[39m EGGLON to ~\u001b[32m0.000001327\u001b[39m WSOL for account (\u001b[35mGN4y...vz2f\u001b[39m)"}
{"level":30,"time":1745166715401,"name":"close-pool","msg":"Transaction (\u001b[33m5onjcXxi...fXUrRRxA\u001b[39m) confirmed: \u001b[34m\u001b]8;;https://solscan.io/tx/5onjcXxiJAJPdzxDUzKUbvQK7HtS3WvPw8Gyr3iABtPcrFhP3LiZpDv7MAjvvoBcDRpBLKDZarS8BBznfXUrRRxA?cluster=mainnet-beta\u001b\\<Transaction link>\u001b]8;;\u001b\\\u001b[39m"}
{"level":30,"time":1745166715590,"name":"close-pool","msg":"Transaction (\u001b[33m5ZEb6cFY...7YNbGv6Z\u001b[39m) confirmed: \u001b[34m\u001b]8;;https://solscan.io/tx/5ZEb6cFYP3TmjrPfR6YT94ghsZriYunj9beiQj1cxfEUTSLwWgKEBjK7jy8kBncn3QjRHRogEZ5V1c7E7YNbGv6Z?cluster=mainnet-beta\u001b\\<Transaction link>\u001b]8;;\u001b\\\u001b[39m"}
{"level":30,"time":1745166715665,"name":"close-pool","msg":"Transaction (\u001b[33m4mTbZKMx...wpDCRGAm\u001b[39m) sent to swap \u001b[32m3,752,862.268092\u001b[39m EGGLON to ~\u001b[32m0.025054941\u001b[39m WSOL for account (\u001b[35m5qqn...3PiA\u001b[39m)"}
{"level":30,"time":1745166715855,"name":"close-pool","msg":"Transaction (\u001b[33mKiJybM8n...3cB5u7DU\u001b[39m) sent to swap \u001b[32m4,354,050.267624\u001b[39m EGGLON to ~\u001b[32m0.029029529\u001b[39m WSOL for account (\u001b[35m9KPn...zPZD\u001b[39m)"}
{"level":30,"time":1745166715862,"name":"close-pool","msg":"Transaction (\u001b[33m3btbFzEX...NRM7tqgM\u001b[39m) confirmed: \u001b[34m\u001b]8;;https://solscan.io/tx/3btbFzEXQUuLExCpXjeWuL5BzyqEwwWDQAG2xWATd2fJ6VbueB9F9nEUxz4hmHDbDGUHWFP5w7KtLg6LNRM7tqgM?cluster=mainnet-beta\u001b\\<Transaction link>\u001b]8;;\u001b\\\u001b[39m"}
{"level":30,"time":1745166716054,"name":"close-pool","msg":"Transaction (\u001b[33m36Jk5ip8...oRtHve8M\u001b[39m) confirmed: \u001b[34m\u001b]8;;https://solscan.io/tx/36Jk5ip8GJ4sPFdws6NBrZM9M2ZV1Dy28ft1YDAVS6MU8cHeh3p3ScK1hN7361kfjKiE27uPPfiRMLnUoRtHve8M?cluster=mainnet-beta\u001b\\<Transaction link>\u001b]8;;\u001b\\\u001b[39m"}
{"level":30,"time":1745166716091,"name":"close-pool","msg":"Transaction (\u001b[33m4UFoCcs3...Q6tDshrb\u001b[39m) sent to swap \u001b[32m2,661,887.17995\u001b[39m EGGLON to ~\u001b[32m0.017814866\u001b[39m WSOL for account (\u001b[35mAGDp...mX4j\u001b[39m)"}
{"level":30,"time":1745166716270,"name":"close-pool","msg":"Transaction (\u001b[33m3zdJZF2z...HrJEgJg9\u001b[39m) confirmed: \u001b[34m\u001b]8;;https://solscan.io/tx/3zdJZF2ztCyNw4M5PgoAqqbz7PYyM5qYg5dMR9oDNWaUv8jram6F1y26fW6BAKkUpeM9jFsbiBhVL7uiHrJEgJg9?cluster=mainnet-beta\u001b\\<Transaction link>\u001b]8;;\u001b\\\u001b[39m"}
{"level":30,"time":1745166716314,"name":"close-pool","msg":"Transaction (\u001b[33m4XVPPqYy...FY2kWipE\u001b[39m) sent to swap \u001b[32m2,667,324.13382\u001b[39m EGGLON to ~\u001b[32m0.017851036\u001b[39m WSOL for account (\u001b[35mHWbA...U6Zv\u001b[39m)"}
{"level":30,"time":1745166716502,"name":"close-pool","msg":"Transaction (\u001b[33m64cQ7Af2...MmUfnoZ9\u001b[39m) sent to swap \u001b[32m2,783,584.966388\u001b[39m EGGLON to ~\u001b[32m0.01862425\u001b[39m WSOL for account (\u001b[35mBasj...P8Nd\u001b[39m)"}
{"level":30,"time":1745166716570,"name":"close-pool","msg":"Transaction (\u001b[33m2CktTZh3...ntAZmxLw\u001b[39m) confirmed: \u001b[34m\u001b]8;;https://solscan.io/tx/2CktTZh3LzcWBirN4iM7U3mzJYjGxJjPkvZDexCh6beWifZkYX2BEGA4R1AFeUtG2aXWJEK2P5PwxAyxntAZmxLw?cluster=mainnet-beta\u001b\\<Transaction link>\u001b]8;;\u001b\\\u001b[39m"}
{"level":30,"time":1745166716745,"name":"close-pool","msg":"Transaction (\u001b[33m4reWrjfC...nVrWPxJR\u001b[39m) sent to swap \u001b[32m654,097.581136\u001b[39m EGGLON to ~\u001b[32m0.004397411\u001b[39m WSOL for account (\u001b[35mCmjD...RVgc\u001b[39m)"}
{"level":30,"time":1745166716844,"name":"close-pool","msg":"Transaction (\u001b[33mGS4nCWxj...Gym6HVZ4\u001b[39m) confirmed: \u001b[34m\u001b]8;;https://solscan.io/tx/GS4nCWxjv6g69sYVL2vJk4LRy2HvDYcgz3F4QKW9akFHPb4T3wx6x5VkeyDYDVVkvAgB3sVFM9qxD5sGym6HVZ4?cluster=mainnet-beta\u001b\\<Transaction link>\u001b]8;;\u001b\\\u001b[39m"}
{"level":30,"time":1745166717176,"name":"close-pool","msg":"Transaction (\u001b[33m49iJmJSt...nmBCYUNp\u001b[39m) confirmed: \u001b[34m\u001b]8;;https://solscan.io/tx/49iJmJStcQ5AGvf36QfKuuPuRJBZe6XcJyst7SZnUxtJzJjLSfpu2BcUi8t2uihVHtoSupdfmapGFGxLnmBCYUNp?cluster=mainnet-beta\u001b\\<Transaction link>\u001b]8;;\u001b\\\u001b[39m"}
{"level":30,"time":1745166717416,"name":"close-pool","msg":"Transaction (\u001b[33m5XDwV5Ze...RWS4V9Lr\u001b[39m) sent to swap \u001b[32m2,661,017.172602\u001b[39m EGGLON to ~\u001b[32m0.017809079\u001b[39m WSOL for account (\u001b[35mBBM2...GrQp\u001b[39m)"}
{"level":30,"time":1745166717484,"name":"close-pool","msg":"Transaction (\u001b[33m21C1NdDP...Q8f55q79\u001b[39m) confirmed: \u001b[34m\u001b]8;;https://solscan.io/tx/21C1NdDPtMpjj9zE6KfCnh8VN2h3N39JsZQ21joVo5uHuroRTiMJBsVwnTiqsXnv2zhGHNRLQXLgAryLQ8f55q79?cluster=mainnet-beta\u001b\\<Transaction link>\u001b]8;;\u001b\\\u001b[39m"}
{"level":30,"time":1745166717644,"name":"close-pool","msg":"Transaction (\u001b[33m5Y8GMs5d...uf9vgsU2\u001b[39m) confirmed: \u001b[34m\u001b]8;;https://solscan.io/tx/5Y8GMs5dgYEUwRgSXGXdjkosbrkktZBa17q4VcmzEqmjhtShdf3S8gRaLNPc2cBkyHFneTpCkThEB5Tjuf9vgsU2?cluster=mainnet-beta\u001b\\<Transaction link>\u001b]8;;\u001b\\\u001b[39m"}
{"level":30,"time":1745166717743,"name":"close-pool","msg":"Transaction (\u001b[33m4ofoBtfc...T4JASQ9b\u001b[39m) sent to swap \u001b[32m874,405.181534\u001b[39m EGGLON to ~\u001b[32m0.005875591\u001b[39m WSOL for account (\u001b[35mGGkf...uNPB\u001b[39m)"}
{"level":30,"time":1745166717838,"name":"close-pool","msg":"Transaction (\u001b[33mXVg3oH61...AkdLhuj7\u001b[39m) confirmed: \u001b[34m\u001b]8;;https://solscan.io/tx/XVg3oH61rDPkdf2HCHCT4b945TzqYthn48NCU6j9kjGBfZXtYfPfq1WxUwjWKHVszDBVz4rB4UjkDCgAkdLhuj7?cluster=mainnet-beta\u001b\\<Transaction link>\u001b]8;;\u001b\\\u001b[39m"}
{"level":30,"time":1745166718065,"name":"close-pool","msg":"Transaction (\u001b[33m4YiQbAmf...GXhuGp4d\u001b[39m) sent to swap \u001b[32m3,551,062.264018\u001b[39m EGGLON to ~\u001b[32m0.023718396\u001b[39m WSOL for account (\u001b[35m5SYZ...mwLU\u001b[39m)"}
{"level":30,"time":1745166718065,"name":"close-pool","msg":"Transaction (\u001b[33maKpJSATH...a61a8C83\u001b[39m) sent to swap \u001b[32m1,709,641.070839\u001b[39m EGGLON to ~\u001b[32m0.0114664\u001b[39m WSOL for account (\u001b[35mAten...8Tyw\u001b[39m)"}
{"level":30,"time":1745166718092,"name":"close-pool","msg":"Transaction (\u001b[33mMXEmiBXY...nziDMKrg\u001b[39m) sent to swap \u001b[32m4,223,927.328189\u001b[39m EGGLON to ~\u001b[32m0.028170164\u001b[39m WSOL for account (\u001b[35mFKkD...sHYS\u001b[39m)"}
{"level":30,"time":1745166718160,"name":"close-pool","msg":"Transaction (\u001b[33m2Gy761WA...e6HzfDmf\u001b[39m) confirmed: \u001b[34m\u001b]8;;https://solscan.io/tx/2Gy761WAh81w1PEYMCGHBpxPxxWSuGUBgSro85jgYqka1zi2QdiXxN9ySX4jrzizNSrGwLmR9VyRG249e6HzfDmf?cluster=mainnet-beta\u001b\\<Transaction link>\u001b]8;;\u001b\\\u001b[39m"}
{"level":30,"time":1745166718290,"name":"close-pool","msg":"Transaction (\u001b[33m4cj88Ltq...DbKoGJay\u001b[39m) sent to swap \u001b[32m3,610,708.332365\u001b[39m EGGLON to ~\u001b[32m0.024113565\u001b[39m WSOL for account (\u001b[35mFkVt...zc5H\u001b[39m)"}
{"level":30,"time":1745166718372,"name":"close-pool","msg":"Transaction (\u001b[33m3HAJ24qd...KT2Q6w5n\u001b[39m) confirmed: \u001b[34m\u001b]8;;https://solscan.io/tx/3HAJ24qd8EFQNE7pahRPrSRTc1JaXq9ZyGsdvCh4r19H5shmP2DbwejK6o4UypToMzkhKgoCM9KuaTtAKT2Q6w5n?cluster=mainnet-beta\u001b\\<Transaction link>\u001b]8;;\u001b\\\u001b[39m"}
{"level":40,"time":1745166718492,"name":"close-pool","msg":"Account (\u001b[35m8Gcf...jxD2\u001b[39m) has too low amount to swap: \u001b[32m0.017004\u001b[39m EGGLON"}
{"level":30,"time":1745166718494,"name":"close-pool","msg":"Transaction (\u001b[33m2mrqmuCx...3eKSjk74\u001b[39m) sent to swap \u001b[32m1,197,595.983131\u001b[39m EGGLON to ~\u001b[32m0.008041424\u001b[39m WSOL for account (\u001b[35mF6Q2...gzSJ\u001b[39m)"}
{"level":30,"time":1745166718566,"name":"close-pool","msg":"Transaction (\u001b[33m4EyxHXf4...mLPZMX1p\u001b[39m) confirmed: \u001b[34m\u001b]8;;https://solscan.io/tx/4EyxHXf4iFNDzqHM9JN2rkbHKyZSSm6ULu4AsjtCYyEFecjgs6xxYjh4FkT4h4mXdKCMRQqavh8EJXDAmLPZMX1p?cluster=mainnet-beta\u001b\\<Transaction link>\u001b]8;;\u001b\\\u001b[39m"}
{"level":30,"time":1745166718680,"name":"close-pool","msg":"Transaction (\u001b[33m4phQUjsA...r9mJwiMu\u001b[39m) sent to swap \u001b[32m3,910,623.379091\u001b[39m EGGLON to ~\u001b[32m0.02609897\u001b[39m WSOL for account (\u001b[35mFw1X...yW4G\u001b[39m)"}
{"level":30,"time":1745166718790,"name":"close-pool","msg":"Transaction (\u001b[33m5CQurxc9...jeWPs1Ln\u001b[39m) confirmed: \u001b[34m\u001b]8;;https://solscan.io/tx/5CQurxc97wKXQ6Kn3tBrbnxrfYjkh5qu2qQrmwQdXj1tf6TwKNx2B3pR4vZWLTjzaaSptQQegfeCJFAPjeWPs1Ln?cluster=mainnet-beta\u001b\\<Transaction link>\u001b]8;;\u001b\\\u001b[39m"}
{"level":30,"time":1745166718914,"name":"close-pool","msg":"Transaction (\u001b[33mgPbyN3sx...6d24b7jH\u001b[39m) sent to swap \u001b[32m418.119618\u001b[39m EGGLON to ~\u001b[32m0.000002815\u001b[39m WSOL for account (\u001b[35m4EXJ...rfoK\u001b[39m)"}
{"level":40,"time":1745166718925,"name":"close-pool","msg":"Account (\u001b[35m2yxg...Ewvs\u001b[39m) has too low amount to swap: \u001b[32m0.023759\u001b[39m EGGLON"}
{"level":30,"time":1745166718975,"name":"close-pool","msg":"Transaction (\u001b[33m43ajXJ9x...YgxTAMev\u001b[39m) confirmed: \u001b[34m\u001b]8;;https://solscan.io/tx/43ajXJ9x9Jjzyb41RQ7D99eJAdihBFvgNgQ9HZDgQdR2DMvdaWPpQveHUTLkrw5BQt5Q6t4LWSgkAsoyYgxTAMev?cluster=mainnet-beta\u001b\\<Transaction link>\u001b]8;;\u001b\\\u001b[39m"}
{"level":30,"time":1745166719113,"name":"close-pool","msg":"Transaction (\u001b[33m2ZBAdquz...ptg9ZtbE\u001b[39m) sent to swap \u001b[32m1,218,187.646936\u001b[39m EGGLON to ~\u001b[32m0.00817931\u001b[39m WSOL for account (\u001b[35mEXqk...EWgX\u001b[39m)"}
{"level":30,"time":1745166719166,"name":"close-pool","msg":"Transaction (\u001b[33m5473MLK3...R8n7txvE\u001b[39m) confirmed: \u001b[34m\u001b]8;;https://solscan.io/tx/5473MLK34dF4NngYmo1CT4xJfQ7CL9erST92gYxzC4cYNvTSrTYnMojR13rbe4fohoWz1wUqtWXdJFEDR8n7txvE?cluster=mainnet-beta\u001b\\<Transaction link>\u001b]8;;\u001b\\\u001b[39m"}
{"level":40,"time":1745166719193,"name":"close-pool","msg":"Account (\u001b[35mAcMU...HeFt\u001b[39m) has too low amount to swap: \u001b[32m0.075034\u001b[39m EGGLON"}
{"level":30,"time":1745166719364,"name":"close-pool","msg":"Transaction (\u001b[33m3Lz7q49X...H919zyfW\u001b[39m) confirmed: \u001b[34m\u001b]8;;https://solscan.io/tx/3Lz7q49X1gFUzXbotCMwTakAg8ULNwNBwecRVvzRgwQiRhW22pbGNVbNiohK3X6WR7RR5XujWESgkgS3H919zyfW?cluster=mainnet-beta\u001b\\<Transaction link>\u001b]8;;\u001b\\\u001b[39m"}
{"level":30,"time":1745166719450,"name":"close-pool","msg":"Transaction (\u001b[33m5oDoDKaW...jgCWcRfV\u001b[39m) sent to swap \u001b[32m1,224,863.560661\u001b[39m EGGLON to ~\u001b[32m0.008224011\u001b[39m WSOL for account (\u001b[35m92Wj...UFqe\u001b[39m)"}
{"level":30,"time":1745166719671,"name":"close-pool","msg":"Transaction (\u001b[33m5kaEYXNC...ALoWLmYF\u001b[39m) sent to swap \u001b[32m800,512.363162\u001b[39m EGGLON to ~\u001b[32m0.005379962\u001b[39m WSOL for account (\u001b[35mCdUd...XmmE\u001b[39m)"}
{"level":30,"time":1745166719752,"name":"close-pool","msg":"Transaction (\u001b[33m4vuwZQG1...TovkauFF\u001b[39m) confirmed: \u001b[34m\u001b]8;;https://solscan.io/tx/4vuwZQG1kfjt7v67LTUeKD7ZLZ6dGsJTrpNmeMVtKTqonP23vcFLZdBfqM5QCQLxsMNBbAS5Xod3448TovkauFF?cluster=mainnet-beta\u001b\\<Transaction link>\u001b]8;;\u001b\\\u001b[39m"}
{"level":30,"time":1745166719840,"name":"close-pool","msg":"Transaction (\u001b[33m27evG7gB...L3Xe6wog\u001b[39m) confirmed: \u001b[34m\u001b]8;;https://solscan.io/tx/27evG7gBjcN7juGSJmiBvSGQJAMp2jRQ8ynBuJQYeUKXHCH9nVCWrvKgpM5NK3csNYhFj59STP2JfRACL3Xe6wog?cluster=mainnet-beta\u001b\\<Transaction link>\u001b]8;;\u001b\\\u001b[39m"}
{"level":30,"time":1745166719876,"name":"close-pool","msg":"Transaction (\u001b[33m44qmZQyh...2oTyaMnP\u001b[39m) sent to swap \u001b[32m3,150,772.861855\u001b[39m EGGLON to ~\u001b[32m0.021063655\u001b[39m WSOL for account (\u001b[35m7yoB...AEGA\u001b[39m)"}
{"level":30,"time":1745166720048,"name":"close-pool","msg":"Transaction (\u001b[33m4oCiMJD6...ve86MMWM\u001b[39m) sent to swap \u001b[32m2,654,975.113468\u001b[39m EGGLON to ~\u001b[32m0.017768882\u001b[39m WSOL for account (\u001b[35mArD1...sLqd\u001b[39m)"}
{"level":40,"time":1745166720080,"name":"close-pool","msg":"Account (\u001b[35mFKgW...wf4N\u001b[39m) has too low amount to swap: \u001b[32m0.017939\u001b[39m EGGLON"}
{"level":30,"time":1745166720119,"name":"close-pool","msg":"Transaction (\u001b[33m3oFamB8r...5DYg4cNB\u001b[39m) confirmed: \u001b[34m\u001b]8;;https://solscan.io/tx/3oFamB8r928EPZ99C8hqmbergDXa5RESLZoypwHQH6AGpMERjZ7PLsUYDYQ99TFjrnnHoJw5z2aoFyV15DYg4cNB?cluster=mainnet-beta\u001b\\<Transaction link>\u001b]8;;\u001b\\\u001b[39m"}
{"level":30,"time":1745166720271,"name":"close-pool","msg":"Transaction (\u001b[33m5WAweTTq...6axssqAo\u001b[39m) sent to swap \u001b[32m7,442,938.744299\u001b[39m EGGLON to ~\u001b[32m0.049283518\u001b[39m WSOL for account (\u001b[35mbDjT...U5it\u001b[39m)"}
{"level":40,"time":1745166720281,"name":"close-pool","msg":"Account (\u001b[35m4Z2e...HYPm\u001b[39m) has too low amount to swap: \u001b[32m0.000006\u001b[39m EGGLON"}
{"level":30,"time":1745166720308,"name":"close-pool","msg":"Transaction (\u001b[33m5R5tV47N...gwouj6N4\u001b[39m) confirmed: \u001b[34m\u001b]8;;https://solscan.io/tx/5R5tV47NCao9kSMRRdhwUgjn6uqfzcdyg7UWniEWb5ZCJodVDpkJ4drCB29bxz6xuRLJJLXv2dRvSiSUgwouj6N4?cluster=mainnet-beta\u001b\\<Transaction link>\u001b]8;;\u001b\\\u001b[39m"}
{"level":30,"time":1745166720723,"name":"close-pool","msg":"Transaction (\u001b[33m4NWN9JVf...WvDVPRUP\u001b[39m) sent to swap \u001b[32m6,153,936.46638\u001b[39m EGGLON to ~\u001b[32m0.040865349\u001b[39m WSOL for account (\u001b[35m98TM...EvLi\u001b[39m)"}
{"level":30,"time":1745166720829,"name":"close-pool","msg":"Transaction (\u001b[33m4mTbZKMx...wpDCRGAm\u001b[39m) confirmed: \u001b[34m\u001b]8;;https://solscan.io/tx/4mTbZKMx45qSqJD3umKdH33otJYvJ3e2La5EgVNxTFNVwXUTuyQJkpKXe4SKggEHhZ12XVVgQgTKGwS4wpDCRGAm?cluster=mainnet-beta\u001b\\<Transaction link>\u001b]8;;\u001b\\\u001b[39m"}
{"level":30,"time":1745166720991,"name":"close-pool","msg":"Transaction (\u001b[33mKiJybM8n...3cB5u7DU\u001b[39m) confirmed: \u001b[34m\u001b]8;;https://solscan.io/tx/KiJybM8nQa1KvB8eGVJwefX8cn1zYVUgEdsJqWmqH532Ams8V8QPFk3xhZjdp7NP5zWidPNTPEGxeW33cB5u7DU?cluster=mainnet-beta\u001b\\<Transaction link>\u001b]8;;\u001b\\\u001b[39m"}
{"level":30,"time":1745166721067,"name":"close-pool","msg":"Transaction (\u001b[33m3gZh4ry2...bxsWiGfS\u001b[39m) sent to swap \u001b[32m5,267,396.802315\u001b[39m EGGLON to ~\u001b[32m0.03504746\u001b[39m WSOL for account (\u001b[35m2D86...5tnA\u001b[39m)"}
{"level":30,"time":1745166721121,"name":"close-pool","msg":"Transaction (\u001b[33m4Fq5Bubu...V8qJAnC6\u001b[39m) sent to swap \u001b[32m5,466,857.280718\u001b[39m EGGLON to ~\u001b[32m0.036358419\u001b[39m WSOL for account (\u001b[35mESdV...7378\u001b[39m)"}
{"level":30,"time":1745166721291,"name":"close-pool","msg":"Transaction (\u001b[33m4UFoCcs3...Q6tDshrb\u001b[39m) confirmed: \u001b[34m\u001b]8;;https://solscan.io/tx/4UFoCcs3pLDsAd9Amq8C4YwkeT36PWprzMRKsApDjgRASLiTKWKKVEusJKdxCTpqgh2kg8jMGKK5C7RsQ6tDshrb?cluster=mainnet-beta\u001b\\<Transaction link>\u001b]8;;\u001b\\\u001b[39m"}
{"level":30,"time":1745166721462,"name":"close-pool","msg":"Transaction (\u001b[33m4XVPPqYy...FY2kWipE\u001b[39m) confirmed: \u001b[34m\u001b]8;;https://solscan.io/tx/4XVPPqYyqFqhE3E96CsogAV1eWTrur2BtNSRcZvd8Ven3PoNWJjcnXXK9rkFmKoq2TZWLBmKke2Mw8qxFY2kWipE?cluster=mainnet-beta\u001b\\<Transaction link>\u001b]8;;\u001b\\\u001b[39m"}
{"level":30,"time":1745166721666,"name":"close-pool","msg":"Transaction (\u001b[33m64cQ7Af2...MmUfnoZ9\u001b[39m) confirmed: \u001b[34m\u001b]8;;https://solscan.io/tx/64cQ7Af2n5qLep8jHheiKjJK2yE18nrKAZ4HKq7RcXJkM54hUah6Rozt2ngFoDrfZg5jrxX5bKE19XRzMmUfnoZ9?cluster=mainnet-beta\u001b\\<Transaction link>\u001b]8;;\u001b\\\u001b[39m"}
{"level":40,"time":1745166721924,"name":"close-pool","msg":"Transaction (\u001b[33m5ReLU2E1...ut2VXByd\u001b[39m) resent: Transaction (\u001b[33m5ReLU2E1...ut2VXByd\u001b[39m) failed: \u001b[34m\u001b]8;;https://solscan.io/tx/5ReLU2E1mTFKv6bzrw14QGgnnqbtZ9vjdjQuiXj94zR3F7U4Cd442PtydHPRhjcmTu7wHNtSM75N9h54ut2VXByd?cluster=mainnet-beta\u001b\\<Transaction link>\u001b]8;;\u001b\\\u001b[39m. Reason: Timeout after \u001b[32m15\u001b[39m sec"}
{"level":30,"time":1745166722076,"name":"close-pool","msg":"Transaction (\u001b[33m4reWrjfC...nVrWPxJR\u001b[39m) confirmed: \u001b[34m\u001b]8;;https://solscan.io/tx/4reWrjfCmZwxi2yvKkH3rZqoyy9HZiVWyb5XbyUp972fCs5BdjAEem7VimbwuJNzFfZrgpLmFqpUCU4tnVrWPxJR?cluster=mainnet-beta\u001b\\<Transaction link>\u001b]8;;\u001b\\\u001b[39m"}
{"level":30,"time":1745166722076,"name":"close-pool","msg":"Transaction (\u001b[33m5ReLU2E1...ut2VXByd\u001b[39m) sent to swap \u001b[32m2,187,820.463699\u001b[39m EGGLON to ~\u001b[32m0.014657738\u001b[39m WSOL for account (\u001b[35m6yLv...CEwz\u001b[39m)"}
{"level":40,"time":1745166722551,"name":"close-pool","msg":"Transaction (\u001b[33m2racYLhX...8xw381X5\u001b[39m) resent: Transaction (\u001b[33m2racYLhX...8xw381X5\u001b[39m) failed: \u001b[34m\u001b]8;;https://solscan.io/tx/2racYLhX3wqTqJTxeKUDk6wQKY7Gqn1KCENiW9HopxGGG4CBLrUoD3E2Z7bzYckYCECu4Nw1iEpDSQoN8xw381X5?cluster=mainnet-beta\u001b\\<Transaction link>\u001b]8;;\u001b\\\u001b[39m. Reason: Timeout after \u001b[32m15\u001b[39m sec"}
{"level":30,"time":1745166722617,"name":"close-pool","msg":"Transaction (\u001b[33m5XDwV5Ze...RWS4V9Lr\u001b[39m) confirmed: \u001b[34m\u001b]8;;https://solscan.io/tx/5XDwV5ZeydRcgVAe1tydXi4MxJM41xsE89xyrRFktYRV9iK4HaNWHev91rEvoNoeFUGSvjsYBZdLnY6WRWS4V9Lr?cluster=mainnet-beta\u001b\\<Transaction link>\u001b]8;;\u001b\\\u001b[39m"}
{"level":30,"time":1745166722656,"name":"close-pool","msg":"Transaction (\u001b[33m2racYLhX...8xw381X5\u001b[39m) sent to swap \u001b[32m3,629,094.830925\u001b[39m EGGLON to ~\u001b[32m0.024235358\u001b[39m WSOL for account (\u001b[35mC8fh...JjQg\u001b[39m)"}
{"level":30,"time":1745166722859,"name":"close-pool","msg":"Transaction (\u001b[33m4ofoBtfc...T4JASQ9b\u001b[39m) confirmed: \u001b[34m\u001b]8;;https://solscan.io/tx/4ofoBtfccbt2NnYeHNT3sSJto9g92NpHJmwFAnEdHHaTtjHspwDPwjXnSwFoh5RgKZkjf8ru1u5BjcN5T4JASQ9b?cluster=mainnet-beta\u001b\\<Transaction link>\u001b]8;;\u001b\\\u001b[39m"}
{"level":40,"time":1745166722946,"name":"close-pool","msg":"Transaction (\u001b[33mT9mmhiqh...aK19HeDN\u001b[39m) resent: Transaction (\u001b[33mT9mmhiqh...aK19HeDN\u001b[39m) failed: \u001b[34m\u001b]8;;https://solscan.io/tx/T9mmhiqhzSXUBazZnK7x1yNWv1rSKbRzoyPFpLLSKpvbHuxiUsMHqPLEY5SJyJcdStFrqG37C62jHDaaK19HeDN?cluster=mainnet-beta\u001b\\<Transaction link>\u001b]8;;\u001b\\\u001b[39m. Reason: Timeout after \u001b[32m15\u001b[39m sec"}
{"level":30,"time":1745166723105,"name":"close-pool","msg":"Transaction (\u001b[33mT9mmhiqh...aK19HeDN\u001b[39m) sent to swap \u001b[32m0.172099\u001b[39m EGGLON to ~\u001b[32m0.000000001\u001b[39m WSOL for account (\u001b[35m71a4...8RMN\u001b[39m)"}
{"level":30,"time":1745166723185,"name":"close-pool","msg":"Transaction (\u001b[33m4YiQbAmf...GXhuGp4d\u001b[39m) confirmed: \u001b[34m\u001b]8;;https://solscan.io/tx/4YiQbAmfCTTg9agNRJYUyUWvj8KmyhRi2WD7uZmaRMU27zU3yMqAp3Q9mmmBsmZxdzpHmvnvnLxQ2pNdGXhuGp4d?cluster=mainnet-beta\u001b\\<Transaction link>\u001b]8;;\u001b\\\u001b[39m"}
{"level":30,"time":1745166723215,"name":"close-pool","msg":"Transaction (\u001b[33maKpJSATH...a61a8C83\u001b[39m) confirmed: \u001b[34m\u001b]8;;https://solscan.io/tx/aKpJSATHGpT5AWQktYcYGK4BcqFat6zrL3fsDyfpXyf9wvHJvSSU6BtS7KFNgiNdaJA3HUzNQCne8Rza61a8C83?cluster=mainnet-beta\u001b\\<Transaction link>\u001b]8;;\u001b\\\u001b[39m"}
{"level":30,"time":1745166723215,"name":"close-pool","msg":"Transaction (\u001b[33mMXEmiBXY...nziDMKrg\u001b[39m) confirmed: \u001b[34m\u001b]8;;https://solscan.io/tx/MXEmiBXYGA3A9LB5yDh2AkcoKSfppAmGbmDM6mzfSBNPhnTPvJnc87uSp8Jy5qE1FCJrW1KrSpt4utHnziDMKrg?cluster=mainnet-beta\u001b\\<Transaction link>\u001b]8;;\u001b\\\u001b[39m"}
{"level":40,"time":1745166723341,"name":"close-pool","msg":"Transaction (\u001b[33m3KxyyCJP...gugMseg7\u001b[39m) resent: Transaction (\u001b[33m3KxyyCJP...gugMseg7\u001b[39m) failed: \u001b[34m\u001b]8;;https://solscan.io/tx/3KxyyCJPMmVbjaKPRxJyTj46ojihakqc3upmunFbSaeRQpBLLqdsY2jKU7r6ZEzeLK83BEguShieMw8ogugMseg7?cluster=mainnet-beta\u001b\\<Transaction link>\u001b]8;;\u001b\\\u001b[39m. Reason: Timeout after \u001b[32m15\u001b[39m sec"}
{"level":30,"time":1745166723423,"name":"close-pool","msg":"Transaction (\u001b[33m4cj88Ltq...DbKoGJay\u001b[39m) confirmed: \u001b[34m\u001b]8;;https://solscan.io/tx/4cj88LtqTL1jwUN9wk6gVY6gbP44ppFKFGQQQrUGFH9QWWYdsibdnMMQWx6EACX99iGUCkX3QfxFZYT8DbKoGJay?cluster=mainnet-beta\u001b\\<Transaction link>\u001b]8;;\u001b\\\u001b[39m"}
{"level":30,"time":1745166723523,"name":"close-pool","msg":"Transaction (\u001b[33m3KxyyCJP...gugMseg7\u001b[39m) sent to swap \u001b[32m114.244879\u001b[39m EGGLON to ~\u001b[32m0.000000769\u001b[39m WSOL for account (\u001b[35mBvdM...dCAJ\u001b[39m)"}
{"level":40,"time":1745166723557,"name":"close-pool","msg":"Transaction (\u001b[33mKWG9nuWg...jVmnf4sA\u001b[39m) resent: Transaction (\u001b[33mKWG9nuWg...jVmnf4sA\u001b[39m) failed: \u001b[34m\u001b]8;;https://solscan.io/tx/KWG9nuWggu5x4YQEELrCsPJnFG78cksUJVEhThyvj9t1wyKhdzEt9rQjx3pyfgRr2TePZGzFL6w8QH1jVmnf4sA?cluster=mainnet-beta\u001b\\<Transaction link>\u001b]8;;\u001b\\\u001b[39m. Reason: Timeout after \u001b[32m15\u001b[39m sec"}
{"level":30,"time":1745166723625,"name":"close-pool","msg":"Transaction (\u001b[33m2mrqmuCx...3eKSjk74\u001b[39m) confirmed: \u001b[34m\u001b]8;;https://solscan.io/tx/2mrqmuCxTr3pdmh7k2cEJEVZRKNBa4yD96LY6ux8eNAm9vUgqbSNqtFUEdnif5tvsXthoRJXssrYmN6H3eKSjk74?cluster=mainnet-beta\u001b\\<Transaction link>\u001b]8;;\u001b\\\u001b[39m"}
{"level":30,"time":1745166723678,"name":"close-pool","msg":"Transaction (\u001b[33mKWG9nuWg...jVmnf4sA\u001b[39m) sent to swap \u001b[32m3,063,319.694013\u001b[39m EGGLON to ~\u001b[32m0.020483026\u001b[39m WSOL for account (\u001b[35m23XR...awTB\u001b[39m)"}
{"level":30,"time":1745166723799,"name":"close-pool","msg":"Transaction (\u001b[33m4phQUjsA...r9mJwiMu\u001b[39m) confirmed: \u001b[34m\u001b]8;;https://solscan.io/tx/4phQUjsAv33MM96t9VBKdfRXM4QDvAMV8AFsKPngtsRpZZeALKzQv92VQnqrF3EgZtwaesSt5T8GNEM5r9mJwiMu?cluster=mainnet-beta\u001b\\<Transaction link>\u001b]8;;\u001b\\\u001b[39m"}
{"level":40,"time":1745166723845,"name":"close-pool","msg":"Transaction (\u001b[33m3gNemeGm...gcLAY8Vr\u001b[39m) resent: Transaction (\u001b[33m3gNemeGm...gcLAY8Vr\u001b[39m) failed: \u001b[34m\u001b]8;;https://solscan.io/tx/3gNemeGmakroBo9NiEPhVVuW2f2LSirLT4Kcg9B8iJbD9ngQqrygamFcRoGzZbXcpeDZ1eUsruVikJJWgcLAY8Vr?cluster=mainnet-beta\u001b\\<Transaction link>\u001b]8;;\u001b\\\u001b[39m. Reason: Timeout after \u001b[32m15\u001b[39m sec"}
{"level":30,"time":1745166724035,"name":"close-pool","msg":"Transaction (\u001b[33m3gNemeGm...gcLAY8Vr\u001b[39m) sent to swap \u001b[32m1,748,283.492714\u001b[39m EGGLON to ~\u001b[32m0.011724552\u001b[39m WSOL for account (\u001b[35mEk8n...4STr\u001b[39m)"}
{"level":30,"time":1745166724036,"name":"close-pool","msg":"Transaction (\u001b[33mgPbyN3sx...6d24b7jH\u001b[39m) confirmed: \u001b[34m\u001b]8;;https://solscan.io/tx/gPbyN3sxJzMYmAz9MzvfVKfDG9XikWUEAE9taSmP9Fep4VvLKRrpAKa2uG76Sd3vBhK4yBGg2XRqCSm6d24b7jH?cluster=mainnet-beta\u001b\\<Transaction link>\u001b]8;;\u001b\\\u001b[39m"}
{"level":40,"time":1745166724085,"name":"close-pool","msg":"Transaction (\u001b[33m5sPGkd6h...EL3Rjc3X\u001b[39m) resent: Transaction (\u001b[33m5sPGkd6h...EL3Rjc3X\u001b[39m) failed: \u001b[34m\u001b]8;;https://solscan.io/tx/5sPGkd6hbA45Xv1UgtMimz5LxpCtQds65wXGDic2gxQVuLmmUm1uqrDNT6XzVxxnxvZMjGiJnCW3P4wGEL3Rjc3X?cluster=mainnet-beta\u001b\\<Transaction link>\u001b]8;;\u001b\\\u001b[39m. Reason: Timeout after \u001b[32m15\u001b[39m sec"}
{"level":30,"time":1745166724179,"name":"close-pool","msg":"Transaction (\u001b[33m5sPGkd6h...EL3Rjc3X\u001b[39m) sent to swap \u001b[32m2,471,480.06221\u001b[39m EGGLON to ~\u001b[32m0.016547625\u001b[39m WSOL for account (\u001b[35mE6og...Nh3N\u001b[39m)"}
{"level":40,"time":1745166724291,"name":"close-pool","msg":"Transaction (\u001b[33m4HQnsHt3...5vFhXRR3\u001b[39m) resent: Transaction (\u001b[33m4HQnsHt3...5vFhXRR3\u001b[39m) failed: \u001b[34m\u001b]8;;https://solscan.io/tx/4HQnsHt3sbbmaj6kZ3A3rhg2mW26jJURzaUWTHRGCrdqWkhEPzSjANzsW2w5ueWPnJ5DDBxCpxzXcVfy5vFhXRR3?cluster=mainnet-beta\u001b\\<Transaction link>\u001b]8;;\u001b\\\u001b[39m. Reason: Timeout after \u001b[32m15\u001b[39m sec"}
{"level":30,"time":1745166724303,"name":"close-pool","msg":"Transaction (\u001b[33m2ZBAdquz...ptg9ZtbE\u001b[39m) confirmed: \u001b[34m\u001b]8;;https://solscan.io/tx/2ZBAdquzqfWh4bFCWR3SMjPWvM9fJCY9pckpTAGhxUpvjiznPDDN3aP4Y4yLnDAywN8A9MPsqpCmjhPYptg9ZtbE?cluster=mainnet-beta\u001b\\<Transaction link>\u001b]8;;\u001b\\\u001b[39m"}
{"level":30,"time":1745166724567,"name":"close-pool","msg":"Transaction (\u001b[33m5oDoDKaW...jgCWcRfV\u001b[39m) confirmed: \u001b[34m\u001b]8;;https://solscan.io/tx/5oDoDKaWkib24QhhtrQwX4PMbtbTbaPJv8ruFYLucQYqSv3ZDb4zB7S8Un1QZf7D6NaQMhKHCPWqr2ZqjgCWcRfV?cluster=mainnet-beta\u001b\\<Transaction link>\u001b]8;;\u001b\\\u001b[39m"}
{"level":40,"time":1745166724583,"name":"close-pool","msg":"Transaction (\u001b[33m2WmBDuns...5jvknKKK\u001b[39m) resent: Transaction (\u001b[33m2WmBDuns...5jvknKKK\u001b[39m) failed: \u001b[34m\u001b]8;;https://solscan.io/tx/2WmBDunswySk7akdSBBBDqTAkCb5HpSRaySCRTNEmJkMEnZThQMNW8o1p3sZs3ZUgDMdGRVXRGHDgox95jvknKKK?cluster=mainnet-beta\u001b\\<Transaction link>\u001b]8;;\u001b\\\u001b[39m. Reason: Timeout after \u001b[32m15\u001b[39m sec"}
{"level":30,"time":1745166724685,"name":"close-pool","msg":"Transaction (\u001b[33m2WmBDuns...5jvknKKK\u001b[39m) sent to swap \u001b[32m758,003.578094\u001b[39m EGGLON to ~\u001b[32m0.005094763\u001b[39m WSOL for account (\u001b[35mHmd4...1nr4\u001b[39m)"}
{"level":30,"time":1745166724776,"name":"close-pool","msg":"Transaction (\u001b[33m5kaEYXNC...ALoWLmYF\u001b[39m) confirmed: \u001b[34m\u001b]8;;https://solscan.io/tx/5kaEYXNCT31NFe8ff9X5TGTBKXnVyzKtTAbM6xxtTtF8Fr4jurKG48DoCh9vK1f3mUVwPFyQXniGQakdALoWLmYF?cluster=mainnet-beta\u001b\\<Transaction link>\u001b]8;;\u001b\\\u001b[39m"}
{"level":30,"time":1745166724797,"name":"close-pool","msg":"Transaction (\u001b[33m4HQnsHt3...5vFhXRR3\u001b[39m) sent to swap \u001b[32m1,248,064.277405\u001b[39m EGGLON to ~\u001b[32m0.008379348\u001b[39m WSOL for account (\u001b[35m7AUc...p94A\u001b[39m)"}
{"level":30,"time":1745166725360,"name":"close-pool","msg":"Transaction (\u001b[33m5WAweTTq...6axssqAo\u001b[39m) confirmed: \u001b[34m\u001b]8;;https://solscan.io/tx/5WAweTTqGbg1qYCy8hVpr7PG4N7ED7Ls7KNyWQ1FjEGSvdL1dGuSZ6uJemnLhpZXo3UoNrEN27fJPNHW6axssqAo?cluster=mainnet-beta\u001b\\<Transaction link>\u001b]8;;\u001b\\\u001b[39m"}
{"level":30,"time":1745166725480,"name":"close-pool","msg":"Transaction (\u001b[33m44qmZQyh...2oTyaMnP\u001b[39m) confirmed: \u001b[34m\u001b]8;;https://solscan.io/tx/44qmZQyhJMXv42gXpgLm6Po32gGRRe81jaJGKnY4acLtHuPe9qSLvyPCzaHqid2ohezo4MXA4Bc3xx352oTyaMnP?cluster=mainnet-beta\u001b\\<Transaction link>\u001b]8;;\u001b\\\u001b[39m"}
{"level":30,"time":1745166725480,"name":"close-pool","msg":"Transaction (\u001b[33m4oCiMJD6...ve86MMWM\u001b[39m) confirmed: \u001b[34m\u001b]8;;https://solscan.io/tx/4oCiMJD6EPrjX7qBwoNMJhRJQSJfQi5dpjRi9d42NoMrUpD1dxxmAbGPgdfeHUbtqpDctxJmvDse589eve86MMWM?cluster=mainnet-beta\u001b\\<Transaction link>\u001b]8;;\u001b\\\u001b[39m"}
{"level":30,"time":1745166725820,"name":"close-pool","msg":"Transaction (\u001b[33m4NWN9JVf...WvDVPRUP\u001b[39m) confirmed: \u001b[34m\u001b]8;;https://solscan.io/tx/4NWN9JVfq4UcUfdbGf41k68vScpPTzMy4M7x2Go2ibZgF3rjzhPcu34ZmYhi1gveX7s36yWwv1uMiYSVWvDVPRUP?cluster=mainnet-beta\u001b\\<Transaction link>\u001b]8;;\u001b\\\u001b[39m"}
{"level":30,"time":1745166726168,"name":"close-pool","msg":"Transaction (\u001b[33m3gZh4ry2...bxsWiGfS\u001b[39m) confirmed: \u001b[34m\u001b]8;;https://solscan.io/tx/3gZh4ry27Mno1r8XubW8yR2jWQRcyhUiKB8nfD15QBsNUhHzJrvsYLTaDiB6H4XmunyzPMnDNHEd8n6KbxsWiGfS?cluster=mainnet-beta\u001b\\<Transaction link>\u001b]8;;\u001b\\\u001b[39m"}
{"level":30,"time":1745166726467,"name":"close-pool","msg":"Transaction (\u001b[33m4Fq5Bubu...V8qJAnC6\u001b[39m) confirmed: \u001b[34m\u001b]8;;https://solscan.io/tx/4Fq5Bubu2eLAvUiHjxqiFEuVjsjjh59aWNvnFT1WzNAKvFgkM4Cu9e2LzFJ59AhozhLoZ2RV6Moy5euhV8qJAnC6?cluster=mainnet-beta\u001b\\<Transaction link>\u001b]8;;\u001b\\\u001b[39m"}
{"level":30,"time":1745166727178,"name":"close-pool","msg":"Transaction (\u001b[33m5ReLU2E1...ut2VXByd\u001b[39m) confirmed: \u001b[34m\u001b]8;;https://solscan.io/tx/5ReLU2E1mTFKv6bzrw14QGgnnqbtZ9vjdjQuiXj94zR3F7U4Cd442PtydHPRhjcmTu7wHNtSM75N9h54ut2VXByd?cluster=mainnet-beta\u001b\\<Transaction link>\u001b]8;;\u001b\\\u001b[39m"}
{"level":30,"time":1745166727792,"name":"close-pool","msg":"Transaction (\u001b[33m2racYLhX...8xw381X5\u001b[39m) confirmed: \u001b[34m\u001b]8;;https://solscan.io/tx/2racYLhX3wqTqJTxeKUDk6wQKY7Gqn1KCENiW9HopxGGG4CBLrUoD3E2Z7bzYckYCECu4Nw1iEpDSQoN8xw381X5?cluster=mainnet-beta\u001b\\<Transaction link>\u001b]8;;\u001b\\\u001b[39m"}
{"level":60,"time":1745166728282,"name":"close-pool","msg":"\u001b[31mFailedTransactionError: Transaction (\u001b[33mT9mmhiqh...aK19HeDN\u001b[39m\u001b[31m) failed: \u001b[34m\u001b]8;;https://solscan.io/tx/T9mmhiqhzSXUBazZnK7x1yNWv1rSKbRzoyPFpLLSKpvbHuxiUsMHqPLEY5SJyJcdStFrqG37C62jHDaaK19HeDN?cluster=mainnet-beta\u001b\\<Transaction link>\u001b]8;;\u001b\\\u001b[39m\u001b[31m. Reason: Error processing Instruction 4. Details: {\"Custom\":2505}\u001b[39m\n\u001b[31m    at Timeout.<anonymous> (/home/serge/Workspace/evercoinx/meme-tools/src/helpers/network.ts:347:21)\u001b[39m\n\u001b[31m    at processTicksAndRejections (node:internal/process/task_queues:105:5)\u001b[39m"}
