{"level":40,"time":1745166762191,"name":"close-pool","msg":"Sniper (\u001b[35m3P52...ZLzR\u001b[39m) has insufficient balance on ATA (\u001b[35mGndB...RWa1\u001b[39m): \u001b[32m0\u001b[39m EGGLON"}
{"level":40,"time":1745166762307,"name":"close-pool","msg":"Sniper (\u001b[35m54wQ...2zVo\u001b[39m) has insufficient balance on ATA (\u001b[35mH8Kb...z4bC\u001b[39m): \u001b[32m0\u001b[39m EGGLON"}
{"level":40,"time":1745166762411,"name":"close-pool","msg":"Sniper (\u001b[35mHhKt...E58t\u001b[39m) has insufficient balance on ATA (\u001b[35m7TWo...CJmV\u001b[39m): \u001b[32m0\u001b[39m EGGLON"}
{"level":40,"time":1745166762503,"name":"close-pool","msg":"Sniper (\u001b[35mAQ7c...QcyB\u001b[39m) has insufficient balance on ATA (\u001b[35m14BN...GtBG\u001b[39m): \u001b[32m0\u001b[39m EGGLON"}
{"level":40,"time":1745166762596,"name":"close-pool","msg":"Sniper (\u001b[35mDVL9...BPGA\u001b[39m) has insufficient balance on ATA (\u001b[35m5W9K...MeCK\u001b[39m): \u001b[32m0\u001b[39m EGGLON"}
{"level":40,"time":1745166762717,"name":"close-pool","msg":"Sniper (\u001b[35mGESz...keAt\u001b[39m) has insufficient balance on ATA (\u001b[35mBfid...UK9a\u001b[39m): \u001b[32m0\u001b[39m EGGLON"}
{"level":40,"time":1745166762829,"name":"close-pool","msg":"Sniper (\u001b[35mEoWx...2VeN\u001b[39m) has insufficient balance on ATA (\u001b[35m3cjV...HFNx\u001b[39m): \u001b[32m0\u001b[39m EGGLON"}
{"level":40,"time":1745166762921,"name":"close-pool","msg":"Sniper (\u001b[35mAaP8...eJc2\u001b[39m) has insufficient balance on ATA (\u001b[35mCQum...T6za\u001b[39m): \u001b[32m0\u001b[39m EGGLON"}
{"level":40,"time":1745166763053,"name":"close-pool","msg":"Sniper (\u001b[35m6Xnt...UHNa\u001b[39m) has insufficient balance on ATA (\u001b[35mFD4U...EwbV\u001b[39m): \u001b[32m0\u001b[39m EGGLON"}
{"level":40,"time":1745166763158,"name":"close-pool","msg":"Sniper (\u001b[35mHZgm...cb8Q\u001b[39m) has insufficient balance on ATA (\u001b[35mBk99...QTqV\u001b[39m): \u001b[32m0\u001b[39m EGGLON"}
{"level":40,"time":1745166763246,"name":"close-pool","msg":"Sniper (\u001b[35m7ita...cbeC\u001b[39m) has insufficient balance on ATA (\u001b[35m6xRf...jKLG\u001b[39m): \u001b[32m0\u001b[39m EGGLON"}
{"level":40,"time":1745166763357,"name":"close-pool","msg":"Sniper (\u001b[35m88dk...J1uN\u001b[39m) has insufficient balance on ATA (\u001b[35mCfv1...ATas\u001b[39m): \u001b[32m0\u001b[39m EGGLON"}
{"level":40,"time":1745166763460,"name":"close-pool","msg":"Sniper (\u001b[35mB22E...itZJ\u001b[39m) has insufficient balance on ATA (\u001b[35mEYfW...vLew\u001b[39m): \u001b[32m0\u001b[39m EGGLON"}
{"level":40,"time":1745166763556,"name":"close-pool","msg":"Sniper (\u001b[35m2eGT...XJRD\u001b[39m) has insufficient balance on ATA (\u001b[35mHyTb...2tr8\u001b[39m): \u001b[32m0\u001b[39m EGGLON"}
{"level":40,"time":1745166763656,"name":"close-pool","msg":"Sniper (\u001b[35m6Bvc...xDAr\u001b[39m) has insufficient balance on ATA (\u001b[35mD9GZ...ydwA\u001b[39m): \u001b[32m0\u001b[39m EGGLON"}
{"level":40,"time":1745166763756,"name":"close-pool","msg":"Sniper (\u001b[35m338w...4rTf\u001b[39m) has insufficient balance on ATA (\u001b[35m5qd6...CQcU\u001b[39m): \u001b[32m0\u001b[39m EGGLON"}
{"level":40,"time":1745166763858,"name":"close-pool","msg":"Sniper (\u001b[35m7DaL...gwqp\u001b[39m) has insufficient balance on ATA (\u001b[35mE5gE...ca7z\u001b[39m): \u001b[32m0\u001b[39m EGGLON"}
{"level":40,"time":1745166764119,"name":"close-pool","msg":"Sniper (\u001b[35m91hL...F5b4\u001b[39m) has insufficient balance on ATA (\u001b[35mDmpg...rsPA\u001b[39m): \u001b[32m0\u001b[39m EGGLON"}
{"level":40,"time":1745166764243,"name":"close-pool","msg":"Sniper (\u001b[35mFfam...gs15\u001b[39m) has insufficient balance on ATA (\u001b[35mErge...Mn9C\u001b[39m): \u001b[32m0\u001b[39m EGGLON"}
{"level":40,"time":1745166764354,"name":"close-pool","msg":"Sniper (\u001b[35mAtSh...bHnE\u001b[39m) has insufficient balance on ATA (\u001b[35m9rYM...ffjX\u001b[39m): \u001b[32m0\u001b[39m EGGLON"}
{"level":40,"time":1745166764453,"name":"close-pool","msg":"Sniper (\u001b[35mAca6...JFNV\u001b[39m) has insufficient balance on ATA (\u001b[35mF2ok...GaMn\u001b[39m): \u001b[32m0\u001b[39m EGGLON"}
{"level":40,"time":1745166764547,"name":"close-pool","msg":"Sniper (\u001b[35mCtLR...Lo1s\u001b[39m) has insufficient balance on ATA (\u001b[35mB2tP...5CNJ\u001b[39m): \u001b[32m0\u001b[39m EGGLON"}
{"level":40,"time":1745166764639,"name":"close-pool","msg":"Sniper (\u001b[35m4knG...ny4q\u001b[39m) has insufficient balance on ATA (\u001b[35m9oeZ...u8xJ\u001b[39m): \u001b[32m0\u001b[39m EGGLON"}
{"level":40,"time":1745166764739,"name":"close-pool","msg":"Sniper (\u001b[35mGHZ3...3ZiT\u001b[39m) has insufficient balance on ATA (\u001b[35mHjBs...b4ST\u001b[39m): \u001b[32m0\u001b[39m EGGLON"}
{"level":40,"time":1745166764833,"name":"close-pool","msg":"Sniper (\u001b[35mVzhN...3PUT\u001b[39m) has insufficient balance on ATA (\u001b[35m5Hwz...rHZC\u001b[39m): \u001b[32m0\u001b[39m EGGLON"}
{"level":40,"time":1745166764924,"name":"close-pool","msg":"Sniper (\u001b[35mFXTD...5dFa\u001b[39m) has insufficient balance on ATA (\u001b[35mGc6s...DXTL\u001b[39m): \u001b[32m0\u001b[39m EGGLON"}
{"level":40,"time":1745166765023,"name":"close-pool","msg":"Sniper (\u001b[35mBSzx...J52H\u001b[39m) has insufficient balance on ATA (\u001b[35mGqEd...ezsm\u001b[39m): \u001b[32m0\u001b[39m EGGLON"}
{"level":40,"time":1745166765110,"name":"close-pool","msg":"Sniper (\u001b[35mCNDU...nWoZ\u001b[39m) has insufficient balance on ATA (\u001b[35mBtL2...VVKo\u001b[39m): \u001b[32m0\u001b[39m EGGLON"}
{"level":40,"time":1745166765221,"name":"close-pool","msg":"Sniper (\u001b[35m6Rgn...X9MC\u001b[39m) has insufficient balance on ATA (\u001b[35mCdVq...pzxn\u001b[39m): \u001b[32m0\u001b[39m EGGLON"}
{"level":40,"time":1745166765343,"name":"close-pool","msg":"Sniper (\u001b[35mGM8J...SYYX\u001b[39m) has insufficient balance on ATA (\u001b[35m2Jvo...4vAW\u001b[39m): \u001b[32m0\u001b[39m EGGLON"}
{"level":40,"time":1745166765697,"name":"close-pool","msg":"Sniper (\u001b[35m7j6r...HAC8\u001b[39m) has insufficient balance on ATA (\u001b[35mB6Bj...TsuS\u001b[39m): \u001b[32m0\u001b[39m EGGLON"}
{"level":40,"time":1745166765791,"name":"close-pool","msg":"Sniper (\u001b[35m9RNy...JDag\u001b[39m) has insufficient balance on ATA (\u001b[35m7Yoj...HKbg\u001b[39m): \u001b[32m0\u001b[39m EGGLON"}
{"level":40,"time":1745166765895,"name":"close-pool","msg":"Sniper (\u001b[35mHYen...YUZS\u001b[39m) has insufficient balance on ATA (\u001b[35m9nfn...991v\u001b[39m): \u001b[32m0\u001b[39m EGGLON"}
{"level":40,"time":1745166766044,"name":"close-pool","msg":"Sniper (\u001b[35m9GV9...aNmg\u001b[39m) has insufficient balance on ATA (\u001b[35mCLxu...8ALa\u001b[39m): \u001b[32m0\u001b[39m EGGLON"}
{"level":40,"time":1745166766174,"name":"close-pool","msg":"Sniper (\u001b[35mKZ1p...spGm\u001b[39m) has insufficient balance on ATA (\u001b[35m5LZG...HyRn\u001b[39m): \u001b[32m0\u001b[39m EGGLON"}
{"level":40,"time":1745166766316,"name":"close-pool","msg":"Sniper (\u001b[35mDpuq...a3K3\u001b[39m) has insufficient balance on ATA (\u001b[35m8DhV...oHVC\u001b[39m): \u001b[32m0\u001b[39m EGGLON"}
{"level":40,"time":1745166766518,"name":"close-pool","msg":"Sniper (\u001b[35m6QDF...oT9Q\u001b[39m) has insufficient balance on ATA (\u001b[35m5JSN...ZuEY\u001b[39m): \u001b[32m0\u001b[39m EGGLON"}
{"level":40,"time":1745166766723,"name":"close-pool","msg":"Sniper (\u001b[35mDvFz...dhgb\u001b[39m) has insufficient balance on ATA (\u001b[35mcZvj...fiPh\u001b[39m): \u001b[32m0\u001b[39m EGGLON"}
{"level":40,"time":1745166766929,"name":"close-pool","msg":"Sniper (\u001b[35m6gaa...Aro5\u001b[39m) has insufficient balance on ATA (\u001b[35mD42s...Lgv3\u001b[39m): \u001b[32m0\u001b[39m EGGLON"}
{"level":40,"time":1745166767133,"name":"close-pool","msg":"Sniper (\u001b[35m7nQS...r3Dy\u001b[39m) has insufficient balance on ATA (\u001b[35m2Wpb...sh4M\u001b[39m): \u001b[32m0\u001b[39m EGGLON"}
{"level":40,"time":1745166767338,"name":"close-pool","msg":"Sniper (\u001b[35m7PRs...Phrw\u001b[39m) has insufficient balance on ATA (\u001b[35m4mrH...Rn5Z\u001b[39m): \u001b[32m0\u001b[39m EGGLON"}
{"level":40,"time":1745166767543,"name":"close-pool","msg":"Sniper (\u001b[35m64ZQ...RWLZ\u001b[39m) has insufficient balance on ATA (\u001b[35m8SqZ...2dXY\u001b[39m): \u001b[32m0\u001b[39m EGGLON"}
{"level":40,"time":1745166767657,"name":"close-pool","msg":"Dev (\u001b[35mDeuc...hWMV\u001b[39m) has insufficient balance on ATA (\u001b[35mHNoB...maua\u001b[39m): \u001b[32m0\u001b[39m EGGLON"}
{"level":40,"time":1745166767774,"name":"close-pool","msg":"Trader (\u001b[35mEccL...tQcx\u001b[39m) has insufficient balance on ATA (\u001b[35m7rhz...EEjR\u001b[39m): \u001b[32m0\u001b[39m EGGLON"}
{"level":40,"time":1745166767925,"name":"close-pool","msg":"Trader (\u001b[35m3qus...gGwz\u001b[39m) has insufficient balance on ATA (\u001b[35mACqP...ZYhP\u001b[39m): \u001b[32m0\u001b[39m EGGLON"}
{"level":40,"time":1745166768037,"name":"close-pool","msg":"Trader (\u001b[35m7Srh...nvrC\u001b[39m) has insufficient balance on ATA (\u001b[35mHtyQ...3B2P\u001b[39m): \u001b[32m0\u001b[39m EGGLON"}
{"level":40,"time":1745166768175,"name":"close-pool","msg":"Trader (\u001b[35mBYX7...VS3h\u001b[39m) has insufficient balance on ATA (\u001b[35m21NW...h6uK\u001b[39m): \u001b[32m0\u001b[39m EGGLON"}
{"level":40,"time":1745166768276,"name":"close-pool","msg":"Trader (\u001b[35m37vg...RDCz\u001b[39m) has insufficient balance on ATA (\u001b[35mBcXX...ZBiz\u001b[39m): \u001b[32m0\u001b[39m EGGLON"}
{"level":40,"time":1745166768380,"name":"close-pool","msg":"Trader (\u001b[35mH8cc...uU24\u001b[39m) has insufficient balance on ATA (\u001b[35mGft3...X6hX\u001b[39m): \u001b[32m0\u001b[39m EGGLON"}
{"level":40,"time":1745166768482,"name":"close-pool","msg":"Trader (\u001b[35m3bGh...E8LY\u001b[39m) has insufficient balance on ATA (\u001b[35m5Kio...weJU\u001b[39m): \u001b[32m0\u001b[39m EGGLON"}
{"level":40,"time":1745166768687,"name":"close-pool","msg":"Trader (\u001b[35m2rp1...Q33H\u001b[39m) has insufficient balance on ATA (\u001b[35m8NZU...cN7Z\u001b[39m): \u001b[32m0\u001b[39m EGGLON"}
{"level":40,"time":1745166768815,"name":"close-pool","msg":"Trader (\u001b[35mDE8v...P8UZ\u001b[39m) has insufficient balance on ATA (\u001b[35mDC1q...Dvhc\u001b[39m): \u001b[32m0\u001b[39m EGGLON"}
{"level":40,"time":1745166768941,"name":"close-pool","msg":"Trader (\u001b[35mHuXm...q1z6\u001b[39m) has insufficient balance on ATA (\u001b[35mGhaZ...JGf4\u001b[39m): \u001b[32m0\u001b[39m EGGLON"}
{"level":40,"time":1745166769042,"name":"close-pool","msg":"Trader (\u001b[35mDPc3...bkGa\u001b[39m) has insufficient balance on ATA (\u001b[35m4794...kzJS\u001b[39m): \u001b[32m0\u001b[39m EGGLON"}
{"level":40,"time":1745166769144,"name":"close-pool","msg":"Trader (\u001b[35m3kge...asxb\u001b[39m) has insufficient balance on ATA (\u001b[35mH5mm...AnDF\u001b[39m): \u001b[32m0\u001b[39m EGGLON"}
{"level":40,"time":1745166769258,"name":"close-pool","msg":"Trader (\u001b[35m7bBd...o2Mq\u001b[39m) has insufficient balance on ATA (\u001b[35m6wTc...2Uc9\u001b[39m): \u001b[32m0\u001b[39m EGGLON"}
{"level":40,"time":1745166769463,"name":"close-pool","msg":"Trader (\u001b[35m2tvv...r14a\u001b[39m) has insufficient balance on ATA (\u001b[35m4BPF...aHP6\u001b[39m): \u001b[32m0\u001b[39m EGGLON"}
{"level":40,"time":1745166769559,"name":"close-pool","msg":"Trader (\u001b[35m2bWk...xKdU\u001b[39m) has insufficient balance on ATA (\u001b[35mCkdQ...SxoT\u001b[39m): \u001b[32m0\u001b[39m EGGLON"}
{"level":40,"time":1745166769862,"name":"close-pool","msg":"Trader (\u001b[35m6quq...8Ngi\u001b[39m) has insufficient balance on ATA (\u001b[35mEiLU...KDDg\u001b[39m): \u001b[32m0\u001b[39m EGGLON"}
{"level":40,"time":1745166770089,"name":"close-pool","msg":"Trader (\u001b[35mJDwE...5TW9\u001b[39m) has insufficient balance on ATA (\u001b[35mEh1C...65w8\u001b[39m): \u001b[32m0\u001b[39m EGGLON"}
{"level":40,"time":1745166770193,"name":"close-pool","msg":"Trader (\u001b[35mBL8d...koJQ\u001b[39m) has insufficient balance on ATA (\u001b[35mBDq8...vJc4\u001b[39m): \u001b[32m0\u001b[39m EGGLON"}
{"level":40,"time":1745166770285,"name":"close-pool","msg":"Trader (\u001b[35mK2Eb...to46\u001b[39m) has insufficient balance on ATA (\u001b[35m44Uj...i72e\u001b[39m): \u001b[32m0\u001b[39m EGGLON"}
{"level":40,"time":1745166770393,"name":"close-pool","msg":"Trader (\u001b[35mCn8c...PgNg\u001b[39m) has insufficient balance on ATA (\u001b[35mEgFt...pt4Q\u001b[39m): \u001b[32m0\u001b[39m EGGLON"}
{"level":40,"time":1745166770487,"name":"close-pool","msg":"Trader (\u001b[35m68r7...CHFg\u001b[39m) has insufficient balance on ATA (\u001b[35m6sfi...WwwY\u001b[39m): \u001b[32m0\u001b[39m EGGLON"}
{"level":40,"time":1745166770596,"name":"close-pool","msg":"Trader (\u001b[35m38fH...Yv3v\u001b[39m) has insufficient balance on ATA (\u001b[35m4Yab...9Dzn\u001b[39m): \u001b[32m0\u001b[39m EGGLON"}
{"level":40,"time":1745166770687,"name":"close-pool","msg":"Trader (\u001b[35mCpgA...wzAA\u001b[39m) has insufficient balance on ATA (\u001b[35mDeB1...zr7j\u001b[39m): \u001b[32m0\u001b[39m EGGLON"}
{"level":40,"time":1745166770779,"name":"close-pool","msg":"Trader (\u001b[35mHR6r...Zcov\u001b[39m) has insufficient balance on ATA (\u001b[35m3CHU...ri2z\u001b[39m): \u001b[32m0\u001b[39m EGGLON"}
{"level":40,"time":1745166770877,"name":"close-pool","msg":"Trader (\u001b[35m6dX9...eG8s\u001b[39m) has insufficient balance on ATA (\u001b[35mJCzY...A6yJ\u001b[39m): \u001b[32m0\u001b[39m EGGLON"}
{"level":40,"time":1745166770980,"name":"close-pool","msg":"Trader (\u001b[35mESbf...KfjS\u001b[39m) has insufficient balance on ATA (\u001b[35mFonj...j6Ri\u001b[39m): \u001b[32m0\u001b[39m EGGLON"}
{"level":40,"time":1745166771073,"name":"close-pool","msg":"Trader (\u001b[35mAs1u...XK3D\u001b[39m) has insufficient balance on ATA (\u001b[35mHL7y...RTw6\u001b[39m): \u001b[32m0\u001b[39m EGGLON"}
{"level":40,"time":1745166771188,"name":"close-pool","msg":"Trader (\u001b[35m2XVU...XSs5\u001b[39m) has insufficient balance on ATA (\u001b[35mEp4A...YJ1h\u001b[39m): \u001b[32m0\u001b[39m EGGLON"}
{"level":40,"time":1745166771279,"name":"close-pool","msg":"Trader (\u001b[35mHKKQ...C6ZB\u001b[39m) has insufficient balance on ATA (\u001b[35m3nyK...6UVZ\u001b[39m): \u001b[32m0\u001b[39m EGGLON"}
{"level":40,"time":1745166771381,"name":"close-pool","msg":"Trader (\u001b[35mAyHe...E9GJ\u001b[39m) has insufficient balance on ATA (\u001b[35m7PdV...Ct6T\u001b[39m): \u001b[32m0\u001b[39m EGGLON"}
{"level":40,"time":1745166771576,"name":"close-pool","msg":"Trader (\u001b[35mFpgH...66bB\u001b[39m) has insufficient balance on ATA (\u001b[35mCLUA...31xT\u001b[39m): \u001b[32m0\u001b[39m EGGLON"}
{"level":40,"time":1745166771678,"name":"close-pool","msg":"Trader (\u001b[35mGHUr...YeEc\u001b[39m) has insufficient balance on ATA (\u001b[35mALSa...JmMT\u001b[39m): \u001b[32m0\u001b[39m EGGLON"}
{"level":40,"time":1745166771773,"name":"close-pool","msg":"Trader (\u001b[35m6yLv...CEwz\u001b[39m) has insufficient balance on ATA (\u001b[35m9ep2...apQc\u001b[39m): \u001b[32m0\u001b[39m EGGLON"}
{"level":40,"time":1745166771866,"name":"close-pool","msg":"Trader (\u001b[35mC8fh...JjQg\u001b[39m) has insufficient balance on ATA (\u001b[35mGZrL...wfbz\u001b[39m): \u001b[32m0\u001b[39m EGGLON"}
{"level":40,"time":1745166772057,"name":"close-pool","msg":"Trader (\u001b[35mBvdM...dCAJ\u001b[39m) has insufficient balance on ATA (\u001b[35m7Szc...qXdT\u001b[39m): \u001b[32m0\u001b[39m EGGLON"}
{"level":40,"time":1745166772145,"name":"close-pool","msg":"Trader (\u001b[35m23XR...awTB\u001b[39m) has insufficient balance on ATA (\u001b[35m2FZX...aVNt\u001b[39m): \u001b[32m0\u001b[39m EGGLON"}
{"level":40,"time":1745166772359,"name":"close-pool","msg":"Trader (\u001b[35mEk8n...4STr\u001b[39m) has insufficient balance on ATA (\u001b[35m6itV...gHpS\u001b[39m): \u001b[32m0\u001b[39m EGGLON"}
{"level":40,"time":1745166772460,"name":"close-pool","msg":"Trader (\u001b[35mE6og...Nh3N\u001b[39m) has insufficient balance on ATA (\u001b[35m9L4L...UuSa\u001b[39m): \u001b[32m0\u001b[39m EGGLON"}
{"level":40,"time":1745166772549,"name":"close-pool","msg":"Trader (\u001b[35m7AUc...p94A\u001b[39m) has insufficient balance on ATA (\u001b[35mBBUe...1kEg\u001b[39m): \u001b[32m0\u001b[39m EGGLON"}
{"level":40,"time":1745166772645,"name":"close-pool","msg":"Trader (\u001b[35mHmd4...1nr4\u001b[39m) has insufficient balance on ATA (\u001b[35m72FL...zgZj\u001b[39m): \u001b[32m0\u001b[39m EGGLON"}
{"level":40,"time":1745166772752,"name":"close-pool","msg":"Trader (\u001b[35mBmGQ...F3yi\u001b[39m) has insufficient balance on ATA (\u001b[35mDSkQ...pSuy\u001b[39m): \u001b[32m0\u001b[39m EGGLON"}
{"level":40,"time":1745166772958,"name":"close-pool","msg":"Trader (\u001b[35m3MPp...rUZR\u001b[39m) has insufficient balance on ATA (\u001b[35mBtub...4iwZ\u001b[39m): \u001b[32m0\u001b[39m EGGLON"}
{"level":40,"time":1745166773082,"name":"close-pool","msg":"Trader (\u001b[35m3Zmk...uyJh\u001b[39m) has insufficient balance on ATA (\u001b[35m9tBR...eNtQ\u001b[39m): \u001b[32m0\u001b[39m EGGLON"}
{"level":40,"time":1745166773188,"name":"close-pool","msg":"Trader (\u001b[35mDF2t...njkZ\u001b[39m) has insufficient balance on ATA (\u001b[35m8FWq...Cz48\u001b[39m): \u001b[32m0\u001b[39m EGGLON"}
{"level":40,"time":1745166773330,"name":"close-pool","msg":"Trader (\u001b[35mEeZK...X767\u001b[39m) has insufficient balance on ATA (\u001b[35mCRw1...AX6R\u001b[39m): \u001b[32m0\u001b[39m EGGLON"}
{"level":40,"time":1745166773427,"name":"close-pool","msg":"Trader (\u001b[35m374J...V3St\u001b[39m) has insufficient balance on ATA (\u001b[35mCgJ7...vbSC\u001b[39m): \u001b[32m0\u001b[39m EGGLON"}
{"level":40,"time":1745166773530,"name":"close-pool","msg":"Trader (\u001b[35mEE2q...RdEn\u001b[39m) has insufficient balance on ATA (\u001b[35mAZ16...FR7S\u001b[39m): \u001b[32m0\u001b[39m EGGLON"}
{"level":40,"time":1745166773627,"name":"close-pool","msg":"Trader (\u001b[35mGh59...Dxmt\u001b[39m) has insufficient balance on ATA (\u001b[35m8As7...2duF\u001b[39m): \u001b[32m0\u001b[39m EGGLON"}
{"level":40,"time":1745166773744,"name":"close-pool","msg":"Trader (\u001b[35mEnwC...iAJh\u001b[39m) has insufficient balance on ATA (\u001b[35mDfPW...Ck1o\u001b[39m): \u001b[32m0\u001b[39m EGGLON"}
{"level":40,"time":1745166773878,"name":"close-pool","msg":"Trader (\u001b[35mBVrx...e3og\u001b[39m) has insufficient balance on ATA (\u001b[35m4XpW...KtpW\u001b[39m): \u001b[32m0\u001b[39m EGGLON"}
{"level":40,"time":1745166773997,"name":"close-pool","msg":"Trader (\u001b[35mBE8y...zxT4\u001b[39m) has insufficient balance on ATA (\u001b[35m53QZ...nozi\u001b[39m): \u001b[32m0\u001b[39m EGGLON"}
{"level":40,"time":1745166774115,"name":"close-pool","msg":"Trader (\u001b[35mHCR1...46PC\u001b[39m) has insufficient balance on ATA (\u001b[35m23Np...MThC\u001b[39m): \u001b[32m0\u001b[39m EGGLON"}
{"level":40,"time":1745166774236,"name":"close-pool","msg":"Trader (\u001b[35m5zq6...ePTH\u001b[39m) has insufficient balance on ATA (\u001b[35m8fj9...bA6L\u001b[39m): \u001b[32m0\u001b[39m EGGLON"}
{"level":40,"time":1745166774342,"name":"close-pool","msg":"Trader (\u001b[35mB1KT...PS2X\u001b[39m) has insufficient balance on ATA (\u001b[35mF7mP...1Siz\u001b[39m): \u001b[32m0\u001b[39m EGGLON"}
{"level":40,"time":1745166774443,"name":"close-pool","msg":"Trader (\u001b[35m65HN...fcuS\u001b[39m) has insufficient balance on ATA (\u001b[35mAWuj...7EWK\u001b[39m): \u001b[32m0\u001b[39m EGGLON"}
{"level":40,"time":1745166774537,"name":"close-pool","msg":"Trader (\u001b[35m3qwF...y2uA\u001b[39m) has insufficient balance on ATA (\u001b[35m5rbP...Rnno\u001b[39m): \u001b[32m0\u001b[39m EGGLON"}
{"level":40,"time":1745166774636,"name":"close-pool","msg":"Trader (\u001b[35mPcUM...TMW5\u001b[39m) has insufficient balance on ATA (\u001b[35m6GoJ...po3M\u001b[39m): \u001b[32m0\u001b[39m EGGLON"}
{"level":40,"time":1745166774755,"name":"close-pool","msg":"Trader (\u001b[35m8zjw...1sDq\u001b[39m) has insufficient balance on ATA (\u001b[35m3tQN...HgR9\u001b[39m): \u001b[32m0\u001b[39m EGGLON"}
{"level":40,"time":1745166774884,"name":"close-pool","msg":"Trader (\u001b[35mENEa...KN8G\u001b[39m) has insufficient balance on ATA (\u001b[35mDu7a...RXrD\u001b[39m): \u001b[32m0\u001b[39m EGGLON"}
{"level":40,"time":1745166774997,"name":"close-pool","msg":"Trader (\u001b[35mEmx8...DGhN\u001b[39m) has insufficient balance on ATA (\u001b[35m9w94...QQNX\u001b[39m): \u001b[32m0\u001b[39m EGGLON"}
{"level":40,"time":1745166775102,"name":"close-pool","msg":"Trader (\u001b[35mGm8k...ijo1\u001b[39m) has insufficient balance on ATA (\u001b[35mBjRK...aYJy\u001b[39m): \u001b[32m0\u001b[39m EGGLON"}
{"level":40,"time":1745166775229,"name":"close-pool","msg":"Trader (\u001b[35mEtcy...HJe4\u001b[39m) has insufficient balance on ATA (\u001b[35mE8bF...FBRv\u001b[39m): \u001b[32m0\u001b[39m EGGLON"}
{"level":40,"time":1745166775337,"name":"close-pool","msg":"Trader (\u001b[35m9FHp...nbx6\u001b[39m) has insufficient balance on ATA (\u001b[35mENiq...r5KH\u001b[39m): \u001b[32m0\u001b[39m EGGLON"}
{"level":40,"time":1745166775433,"name":"close-pool","msg":"Trader (\u001b[35mGN4y...vz2f\u001b[39m) has insufficient balance on ATA (\u001b[35m4Tbj...vES2\u001b[39m): \u001b[32m0\u001b[39m EGGLON"}
{"level":40,"time":1745166775553,"name":"close-pool","msg":"Trader (\u001b[35m5qqn...3PiA\u001b[39m) has insufficient balance on ATA (\u001b[35mGqTi...GLSd\u001b[39m): \u001b[32m0\u001b[39m EGGLON"}
{"level":40,"time":1745166775652,"name":"close-pool","msg":"Trader (\u001b[35m9KPn...zPZD\u001b[39m) has insufficient balance on ATA (\u001b[35mEGKz...TV5E\u001b[39m): \u001b[32m0\u001b[39m EGGLON"}
{"level":40,"time":1745166775763,"name":"close-pool","msg":"Trader (\u001b[35mAGDp...mX4j\u001b[39m) has insufficient balance on ATA (\u001b[35mCudN...F5dU\u001b[39m): \u001b[32m0\u001b[39m EGGLON"}
{"level":40,"time":1745166775866,"name":"close-pool","msg":"Trader (\u001b[35mHWbA...U6Zv\u001b[39m) has insufficient balance on ATA (\u001b[35mEaxM...EusW\u001b[39m): \u001b[32m0\u001b[39m EGGLON"}
{"level":40,"time":1745166776340,"name":"close-pool","msg":"Trader (\u001b[35mBasj...P8Nd\u001b[39m) has insufficient balance on ATA (\u001b[35mByw8...tgFe\u001b[39m): \u001b[32m0\u001b[39m EGGLON"}
{"level":40,"time":1745166776457,"name":"close-pool","msg":"Trader (\u001b[35mCmjD...RVgc\u001b[39m) has insufficient balance on ATA (\u001b[35m4wn8...ybu8\u001b[39m): \u001b[32m0\u001b[39m EGGLON"}
{"level":40,"time":1745166776561,"name":"close-pool","msg":"Trader (\u001b[35mFKkD...sHYS\u001b[39m) has insufficient balance on ATA (\u001b[35m7t4L...oaXa\u001b[39m): \u001b[32m0\u001b[39m EGGLON"}
{"level":40,"time":1745166776676,"name":"close-pool","msg":"Trader (\u001b[35mAten...8Tyw\u001b[39m) has insufficient balance on ATA (\u001b[35m7yuf...yJ6a\u001b[39m): \u001b[32m0\u001b[39m EGGLON"}
{"level":40,"time":1745166776799,"name":"close-pool","msg":"Trader (\u001b[35mBBM2...GrQp\u001b[39m) has insufficient balance on ATA (\u001b[35mBVCF...trkq\u001b[39m): \u001b[32m0\u001b[39m EGGLON"}
{"level":40,"time":1745166776898,"name":"close-pool","msg":"Trader (\u001b[35mGGkf...uNPB\u001b[39m) has insufficient balance on ATA (\u001b[35m2JMC...Jc6p\u001b[39m): \u001b[32m0\u001b[39m EGGLON"}
{"level":40,"time":1745166777006,"name":"close-pool","msg":"Trader (\u001b[35m5SYZ...mwLU\u001b[39m) has insufficient balance on ATA (\u001b[35m97qb...TCbU\u001b[39m): \u001b[32m0\u001b[39m EGGLON"}
{"level":40,"time":1745166777097,"name":"close-pool","msg":"Trader (\u001b[35mFkVt...zc5H\u001b[39m) has insufficient balance on ATA (\u001b[35mG1rj...v1gJ\u001b[39m): \u001b[32m0\u001b[39m EGGLON"}
{"level":40,"time":1745166777201,"name":"close-pool","msg":"Trader (\u001b[35mF6Q2...gzSJ\u001b[39m) has insufficient balance on ATA (\u001b[35mAxNm...eww1\u001b[39m): \u001b[32m0\u001b[39m EGGLON"}
{"level":40,"time":1745166777309,"name":"close-pool","msg":"Trader (\u001b[35mFw1X...yW4G\u001b[39m) has insufficient balance on ATA (\u001b[35m5L8U...zSGz\u001b[39m): \u001b[32m0\u001b[39m EGGLON"}
{"level":40,"time":1745166777554,"name":"close-pool","msg":"Trader (\u001b[35m4EXJ...rfoK\u001b[39m) has insufficient balance on ATA (\u001b[35mCkqM...EcV3\u001b[39m): \u001b[32m0\u001b[39m EGGLON"}
{"level":40,"time":1745166777658,"name":"close-pool","msg":"Trader (\u001b[35mEXqk...EWgX\u001b[39m) has insufficient balance on ATA (\u001b[35mBzi4...evhf\u001b[39m): \u001b[32m0\u001b[39m EGGLON"}
{"level":40,"time":1745166777856,"name":"close-pool","msg":"Trader (\u001b[35m92Wj...UFqe\u001b[39m) has insufficient balance on ATA (\u001b[35m4DZ5...7C2t\u001b[39m): \u001b[32m0\u001b[39m EGGLON"}
{"level":40,"time":1745166778102,"name":"close-pool","msg":"Trader (\u001b[35mCdUd...XmmE\u001b[39m) has insufficient balance on ATA (\u001b[35mHFCH...AYBG\u001b[39m): \u001b[32m0\u001b[39m EGGLON"}
{"level":40,"time":1745166778213,"name":"close-pool","msg":"Trader (\u001b[35m7yoB...AEGA\u001b[39m) has insufficient balance on ATA (\u001b[35mDDzn...wQfs\u001b[39m): \u001b[32m0\u001b[39m EGGLON"}
{"level":40,"time":1745166778328,"name":"close-pool","msg":"Trader (\u001b[35mArD1...sLqd\u001b[39m) has insufficient balance on ATA (\u001b[35mFEyD...4xtE\u001b[39m): \u001b[32m0\u001b[39m EGGLON"}
{"level":40,"time":1745166778444,"name":"close-pool","msg":"Trader (\u001b[35mbDjT...U5it\u001b[39m) has insufficient balance on ATA (\u001b[35m3JAS...KE3C\u001b[39m): \u001b[32m0\u001b[39m EGGLON"}
{"level":40,"time":1745166778661,"name":"close-pool","msg":"Trader (\u001b[35m98TM...EvLi\u001b[39m) has insufficient balance on ATA (\u001b[35m777c...WRbK\u001b[39m): \u001b[32m0\u001b[39m EGGLON"}
{"level":40,"time":1745166778908,"name":"close-pool","msg":"Trader (\u001b[35m2D86...5tnA\u001b[39m) has insufficient balance on ATA (\u001b[35m3dxn...zF3U\u001b[39m): \u001b[32m0\u001b[39m EGGLON"}
{"level":40,"time":1745166779014,"name":"close-pool","msg":"Trader (\u001b[35mESdV...7378\u001b[39m) has insufficient balance on ATA (\u001b[35m8XdX...641A\u001b[39m): \u001b[32m0\u001b[39m EGGLON"}
{"level":40,"time":1745166779015,"name":"close-pool","msg":"Account (\u001b[35m8opD...Xsen\u001b[39m) has too low amount to swap: \u001b[32m0.010026\u001b[39m EGGLON"}
{"level":40,"time":1745166779015,"name":"close-pool","msg":"Account (\u001b[35mCAXT...EALp\u001b[39m) has too low amount to swap: \u001b[32m0.005901\u001b[39m EGGLON"}
{"level":40,"time":1745166779015,"name":"close-pool","msg":"Account (\u001b[35m8xBL...6Cz4\u001b[39m) has too low amount to swap: \u001b[32m0.049007\u001b[39m EGGLON"}
{"level":40,"time":1745166779015,"name":"close-pool","msg":"Account (\u001b[35mCrnL...Ucdr\u001b[39m) has too low amount to swap: \u001b[32m0.000006\u001b[39m EGGLON"}
{"level":40,"time":1745166779016,"name":"close-pool","msg":"Account (\u001b[35mEW1R...MeUy\u001b[39m) has too low amount to swap: \u001b[32m0.085332\u001b[39m EGGLON"}
{"level":40,"time":1745166779016,"name":"close-pool","msg":"Account (\u001b[35m2XNi...6RYh\u001b[39m) has too low amount to swap: \u001b[32m0.021594\u001b[39m EGGLON"}
{"level":40,"time":1745166779016,"name":"close-pool","msg":"Account (\u001b[35m71a4...8RMN\u001b[39m) has too low amount to swap: \u001b[32m0.172099\u001b[39m EGGLON"}
{"level":40,"time":1745166779016,"name":"close-pool","msg":"Account (\u001b[35mFsKA...s2H7\u001b[39m) has too low amount to swap: \u001b[32m0.011465\u001b[39m EGGLON"}
{"level":40,"time":1745166779016,"name":"close-pool","msg":"Account (\u001b[35m96GE...HhBZ\u001b[39m) has too low amount to swap: \u001b[32m0.05014\u001b[39m EGGLON"}
{"level":40,"time":1745166779016,"name":"close-pool","msg":"Account (\u001b[35m8Gcf...jxD2\u001b[39m) has too low amount to swap: \u001b[32m0.017004\u001b[39m EGGLON"}
{"level":40,"time":1745166779016,"name":"close-pool","msg":"Account (\u001b[35m2yxg...Ewvs\u001b[39m) has too low amount to swap: \u001b[32m0.023759\u001b[39m EGGLON"}
{"level":40,"time":1745166779016,"name":"close-pool","msg":"Account (\u001b[35mAcMU...HeFt\u001b[39m) has too low amount to swap: \u001b[32m0.075034\u001b[39m EGGLON"}
{"level":40,"time":1745166779016,"name":"close-pool","msg":"Account (\u001b[35mFKgW...wf4N\u001b[39m) has too low amount to swap: \u001b[32m0.017939\u001b[39m EGGLON"}
{"level":40,"time":1745166779016,"name":"close-pool","msg":"Account (\u001b[35m4Z2e...HYPm\u001b[39m) has too low amount to swap: \u001b[32m0.000006\u001b[39m EGGLON"}
