{"level":40,"time":1745524603677,"name":"close-pool","msg":"Dev (\u001b[35mDez3...x43V\u001b[39m) has insufficient balance on ATA (\u001b[35m8KHx...Pni3\u001b[39m): \u001b[32m0\u001b[39m BRILLIANTGUY"}
{"level":40,"time":1745524606170,"name":"close-pool","msg":"Trader (\u001b[35m51mK...LFvJ\u001b[39m) has uninitialized BRILLIANTGUY ATA (\u001b[35m5UXN...qWEm\u001b[39m)"}
{"level":30,"time":1745524623837,"name":"close-pool","msg":"Transaction (\u001b[33m37DZvVZi...GfLg7Asq\u001b[39m) sent to swap \u001b[32m10,278,959.20972\u001b[39m BRILLIANTGUY to ~\u001b[32m0.387977159\u001b[39m WSOL for account (\u001b[35mEDZP...ihNU\u001b[39m)"}
{"level":30,"time":1745524624164,"name":"close-pool","msg":"Transaction (\u001b[33m2Sh6QKtT...a8ShQVKG\u001b[39m) sent to swap \u001b[32m9,834,834.583035\u001b[39m BRILLIANTGUY to ~\u001b[32m0.372176072\u001b[39m WSOL for account (\u001b[35m52VK...WTbv\u001b[39m)"}
{"level":30,"time":1745524625053,"name":"close-pool","msg":"Transaction (\u001b[33m2HRuQPG3...Y5ubVZ5Y\u001b[39m) sent to swap \u001b[32m10,542,567.779454\u001b[39m BRILLIANTGUY to ~\u001b[32m0.397317254\u001b[39m WSOL for account (\u001b[35m43Gi...SYik\u001b[39m)"}
{"level":30,"time":1745524625188,"name":"close-pool","msg":"Transaction (\u001b[33m37WDUwhJ...aMqrttnf\u001b[39m) sent to swap \u001b[32m7,121,074.922191\u001b[39m BRILLIANTGUY to ~\u001b[32m0.273817516\u001b[39m WSOL for account (\u001b[35m74DD...gU96\u001b[39m)"}
{"level":30,"time":1745524625460,"name":"close-pool","msg":"Transaction (\u001b[33m4NtNYSXV...JvWggVxw\u001b[39m) sent to swap \u001b[32m7,488,246.652235\u001b[39m BRILLIANTGUY to ~\u001b[32m0.287310238\u001b[39m WSOL for account (\u001b[35mFyBp...Nz55\u001b[39m)"}
{"level":30,"time":1745524625925,"name":"close-pool","msg":"Transaction (\u001b[33m3u9L3nxk...L8GCSamt\u001b[39m) sent to swap \u001b[32m8,143,800.238361\u001b[39m BRILLIANTGUY to ~\u001b[32m0.311255093\u001b[39m WSOL for account (\u001b[35mBoPt...pXjk\u001b[39m)"}
{"level":30,"time":1745524626647,"name":"close-pool","msg":"Transaction (\u001b[33m47C8tYin...42HK5XQL\u001b[39m) sent to swap \u001b[32m8,044,914.466105\u001b[39m BRILLIANTGUY to ~\u001b[32m0.307655035\u001b[39m WSOL for account (\u001b[35mGv8e...6wYq\u001b[39m)"}
{"level":30,"time":1745524626939,"name":"close-pool","msg":"Transaction (\u001b[33m578XeKvf...BvGV22wX\u001b[39m) sent to swap \u001b[32m11,184,853.306189\u001b[39m BRILLIANTGUY to ~\u001b[32m0.419955118\u001b[39m WSOL for account (\u001b[35mDGAG...mrn2\u001b[39m)"}
{"level":30,"time":1745524627760,"name":"close-pool","msg":"Transaction (\u001b[33m2LyXQ5Fc...KY62YAm2\u001b[39m) sent to swap \u001b[32m7,721,395.785464\u001b[39m BRILLIANTGUY to ~\u001b[32m0.295847539\u001b[39m WSOL for account (\u001b[35m8YGV...FFyk\u001b[39m)"}
{"level":30,"time":1745524627833,"name":"close-pool","msg":"Transaction (\u001b[33m5zNTUQCw...Ctds8Xg9\u001b[39m) sent to swap \u001b[32m9,526,506.364862\u001b[39m BRILLIANTGUY to ~\u001b[32m0.36115809\u001b[39m WSOL for account (\u001b[35mGLHJ...9Jp9\u001b[39m)"}
{"level":30,"time":1745524628706,"name":"close-pool","msg":"Transaction (\u001b[33m4bonKNNg...sSEvzTyU\u001b[39m) sent to swap \u001b[32m7,783,312.164705\u001b[39m BRILLIANTGUY to ~\u001b[32m0.2981108\u001b[39m WSOL for account (\u001b[35mCgVG...yMM7\u001b[39m)"}
{"level":30,"time":1745524628998,"name":"close-pool","msg":"Transaction (\u001b[33m37DZvVZi...GfLg7Asq\u001b[39m) confirmed: \u001b[34m\u001b]8;;https://solscan.io/tx/37DZvVZiTHhmMbv83gPi8xnnwkfA4npuWxHyRFBJh1DhLdNCz6bKkewXavk1WZEmQxrRc2RqAKsosSXzGfLg7Asq?cluster=mainnet-beta\u001b\\<Transaction link>\u001b]8;;\u001b\\\u001b[39m"}
{"level":30,"time":1745524629077,"name":"close-pool","msg":"Transaction (\u001b[33mYsDBPj4y...SLwJyCp9\u001b[39m) sent to swap \u001b[32m9,801,851.530837\u001b[39m BRILLIANTGUY to ~\u001b[32m0.370999331\u001b[39m WSOL for account (\u001b[35mGUwE...QsK8\u001b[39m)"}
{"level":30,"time":1745524629133,"name":"close-pool","msg":"Transaction (\u001b[33m32w5VxtT...RTwpqbCD\u001b[39m) sent to swap \u001b[32m11,403,095.944076\u001b[39m BRILLIANTGUY to ~\u001b[32m0.427608967\u001b[39m WSOL for account (\u001b[35mHQzX...Ff9c\u001b[39m)"}
{"level":30,"time":1745524629310,"name":"close-pool","msg":"Transaction (\u001b[33m2Sh6QKtT...a8ShQVKG\u001b[39m) confirmed: \u001b[34m\u001b]8;;https://solscan.io/tx/2Sh6QKtT6zQoAJkmx5ZaYNqn9zmDJTg1MRFvFFmaULvfxNMnbnrC6SCujBoGFHs23WKf5ozj8t7up4Mja8ShQVKG?cluster=mainnet-beta\u001b\\<Transaction link>\u001b]8;;\u001b\\\u001b[39m"}
{"level":30,"time":1745524629582,"name":"close-pool","msg":"Transaction (\u001b[33mypeN3dUM...4csS6JX8\u001b[39m) sent to swap \u001b[32m6,385,443.539832\u001b[39m BRILLIANTGUY to ~\u001b[32m0.246607159\u001b[39m WSOL for account (\u001b[35m6wuj...sKJc\u001b[39m)"}
{"level":30,"time":1745524630203,"name":"close-pool","msg":"Transaction (\u001b[33m2HRuQPG3...Y5ubVZ5Y\u001b[39m) confirmed: \u001b[34m\u001b]8;;https://solscan.io/tx/2HRuQPG3ztFm8HjgUEQXZgx3csbdvLVTKXS2N4PXM8W3xs97twpgcCrVpw8R6NP73zJzcgPS9xMc6X9zY5ubVZ5Y?cluster=mainnet-beta\u001b\\<Transaction link>\u001b]8;;\u001b\\\u001b[39m"}
{"level":30,"time":1745524630366,"name":"close-pool","msg":"Transaction (\u001b[33m3RxMXNST...VVxY9mQM\u001b[39m) sent to swap \u001b[32m8,483,634.042995\u001b[39m BRILLIANTGUY to ~\u001b[32m0.323595225\u001b[39m WSOL for account (\u001b[35mHKbL...79yn\u001b[39m)"}
{"level":30,"time":1745524630556,"name":"close-pool","msg":"Transaction (\u001b[33m37WDUwhJ...aMqrttnf\u001b[39m) confirmed: \u001b[34m\u001b]8;;https://solscan.io/tx/37WDUwhJ6rDtvuxjVyt5ceJp7bFMpM55haTLPwXchzt95FYcC1NHiKN3tKjr5UwT1h8zTcYDQpkLXnnYaMqrttnf?cluster=mainnet-beta\u001b\\<Transaction link>\u001b]8;;\u001b\\\u001b[39m"}
{"level":30,"time":1745524630598,"name":"close-pool","msg":"Transaction (\u001b[33m4NtNYSXV...JvWggVxw\u001b[39m) confirmed: \u001b[34m\u001b]8;;https://solscan.io/tx/4NtNYSXVQsikaGGB7ff7Ubj5N5NCjhUfnY1HtSKLq8d7FsZq8mMgbpvcB7UK9gNaQgqMJQ7EGMqvGdjeJvWggVxw?cluster=mainnet-beta\u001b\\<Transaction link>\u001b]8;;\u001b\\\u001b[39m"}
{"level":30,"time":1745524630667,"name":"close-pool","msg":"Transaction (\u001b[33m2JJ53AQe...Pq1wNitE\u001b[39m) sent to swap \u001b[32m8,673,479.362474\u001b[39m BRILLIANTGUY to ~\u001b[32m0.330467479\u001b[39m WSOL for account (\u001b[35mBXbK...8aP7\u001b[39m)"}
{"level":30,"time":1745524631052,"name":"close-pool","msg":"Transaction (\u001b[33m3u9L3nxk...L8GCSamt\u001b[39m) confirmed: \u001b[34m\u001b]8;;https://solscan.io/tx/3u9L3nxkDjmGASWojf6gmKQc6oCy377QKQrw5Sry2Hg7vZhe9q9tMF7wXQPUZtBKvJkY6zW6n3buw6cuL8GCSamt?cluster=mainnet-beta\u001b\\<Transaction link>\u001b]8;;\u001b\\\u001b[39m"}
{"level":30,"time":1745524631097,"name":"close-pool","msg":"Transaction (\u001b[33m4bE7KZxe...ZBnsxwcm\u001b[39m) sent to swap \u001b[32m8,551,397.551819\u001b[39m BRILLIANTGUY to ~\u001b[32m0.326049973\u001b[39m WSOL for account (\u001b[35m4bUV...gZVy\u001b[39m)"}
{"level":30,"time":1745524631702,"name":"close-pool","msg":"Transaction (\u001b[33m24gNXhC6...CeyUvQmQ\u001b[39m) sent to swap \u001b[32m7,153,252.777415\u001b[39m BRILLIANTGUY to ~\u001b[32m0.275002327\u001b[39m WSOL for account (\u001b[35mLmWD...sUwK\u001b[39m)"}
{"level":30,"time":1745524631805,"name":"close-pool","msg":"Transaction (\u001b[33m47C8tYin...42HK5XQL\u001b[39m) confirmed: \u001b[34m\u001b]8;;https://solscan.io/tx/47C8tYinmDJF4kw4HPmEuCbkqvG2Jk7xZbYd7LHQTzSnQpA1CoGTHyftcpRSGPmTr8oPif6gqPtiZ6fA42HK5XQL?cluster=mainnet-beta\u001b\\<Transaction link>\u001b]8;;\u001b\\\u001b[39m"}
{"level":30,"time":1745524631966,"name":"close-pool","msg":"Transaction (\u001b[33m3nZT5TQX...9PkxJ55Q\u001b[39m) sent to swap \u001b[32m5,124,358.226321\u001b[39m BRILLIANTGUY to ~\u001b[32m0.199401706\u001b[39m WSOL for account (\u001b[35mqY3C...Gfw9\u001b[39m)"}
{"level":30,"time":1745524632190,"name":"close-pool","msg":"Transaction (\u001b[33m578XeKvf...BvGV22wX\u001b[39m) confirmed: \u001b[34m\u001b]8;;https://solscan.io/tx/578XeKvf9uyDTpGwfWMrhagXDi4eNiR5fL8h1LzWtkmaDJze9xzLG1iVEQh77apxYnw4mxFXMpZzoiXrBvGV22wX?cluster=mainnet-beta\u001b\\<Transaction link>\u001b]8;;\u001b\\\u001b[39m"}
{"level":30,"time":1745524632215,"name":"close-pool","msg":"Transaction (\u001b[33m2PfShXC6...ecx94iS2\u001b[39m) sent to swap \u001b[32m6,760,360.269916\u001b[39m BRILLIANTGUY to ~\u001b[32m0.26050473\u001b[39m WSOL for account (\u001b[35m8B8K...6uUs\u001b[39m)"}
{"level":30,"time":1745524632895,"name":"close-pool","msg":"Transaction (\u001b[33m2LyXQ5Fc...KY62YAm2\u001b[39m) confirmed: \u001b[34m\u001b]8;;https://solscan.io/tx/2LyXQ5FcwZF4TGJYVLcWL6wahNty1nASkKFnPbjpUxkQPtMB8U8VexwXKW67j8AJeBn9NHTJGxVVc8uUKY62YAm2?cluster=mainnet-beta\u001b\\<Transaction link>\u001b]8;;\u001b\\\u001b[39m"}
{"level":30,"time":1745524633038,"name":"close-pool","msg":"Transaction (\u001b[33m2zhMVrQs...gHf9AdyX\u001b[39m) sent to swap \u001b[32m7,885,507.196165\u001b[39m BRILLIANTGUY to ~\u001b[32m0.301842768\u001b[39m WSOL for account (\u001b[35mBM9w...63yK\u001b[39m)"}
{"level":30,"time":1745524633170,"name":"close-pool","msg":"Transaction (\u001b[33m5zNTUQCw...Ctds8Xg9\u001b[39m) confirmed: \u001b[34m\u001b]8;;https://solscan.io/tx/5zNTUQCwsTT9g26GrWK7HL4jYzv8qbHzBtpExaBXgPPMGZBAKdbTTGAiJXoL9TB8avjhPbSSovAgJaTFCtds8Xg9?cluster=mainnet-beta\u001b\\<Transaction link>\u001b]8;;\u001b\\\u001b[39m"}
{"level":30,"time":1745524633277,"name":"close-pool","msg":"Transaction (\u001b[33m2dUW9jSU...HGnNTUTS\u001b[39m) sent to swap \u001b[32m6,744,396.400383\u001b[39m BRILLIANTGUY to ~\u001b[32m0.259914237\u001b[39m WSOL for account (\u001b[35mDyPK...cRx6\u001b[39m)"}
{"level":30,"time":1745524633331,"name":"close-pool","msg":"Transaction (\u001b[33mv79hDiTV...xW5z8DZq\u001b[39m) sent to swap \u001b[32m5,862,333.114591\u001b[39m BRILLIANTGUY to ~\u001b[32m0.227112227\u001b[39m WSOL for account (\u001b[35mF68k...HBPd\u001b[39m)"}
{"level":30,"time":1745524633932,"name":"close-pool","msg":"Transaction (\u001b[33m5L84qmje...ZcskRTDt\u001b[39m) sent to swap \u001b[32m6,174,339.196287\u001b[39m BRILLIANTGUY to ~\u001b[32m0.238754503\u001b[39m WSOL for account (\u001b[35mCwnS...sHqb\u001b[39m)"}
{"level":30,"time":1745524634115,"name":"close-pool","msg":"Transaction (\u001b[33m2sxjeuNC...SHGjhB9K\u001b[39m) sent to swap \u001b[32m6,101,981.998235\u001b[39m BRILLIANTGUY to ~\u001b[32m0.236058409\u001b[39m WSOL for account (\u001b[35m4PPx...RJ4L\u001b[39m)"}
{"level":30,"time":1745524634217,"name":"close-pool","msg":"Transaction (\u001b[33mYsDBPj4y...SLwJyCp9\u001b[39m) confirmed: \u001b[34m\u001b]8;;https://solscan.io/tx/YsDBPj4yyDPwfXxDUfJ58d7UUtmSeutW9NW1XecUZ2hbiFm5bbeiHteVnhsGeLve75UtHefEwxDXtxjSLwJyCp9?cluster=mainnet-beta\u001b\\<Transaction link>\u001b]8;;\u001b\\\u001b[39m"}
{"level":30,"time":1745524634252,"name":"close-pool","msg":"Transaction (\u001b[33m32w5VxtT...RTwpqbCD\u001b[39m) confirmed: \u001b[34m\u001b]8;;https://solscan.io/tx/32w5VxtTarp8pErSJgZti9yvLMfRLhQ55EgU51You56DrZzCtiSHGCnTknJXvbGmsT4t8ng6FeQLLhhxRTwpqbCD?cluster=mainnet-beta\u001b\\<Transaction link>\u001b]8;;\u001b\\\u001b[39m"}
{"level":30,"time":1745524634285,"name":"close-pool","msg":"Transaction (\u001b[33m4bonKNNg...sSEvzTyU\u001b[39m) confirmed: \u001b[34m\u001b]8;;https://solscan.io/tx/4bonKNNgKtpVXkTWMCwKM73SuWyaYoyPg3st7pCtt4NTQy7MMgWpmXtm47hWYg9usEvgy2BZHXPaRdVisSEvzTyU?cluster=mainnet-beta\u001b\\<Transaction link>\u001b]8;;\u001b\\\u001b[39m"}
{"level":30,"time":1745524634688,"name":"close-pool","msg":"Transaction (\u001b[33m3pStnfSV...rXeP2G6a\u001b[39m) sent to swap \u001b[32m5,384,902.7201\u001b[39m BRILLIANTGUY to ~\u001b[32m0.209212988\u001b[39m WSOL for account (\u001b[35m9WW1...y2ce\u001b[39m)"}
{"level":30,"time":1745524634734,"name":"close-pool","msg":"Transaction (\u001b[33mypeN3dUM...4csS6JX8\u001b[39m) confirmed: \u001b[34m\u001b]8;;https://solscan.io/tx/ypeN3dUMzcF7gvQBHUm2mEBSL7ns4bdbc7bCvkGpiDqMVaNVPoVs2znNS8gVFX1UPfBakt7XAYZXkBH4csS6JX8?cluster=mainnet-beta\u001b\\<Transaction link>\u001b]8;;\u001b\\\u001b[39m"}
{"level":30,"time":1745524634892,"name":"close-pool","msg":"Transaction (\u001b[33m3io9ZWnZ...8A8AxmaV\u001b[39m) sent to swap \u001b[32m5,995,305.270574\u001b[39m BRILLIANTGUY to ~\u001b[32m0.232079289\u001b[39m WSOL for account (\u001b[35mGhfr...oDbS\u001b[39m)"}
{"level":30,"time":1745524634941,"name":"close-pool","msg":"Transaction (\u001b[33m4Lpu72Nm...kcK5EQEP\u001b[39m) sent to swap \u001b[32m5,659,513.925628\u001b[39m BRILLIANTGUY to ~\u001b[32m0.21952087\u001b[39m WSOL for account (\u001b[35m9pCP...tcR5\u001b[39m)"}
{"level":30,"time":1745524635062,"name":"close-pool","msg":"Transaction (\u001b[33m2ELjeFvQ...1tCccwKM\u001b[39m) sent to swap \u001b[32m5,477,239.695013\u001b[39m BRILLIANTGUY to ~\u001b[32m0.212682758\u001b[39m WSOL for account (\u001b[35m2Tpa...8Rsw\u001b[39m)"}
{"level":30,"time":1745524635450,"name":"close-pool","msg":"Transaction (\u001b[33m5cS68eRC...Rcrrx57T\u001b[39m) sent to swap \u001b[32m6,416,419.332467\u001b[39m BRILLIANTGUY to ~\u001b[32m0.247757735\u001b[39m WSOL for account (\u001b[35mDYEB...MN9M\u001b[39m)"}
{"level":30,"time":1745524635497,"name":"close-pool","msg":"Transaction (\u001b[33m3RxMXNST...VVxY9mQM\u001b[39m) confirmed: \u001b[34m\u001b]8;;https://solscan.io/tx/3RxMXNSTzBmhqZt7aTZFjBMAepQXRP5MvipVPLPa7EiECQMV924y7YQAFwDL9ctJqyWGbKrXxAEEQBXkVVxY9mQM?cluster=mainnet-beta\u001b\\<Transaction link>\u001b]8;;\u001b\\\u001b[39m"}
{"level":30,"time":1745524635725,"name":"close-pool","msg":"Transaction (\u001b[33m5MBmb2iD...QZNL6362\u001b[39m) sent to swap \u001b[32m4,300,633.873314\u001b[39m BRILLIANTGUY to ~\u001b[32m0.168179985\u001b[39m WSOL for account (\u001b[35mDYJC...xNrx\u001b[39m)"}
{"level":30,"time":1745524635828,"name":"close-pool","msg":"Transaction (\u001b[33m2JJ53AQe...Pq1wNitE\u001b[39m) confirmed: \u001b[34m\u001b]8;;https://solscan.io/tx/2JJ53AQe8vKTiSvyy4AaaPkznBFXtaxJwRsz1kDk5tyNtgCmKsNKcyugNBNuLtmaLZTHugXcg21fzJZWPq1wNitE?cluster=mainnet-beta\u001b\\<Transaction link>\u001b]8;;\u001b\\\u001b[39m"}
{"level":30,"time":1745524636144,"name":"close-pool","msg":"Transaction (\u001b[33m5rpYKqCJ...W3gfLViJ\u001b[39m) sent to swap \u001b[32m6,510,805.888236\u001b[39m BRILLIANTGUY to ~\u001b[32m0.251261046\u001b[39m WSOL for account (\u001b[35m4YWT...Bpva\u001b[39m)"}
{"level":30,"time":1745524636226,"name":"close-pool","msg":"Transaction (\u001b[33m4bE7KZxe...ZBnsxwcm\u001b[39m) confirmed: \u001b[34m\u001b]8;;https://solscan.io/tx/4bE7KZxeNCMPXsRAFQGPecBfX7wqwAYNQhxxG4sBG95umVUHfN663hjERcJZpPL8nNidzVw3wXsNrNMcZBnsxwcm?cluster=mainnet-beta\u001b\\<Transaction link>\u001b]8;;\u001b\\\u001b[39m"}
{"level":30,"time":1745524636747,"name":"close-pool","msg":"Transaction (\u001b[33mtBgofVeY...9PaP3AJX\u001b[39m) sent to swap \u001b[32m4,722,128.013133\u001b[39m BRILLIANTGUY to ~\u001b[32m0.184194589\u001b[39m WSOL for account (\u001b[35mHEsP...d5Sf\u001b[39m)"}
{"level":30,"time":1745524636852,"name":"close-pool","msg":"Transaction (\u001b[33m24gNXhC6...CeyUvQmQ\u001b[39m) confirmed: \u001b[34m\u001b]8;;https://solscan.io/tx/24gNXhC63HBt1oZPXf5t7TUzDKMxoatM9ofDH5rALgEuB57hNCRMxCfMYUV9LfNPJ7DhdFwEe5mFc7aDCeyUvQmQ?cluster=mainnet-beta\u001b\\<Transaction link>\u001b]8;;\u001b\\\u001b[39m"}
{"level":30,"time":1745524636907,"name":"close-pool","msg":"Transaction (\u001b[33m3he8EbPB...eBDPowwW\u001b[39m) sent to swap \u001b[32m5,531,075.253973\u001b[39m BRILLIANTGUY to ~\u001b[32m0.21470398\u001b[39m WSOL for account (\u001b[35mhGv7...XVRg\u001b[39m)"}
{"level":30,"time":1745524637103,"name":"close-pool","msg":"Transaction (\u001b[33m3nZT5TQX...9PkxJ55Q\u001b[39m) confirmed: \u001b[34m\u001b]8;;https://solscan.io/tx/3nZT5TQXp5nK8MJADkvnpRND2gk4kKzSxoFxxFsiRjNNeDDc3XnVj3XpRwWctdhG4zBdEQqC2vLZLZo39PkxJ55Q?cluster=mainnet-beta\u001b\\<Transaction link>\u001b]8;;\u001b\\\u001b[39m"}
{"level":30,"time":1745524637375,"name":"close-pool","msg":"Transaction (\u001b[33m2PfShXC6...ecx94iS2\u001b[39m) confirmed: \u001b[34m\u001b]8;;https://solscan.io/tx/2PfShXC68n4qdHrdaxersBy7u1FdcatwhMsjFthvyFfDcgTvQ9dq7pcHYdw1yMYeoberiQBHMQhqVweuecx94iS2?cluster=mainnet-beta\u001b\\<Transaction link>\u001b]8;;\u001b\\\u001b[39m"}
{"level":30,"time":1745524637439,"name":"close-pool","msg":"Transaction (\u001b[33m5fApyPoa...MKQzMxWq\u001b[39m) sent to swap \u001b[32m6,025,088.601111\u001b[39m BRILLIANTGUY to ~\u001b[32m0.233190739\u001b[39m WSOL for account (\u001b[35m88gv...WFpM\u001b[39m)"}
{"level":30,"time":1745524637621,"name":"close-pool","msg":"Transaction (\u001b[33m3h5BUtmc...jKNeNaPq\u001b[39m) sent to swap \u001b[32m5,082,012.299951\u001b[39m BRILLIANTGUY to ~\u001b[32m0.197804192\u001b[39m WSOL for account (\u001b[35m4BHF...DU8D\u001b[39m)"}
{"level":30,"time":1745524638050,"name":"close-pool","msg":"Transaction (\u001b[33m56718AYq...NxBFHgtX\u001b[39m) sent to swap \u001b[32m4,708,679.711806\u001b[39m BRILLIANTGUY to ~\u001b[32m0.183684877\u001b[39m WSOL for account (\u001b[35mAbtG...VSZq\u001b[39m)"}
{"level":30,"time":1745524638166,"name":"close-pool","msg":"Transaction (\u001b[33m2zhMVrQs...gHf9AdyX\u001b[39m) confirmed: \u001b[34m\u001b]8;;https://solscan.io/tx/2zhMVrQshK5avSMWvkWsRsmuzUuTSyTB5xBGiga3Y32TGRWT9Tyae7iR9Z8UTbfKfYLT9KZ4L4rZLN2XgHf9AdyX?cluster=mainnet-beta\u001b\\<Transaction link>\u001b]8;;\u001b\\\u001b[39m"}
{"level":30,"time":1745524638442,"name":"close-pool","msg":"Transaction (\u001b[33m2dUW9jSU...HGnNTUTS\u001b[39m) confirmed: \u001b[34m\u001b]8;;https://solscan.io/tx/2dUW9jSUNnVtTJPNoXYphbU9MLYJ5DcPtxnKa5VXk41N5VviY1JgrFLBz2VUfbZzwHcynfT9efzGMxe9HGnNTUTS?cluster=mainnet-beta\u001b\\<Transaction link>\u001b]8;;\u001b\\\u001b[39m"}
{"level":30,"time":1745524638597,"name":"close-pool","msg":"Transaction (\u001b[33m4V6znUZr...hMLbKWKC\u001b[39m) sent to swap \u001b[32m6,374,804.036203\u001b[39m BRILLIANTGUY to ~\u001b[32m0.246211864\u001b[39m WSOL for account (\u001b[35mGyDQ...8KnX\u001b[39m)"}
{"level":30,"time":1745524638736,"name":"close-pool","msg":"Transaction (\u001b[33mv79hDiTV...xW5z8DZq\u001b[39m) confirmed: \u001b[34m\u001b]8;;https://solscan.io/tx/v79hDiTV3E82i8gSPasTj7YBLpAX6kCZVfGUaV8LPG7KGMA2LitUMnfZr1JMqNKPU8K4onpreUACUesxW5z8DZq?cluster=mainnet-beta\u001b\\<Transaction link>\u001b]8;;\u001b\\\u001b[39m"}
{"level":30,"time":1745524638877,"name":"close-pool","msg":"Transaction (\u001b[33m2TDBXq6Q...7rtnyUss\u001b[39m) sent to swap \u001b[32m5,396,153.125766\u001b[39m BRILLIANTGUY to ~\u001b[32m0.209635953\u001b[39m WSOL for account (\u001b[35mAkwt...a9wG\u001b[39m)"}
{"level":30,"time":1745524638890,"name":"close-pool","msg":"Transaction (\u001b[33m2XjqFtWZ...ARMEvP9G\u001b[39m) sent to swap \u001b[32m4,069,217.711899\u001b[39m BRILLIANTGUY to ~\u001b[32m0.159352689\u001b[39m WSOL for account (\u001b[35mHiJq...hdMh\u001b[39m)"}
{"level":30,"time":1745524639103,"name":"close-pool","msg":"Transaction (\u001b[33m5L84qmje...ZcskRTDt\u001b[39m) confirmed: \u001b[34m\u001b]8;;https://solscan.io/tx/5L84qmjeWwC64moLTxi9Z3ZD8wtnwhp3F4ePksBVP3xeCMUY9jHSqsQMcVm8BWA6a6q6qqviNB7ukSQ5ZcskRTDt?cluster=mainnet-beta\u001b\\<Transaction link>\u001b]8;;\u001b\\\u001b[39m"}
{"level":30,"time":1745524639254,"name":"close-pool","msg":"Transaction (\u001b[33m2sxjeuNC...SHGjhB9K\u001b[39m) confirmed: \u001b[34m\u001b]8;;https://solscan.io/tx/2sxjeuNC8kRCd4QknRTyhusq8M3sVUSFubFqLoXbJn9eMNkV1bksq6RuweioUGFNB1n2XSxpAkJh4TWCSHGjhB9K?cluster=mainnet-beta\u001b\\<Transaction link>\u001b]8;;\u001b\\\u001b[39m"}
{"level":30,"time":1745524639312,"name":"close-pool","msg":"Transaction (\u001b[33m5ysjDzCD...mBdDt8Qb\u001b[39m) sent to swap \u001b[32m4,474,362.646017\u001b[39m BRILLIANTGUY to ~\u001b[32m0.174790637\u001b[39m WSOL for account (\u001b[35mEn3U...3GDF\u001b[39m)"}
{"level":30,"time":1745524639791,"name":"close-pool","msg":"Transaction (\u001b[33m4rMdEnY1...42BeCSoK\u001b[39m) sent to swap \u001b[32m3,853,125.466088\u001b[39m BRILLIANTGUY to ~\u001b[32m0.151087609\u001b[39m WSOL for account (\u001b[35mC3ko...v741\u001b[39m)"}
{"level":30,"time":1745524639830,"name":"close-pool","msg":"Transaction (\u001b[33m3pStnfSV...rXeP2G6a\u001b[39m) confirmed: \u001b[34m\u001b]8;;https://solscan.io/tx/3pStnfSViwWx1gbyApFATzEbdykpKPtcggpWhXexVDhEBCdse1k9rUkzQMvtTBrMP5u2Rwi2DETz44r5rXeP2G6a?cluster=mainnet-beta\u001b\\<Transaction link>\u001b]8;;\u001b\\\u001b[39m"}
{"level":30,"time":1745524640068,"name":"close-pool","msg":"Transaction (\u001b[33m3io9ZWnZ...8A8AxmaV\u001b[39m) confirmed: \u001b[34m\u001b]8;;https://solscan.io/tx/3io9ZWnZDJjYsn5GKon9Ti5LLHcGJP2jbQmz39ZN4LuWTMDC3GQmP4amGuiwCd1eyCmD5WseHMqynZSX8A8AxmaV?cluster=mainnet-beta\u001b\\<Transaction link>\u001b]8;;\u001b\\\u001b[39m"}
{"level":30,"time":1745524640079,"name":"close-pool","msg":"Transaction (\u001b[33m4Lpu72Nm...kcK5EQEP\u001b[39m) confirmed: \u001b[34m\u001b]8;;https://solscan.io/tx/4Lpu72Nm198EJvxyXAnRgFs9LqUDR5GcwuxShj6BGiS4fr6htVgCTiGYcm6WLSQXDRw9EA3h9kkfNGjEkcK5EQEP?cluster=mainnet-beta\u001b\\<Transaction link>\u001b]8;;\u001b\\\u001b[39m"}
{"level":30,"time":1745524640210,"name":"close-pool","msg":"Transaction (\u001b[33m2ELjeFvQ...1tCccwKM\u001b[39m) confirmed: \u001b[34m\u001b]8;;https://solscan.io/tx/2ELjeFvQtJ6uBtbAAEXPZGEU2n62gaQ6eqfuDfLMzUfo7fxxZcem2VtUfJDT7FjsXuqwP73srSNwPYRS1tCccwKM?cluster=mainnet-beta\u001b\\<Transaction link>\u001b]8;;\u001b\\\u001b[39m"}
{"level":30,"time":1745524640484,"name":"close-pool","msg":"Transaction (\u001b[33m55673wm7...gVaf85ym\u001b[39m) sent to swap \u001b[32m4,590,140.030335\u001b[39m BRILLIANTGUY to ~\u001b[32m0.179188468\u001b[39m WSOL for account (\u001b[35m6Xs8...xmdr\u001b[39m)"}
{"level":30,"time":1745524640619,"name":"close-pool","msg":"Transaction (\u001b[33m5ZN8hCvL...NhU52iZu\u001b[39m) sent to swap \u001b[32m4,308,617.967322\u001b[39m BRILLIANTGUY to ~\u001b[32m0.168484096\u001b[39m WSOL for account (\u001b[35m7sSo...CLQq\u001b[39m)"}
{"level":30,"time":1745524640873,"name":"close-pool","msg":"Transaction (\u001b[33m5MBmb2iD...QZNL6362\u001b[39m) confirmed: \u001b[34m\u001b]8;;https://solscan.io/tx/5MBmb2iDvdN1fzuf6ztBRDtnHhnN9JZMZZXB3Vp4A9FvBSM27BvS3Y3swMmQG1NyWkF7v7h2CppNcyaYQZNL6362?cluster=mainnet-beta\u001b\\<Transaction link>\u001b]8;;\u001b\\\u001b[39m"}
{"level":30,"time":1745524640876,"name":"close-pool","msg":"Transaction (\u001b[33m5cS68eRC...Rcrrx57T\u001b[39m) confirmed: \u001b[34m\u001b]8;;https://solscan.io/tx/5cS68eRCi3C6QAeTSvikzjegBYWnNveBjcWMMZCEts7dCVumQFKiSmpEdg67gWYZxgs6S12GuZUCkULhRcrrx57T?cluster=mainnet-beta\u001b\\<Transaction link>\u001b]8;;\u001b\\\u001b[39m"}
{"level":30,"time":1745524641026,"name":"close-pool","msg":"Transaction (\u001b[33m29jaKowx...pj5r1gJg\u001b[39m) sent to swap \u001b[32m4,826,306.453518\u001b[39m BRILLIANTGUY to ~\u001b[32m0.188140321\u001b[39m WSOL for account (\u001b[35m31t8...BiVx\u001b[39m)"}
{"level":30,"time":1745524641302,"name":"close-pool","msg":"Transaction (\u001b[33m5rpYKqCJ...W3gfLViJ\u001b[39m) confirmed: \u001b[34m\u001b]8;;https://solscan.io/tx/5rpYKqCJioXack6HxH6dXBuwn6e7vhENnTjzcRiHBWf99jDTYSjBECF5mLxf9MywviZFLoX2YCQAyansW3gfLViJ?cluster=mainnet-beta\u001b\\<Transaction link>\u001b]8;;\u001b\\\u001b[39m"}
{"level":30,"time":1745524641648,"name":"close-pool","msg":"Transaction (\u001b[33m2BPHpqeo...3iQchSeR\u001b[39m) sent to swap \u001b[32m5,393,474.607009\u001b[39m BRILLIANTGUY to ~\u001b[32m0.209535258\u001b[39m WSOL for account (\u001b[35m9nAZ...qaFS\u001b[39m)"}
{"level":30,"time":1745524641876,"name":"close-pool","msg":"Transaction (\u001b[33mtBgofVeY...9PaP3AJX\u001b[39m) confirmed: \u001b[34m\u001b]8;;https://solscan.io/tx/tBgofVeYPPpYPsE92pqfb7EBKdtRKdoyqX7tqqBZbSYm8Bnk6MamrzkAZb3D72m72XRTnKa2aeTSHH19PaP3AJX?cluster=mainnet-beta\u001b\\<Transaction link>\u001b]8;;\u001b\\\u001b[39m"}
{"level":30,"time":1745524641964,"name":"close-pool","msg":"Transaction (\u001b[33m4pV5oyxR...uXkDgX7x\u001b[39m) sent to swap \u001b[32m4,956,250.991274\u001b[39m BRILLIANTGUY to ~\u001b[32m0.193055016\u001b[39m WSOL for account (\u001b[35m2BAR...vXaQ\u001b[39m)"}
{"level":30,"time":1745524642047,"name":"close-pool","msg":"Transaction (\u001b[33m3he8EbPB...eBDPowwW\u001b[39m) confirmed: \u001b[34m\u001b]8;;https://solscan.io/tx/3he8EbPBo7MjUZUrWKLw19UKr12QKY1Y1BowhVgzgHFoAHCPuC6RSBjSH9eP7AhiqNzzBufTCYtuS9AeeBDPowwW?cluster=mainnet-beta\u001b\\<Transaction link>\u001b]8;;\u001b\\\u001b[39m"}
{"level":30,"time":1745524642243,"name":"close-pool","msg":"Transaction (\u001b[33m2V7nbJSG...wX9M6E3y\u001b[39m) sent to swap \u001b[32m5,316,448.79497\u001b[39m BRILLIANTGUY to ~\u001b[32m0.206638198\u001b[39m WSOL for account (\u001b[35m5CGB...sCZr\u001b[39m)"}
{"level":30,"time":1745524642640,"name":"close-pool","msg":"Transaction (\u001b[33m5fApyPoa...MKQzMxWq\u001b[39m) confirmed: \u001b[34m\u001b]8;;https://solscan.io/tx/5fApyPoabon7dmwLw6pDeqkg8suwfZpAYXfbPU21ssAYgAXGBrTbZ7fFjJVPP2Z36FdPk3UJLEM9Z3ntMKQzMxWq?cluster=mainnet-beta\u001b\\<Transaction link>\u001b]8;;\u001b\\\u001b[39m"}
{"level":30,"time":1745524642749,"name":"close-pool","msg":"Transaction (\u001b[33m3h5BUtmc...jKNeNaPq\u001b[39m) confirmed: \u001b[34m\u001b]8;;https://solscan.io/tx/3h5BUtmcifVFaznCeVNRJ3wZtTrpNivvgRgZvoQAiivLQDLoZrkEXNwJkudd3k74QgNb1wGhLnGSnCBNjKNeNaPq?cluster=mainnet-beta\u001b\\<Transaction link>\u001b]8;;\u001b\\\u001b[39m"}
{"level":30,"time":1745524643176,"name":"close-pool","msg":"Transaction (\u001b[33m56718AYq...NxBFHgtX\u001b[39m) confirmed: \u001b[34m\u001b]8;;https://solscan.io/tx/56718AYqMq5Rvjf6NTdXp1arjAUTiH9XBjAFd4DMQSNhvzWMBRevf8Z3W9jCBv5X5ynfbtb1s9HeEZuDNxBFHgtX?cluster=mainnet-beta\u001b\\<Transaction link>\u001b]8;;\u001b\\\u001b[39m"}
{"level":30,"time":1745524643198,"name":"close-pool","msg":"Transaction (\u001b[33m3F2VcwgF...5NmgBcs6\u001b[39m) sent to swap \u001b[32m5,815,034.731906\u001b[39m BRILLIANTGUY to ~\u001b[32m0.225343533\u001b[39m WSOL for account (\u001b[35m43GY...8b9Q\u001b[39m)"}
{"level":30,"time":1745524643748,"name":"close-pool","msg":"Transaction (\u001b[33m4FGczVHb...DkrJhggC\u001b[39m) sent to swap \u001b[32m3,912,414.485122\u001b[39m BRILLIANTGUY to ~\u001b[32m0.153357441\u001b[39m WSOL for account (\u001b[35mf9nM...KBVK\u001b[39m)"}
{"level":30,"time":1745524643763,"name":"close-pool","msg":"Transaction (\u001b[33m4V6znUZr...hMLbKWKC\u001b[39m) confirmed: \u001b[34m\u001b]8;;https://solscan.io/tx/4V6znUZrHN8mdgqR3fdMgrmZazJNckKLYNeAuoXHkQhEuaw2R4hju5raZ6JhcTUKwgrViV2fQmXtKhCchMLbKWKC?cluster=mainnet-beta\u001b\\<Transaction link>\u001b]8;;\u001b\\\u001b[39m"}
{"level":30,"time":1745524644031,"name":"close-pool","msg":"Transaction (\u001b[33m2XjqFtWZ...ARMEvP9G\u001b[39m) confirmed: \u001b[34m\u001b]8;;https://solscan.io/tx/2XjqFtWZBXKLK6ojn7qS6A4dsaRULPshdafMXqhEe8xP8V75vzK54mvbo6Lotvz2UGSzK3GiFyLG56zARMEvP9G?cluster=mainnet-beta\u001b\\<Transaction link>\u001b]8;;\u001b\\\u001b[39m"}
{"level":30,"time":1745524644031,"name":"close-pool","msg":"Transaction (\u001b[33mVHQSTZZ4...L5EfvbTP\u001b[39m) sent to swap \u001b[32m5,018,074.504576\u001b[39m BRILLIANTGUY to ~\u001b[32m0.195390579\u001b[39m WSOL for account (\u001b[35mESvS...pBLd\u001b[39m)"}
{"level":30,"time":1745524644430,"name":"close-pool","msg":"Transaction (\u001b[33m5ysjDzCD...mBdDt8Qb\u001b[39m) confirmed: \u001b[34m\u001b]8;;https://solscan.io/tx/5ysjDzCDFqg7dvk9tNCmswoUZsW8mLC6kXY37V5wZ3DcgK8i1KFghRtRi8yKx5m9g1i85xN9NbGThhhXmBdDt8Qb?cluster=mainnet-beta\u001b\\<Transaction link>\u001b]8;;\u001b\\\u001b[39m"}
{"level":30,"time":1745524644461,"name":"close-pool","msg":"Transaction (\u001b[33m2TDBXq6Q...7rtnyUss\u001b[39m) confirmed: \u001b[34m\u001b]8;;https://solscan.io/tx/2TDBXq6QdNYqLaj4AHcQjrfCqnLVYTJXqRCDn1ucMUQhq5khNUPYgfQhhBLT3nbcpj9c4N8DosATYgX17rtnyUss?cluster=mainnet-beta\u001b\\<Transaction link>\u001b]8;;\u001b\\\u001b[39m"}
{"level":30,"time":1745524644479,"name":"close-pool","msg":"Transaction (\u001b[33m3WSbGENv...zHCE6EYq\u001b[39m) sent to swap \u001b[32m4,076,996.380956\u001b[39m BRILLIANTGUY to ~\u001b[32m0.159649804\u001b[39m WSOL for account (\u001b[35mHe3D...Gk5T\u001b[39m)"}
{"level":30,"time":1745524644911,"name":"close-pool","msg":"Transaction (\u001b[33m4rMdEnY1...42BeCSoK\u001b[39m) confirmed: \u001b[34m\u001b]8;;https://solscan.io/tx/4rMdEnY1HE2Y3C7ZA6KoB9k92WtS4pxa3P8eyc4SLLpuoGg2WquepTKAx4Dk8aGkxMgYWKu14RwkWrGB42BeCSoK?cluster=mainnet-beta\u001b\\<Transaction link>\u001b]8;;\u001b\\\u001b[39m"}
{"level":30,"time":1745524645200,"name":"close-pool","msg":"Transaction (\u001b[33m2gHhb3AZ...ftJmKtqB\u001b[39m) sent to swap \u001b[32m4,396,883.003598\u001b[39m BRILLIANTGUY to ~\u001b[32m0.171844126\u001b[39m WSOL for account (\u001b[35mJBFz...WhZq\u001b[39m)"}
{"level":30,"time":1745524645328,"name":"close-pool","msg":"Transaction (\u001b[33m4i8AmNiw...uEghYaih\u001b[39m) sent to swap \u001b[32m5,043,761.300399\u001b[39m BRILLIANTGUY to ~\u001b[32m0.196360463\u001b[39m WSOL for account (\u001b[35mFhzN...rZLy\u001b[39m)"}
{"level":30,"time":1745524645484,"name":"close-pool","msg":"Transaction (\u001b[33m4jd7ZYQ2...5vm4ysB8\u001b[39m) sent to swap \u001b[32m4,994,704.697157\u001b[39m BRILLIANTGUY to ~\u001b[32m0.194507921\u001b[39m WSOL for account (\u001b[35mFa3D...RGwf\u001b[39m)"}
{"level":30,"time":1745524645624,"name":"close-pool","msg":"Transaction (\u001b[33m55673wm7...gVaf85ym\u001b[39m) confirmed: \u001b[34m\u001b]8;;https://solscan.io/tx/55673wm7pR7WwWDJ7BYKBJyLyy5v96zjz6qomffwYX3VU5qX2yfvPE6Nknu2CyYPFDMwEJ9Lj3JmYSXHgVaf85ym?cluster=mainnet-beta\u001b\\<Transaction link>\u001b]8;;\u001b\\\u001b[39m"}
{"level":30,"time":1745524645770,"name":"close-pool","msg":"Transaction (\u001b[33m5ZN8hCvL...NhU52iZu\u001b[39m) confirmed: \u001b[34m\u001b]8;;https://solscan.io/tx/5ZN8hCvLoQWhuikbZiXi3q9N1mowgQECXL72EYu8w6JKgD7jtG56VadoERAdL7warAsuQa4SpFDWrD2wNhU52iZu?cluster=mainnet-beta\u001b\\<Transaction link>\u001b]8;;\u001b\\\u001b[39m"}
{"level":30,"time":1745524646154,"name":"close-pool","msg":"Transaction (\u001b[33m29jaKowx...pj5r1gJg\u001b[39m) confirmed: \u001b[34m\u001b]8;;https://solscan.io/tx/29jaKowxMvaNqtT7geYqHsnsoMU2AeH2RNrnAr7xMQu7fUq4RZTMjnP7DJiR2gQ4L8hP7V8bP4YUUEz1pj5r1gJg?cluster=mainnet-beta\u001b\\<Transaction link>\u001b]8;;\u001b\\\u001b[39m"}
{"level":30,"time":1745524646802,"name":"close-pool","msg":"Transaction (\u001b[33m2BPHpqeo...3iQchSeR\u001b[39m) confirmed: \u001b[34m\u001b]8;;https://solscan.io/tx/2BPHpqeoGrvfP5jPQP5KxwX6nTobJZTy5gueDTidncBhWdRNizsVcNiH9ip2cPHqAAXz367MNFB3AaVi3iQchSeR?cluster=mainnet-beta\u001b\\<Transaction link>\u001b]8;;\u001b\\\u001b[39m"}
{"level":30,"time":1745524647093,"name":"close-pool","msg":"Transaction (\u001b[33m4pV5oyxR...uXkDgX7x\u001b[39m) confirmed: \u001b[34m\u001b]8;;https://solscan.io/tx/4pV5oyxRq5FoeF7cCeJNVrYu3PZoN3djmRexHs812geWJzkrHhyNQZdhZXvbXokYmTRTWyqU1fFR7coWuXkDgX7x?cluster=mainnet-beta\u001b\\<Transaction link>\u001b]8;;\u001b\\\u001b[39m"}
{"level":30,"time":1745524647385,"name":"close-pool","msg":"Transaction (\u001b[33m2V7nbJSG...wX9M6E3y\u001b[39m) confirmed: \u001b[34m\u001b]8;;https://solscan.io/tx/2V7nbJSGxBzQta5UDywVzekiLxsaKyTT4EZVYc9pMoaAvAAohSoxQ72YJiB1tidsX7gDm7KRM9FmrgakwX9M6E3y?cluster=mainnet-beta\u001b\\<Transaction link>\u001b]8;;\u001b\\\u001b[39m"}
{"level":30,"time":1745524648413,"name":"close-pool","msg":"Transaction (\u001b[33m3F2VcwgF...5NmgBcs6\u001b[39m) confirmed: \u001b[34m\u001b]8;;https://solscan.io/tx/3F2VcwgFCTFP7tSq4F2yH41auwkySSeFu6Vy7EL2Pm3WLwyQtvXKuG4ctWohVwvnuri5rvhESNSXPMJx5NmgBcs6?cluster=mainnet-beta\u001b\\<Transaction link>\u001b]8;;\u001b\\\u001b[39m"}
{"level":30,"time":1745524648951,"name":"close-pool","msg":"Transaction (\u001b[33m4FGczVHb...DkrJhggC\u001b[39m) confirmed: \u001b[34m\u001b]8;;https://solscan.io/tx/4FGczVHb4BnzBDVCYAmjFF1d6NMK9CjUU7VBMi6hUwPhzpGZxXoypZdvMsUxqm3tV5kYwMxjTibEcT7mDkrJhggC?cluster=mainnet-beta\u001b\\<Transaction link>\u001b]8;;\u001b\\\u001b[39m"}
{"level":30,"time":1745524648951,"name":"close-pool","msg":"Transaction (\u001b[33m44QUnyAR...i2pBQAiT\u001b[39m) sent to swap \u001b[32m4,752,904.933041\u001b[39m BRILLIANTGUY to ~\u001b[32m0.185360772\u001b[39m WSOL for account (\u001b[35mA4XW...fpDc\u001b[39m)"}
{"level":30,"time":1745524649216,"name":"close-pool","msg":"Transaction (\u001b[33mVHQSTZZ4...L5EfvbTP\u001b[39m) confirmed: \u001b[34m\u001b]8;;https://solscan.io/tx/VHQSTZZ4DMUV1Uya2QhxEqEKm2mKP2FLt6oWhFbfVHAhqyE46rXkGuTixoj4Q1KVxqTKT48anHMJ5QwL5EfvbTP?cluster=mainnet-beta\u001b\\<Transaction link>\u001b]8;;\u001b\\\u001b[39m"}
{"level":30,"time":1745524649644,"name":"close-pool","msg":"Transaction (\u001b[33m3WSbGENv...zHCE6EYq\u001b[39m) confirmed: \u001b[34m\u001b]8;;https://solscan.io/tx/3WSbGENvViZgPY8RjzfCMBZVjibtcoNAbr5hTLvjGZYt8dSsfH2in7nXth5QnTYANDM6L3cspyRLBrugzHCE6EYq?cluster=mainnet-beta\u001b\\<Transaction link>\u001b]8;;\u001b\\\u001b[39m"}
{"level":30,"time":1745524650449,"name":"close-pool","msg":"Transaction (\u001b[33m2gHhb3AZ...ftJmKtqB\u001b[39m) confirmed: \u001b[34m\u001b]8;;https://solscan.io/tx/2gHhb3AZx7VVXwUvZa2vvKq2bGNFfnUvMRC9S8HFNLdYkCiV6tDSuxcKH59gtD7p3QSTeFmVzM92tkLiftJmKtqB?cluster=mainnet-beta\u001b\\<Transaction link>\u001b]8;;\u001b\\\u001b[39m"}
{"level":30,"time":1745524650460,"name":"close-pool","msg":"Transaction (\u001b[33m4i8AmNiw...uEghYaih\u001b[39m) confirmed: \u001b[34m\u001b]8;;https://solscan.io/tx/4i8AmNiwddNmZJdSe7FoThqAbrf7goy3TqiKxDgn9RWeA3juZcHQeKK62qHgNRDCbntZLz9Ltg7jypzXuEghYaih?cluster=mainnet-beta\u001b\\<Transaction link>\u001b]8;;\u001b\\\u001b[39m"}
{"level":30,"time":1745524650621,"name":"close-pool","msg":"Transaction (\u001b[33m4jd7ZYQ2...5vm4ysB8\u001b[39m) confirmed: \u001b[34m\u001b]8;;https://solscan.io/tx/4jd7ZYQ2nKTzMDoyTDULDxM59kYNFYs5jGQufnYh8Yfqk1PTpZZRWuxq7LAz7E7VU9fMnp1HG6T3YeYW5vm4ysB8?cluster=mainnet-beta\u001b\\<Transaction link>\u001b]8;;\u001b\\\u001b[39m"}
{"level":30,"time":1745524652000,"name":"close-pool","msg":"Transaction (\u001b[33mncRyYT5w...hJTsJyyk\u001b[39m) sent to swap \u001b[32m926,629.807803\u001b[39m BRILLIANTGUY to ~\u001b[32m0.036989433\u001b[39m WSOL for account (\u001b[35mAzrn...cydm\u001b[39m)"}
{"level":30,"time":1745524653051,"name":"close-pool","msg":"Transaction (\u001b[33m42jMzbX6...KdZ5yWgU\u001b[39m) sent to swap \u001b[32m8,723,570.597\u001b[39m BRILLIANTGUY to ~\u001b[32m0.332278186\u001b[39m WSOL for account (\u001b[35mCsmk...zPBw\u001b[39m)"}
{"level":30,"time":1745524653366,"name":"close-pool","msg":"Transaction (\u001b[33m5bXtJhER...PS7U3KCA\u001b[39m) sent to swap \u001b[32m5,939,963.673003\u001b[39m BRILLIANTGUY to ~\u001b[32m0.230013009\u001b[39m WSOL for account (\u001b[35m9wcm...SyDw\u001b[39m)"}
{"level":30,"time":1745524653841,"name":"close-pool","msg":"Transaction (\u001b[33m3g7WyxyS...jB2MqBD6\u001b[39m) sent to swap \u001b[32m620,286.486914\u001b[39m BRILLIANTGUY to ~\u001b[32m0.024807537\u001b[39m WSOL for account (\u001b[35mGDu3...CbrP\u001b[39m)"}
{"level":30,"time":1745524654032,"name":"close-pool","msg":"Transaction (\u001b[33mC3rrLDHH...7eLCZbif\u001b[39m) sent to swap \u001b[32m4,725,535.455758\u001b[39m BRILLIANTGUY to ~\u001b[32m0.184323723\u001b[39m WSOL for account (\u001b[35m9bBi...9YmM\u001b[39m)"}
{"level":30,"time":1745524654094,"name":"close-pool","msg":"Transaction (\u001b[33m44QUnyAR...i2pBQAiT\u001b[39m) confirmed: \u001b[34m\u001b]8;;https://solscan.io/tx/44QUnyARXg2NtHuEbSt91yRgaBoWQHEAfoNnQFFagqgm3VXYmwoSSXYcRqDxEvpja5DVhPPxyWoPNybZi2pBQAiT?cluster=mainnet-beta\u001b\\<Transaction link>\u001b]8;;\u001b\\\u001b[39m"}
{"level":30,"time":1745524655191,"name":"close-pool","msg":"Transaction (\u001b[33m3ZqvkaCZ...5jDqBvXy\u001b[39m) sent to swap \u001b[32m3,460,403.920159\u001b[39m BRILLIANTGUY to ~\u001b[32m0.136011384\u001b[39m WSOL for account (\u001b[35m4327...SybH\u001b[39m)"}
{"level":30,"time":1745524657156,"name":"close-pool","msg":"Transaction (\u001b[33mncRyYT5w...hJTsJyyk\u001b[39m) confirmed: \u001b[34m\u001b]8;;https://solscan.io/tx/ncRyYT5w9jWqaK5XNdmroATqpBcx8GS1HfK77dBUWB2r5yqimEysyEdPvRu3eC26sTAe8HH5HnzfT4VhJTsJyyk?cluster=mainnet-beta\u001b\\<Transaction link>\u001b]8;;\u001b\\\u001b[39m"}
{"level":30,"time":1745524657311,"name":"close-pool","msg":"Transaction (\u001b[33m442LGQ1n...T5ro6fG1\u001b[39m) sent to swap \u001b[32m1,351,344.389746\u001b[39m BRILLIANTGUY to ~\u001b[32m0.053802599\u001b[39m WSOL for account (\u001b[35m7q8H...S9AT\u001b[39m)"}
{"level":30,"time":1745524657759,"name":"close-pool","msg":"Transaction (\u001b[33m41rp6LMo...sbiBAKZH\u001b[39m) sent to swap \u001b[32m1,358,875.782049\u001b[39m BRILLIANTGUY to ~\u001b[32m0.054099953\u001b[39m WSOL for account (\u001b[35mCTAy...z6EM\u001b[39m)"}
{"level":30,"time":1745524658100,"name":"close-pool","msg":"Transaction (\u001b[33mbFtwM16E...h9R4K7vv\u001b[39m) sent to swap \u001b[32m490.126756\u001b[39m BRILLIANTGUY to ~\u001b[32m0.000019677\u001b[39m WSOL for account (\u001b[35mDia2...yri3\u001b[39m)"}
{"level":30,"time":1745524658375,"name":"close-pool","msg":"Transaction (\u001b[33m2WtazBYe...Yfi3bmu1\u001b[39m) sent to swap \u001b[32m2,680,684.967888\u001b[39m BRILLIANTGUY to ~\u001b[32m0.105864911\u001b[39m WSOL for account (\u001b[35m8JhB...PRGx\u001b[39m)"}
{"level":30,"time":1745524658489,"name":"close-pool","msg":"Transaction (\u001b[33m5bXtJhER...PS7U3KCA\u001b[39m) confirmed: \u001b[34m\u001b]8;;https://solscan.io/tx/5bXtJhERQ2RvjjSGFZWix4WHCmfaE2veAyx5jPWUcEvaPy1KbBZQBnbB1JdieryYqJ9wgawapciU6h1ePS7U3KCA?cluster=mainnet-beta\u001b\\<Transaction link>\u001b]8;;\u001b\\\u001b[39m"}
{"level":30,"time":1745524658613,"name":"close-pool","msg":"Transaction (\u001b[33m42jMzbX6...KdZ5yWgU\u001b[39m) confirmed: \u001b[34m\u001b]8;;https://solscan.io/tx/42jMzbX6N2bbpDHmGbsMDEwqLRFPEbuiukzsVsBxwVkPBALrthTo6eeYKzR5Ewbjqf589DAWQdM8cgkUKdZ5yWgU?cluster=mainnet-beta\u001b\\<Transaction link>\u001b]8;;\u001b\\\u001b[39m"}
{"level":30,"time":1745524658985,"name":"close-pool","msg":"Transaction (\u001b[33m3g7WyxyS...jB2MqBD6\u001b[39m) confirmed: \u001b[34m\u001b]8;;https://solscan.io/tx/3g7WyxySwhC1XNmwDKruVh8v25rRusHvnCRvi5UF55vXTUjKH2ZXrfS9GywYbvrRw2LpXMgPyErEjVeCjB2MqBD6?cluster=mainnet-beta\u001b\\<Transaction link>\u001b]8;;\u001b\\\u001b[39m"}
{"level":30,"time":1745524659163,"name":"close-pool","msg":"Transaction (\u001b[33mC3rrLDHH...7eLCZbif\u001b[39m) confirmed: \u001b[34m\u001b]8;;https://solscan.io/tx/C3rrLDHHGWQp9zkCMbzYJue1vaZ7njypmZL5pJJCexuyjJmgsuJgZVriLKpE29oVPFpAv1ZKSyCWHgC7eLCZbif?cluster=mainnet-beta\u001b\\<Transaction link>\u001b]8;;\u001b\\\u001b[39m"}
{"level":30,"time":1745524659613,"name":"close-pool","msg":"Transaction (\u001b[33m5hMhBh5Q...bKdtXY4Z\u001b[39m) sent to swap \u001b[32m1,141,636.154603\u001b[39m BRILLIANTGUY to ~\u001b[32m0.04551186\u001b[39m WSOL for account (\u001b[35mBr1K...pXSp\u001b[39m)"}
{"level":30,"time":1745524659671,"name":"close-pool","msg":"Transaction (\u001b[33m5H7VXy3F...f1jB3Xxc\u001b[39m) sent to swap \u001b[32m5,133,497.79734\u001b[39m BRILLIANTGUY to ~\u001b[32m0.199746393\u001b[39m WSOL for account (\u001b[35mE1Ri...BqcU\u001b[39m)"}
{"level":30,"time":1745524660173,"name":"close-pool","msg":"Transaction (\u001b[33mzpYX3QPr...TXX2SwF8\u001b[39m) sent to swap \u001b[32m2,258,256.09497\u001b[39m BRILLIANTGUY to ~\u001b[32m0.08941253\u001b[39m WSOL for account (\u001b[35mDaUh...eQT7\u001b[39m)"}
{"level":30,"time":1745524660310,"name":"close-pool","msg":"Transaction (\u001b[33m3ZqvkaCZ...5jDqBvXy\u001b[39m) confirmed: \u001b[34m\u001b]8;;https://solscan.io/tx/3ZqvkaCZnFH7Ukosu83y3HyoypCdkusnbscKVBt15aE1DmNX8xd4uiWBknyrdFREu3BpqszyXNta3nXe5jDqBvXy?cluster=mainnet-beta\u001b\\<Transaction link>\u001b]8;;\u001b\\\u001b[39m"}
{"level":30,"time":1745524660333,"name":"close-pool","msg":"Transaction (\u001b[33mVL7nJF5s...AdRfSBym\u001b[39m) sent to swap \u001b[32m5,375,228.019336\u001b[39m BRILLIANTGUY to ~\u001b[32m0.208849217\u001b[39m WSOL for account (\u001b[35m3S58...yNMk\u001b[39m)"}
{"level":30,"time":1745524660552,"name":"close-pool","msg":"Transaction (\u001b[33m3XFZKfk9...KZHypVFP\u001b[39m) sent to swap \u001b[32m4,800,142.713293\u001b[39m BRILLIANTGUY to ~\u001b[32m0.187149841\u001b[39m WSOL for account (\u001b[35mHE9K...E8yi\u001b[39m)"}
{"level":30,"time":1745524661082,"name":"close-pool","msg":"Transaction (\u001b[33mTy28qMMx...1LtkpzZU\u001b[39m) sent to swap \u001b[32m6,330,952.346739\u001b[39m BRILLIANTGUY to ~\u001b[32m0.244582088\u001b[39m WSOL for account (\u001b[35mF6rY...NZuC\u001b[39m)"}
{"level":30,"time":1745524661272,"name":"close-pool","msg":"Transaction (\u001b[33m5jbQaVtc...oCLrkyHX\u001b[39m) sent to swap \u001b[32m4,387,589.529584\u001b[39m BRILLIANTGUY to ~\u001b[32m0.171490515\u001b[39m WSOL for account (\u001b[35m4f5d...3tra\u001b[39m)"}
{"level":30,"time":1745524661337,"name":"close-pool","msg":"Transaction (\u001b[33m3Nrf2YXL...wJUsvgXx\u001b[39m) sent to swap \u001b[32m700.671066\u001b[39m BRILLIANTGUY to ~\u001b[32m0.000028129\u001b[39m WSOL for account (\u001b[35mBRSH...pBYC\u001b[39m)"}
{"level":30,"time":1745524661773,"name":"close-pool","msg":"Transaction (\u001b[33m4SPesa7g...6HqVstX5\u001b[39m) sent to swap \u001b[32m6,312,772.862545\u001b[39m BRILLIANTGUY to ~\u001b[32m0.243906186\u001b[39m WSOL for account (\u001b[35m4vGi...BzTz\u001b[39m)"}
{"level":30,"time":1745524662241,"name":"close-pool","msg":"Transaction (\u001b[33m58SJMHXc...NNbm9hG7\u001b[39m) sent to swap \u001b[32m8,586,852.011779\u001b[39m BRILLIANTGUY to ~\u001b[32m0.327333539\u001b[39m WSOL for account (\u001b[35m8TYV...bx1s\u001b[39m)"}
{"level":30,"time":1745524662444,"name":"close-pool","msg":"Transaction (\u001b[33m442LGQ1n...T5ro6fG1\u001b[39m) confirmed: \u001b[34m\u001b]8;;https://solscan.io/tx/442LGQ1n8qzV8zTiHMK1Ux4CvyqiccLaEoCjz8DVUG9trP3KYgYPwGw7EXfzRwfSLuiNvWb21bwGT9QAT5ro6fG1?cluster=mainnet-beta\u001b\\<Transaction link>\u001b]8;;\u001b\\\u001b[39m"}
{"level":30,"time":1745524662904,"name":"close-pool","msg":"Transaction (\u001b[33m1UxwmJzo...a6wBzNmE\u001b[39m) sent to swap \u001b[32m120.403067\u001b[39m BRILLIANTGUY to ~\u001b[32m0.000004833\u001b[39m WSOL for account (\u001b[35mEsYM...F2KP\u001b[39m)"}
{"level":30,"time":1745524662905,"name":"close-pool","msg":"Transaction (\u001b[33m41rp6LMo...sbiBAKZH\u001b[39m) confirmed: \u001b[34m\u001b]8;;https://solscan.io/tx/41rp6LMoffDHX1rczqszhG7HMgHrsr71nXr2F93zsFx1aKyqhWPt77q4aAHrKVyTkZDeyMnsuRbsJNwwsbiBAKZH?cluster=mainnet-beta\u001b\\<Transaction link>\u001b]8;;\u001b\\\u001b[39m"}
{"level":30,"time":1745524663073,"name":"close-pool","msg":"Transaction (\u001b[33m3NHU58d1...SNen5FD2\u001b[39m) sent to swap \u001b[32m3,133,086.787333\u001b[39m BRILLIANTGUY to ~\u001b[32m0.123391016\u001b[39m WSOL for account (\u001b[35mFjvA...J2n6\u001b[39m)"}
{"level":30,"time":1745524663511,"name":"close-pool","msg":"Transaction (\u001b[33m2WtazBYe...Yfi3bmu1\u001b[39m) confirmed: \u001b[34m\u001b]8;;https://solscan.io/tx/2WtazBYeD3eMEvPxv7W37BvsbfwVWyFaZaMLBLgGdsawC1iDyGKcNEpZVxHwsL7KBYBY8Qpp5LAVYapJYfi3bmu1?cluster=mainnet-beta\u001b\\<Transaction link>\u001b]8;;\u001b\\\u001b[39m"}
{"level":30,"time":1745524663673,"name":"close-pool","msg":"Transaction (\u001b[33mbFtwM16E...h9R4K7vv\u001b[39m) confirmed: \u001b[34m\u001b]8;;https://solscan.io/tx/bFtwM16E2c2xdtfYj2vtNwLNLJnYKhaiLmwhs6APJLRLWzXobTRwHVAfSh8ZxqprMo2dgNRNYpqTwouh9R4K7vv?cluster=mainnet-beta\u001b\\<Transaction link>\u001b]8;;\u001b\\\u001b[39m"}
{"level":30,"time":1745524664803,"name":"close-pool","msg":"Transaction (\u001b[33m5H7VXy3F...f1jB3Xxc\u001b[39m) confirmed: \u001b[34m\u001b]8;;https://solscan.io/tx/5H7VXy3FJTsnizThLy5c5VFGXBNsVFpdfVyXtH7XCQGheEWZk3itvxaWdUKDn5DWXRuFL1K85nYHodmyf1jB3Xxc?cluster=mainnet-beta\u001b\\<Transaction link>\u001b]8;;\u001b\\\u001b[39m"}
{"level":30,"time":1745524664828,"name":"close-pool","msg":"Transaction (\u001b[33m5hMhBh5Q...bKdtXY4Z\u001b[39m) confirmed: \u001b[34m\u001b]8;;https://solscan.io/tx/5hMhBh5QEg3oZ29rgdAX4xZEaz9QtRL4zsTVCDixPfZmEnCYdzBHtDbw2J4hhKpdbZ4MEgJG2JjiH7VbbKdtXY4Z?cluster=mainnet-beta\u001b\\<Transaction link>\u001b]8;;\u001b\\\u001b[39m"}
{"level":30,"time":1745524664828,"name":"close-pool","msg":"Transaction (\u001b[33mf4GdpyDj...jSHQq8g1\u001b[39m) sent to swap \u001b[32m5,867,448.71886\u001b[39m BRILLIANTGUY to ~\u001b[32m0.227303462\u001b[39m WSOL for account (\u001b[35mETZr...ez1c\u001b[39m)"}
{"level":30,"time":1745524664995,"name":"close-pool","msg":"Transaction (\u001b[33m4RLpWuba...89PBeCHt\u001b[39m) sent to swap \u001b[32m2,280,118.913398\u001b[39m BRILLIANTGUY to ~\u001b[32m0.090266106\u001b[39m WSOL for account (\u001b[35m2GaW...Piss\u001b[39m)"}
{"level":30,"time":1745524665261,"name":"close-pool","msg":"Transaction (\u001b[33m5iM9imur...mXkEtS6y\u001b[39m) sent to swap \u001b[32m6,179,902.629224\u001b[39m BRILLIANTGUY to ~\u001b[32m0.238961705\u001b[39m WSOL for account (\u001b[35m87U9...ECUh\u001b[39m)"}
{"level":30,"time":1745524665314,"name":"close-pool","msg":"Transaction (\u001b[33mzpYX3QPr...TXX2SwF8\u001b[39m) confirmed: \u001b[34m\u001b]8;;https://solscan.io/tx/zpYX3QPrxJtJQPbvVKe9YnBQissQvCdDjDC3rwZUwzKRx6qTh8ZpYHTkYnRk8H9TgcPucg2ToHcEWE4TXX2SwF8?cluster=mainnet-beta\u001b\\<Transaction link>\u001b]8;;\u001b\\\u001b[39m"}
{"level":30,"time":1745524665509,"name":"close-pool","msg":"Transaction (\u001b[33mVL7nJF5s...AdRfSBym\u001b[39m) confirmed: \u001b[34m\u001b]8;;https://solscan.io/tx/VL7nJF5svMWgdo4riQd3gKPJbMS6PJ15a1qzsgv5K3JS36MNyoTEaDSTqiHLWuV6wvz7tTyRaDXa4GXAdRfSBym?cluster=mainnet-beta\u001b\\<Transaction link>\u001b]8;;\u001b\\\u001b[39m"}
{"level":30,"time":1745524665566,"name":"close-pool","msg":"Transaction (\u001b[33m4ze1NLdg...9mtYvUmh\u001b[39m) sent to swap \u001b[32m1,222,680.685022\u001b[39m BRILLIANTGUY to ~\u001b[32m0.04871846\u001b[39m WSOL for account (\u001b[35m2MgN...AaA3\u001b[39m)"}
{"level":30,"time":1745524665614,"name":"close-pool","msg":"Transaction (\u001b[33m47pYRnQ7...pMTy5Y8y\u001b[39m) sent to swap \u001b[32m2,066,933.456022\u001b[39m BRILLIANTGUY to ~\u001b[32m0.081933105\u001b[39m WSOL for account (\u001b[35mBPYk...2sXT\u001b[39m)"}
{"level":30,"time":1745524665923,"name":"close-pool","msg":"Transaction (\u001b[33m3XFZKfk9...KZHypVFP\u001b[39m) confirmed: \u001b[34m\u001b]8;;https://solscan.io/tx/3XFZKfk9E2t3s1E4gCVDR6mkT5CiPB4mmiDmH2Ab3Kuz61vsNx9BHL7U59YMXzQKsqPPrUniK8DDJj32KZHypVFP?cluster=mainnet-beta\u001b\\<Transaction link>\u001b]8;;\u001b\\\u001b[39m"}
{"level":30,"time":1745524666212,"name":"close-pool","msg":"Transaction (\u001b[33mTy28qMMx...1LtkpzZU\u001b[39m) confirmed: \u001b[34m\u001b]8;;https://solscan.io/tx/Ty28qMMxKMjMxzXhjEBcwsNiK481huacXR65En3xQywFMJvcDqLSXqvEQo8X6nqUAF7dNEnQrErQ9uu1LtkpzZU?cluster=mainnet-beta\u001b\\<Transaction link>\u001b]8;;\u001b\\\u001b[39m"}
{"level":30,"time":1745524666291,"name":"close-pool","msg":"Transaction (\u001b[33m4UuwH7Dh...vMMR7SEW\u001b[39m) sent to swap \u001b[32m652,654.387736\u001b[39m BRILLIANTGUY to ~\u001b[32m0.026096838\u001b[39m WSOL for account (\u001b[35m13aY...YpWC\u001b[39m)"}
{"level":30,"time":1745524666403,"name":"close-pool","msg":"Transaction (\u001b[33m5jbQaVtc...oCLrkyHX\u001b[39m) confirmed: \u001b[34m\u001b]8;;https://solscan.io/tx/5jbQaVtc7FNXen9C9BrGkLXsrW3SHmy2VUWBudirXtUAQihncybYhwFLQGhSpKT8AunzFgPiVjcaAPCuoCLrkyHX?cluster=mainnet-beta\u001b\\<Transaction link>\u001b]8;;\u001b\\\u001b[39m"}
{"level":30,"time":1745524666436,"name":"close-pool","msg":"Transaction (\u001b[33m8SeShQ2y...ZyexpU2K\u001b[39m) sent to swap \u001b[32m103.246725\u001b[39m BRILLIANTGUY to ~\u001b[32m0.000004145\u001b[39m WSOL for account (\u001b[35m2WWy...4tda\u001b[39m)"}
{"level":30,"time":1745524666456,"name":"close-pool","msg":"Transaction (\u001b[33m3NPwoDCm...hrAoxusL\u001b[39m) sent to swap \u001b[32m3,398,502.579988\u001b[39m BRILLIANTGUY to ~\u001b[32m0.133628496\u001b[39m WSOL for account (\u001b[35m2Svg...cX6Q\u001b[39m)"}
{"level":30,"time":1745524666466,"name":"close-pool","msg":"Transaction (\u001b[33m3Nrf2YXL...wJUsvgXx\u001b[39m) confirmed: \u001b[34m\u001b]8;;https://solscan.io/tx/3Nrf2YXLsmYDVvKLpGniTG56swnRWuBDmagn6dKe7VmvUBvQs9dqZbdzv3NPNyWPLK1bz7XFDKN9T8A6wJUsvgXx?cluster=mainnet-beta\u001b\\<Transaction link>\u001b]8;;\u001b\\\u001b[39m"}
{"level":30,"time":1745524666673,"name":"close-pool","msg":"Transaction (\u001b[33m62r78UmD...Vc8xGErp\u001b[39m) sent to swap \u001b[32m527.004035\u001b[39m BRILLIANTGUY to ~\u001b[32m0.000021157\u001b[39m WSOL for account (\u001b[35mBdWy...X4Cm\u001b[39m)"}
{"level":30,"time":1745524666826,"name":"close-pool","msg":"Transaction (\u001b[33mYuJ4ZKR5...7xMPx98K\u001b[39m) sent to swap \u001b[32m6,323,626.111956\u001b[39m BRILLIANTGUY to ~\u001b[32m0.244309721\u001b[39m WSOL for account (\u001b[35m9XBX...QGRB\u001b[39m)"}
{"level":30,"time":1745524666844,"name":"close-pool","msg":"Transaction (\u001b[33m5WdRpnfJ...tfJnGWcz\u001b[39m) sent to swap \u001b[32m4,232,924.430601\u001b[39m BRILLIANTGUY to ~\u001b[32m0.165599781\u001b[39m WSOL for account (\u001b[35mEJs1...Qfec\u001b[39m)"}
{"level":30,"time":1745524666900,"name":"close-pool","msg":"Transaction (\u001b[33m4SPesa7g...6HqVstX5\u001b[39m) confirmed: \u001b[34m\u001b]8;;https://solscan.io/tx/4SPesa7gZQguLieWGL5D921SpjG9ctpDFY9zXJ76jvshRRGPU8oF437DqX1r9mU6NdEDzPjEStTgsAS46HqVstX5?cluster=mainnet-beta\u001b\\<Transaction link>\u001b]8;;\u001b\\\u001b[39m"}
{"level":30,"time":1745524667151,"name":"close-pool","msg":"Transaction (\u001b[33mkmBUZ3TW...sbS83zmf\u001b[39m) sent to swap \u001b[32m182.029964\u001b[39m BRILLIANTGUY to ~\u001b[32m0.000007308\u001b[39m WSOL for account (\u001b[35mAsYj...m6EU\u001b[39m)"}
{"level":30,"time":1745524667665,"name":"close-pool","msg":"Transaction (\u001b[33m58SJMHXc...NNbm9hG7\u001b[39m) confirmed: \u001b[34m\u001b]8;;https://solscan.io/tx/58SJMHXcMAqwwxa6pZWbSDXXPP7YSC684it4WRvemN9MXtNyoeneEH7eKXoDUT7GgvdPcv8kmvZRYpu4NNbm9hG7?cluster=mainnet-beta\u001b\\<Transaction link>\u001b]8;;\u001b\\\u001b[39m"}
{"level":30,"time":1745524667998,"name":"close-pool","msg":"Transaction (\u001b[33m3v9Q7do9...QY7KFKPn\u001b[39m) sent to swap \u001b[32m778.109531\u001b[39m BRILLIANTGUY to ~\u001b[32m0.000031238\u001b[39m WSOL for account (\u001b[35m7pkV...WkcR\u001b[39m)"}
{"level":30,"time":1745524668250,"name":"close-pool","msg":"Transaction (\u001b[33m3NHU58d1...SNen5FD2\u001b[39m) confirmed: \u001b[34m\u001b]8;;https://solscan.io/tx/3NHU58d1ixowwMeTucraVsJr7nsQTt7e2ix3m82tVsx2u4HJ6ZtucfP8iBKoeoyANgk41MJSQzyZZRGaSNen5FD2?cluster=mainnet-beta\u001b\\<Transaction link>\u001b]8;;\u001b\\\u001b[39m"}
{"level":30,"time":1745524668271,"name":"close-pool","msg":"Transaction (\u001b[33m1UxwmJzo...a6wBzNmE\u001b[39m) confirmed: \u001b[34m\u001b]8;;https://solscan.io/tx/1UxwmJzopV4Tg82TZiDdEHdmg7ARASEKBFsZBbbakFwUzLD1sPUxnhojXWgyd2t1UDJhpkDNgqxTPQqa6wBzNmE?cluster=mainnet-beta\u001b\\<Transaction link>\u001b]8;;\u001b\\\u001b[39m"}
{"level":30,"time":1745524668524,"name":"close-pool","msg":"Transaction (\u001b[33m2KfF547G...BZWBMcw2\u001b[39m) sent to swap \u001b[32m5,295,666.922762\u001b[39m BRILLIANTGUY to ~\u001b[32m0.205856102\u001b[39m WSOL for account (\u001b[35m4BJs...s3Js\u001b[39m)"}
{"level":30,"time":1745524669355,"name":"close-pool","msg":"Transaction (\u001b[33m67VB6LSH...23kNSkkd\u001b[39m) sent to swap \u001b[32m3,766,723.420461\u001b[39m BRILLIANTGUY to ~\u001b[32m0.147776861\u001b[39m WSOL for account (\u001b[35mDTcd...kT6p\u001b[39m)"}
{"level":30,"time":1745524669829,"name":"close-pool","msg":"Transaction (\u001b[33m743cA1dj...hMfXB6zy\u001b[39m) sent to swap \u001b[32m3,514,953.749049\u001b[39m BRILLIANTGUY to ~\u001b[32m0.138109795\u001b[39m WSOL for account (\u001b[35mEbQN...DSic\u001b[39m)"}
{"level":30,"time":1745524669967,"name":"close-pool","msg":"Transaction (\u001b[33m2C8xVrpq...dQLXkN4v\u001b[39m) sent to swap \u001b[32m1,222.941168\u001b[39m BRILLIANTGUY to ~\u001b[32m0.000049097\u001b[39m WSOL for account (\u001b[35m8hnV...NPsS\u001b[39m)"}
{"level":30,"time":1745524670517,"name":"close-pool","msg":"Transaction (\u001b[33m4mLv4Gz3...yFkQ4MXa\u001b[39m) sent to swap \u001b[32m1,748,126.867652\u001b[39m BRILLIANTGUY to ~\u001b[32m0.06943097\u001b[39m WSOL for account (\u001b[35mEQUb...QmVK\u001b[39m)"}
{"level":30,"time":1745524670800,"name":"close-pool","msg":"Transaction (\u001b[33m4APsCony...3PvSssEM\u001b[39m) sent to swap \u001b[32m7,390,995.732323\u001b[39m BRILLIANTGUY to ~\u001b[32m0.283742201\u001b[39m WSOL for account (\u001b[35m6uF1...pnj1\u001b[39m)"}
{"level":30,"time":1745524671036,"name":"close-pool","msg":"Transaction (\u001b[33m2GDhNJH8...3538cYj2\u001b[39m) sent to swap \u001b[32m3,448,256.712512\u001b[39m BRILLIANTGUY to ~\u001b[32m0.135543919\u001b[39m WSOL for account (\u001b[35mHJSq...gyJx\u001b[39m)"}
{"level":30,"time":1745524671240,"name":"close-pool","msg":"Transaction (\u001b[33m47pYRnQ7...pMTy5Y8y\u001b[39m) confirmed: \u001b[34m\u001b]8;;https://solscan.io/tx/47pYRnQ7EfMgC48JJfxEBexaQ2YjFaVhzK4GLJdRz4tkaCtnqESDSNWBEywVT17dZgTFuv21XcAKjP46pMTy5Y8y?cluster=mainnet-beta\u001b\\<Transaction link>\u001b]8;;\u001b\\\u001b[39m"}
{"level":30,"time":1745524671488,"name":"close-pool","msg":"Transaction (\u001b[33m4UuwH7Dh...vMMR7SEW\u001b[39m) confirmed: \u001b[34m\u001b]8;;https://solscan.io/tx/4UuwH7DhxooDMin7cemqnPLkwLPBNe1cq1NhXdGsMG3cm72ViTddQvRcRM79G2nQ5emRWEBhgJ1MPLj3vMMR7SEW?cluster=mainnet-beta\u001b\\<Transaction link>\u001b]8;;\u001b\\\u001b[39m"}
{"level":30,"time":1745524671491,"name":"close-pool","msg":"Transaction (\u001b[33m57bVWxjc...PTnjdez7\u001b[39m) sent to swap \u001b[32m7,683,174.880311\u001b[39m BRILLIANTGUY to ~\u001b[32m0.294449604\u001b[39m WSOL for account (\u001b[35mBQfa...FXZh\u001b[39m)"}
{"level":30,"time":1745524671524,"name":"close-pool","msg":"Transaction (\u001b[33m4pGvtcXK...Jf96FiyR\u001b[39m) sent to swap \u001b[32m1,358,942.478431\u001b[39m BRILLIANTGUY to ~\u001b[32m0.054102586\u001b[39m WSOL for account (\u001b[35m83DC...HfDM\u001b[39m)"}
{"level":30,"time":1745524671782,"name":"close-pool","msg":"Transaction (\u001b[33m4cbfWiXk...8KzG59pL\u001b[39m) sent to swap \u001b[32m383.647068\u001b[39m BRILLIANTGUY to ~\u001b[32m0.000015402\u001b[39m WSOL for account (\u001b[35m7S85...omx5\u001b[39m)"}
{"level":30,"time":1745524671805,"name":"close-pool","msg":"Transaction (\u001b[33m8SeShQ2y...ZyexpU2K\u001b[39m) confirmed: \u001b[34m\u001b]8;;https://solscan.io/tx/8SeShQ2yi19hAKAnJtNCkPnee1jGryVjD9NmSfvpUZM9d87eacPgaNCu2fwCb7QuvMVmEeMiTWm4csDZyexpU2K?cluster=mainnet-beta\u001b\\<Transaction link>\u001b]8;;\u001b\\\u001b[39m"}
{"level":30,"time":1745524671805,"name":"close-pool","msg":"Transaction (\u001b[33m62r78UmD...Vc8xGErp\u001b[39m) confirmed: \u001b[34m\u001b]8;;https://solscan.io/tx/62r78UmDXZtfVbuRBvXGt6BGunLgL8v9PnV7qsZoVt7kg9aYAerdXAXgQYjRzufLCdi6meA2ZFsoRssXVc8xGErp?cluster=mainnet-beta\u001b\\<Transaction link>\u001b]8;;\u001b\\\u001b[39m"}
{"level":30,"time":1745524671834,"name":"close-pool","msg":"Transaction (\u001b[33m3NPwoDCm...hrAoxusL\u001b[39m) confirmed: \u001b[34m\u001b]8;;https://solscan.io/tx/3NPwoDCmNAQsMUEBP1wcsxgYcrk2J2fUQ1PoNgV9R7NApWsNgtok6zoN2RDXseiZM2HXgnLvx4KMJbn3hrAoxusL?cluster=mainnet-beta\u001b\\<Transaction link>\u001b]8;;\u001b\\\u001b[39m"}
{"level":30,"time":1745524671951,"name":"close-pool","msg":"Transaction (\u001b[33mYuJ4ZKR5...7xMPx98K\u001b[39m) confirmed: \u001b[34m\u001b]8;;https://solscan.io/tx/YuJ4ZKR5rgpZFk7okiXogCKKxnb67Ng79xZmJ8QZBoV7cY7AcufF3cnYL84LM5HvSmJ9KBU4zkzsnCa7xMPx98K?cluster=mainnet-beta\u001b\\<Transaction link>\u001b]8;;\u001b\\\u001b[39m"}
{"level":30,"time":1745524671995,"name":"close-pool","msg":"Transaction (\u001b[33m5WdRpnfJ...tfJnGWcz\u001b[39m) confirmed: \u001b[34m\u001b]8;;https://solscan.io/tx/5WdRpnfJbrn7M15qYnYdethniNL68YYVNWGfpLDXNb8j5RyXnSDkyAiYFNwSmcVThRVnTJ7wj1BDqnw2tfJnGWcz?cluster=mainnet-beta\u001b\\<Transaction link>\u001b]8;;\u001b\\\u001b[39m"}
{"level":30,"time":1745524672292,"name":"close-pool","msg":"Transaction (\u001b[33mkmBUZ3TW...sbS83zmf\u001b[39m) confirmed: \u001b[34m\u001b]8;;https://solscan.io/tx/kmBUZ3TW4awBoZwHWfvyMUWcZmQ7YAk6cuN1wRPSuhVLKEW9bZA5EsqfrkSS7ryqHTa1KP4PbEtpXXSsbS83zmf?cluster=mainnet-beta\u001b\\<Transaction link>\u001b]8;;\u001b\\\u001b[39m"}
{"level":30,"time":1745524672321,"name":"close-pool","msg":"Transaction (\u001b[33m2DivzDCu...8FWquFyY\u001b[39m) sent to swap \u001b[32m7,673,569.883932\u001b[39m BRILLIANTGUY to ~\u001b[32m0.2940982\u001b[39m WSOL for account (\u001b[35m2wk8...JWTB\u001b[39m)"}
{"level":30,"time":1745524672686,"name":"close-pool","msg":"Transaction (\u001b[33m2D7TznVz...H72fYjWy\u001b[39m) sent to swap \u001b[32m5,230,252.319103\u001b[39m BRILLIANTGUY to ~\u001b[32m0.203393042\u001b[39m WSOL for account (\u001b[35mKVvb...AEGt\u001b[39m)"}
{"level":30,"time":1745524673146,"name":"close-pool","msg":"Transaction (\u001b[33m3v9Q7do9...QY7KFKPn\u001b[39m) confirmed: \u001b[34m\u001b]8;;https://solscan.io/tx/3v9Q7do9UfGK3ptar5ymjqprw32YikFhzVPvzxuWZR2Go6Ce8Vam9GdYxpYFPbmHG5uhrJoYqRWR7fzYQY7KFKPn?cluster=mainnet-beta\u001b\\<Transaction link>\u001b]8;;\u001b\\\u001b[39m"}
{"level":30,"time":1745524673315,"name":"close-pool","msg":"Transaction (\u001b[33m2qn4twhS...5mg1DMum\u001b[39m) sent to swap \u001b[32m5,318,021.282164\u001b[39m BRILLIANTGUY to ~\u001b[32m0.206697369\u001b[39m WSOL for account (\u001b[35mG2JC...w7Pv\u001b[39m)"}
{"level":30,"time":1745524673713,"name":"close-pool","msg":"Transaction (\u001b[33m2KfF547G...BZWBMcw2\u001b[39m) confirmed: \u001b[34m\u001b]8;;https://solscan.io/tx/2KfF547Gf3LVCmSYtEVxArFwntdo1yx7HXGkYVogeFZKmCikxLyrDDnvQbGSipA6xMY1GqepHhZ4b6asBZWBMcw2?cluster=mainnet-beta\u001b\\<Transaction link>\u001b]8;;\u001b\\\u001b[39m"}
{"level":30,"time":1745524673865,"name":"close-pool","msg":"Transaction (\u001b[33mBjNhMP6M...sSk2ifAH\u001b[39m) sent to swap \u001b[32m4,836,495.432837\u001b[39m BRILLIANTGUY to ~\u001b[32m0.188525961\u001b[39m WSOL for account (\u001b[35mKtj8...tSGA\u001b[39m)"}
{"level":30,"time":1745524674065,"name":"close-pool","msg":"Transaction (\u001b[33m65oSyLSx...fckzcQhH\u001b[39m) sent to swap \u001b[32m197.25243\u001b[39m BRILLIANTGUY to ~\u001b[32m0.000007919\u001b[39m WSOL for account (\u001b[35mCPF2...auFn\u001b[39m)"}
{"level":30,"time":1745524674177,"name":"close-pool","msg":"Transaction (\u001b[33m2HuPck71...R7ggFSEL\u001b[39m) sent to swap \u001b[32m8,939,935.971457\u001b[39m BRILLIANTGUY to ~\u001b[32m0.340087176\u001b[39m WSOL for account (\u001b[35m7gKR...CzXS\u001b[39m)"}
{"level":30,"time":1745524674638,"name":"close-pool","msg":"Transaction (\u001b[33m2yTQHEEr...dhz6HvYX\u001b[39m) sent to swap \u001b[32m1,149,571.18862\u001b[39m BRILLIANTGUY to ~\u001b[32m0.045825958\u001b[39m WSOL for account (\u001b[35m3JHt...FcwA\u001b[39m)"}
{"level":30,"time":1745524674687,"name":"close-pool","msg":"Transaction (\u001b[33m67VB6LSH...23kNSkkd\u001b[39m) confirmed: \u001b[34m\u001b]8;;https://solscan.io/tx/67VB6LSHKu1DuXmyJJc4oDp76A8K4ouXuKksaYv2TcGTi4PQv9jASWTK7pHeQBvtZA8k21qDfKc8qGER23kNSkkd?cluster=mainnet-beta\u001b\\<Transaction link>\u001b]8;;\u001b\\\u001b[39m"}
{"level":30,"time":1745524674982,"name":"close-pool","msg":"Transaction (\u001b[33mf4GdpyDj...jSHQq8g1\u001b[39m) confirmed: \u001b[34m\u001b]8;;https://solscan.io/tx/f4GdpyDj1HY23WBvMCGf6bzNhS9y3DnuMLPLEj94QRR8eXwn8DgVi5PcFsHbc6C3LZH8EU6jWh9Lw46jSHQq8g1?cluster=mainnet-beta\u001b\\<Transaction link>\u001b]8;;\u001b\\\u001b[39m"}
{"level":30,"time":1745524674984,"name":"close-pool","msg":"Transaction (\u001b[33m743cA1dj...hMfXB6zy\u001b[39m) confirmed: \u001b[34m\u001b]8;;https://solscan.io/tx/743cA1djhkM7fdc5CQkVV7f3yja1kisMtxp8e2eLqD2Ryi5km79pdbgiPpwJRn5mApDnaaUFMKtFhwjhMfXB6zy?cluster=mainnet-beta\u001b\\<Transaction link>\u001b]8;;\u001b\\\u001b[39m"}
{"level":30,"time":1745524675136,"name":"close-pool","msg":"Transaction (\u001b[33m2C8xVrpq...dQLXkN4v\u001b[39m) confirmed: \u001b[34m\u001b]8;;https://solscan.io/tx/2C8xVrpqAdNLQ8KK97qodmudyCGt2TqGYTUfFsvJiXzHU65jS8FUrMLUmNzSBrTLfT8t27Un4tC8aenVdQLXkN4v?cluster=mainnet-beta\u001b\\<Transaction link>\u001b]8;;\u001b\\\u001b[39m"}
{"level":30,"time":1745524675164,"name":"close-pool","msg":"Transaction (\u001b[33m4RLpWuba...89PBeCHt\u001b[39m) confirmed: \u001b[34m\u001b]8;;https://solscan.io/tx/4RLpWubaPBMuUK8udyp7UNdpYhHSBAF76upaG7A1Wbw1De3kEruA5oxVzDK8oBjYHDYqTQ8GziESM6hN89PBeCHt?cluster=mainnet-beta\u001b\\<Transaction link>\u001b]8;;\u001b\\\u001b[39m"}
{"level":30,"time":1745524675673,"name":"close-pool","msg":"Transaction (\u001b[33m4mLv4Gz3...yFkQ4MXa\u001b[39m) confirmed: \u001b[34m\u001b]8;;https://solscan.io/tx/4mLv4Gz3y7fbMf8RqHc38eVXUp7Q4xBF9RfgfrBVW6yWGoS3xR69F9JHoZa9G9e2g14qQffjFpjxhxfRyFkQ4MXa?cluster=mainnet-beta\u001b\\<Transaction link>\u001b]8;;\u001b\\\u001b[39m"}
{"level":30,"time":1745524675687,"name":"close-pool","msg":"Transaction (\u001b[33m5iM9imur...mXkEtS6y\u001b[39m) confirmed: \u001b[34m\u001b]8;;https://solscan.io/tx/5iM9imur9BGo4p5J4TvEtr6wMvfuHqaodNGMBKVPtBAvz4jVPVMcr88zC2kRzUu2dtKHXp7PaxvPRAymXkEtS6y?cluster=mainnet-beta\u001b\\<Transaction link>\u001b]8;;\u001b\\\u001b[39m"}
{"level":30,"time":1745524675712,"name":"close-pool","msg":"Transaction (\u001b[33m4ze1NLdg...9mtYvUmh\u001b[39m) confirmed: \u001b[34m\u001b]8;;https://solscan.io/tx/4ze1NLdg7wdBxMGgABHGw4c7mvGJzBLVsVboHHzmeDxZKzvRpYowMiKCeue2S1KhRrqRD98sHs2ZBAe69mtYvUmh?cluster=mainnet-beta\u001b\\<Transaction link>\u001b]8;;\u001b\\\u001b[39m"}
{"level":30,"time":1745524675902,"name":"close-pool","msg":"Transaction (\u001b[33m4dJuLM9v...STVxD3um\u001b[39m) sent to swap \u001b[32m5,978,695.689318\u001b[39m BRILLIANTGUY to ~\u001b[32m0.231459283\u001b[39m WSOL for account (\u001b[35mFRZB...FvZc\u001b[39m)"}
{"level":30,"time":1745524675931,"name":"close-pool","msg":"Transaction (\u001b[33m4APsCony...3PvSssEM\u001b[39m) confirmed: \u001b[34m\u001b]8;;https://solscan.io/tx/4APsConyp9CruMqsE8BBi4puNN8HP6SC2phFyk9a5GHKxmTHTzQ4G17VRx1xpNZjpWcWDK6kE2PR4crk3PvSssEM?cluster=mainnet-beta\u001b\\<Transaction link>\u001b]8;;\u001b\\\u001b[39m"}
{"level":30,"time":1745524676170,"name":"close-pool","msg":"Transaction (\u001b[33m2GDhNJH8...3538cYj2\u001b[39m) confirmed: \u001b[34m\u001b]8;;https://solscan.io/tx/2GDhNJH8UZroYY5MKieUxvgXDzNgoGxwqgk5UxsxSjqfaFzmATfUg6nv4MPu4KFCSVd1HiVW5n2K6xe23538cYj2?cluster=mainnet-beta\u001b\\<Transaction link>\u001b]8;;\u001b\\\u001b[39m"}
{"level":30,"time":1745524676354,"name":"close-pool","msg":"Transaction (\u001b[33m4toViJ9H...bYQ8Fjnr\u001b[39m) sent to swap \u001b[32m4,979,616.564618\u001b[39m BRILLIANTGUY to ~\u001b[32m0.193937922\u001b[39m WSOL for account (\u001b[35m52qq...U7uJ\u001b[39m)"}
{"level":30,"time":1745524676459,"name":"close-pool","msg":"Transaction (\u001b[33m3CMrduHr...X8GmDVdj\u001b[39m) sent to swap \u001b[32m7,051,549.57069\u001b[39m BRILLIANTGUY to ~\u001b[32m0.271255998\u001b[39m WSOL for account (\u001b[35m6zoi...6N3n\u001b[39m)"}
{"level":30,"time":1745524676496,"name":"close-pool","msg":"Transaction (\u001b[33mKR7AzkX7...aXUxjHua\u001b[39m) sent to swap \u001b[32m2,067,605.513538\u001b[39m BRILLIANTGUY to ~\u001b[32m0.081959409\u001b[39m WSOL for account (\u001b[35m7VtB...CVhY\u001b[39m)"}
{"level":30,"time":1745524676646,"name":"close-pool","msg":"Transaction (\u001b[33m57bVWxjc...PTnjdez7\u001b[39m) confirmed: \u001b[34m\u001b]8;;https://solscan.io/tx/57bVWxjc4mtEnaitDZT6qp4WCEjJDS48gDYL5H3ACpAsL9GS5ngyS364iYenb85amEnbo5De5fCdYRz6PTnjdez7?cluster=mainnet-beta\u001b\\<Transaction link>\u001b]8;;\u001b\\\u001b[39m"}
{"level":30,"time":1745524676657,"name":"close-pool","msg":"Transaction (\u001b[33m4pGvtcXK...Jf96FiyR\u001b[39m) confirmed: \u001b[34m\u001b]8;;https://solscan.io/tx/4pGvtcXKFZbE9vi4VrNcG2oqZZRymnZWEsLqeJXvsWH97dzt5yNq6rmJoXZBsNaFDD1JNRTgQQkEewGcJf96FiyR?cluster=mainnet-beta\u001b\\<Transaction link>\u001b]8;;\u001b\\\u001b[39m"}
{"level":30,"time":1745524676833,"name":"close-pool","msg":"Transaction (\u001b[33m3U47VeSp...eScxRxiz\u001b[39m) sent to swap \u001b[32m265.513828\u001b[39m BRILLIANTGUY to ~\u001b[32m0.000010659\u001b[39m WSOL for account (\u001b[35mDDEM...ru6i\u001b[39m)"}
{"level":30,"time":1745524676934,"name":"close-pool","msg":"Transaction (\u001b[33m4cbfWiXk...8KzG59pL\u001b[39m) confirmed: \u001b[34m\u001b]8;;https://solscan.io/tx/4cbfWiXko3bnmPMA1HVBNzkongbbW64V8WSHVkj12uo9gh269TKtXCdS9sTs2o1Tyzy9ThJULFDHg94x8KzG59pL?cluster=mainnet-beta\u001b\\<Transaction link>\u001b]8;;\u001b\\\u001b[39m"}
{"level":30,"time":1745524677005,"name":"close-pool","msg":"Transaction (\u001b[33m3Ag58Erb...pY3ueP2m\u001b[39m) sent to swap \u001b[32m1,535,169.41224\u001b[39m BRILLIANTGUY to ~\u001b[32m0.061052512\u001b[39m WSOL for account (\u001b[35mESTS...FktU\u001b[39m)"}
{"level":30,"time":1745524677480,"name":"close-pool","msg":"Transaction (\u001b[33m2DivzDCu...8FWquFyY\u001b[39m) confirmed: \u001b[34m\u001b]8;;https://solscan.io/tx/2DivzDCucGjYYcttFwrytW9a9iaucnQwtVtwU8k2Vu6TXWZQdmSBqL3KHgsycUMYPjB9yu4wmaqxkGGd8FWquFyY?cluster=mainnet-beta\u001b\\<Transaction link>\u001b]8;;\u001b\\\u001b[39m"}
{"level":30,"time":1745524677555,"name":"close-pool","msg":"Transaction (\u001b[33m2HAAMBM2...xdxdgejV\u001b[39m) sent to swap \u001b[32m1,287.792693\u001b[39m BRILLIANTGUY to ~\u001b[32m0.0000517\u001b[39m WSOL for account (\u001b[35mARLR...JEaC\u001b[39m)"}
{"level":30,"time":1745524677796,"name":"close-pool","msg":"Transaction (\u001b[33m23YMCgqV...areWxWjd\u001b[39m) sent to swap \u001b[32m1,603,320.505152\u001b[39m BRILLIANTGUY to ~\u001b[32m0.063736185\u001b[39m WSOL for account (\u001b[35m5nb6...vUpP\u001b[39m)"}
{"level":30,"time":1745524678320,"name":"close-pool","msg":"Transaction (\u001b[33m2D7TznVz...H72fYjWy\u001b[39m) confirmed: \u001b[34m\u001b]8;;https://solscan.io/tx/2D7TznVzWbXVW7efnjFyBUBiY6FD2mu8TFeMrUwUpUxD4CrpNsP5MxxYockt4EWB7Fo2wRvoUiaoxBohH72fYjWy?cluster=mainnet-beta\u001b\\<Transaction link>\u001b]8;;\u001b\\\u001b[39m"}
{"level":30,"time":1745524678465,"name":"close-pool","msg":"Transaction (\u001b[33m2qn4twhS...5mg1DMum\u001b[39m) confirmed: \u001b[34m\u001b]8;;https://solscan.io/tx/2qn4twhSanXHjczPuBdH8rMdiqQhnRiLboU2viw4vErwRDBD7g5xb1nepYqjSGY5ZXzf4KPGSARctvPU5mg1DMum?cluster=mainnet-beta\u001b\\<Transaction link>\u001b]8;;\u001b\\\u001b[39m"}
{"level":30,"time":1745524679010,"name":"close-pool","msg":"Transaction (\u001b[33mBjNhMP6M...sSk2ifAH\u001b[39m) confirmed: \u001b[34m\u001b]8;;https://solscan.io/tx/BjNhMP6MLT4JURxqQpin1AaKVjzRGjDUUagcr4YUkYae5noXQiAXRKrHoe8tKCQBHWByYh4jPbRDN48sSk2ifAH?cluster=mainnet-beta\u001b\\<Transaction link>\u001b]8;;\u001b\\\u001b[39m"}
{"level":30,"time":1745524679266,"name":"close-pool","msg":"Transaction (\u001b[33m65oSyLSx...fckzcQhH\u001b[39m) confirmed: \u001b[34m\u001b]8;;https://solscan.io/tx/65oSyLSx66J7v13keFejvsjdMVpYxprNrsDENVfKmvyAQ85uqiKtmNkXwBKZAPphAi2qimk33RsTzhvRfckzcQhH?cluster=mainnet-beta\u001b\\<Transaction link>\u001b]8;;\u001b\\\u001b[39m"}
{"level":30,"time":1745524679342,"name":"close-pool","msg":"Transaction (\u001b[33m2HuPck71...R7ggFSEL\u001b[39m) confirmed: \u001b[34m\u001b]8;;https://solscan.io/tx/2HuPck71PVgoS6kRutawPreLP5Bq7YDMeFZN7h7zcXGkNZqESsbao6heyc2nY8DcKafASwgTkL8GxQiQR7ggFSEL?cluster=mainnet-beta\u001b\\<Transaction link>\u001b]8;;\u001b\\\u001b[39m"}
{"level":30,"time":1745524679557,"name":"close-pool","msg":"Transaction (\u001b[33m4ZHWrkbC...xRGjr6Ye\u001b[39m) sent to swap \u001b[32m1,174,824.086332\u001b[39m BRILLIANTGUY to ~\u001b[32m0.046825357\u001b[39m WSOL for account (\u001b[35m6fym...uyKw\u001b[39m)"}
{"level":30,"time":1745524679606,"name":"close-pool","msg":"Transaction (\u001b[33m2minL7cy...8nqYFZCm\u001b[39m) sent to swap \u001b[32m5,393,360.597559\u001b[39m BRILLIANTGUY to ~\u001b[32m0.209530972\u001b[39m WSOL for account (\u001b[35m77bF...ePvi\u001b[39m)"}
{"level":30,"time":1745524679747,"name":"close-pool","msg":"Transaction (\u001b[33m2J6T3NCC...oGxPE973\u001b[39m) sent to swap \u001b[32m2,760,529.845406\u001b[39m BRILLIANTGUY to ~\u001b[32m0.108965128\u001b[39m WSOL for account (\u001b[35mFpXL...Do6M\u001b[39m)"}
{"level":30,"time":1745524679768,"name":"close-pool","msg":"Transaction (\u001b[33mJvLVUAYn...6KHJTgsY\u001b[39m) sent to swap \u001b[32m6,017,269.37319\u001b[39m BRILLIANTGUY to ~\u001b[32m0.23289898\u001b[39m WSOL for account (\u001b[35m7ijT...TqUf\u001b[39m)"}
{"level":30,"time":1745524679780,"name":"close-pool","msg":"Transaction (\u001b[33m2yTQHEEr...dhz6HvYX\u001b[39m) confirmed: \u001b[34m\u001b]8;;https://solscan.io/tx/2yTQHEEr34qjjkwpNXSVWcE5BGQ1oXv91Hsgo2beojggBvoS4obF6WvKY7fopyytMuvfdpujGdzWG4Xqdhz6HvYX?cluster=mainnet-beta\u001b\\<Transaction link>\u001b]8;;\u001b\\\u001b[39m"}
{"level":30,"time":1745524680207,"name":"close-pool","msg":"Transaction (\u001b[33m4TjwkexM...hUsTg9d3\u001b[39m) sent to swap \u001b[32m1,089,172.21502\u001b[39m BRILLIANTGUY to ~\u001b[32m0.043434372\u001b[39m WSOL for account (\u001b[35m367p...dwPh\u001b[39m)"}
{"level":30,"time":1745524680442,"name":"close-pool","msg":"Transaction (\u001b[33m4XA4bpKG...XuyFXAYi\u001b[39m) sent to swap \u001b[32m2,920,390.877657\u001b[39m BRILLIANTGUY to ~\u001b[32m0.115163162\u001b[39m WSOL for account (\u001b[35mDUcb...5wqh\u001b[39m)"}
{"level":30,"time":1745524681058,"name":"close-pool","msg":"Transaction (\u001b[33m4dJuLM9v...STVxD3um\u001b[39m) confirmed: \u001b[34m\u001b]8;;https://solscan.io/tx/4dJuLM9v1atoaLnwWLSdp9tz3ADsSVEUyqWefVP9sbYySBhQWcEzFoc9cT4XN2rgoYnAYcAivftGGYotSTVxD3um?cluster=mainnet-beta\u001b\\<Transaction link>\u001b]8;;\u001b\\\u001b[39m"}
{"level":30,"time":1745524681266,"name":"close-pool","msg":"Transaction (\u001b[33m41sLFQRp...iNV5Wanb\u001b[39m) sent to swap \u001b[32m2,242,838.050217\u001b[39m BRILLIANTGUY to ~\u001b[32m0.088810436\u001b[39m WSOL for account (\u001b[35mG2or...E5em\u001b[39m)"}
{"level":30,"time":1745524681266,"name":"close-pool","msg":"Transaction (\u001b[33m3Ew5ohZH...1Vzsuc6X\u001b[39m) sent to swap \u001b[32m893.919267\u001b[39m BRILLIANTGUY to ~\u001b[32m0.000035888\u001b[39m WSOL for account (\u001b[35m8v9g...X212\u001b[39m)"}
{"level":30,"time":1745524681597,"name":"close-pool","msg":"Transaction (\u001b[33m3CMrduHr...X8GmDVdj\u001b[39m) confirmed: \u001b[34m\u001b]8;;https://solscan.io/tx/3CMrduHrjus5m7F672DMGrGrJHbAvfC11R7PHJB4QLm3yHcMqZ6Gxx6oodbWR9WXERpSCcvu3p4m9VqzX8GmDVdj?cluster=mainnet-beta\u001b\\<Transaction link>\u001b]8;;\u001b\\\u001b[39m"}
{"level":30,"time":1745524681661,"name":"close-pool","msg":"Transaction (\u001b[33mKR7AzkX7...aXUxjHua\u001b[39m) confirmed: \u001b[34m\u001b]8;;https://solscan.io/tx/KR7AzkX7BeJK2rywKSVhvuVQppJYSuaQmJcVKxrchmF3wfEw9rEptUN81Y5sPwS2rgK8sskjaACrWLoaXUxjHua?cluster=mainnet-beta\u001b\\<Transaction link>\u001b]8;;\u001b\\\u001b[39m"}
{"level":30,"time":1745524681719,"name":"close-pool","msg":"Transaction (\u001b[33m3amyKkUP...4azu7M3v\u001b[39m) sent to swap \u001b[32m7,552,491.475009\u001b[39m BRILLIANTGUY to ~\u001b[32m0.289665063\u001b[39m WSOL for account (\u001b[35mFMMJ...FwDQ\u001b[39m)"}
{"level":30,"time":1745524681966,"name":"close-pool","msg":"Transaction (\u001b[33m4toViJ9H...bYQ8Fjnr\u001b[39m) confirmed: \u001b[34m\u001b]8;;https://solscan.io/tx/4toViJ9HMkLnwcNaxSSksBfhY9QtLabWVnqFVMUvzkwWQgK9g7BdPtaJyDYPcNoDrGPGDym9rz5cCeEobYQ8Fjnr?cluster=mainnet-beta\u001b\\<Transaction link>\u001b]8;;\u001b\\\u001b[39m"}
{"level":30,"time":1745524682052,"name":"close-pool","msg":"Transaction (\u001b[33m3U47VeSp...eScxRxiz\u001b[39m) confirmed: \u001b[34m\u001b]8;;https://solscan.io/tx/3U47VeSpeMQxgQacWZL2e92W5c6nmKJX54s9Aij69ncVq3tNuq2oKrV8DrGCSBQnNviWjJYEhwwhk8S1eScxRxiz?cluster=mainnet-beta\u001b\\<Transaction link>\u001b]8;;\u001b\\\u001b[39m"}
{"level":30,"time":1745524682169,"name":"close-pool","msg":"Transaction (\u001b[33m3Ag58Erb...pY3ueP2m\u001b[39m) confirmed: \u001b[34m\u001b]8;;https://solscan.io/tx/3Ag58ErbTF3GA4HjTk4ZwmgTWnUc48nvZt1Sfam65MJrz2GL14pauvN5twLPw3BFXaQDLYSNVfeL22tmpY3ueP2m?cluster=mainnet-beta\u001b\\<Transaction link>\u001b]8;;\u001b\\\u001b[39m"}
{"level":30,"time":1745524682342,"name":"close-pool","msg":"Transaction (\u001b[33m3JWVEjNm...qKVnAniv\u001b[39m) sent to swap \u001b[32m1,283,160.033131\u001b[39m BRILLIANTGUY to ~\u001b[32m0.051109299\u001b[39m WSOL for account (\u001b[35mEcD5...Lb6n\u001b[39m)"}
{"level":30,"time":1745524682506,"name":"close-pool","msg":"Transaction (\u001b[33m2bUPwTbR...gHp8Jv86\u001b[39m) sent to swap \u001b[32m1,056,407.182814\u001b[39m BRILLIANTGUY to ~\u001b[32m0.042136249\u001b[39m WSOL for account (\u001b[35mEXdF...jrgX\u001b[39m)"}
{"level":30,"time":1745524682838,"name":"close-pool","msg":"Transaction (\u001b[33m2HAAMBM2...xdxdgejV\u001b[39m) confirmed: \u001b[34m\u001b]8;;https://solscan.io/tx/2HAAMBM2p7UjsjDcM4SWuwkFz6Tvui5tJsc4W7r4qjksWnkH4hJjmp73u6NiMkDGGtB6rHL6xH1CrhRZxdxdgejV?cluster=mainnet-beta\u001b\\<Transaction link>\u001b]8;;\u001b\\\u001b[39m"}
{"level":30,"time":1745524682930,"name":"close-pool","msg":"Transaction (\u001b[33m23YMCgqV...areWxWjd\u001b[39m) confirmed: \u001b[34m\u001b]8;;https://solscan.io/tx/23YMCgqVxDiqa6xu4EuyFtPKKEt78fjfWEUg9Uje8T4pTGPH5hvbzBK71hqYoMXhKoazvopkot1FPb3DareWxWjd?cluster=mainnet-beta\u001b\\<Transaction link>\u001b]8;;\u001b\\\u001b[39m"}
{"level":30,"time":1745524683872,"name":"close-pool","msg":"Transaction (\u001b[33m5zCKXNMp...WnPPVWWY\u001b[39m) sent to swap \u001b[32m683.907247\u001b[39m BRILLIANTGUY to ~\u001b[32m0.000027456\u001b[39m WSOL for account (\u001b[35m5YS6...wj4u\u001b[39m)"}
{"level":30,"time":1745524683872,"name":"close-pool","msg":"Transaction (\u001b[33mQPZNpi6L...ogCSv8oe\u001b[39m) sent to swap \u001b[32m4,312,925.316165\u001b[39m BRILLIANTGUY to ~\u001b[32m0.168648149\u001b[39m WSOL for account (\u001b[35mC1wd...KBos\u001b[39m)"}
{"level":30,"time":1745524684707,"name":"close-pool","msg":"Transaction (\u001b[33m4ZHWrkbC...xRGjr6Ye\u001b[39m) confirmed: \u001b[34m\u001b]8;;https://solscan.io/tx/4ZHWrkbCCiqTy3Hmob1dYx4mxDDYP1VdwcoXWTVWiJRJ5ZoziiMMFRPL4QzdWFi3hudywkDiGcQVYFyGxRGjr6Ye?cluster=mainnet-beta\u001b\\<Transaction link>\u001b]8;;\u001b\\\u001b[39m"}
{"level":30,"time":1745524684743,"name":"close-pool","msg":"Transaction (\u001b[33m2minL7cy...8nqYFZCm\u001b[39m) confirmed: \u001b[34m\u001b]8;;https://solscan.io/tx/2minL7cy4L7U96y8tbjVXesq89dmErMGK6hGetBiimchzrozBYDoHtWPnTgJFQ7yxn58QGVgwT5CrZe68nqYFZCm?cluster=mainnet-beta\u001b\\<Transaction link>\u001b]8;;\u001b\\\u001b[39m"}
{"level":30,"time":1745524684821,"name":"close-pool","msg":"Transaction (\u001b[33m2CMRFwd3...Ar9QbP7Q\u001b[39m) sent to swap \u001b[32m4,662,743.318204\u001b[39m BRILLIANTGUY to ~\u001b[32m0.181943194\u001b[39m WSOL for account (\u001b[35m4DTK...zcSp\u001b[39m)"}
{"level":30,"time":1745524684883,"name":"close-pool","msg":"Transaction (\u001b[33m2J6T3NCC...oGxPE973\u001b[39m) confirmed: \u001b[34m\u001b]8;;https://solscan.io/tx/2J6T3NCCxcz3NMiEUWNsCnbMtKmCuicydAPyUiN4A8LKrGUwF2obTmUKKTYFe6MQcq59igL8iX5Q5UkfoGxPE973?cluster=mainnet-beta\u001b\\<Transaction link>\u001b]8;;\u001b\\\u001b[39m"}
{"level":30,"time":1745524684890,"name":"close-pool","msg":"Transaction (\u001b[33mJvLVUAYn...6KHJTgsY\u001b[39m) confirmed: \u001b[34m\u001b]8;;https://solscan.io/tx/JvLVUAYn1i4ZcqStpNDNsmytgYcguEcfq3vHV5moK4nSjNPAa8PnHzqAaXqPuBWJZ6WHWXXY69rCJgT6KHJTgsY?cluster=mainnet-beta\u001b\\<Transaction link>\u001b]8;;\u001b\\\u001b[39m"}
{"level":30,"time":1745524685063,"name":"close-pool","msg":"Transaction (\u001b[33m2SzMea74...6Wsf9Cg8\u001b[39m) sent to swap \u001b[32m5,261,315.666137\u001b[39m BRILLIANTGUY to ~\u001b[32m0.204562913\u001b[39m WSOL for account (\u001b[35m2BPL...zmpi\u001b[39m)"}
{"level":30,"time":1745524685351,"name":"close-pool","msg":"Transaction (\u001b[33m4TjwkexM...hUsTg9d3\u001b[39m) confirmed: \u001b[34m\u001b]8;;https://solscan.io/tx/4TjwkexMQc29oYtJ2k4NZG8eWxXLedyVpEyziTpasoY2BoriBL92ish74bJknKeXRnQv1nniWKgn5jgshUsTg9d3?cluster=mainnet-beta\u001b\\<Transaction link>\u001b]8;;\u001b\\\u001b[39m"}
{"level":30,"time":1745524685601,"name":"close-pool","msg":"Transaction (\u001b[33m4XA4bpKG...XuyFXAYi\u001b[39m) confirmed: \u001b[34m\u001b]8;;https://solscan.io/tx/4XA4bpKGf5F21fq5D5exKJLMn4k2b3qxDT9JJDCFcAiAgSwrJgrhzVDkyDrs6dwhMi5EixeJL1dxX7TEXuyFXAYi?cluster=mainnet-beta\u001b\\<Transaction link>\u001b]8;;\u001b\\\u001b[39m"}
{"level":30,"time":1745524685913,"name":"close-pool","msg":"Transaction (\u001b[33m3kdCvnnp...DdSG9xVh\u001b[39m) sent to swap \u001b[32m2,702,719.812999\u001b[39m BRILLIANTGUY to ~\u001b[32m0.106720781\u001b[39m WSOL for account (\u001b[35mDk1Y...9VEZ\u001b[39m)"}
{"level":30,"time":1745524685970,"name":"close-pool","msg":"Transaction (\u001b[33m2KXpazqK...SGavcBJR\u001b[39m) sent to swap \u001b[32m4,330,685.955403\u001b[39m BRILLIANTGUY to ~\u001b[32m0.169324505\u001b[39m WSOL for account (\u001b[35m3aSx...vRq7\u001b[39m)"}
{"level":30,"time":1745524686056,"name":"close-pool","msg":"Transaction (\u001b[33m2pJbunpD...jeZDifrk\u001b[39m) sent to swap \u001b[32m4,438,222.071879\u001b[39m BRILLIANTGUY to ~\u001b[32m0.173416572\u001b[39m WSOL for account (\u001b[35m6PLX...qub6\u001b[39m)"}
{"level":30,"time":1745524686395,"name":"close-pool","msg":"Transaction (\u001b[33m3Ew5ohZH...1Vzsuc6X\u001b[39m) confirmed: \u001b[34m\u001b]8;;https://solscan.io/tx/3Ew5ohZHJc6hc99KBdZWF7oESfxuRgMfiWy8P9YpTNCknpX3X8abNgzBaLVgD4hiMSXGuHmSqJDwV7sE1Vzsuc6X?cluster=mainnet-beta\u001b\\<Transaction link>\u001b]8;;\u001b\\\u001b[39m"}
{"level":30,"time":1745524686395,"name":"close-pool","msg":"Transaction (\u001b[33m41sLFQRp...iNV5Wanb\u001b[39m) confirmed: \u001b[34m\u001b]8;;https://solscan.io/tx/41sLFQRpjmgELUPoZ2yLFWyhK97MCXwCL5vfRrzhxnWKcK3rY5C7pjyrbgWxvkXCPpFAQ78Zk6ZGZDJ5iNV5Wanb?cluster=mainnet-beta\u001b\\<Transaction link>\u001b]8;;\u001b\\\u001b[39m"}
{"level":30,"time":1745524686878,"name":"close-pool","msg":"Transaction (\u001b[33m9DcgyCm6...y8rjn5e7\u001b[39m) sent to swap \u001b[32m536.333664\u001b[39m BRILLIANTGUY to ~\u001b[32m0.000021532\u001b[39m WSOL for account (\u001b[35mGvof...jZ2e\u001b[39m)"}
{"level":30,"time":1745524687308,"name":"close-pool","msg":"Transaction (\u001b[33m3amyKkUP...4azu7M3v\u001b[39m) confirmed: \u001b[34m\u001b]8;;https://solscan.io/tx/3amyKkUPejVmf1pXT8Q5nBxbyxeaJV9RGsQEZzXxuYQjSun3wgreAp2LU2xkZp8PaxeoeKsHjRz8cMa24azu7M3v?cluster=mainnet-beta\u001b\\<Transaction link>\u001b]8;;\u001b\\\u001b[39m"}
{"level":30,"time":1745524687355,"name":"close-pool","msg":"Transaction (\u001b[33mnVX3YAMr...FVGqBRWb\u001b[39m) sent to swap \u001b[32m4,778,337.280293\u001b[39m BRILLIANTGUY to ~\u001b[32m0.186324115\u001b[39m WSOL for account (\u001b[35mB6jq...xFZz\u001b[39m)"}
{"level":30,"time":1745524687474,"name":"close-pool","msg":"Transaction (\u001b[33m3JWVEjNm...qKVnAniv\u001b[39m) confirmed: \u001b[34m\u001b]8;;https://solscan.io/tx/3JWVEjNmFurWKftZcQJd7xjrdSqyQRAWA9Q8goD1hSiR2hJsFW82UrwGFP5EAnuXj3KRdYGpXmqAjyETqKVnAniv?cluster=mainnet-beta\u001b\\<Transaction link>\u001b]8;;\u001b\\\u001b[39m"}
{"level":30,"time":1745524688004,"name":"close-pool","msg":"Transaction (\u001b[33m2E2yDZA4...rATGmmJg\u001b[39m) sent to swap \u001b[32m6,253,315.888868\u001b[39m BRILLIANTGUY to ~\u001b[32m0.241694591\u001b[39m WSOL for account (\u001b[35mBSUh...W8ig\u001b[39m)"}
{"level":30,"time":1745524688005,"name":"close-pool","msg":"Transaction (\u001b[33m2bUPwTbR...gHp8Jv86\u001b[39m) confirmed: \u001b[34m\u001b]8;;https://solscan.io/tx/2bUPwTbRDUtHRhMjzPopTe1B9JL8MCpDZspgGEU8s6G756h9G3YaxSQt6fw9DyUgDLUh8LMkkhweb1VtgHp8Jv86?cluster=mainnet-beta\u001b\\<Transaction link>\u001b]8;;\u001b\\\u001b[39m"}
{"level":30,"time":1745524688212,"name":"close-pool","msg":"Transaction (\u001b[33m4KQdBfeM...scuWXRT3\u001b[39m) sent to swap \u001b[32m750,883.250731\u001b[39m BRILLIANTGUY to ~\u001b[32m0.030006409\u001b[39m WSOL for account (\u001b[35mDKT1...ACFC\u001b[39m)"}
{"level":30,"time":1745524688487,"name":"close-pool","msg":"Transaction (\u001b[33m4pBa2C94...kJwTsdzU\u001b[39m) sent to swap \u001b[32m776,235.425691\u001b[39m BRILLIANTGUY to ~\u001b[32m0.031014673\u001b[39m WSOL for account (\u001b[35mA3NT...sP5E\u001b[39m)"}
{"level":30,"time":1745524688988,"name":"close-pool","msg":"Transaction (\u001b[33mvKTp9wZ9...a2Ss1v5m\u001b[39m) sent to swap \u001b[32m6,071,447.555839\u001b[39m BRILLIANTGUY to ~\u001b[32m0.234919969\u001b[39m WSOL for account (\u001b[35mHiRC...EjqV\u001b[39m)"}
{"level":30,"time":1745524689079,"name":"close-pool","msg":"Transaction (\u001b[33mwFqFxrAy...ypCdYm5u\u001b[39m) sent to swap \u001b[32m4,416,240.659721\u001b[39m BRILLIANTGUY to ~\u001b[32m0.172580545\u001b[39m WSOL for account (\u001b[35mDoH9...WgHn\u001b[39m)"}
{"level":30,"time":1745524689098,"name":"close-pool","msg":"Transaction (\u001b[33m5zCKXNMp...WnPPVWWY\u001b[39m) confirmed: \u001b[34m\u001b]8;;https://solscan.io/tx/5zCKXNMpPk6F4iUaz9sdzPBCegz6TjEvMBCTzi5XhLYfTmW9CHrXVQ9xBRLgAASrwQNDgyDjA2irjd5ZWnPPVWWY?cluster=mainnet-beta\u001b\\<Transaction link>\u001b]8;;\u001b\\\u001b[39m"}
{"level":30,"time":1745524689178,"name":"close-pool","msg":"Transaction (\u001b[33mQPZNpi6L...ogCSv8oe\u001b[39m) confirmed: \u001b[34m\u001b]8;;https://solscan.io/tx/QPZNpi6LhgtZNpy62ptaBjMyHUH6MYtwz5rTDcPvCdJXqPJHQeEVcUJKLTegRUA6nUf41gD2wd3pPVrogCSv8oe?cluster=mainnet-beta\u001b\\<Transaction link>\u001b]8;;\u001b\\\u001b[39m"}
{"level":30,"time":1745524689389,"name":"close-pool","msg":"Transaction (\u001b[33m4YSY6r1k...9Yg6eBe3\u001b[39m) sent to swap \u001b[32m2,706,682.461788\u001b[39m BRILLIANTGUY to ~\u001b[32m0.106874672\u001b[39m WSOL for account (\u001b[35mDmnV...mi31\u001b[39m)"}
{"level":30,"time":1745524689691,"name":"close-pool","msg":"Transaction (\u001b[33m2S61YQMw...Wv8czTcs\u001b[39m) sent to swap \u001b[32m4,712,663.421185\u001b[39m BRILLIANTGUY to ~\u001b[32m0.183835874\u001b[39m WSOL for account (\u001b[35mEWV4...4tck\u001b[39m)"}
{"level":30,"time":1745524689989,"name":"close-pool","msg":"Transaction (\u001b[33m2CMRFwd3...Ar9QbP7Q\u001b[39m) confirmed: \u001b[34m\u001b]8;;https://solscan.io/tx/2CMRFwd3AHYHhVFCi8whtJT9bNPjZh27SyYZxN8QRAGjivN75F46fpepSqN4CtdWhN3pkJuSwr41GLWZAr9QbP7Q?cluster=mainnet-beta\u001b\\<Transaction link>\u001b]8;;\u001b\\\u001b[39m"}
{"level":30,"time":1745524690209,"name":"close-pool","msg":"Transaction (\u001b[33m2SzMea74...6Wsf9Cg8\u001b[39m) confirmed: \u001b[34m\u001b]8;;https://solscan.io/tx/2SzMea74rLc3FJp3p3fXCR9HaUUYHGgvTDRqR38mzKUMhsAu6DNNc4HV5BK4KpcxaQdpyiWGhWGTbJnf6Wsf9Cg8?cluster=mainnet-beta\u001b\\<Transaction link>\u001b]8;;\u001b\\\u001b[39m"}
{"level":30,"time":1745524690647,"name":"close-pool","msg":"Transaction (\u001b[33m4LAYdRYm...tHrWq9eR\u001b[39m) sent to swap \u001b[32m4,374,521.521142\u001b[39m BRILLIANTGUY to ~\u001b[32m0.170993218\u001b[39m WSOL for account (\u001b[35mEcQu...Ccqk\u001b[39m)"}
{"level":30,"time":1745524691065,"name":"close-pool","msg":"Transaction (\u001b[33m3kdCvnnp...DdSG9xVh\u001b[39m) confirmed: \u001b[34m\u001b]8;;https://solscan.io/tx/3kdCvnnpM83NLCKaDEPfFJrFDUKNmWDrBB4BaNbQMek86zqYKwEDsZ3Bd61QJ4iCCaSPe59jReBTySzSDdSG9xVh?cluster=mainnet-beta\u001b\\<Transaction link>\u001b]8;;\u001b\\\u001b[39m"}
{"level":30,"time":1745524691113,"name":"close-pool","msg":"Transaction (\u001b[33m2KXpazqK...SGavcBJR\u001b[39m) confirmed: \u001b[34m\u001b]8;;https://solscan.io/tx/2KXpazqK2nUkQLwtMLGj4Zem3JZQyEufWn4hAv8yrHA4Hfx8MCedGk77K35s8oBFgQk8jMpWqoF9RgLFSGavcBJR?cluster=mainnet-beta\u001b\\<Transaction link>\u001b]8;;\u001b\\\u001b[39m"}
{"level":30,"time":1745524691647,"name":"close-pool","msg":"Transaction (\u001b[33m2pJbunpD...jeZDifrk\u001b[39m) confirmed: \u001b[34m\u001b]8;;https://solscan.io/tx/2pJbunpDEBBRjGQsdMhVGxBj6J7ZkFDG5ZY56pBH6ojCyoGMAePqvQJisfhPrFcwYMxwZmRQphxok65VjeZDifrk?cluster=mainnet-beta\u001b\\<Transaction link>\u001b]8;;\u001b\\\u001b[39m"}
{"level":30,"time":1745524692140,"name":"close-pool","msg":"Transaction (\u001b[33m9DcgyCm6...y8rjn5e7\u001b[39m) confirmed: \u001b[34m\u001b]8;;https://solscan.io/tx/9DcgyCm6BCw8YF3Tk9aWQu4DMhSKjNrLhL768VEuGcdoi3ErH7EfrETkyttgJH5WuQKRLHtSf7vp6Ney8rjn5e7?cluster=mainnet-beta\u001b\\<Transaction link>\u001b]8;;\u001b\\\u001b[39m"}
{"level":30,"time":1745524692652,"name":"close-pool","msg":"Transaction (\u001b[33mnVX3YAMr...FVGqBRWb\u001b[39m) confirmed: \u001b[34m\u001b]8;;https://solscan.io/tx/nVX3YAMrxTafMgo9mY2Gn1ubAMvhE1cBjeV7YsQVDT1Lf2AVraE1PV2heuSeMjxeq7H6o86vjimBYtiFVGqBRWb?cluster=mainnet-beta\u001b\\<Transaction link>\u001b]8;;\u001b\\\u001b[39m"}
{"level":30,"time":1745524693188,"name":"close-pool","msg":"Transaction (\u001b[33m2E2yDZA4...rATGmmJg\u001b[39m) confirmed: \u001b[34m\u001b]8;;https://solscan.io/tx/2E2yDZA4KCS2A2vE4AUe5cMhqFnWzxaW4qPivyLZY4mfyQGaGdqFnhmns73yGwQgNCAAs4jhpspHWctXrATGmmJg?cluster=mainnet-beta\u001b\\<Transaction link>\u001b]8;;\u001b\\\u001b[39m"}
{"level":30,"time":1745524693393,"name":"close-pool","msg":"Transaction (\u001b[33m4KQdBfeM...scuWXRT3\u001b[39m) confirmed: \u001b[34m\u001b]8;;https://solscan.io/tx/4KQdBfeMqbcXZ4PtBR3xEGYJMtS8Zgbqp524FqaAUW5ayEEmPVH2hL7MgTxBs3PUJ6qEctKqf291mfqUscuWXRT3?cluster=mainnet-beta\u001b\\<Transaction link>\u001b]8;;\u001b\\\u001b[39m"}
{"level":30,"time":1745524693675,"name":"close-pool","msg":"Transaction (\u001b[33m4pBa2C94...kJwTsdzU\u001b[39m) confirmed: \u001b[34m\u001b]8;;https://solscan.io/tx/4pBa2C94LwJ5xFThYCUQ4HjKNGyNkCBdBGE7oDEEGfEyq1brVUuy69op69NoEcBYnfCmEiw5W8HwNLqQkJwTsdzU?cluster=mainnet-beta\u001b\\<Transaction link>\u001b]8;;\u001b\\\u001b[39m"}
{"level":30,"time":1745524694143,"name":"close-pool","msg":"Transaction (\u001b[33mvKTp9wZ9...a2Ss1v5m\u001b[39m) confirmed: \u001b[34m\u001b]8;;https://solscan.io/tx/vKTp9wZ99S9UZ8hBrhuAymxG7jTWjAmHfterbVE8aps7i9sV2Pi851rM44Fsqhwu4KVmi9NRBjo9KuSa2Ss1v5m?cluster=mainnet-beta\u001b\\<Transaction link>\u001b]8;;\u001b\\\u001b[39m"}
{"level":30,"time":1745524694216,"name":"close-pool","msg":"Transaction (\u001b[33mwFqFxrAy...ypCdYm5u\u001b[39m) confirmed: \u001b[34m\u001b]8;;https://solscan.io/tx/wFqFxrAygcuTycUk3g4TW9grUFy2XizeicFYPezZ4jJfXiYocDamEh2DCMzs9KtMztVZUxUzbYBNsAfypCdYm5u?cluster=mainnet-beta\u001b\\<Transaction link>\u001b]8;;\u001b\\\u001b[39m"}
{"level":30,"time":1745524694539,"name":"close-pool","msg":"Transaction (\u001b[33m4YSY6r1k...9Yg6eBe3\u001b[39m) confirmed: \u001b[34m\u001b]8;;https://solscan.io/tx/4YSY6r1kHGB1sgNwDcQHA5JSZ8x5m1kP6muz7VHvxnZQePEhmaNENo3m1ivsAdFePZKBqJfLRSyMcCi29Yg6eBe3?cluster=mainnet-beta\u001b\\<Transaction link>\u001b]8;;\u001b\\\u001b[39m"}
{"level":30,"time":1745524694905,"name":"close-pool","msg":"Transaction (\u001b[33m2S61YQMw...Wv8czTcs\u001b[39m) confirmed: \u001b[34m\u001b]8;;https://solscan.io/tx/2S61YQMwDQg5imAZhMbGXUXxDdWeti9kBh7U7DvECRc7m6kxCnAc3dDDU8pb3Lsc5jNxFuxCHzu9MJMGWv8czTcs?cluster=mainnet-beta\u001b\\<Transaction link>\u001b]8;;\u001b\\\u001b[39m"}
{"level":30,"time":1745524695792,"name":"close-pool","msg":"Transaction (\u001b[33m4LAYdRYm...tHrWq9eR\u001b[39m) confirmed: \u001b[34m\u001b]8;;https://solscan.io/tx/4LAYdRYmeLmGV7Pyx1sf7fZ71kXLtfCY8NA6ACBgZbU4oXeG8MHYQKS4fscnxbU2McsQcNGoPuATozFNtHrWq9eR?cluster=mainnet-beta\u001b\\<Transaction link>\u001b]8;;\u001b\\\u001b[39m"}
