{"level":30,"time":1745091921407,"name":"distribute-funds","msg":"Sniper (\u001b[35m3P52...ZLzR\u001b[39m) key pair generated"}
{"level":30,"time":1745091921410,"name":"distribute-funds","msg":"Sniper (\u001b[35m54wQ...2zVo\u001b[39m) key pair generated"}
{"level":30,"time":1745091921411,"name":"distribute-funds","msg":"Sniper (\u001b[35mHhKt...E58t\u001b[39m) key pair generated"}
{"level":30,"time":1745091921412,"name":"distribute-funds","msg":"Sniper (\u001b[35mAQ7c...QcyB\u001b[39m) key pair generated"}
{"level":30,"time":1745091921413,"name":"distribute-funds","msg":"Sniper (\u001b[35mDVL9...BPGA\u001b[39m) key pair generated"}
{"level":30,"time":1745091921414,"name":"distribute-funds","msg":"Sniper (\u001b[35mGESz...keAt\u001b[39m) key pair generated"}
{"level":30,"time":1745091921415,"name":"distribute-funds","msg":"Sniper (\u001b[35mEoWx...2VeN\u001b[39m) key pair generated"}
{"level":30,"time":1745091921416,"name":"distribute-funds","msg":"Sniper (\u001b[35mAaP8...eJc2\u001b[39m) key pair generated"}
{"level":30,"time":1745091921417,"name":"distribute-funds","msg":"Sniper (\u001b[35m6Xnt...UHNa\u001b[39m) key pair generated"}
{"level":30,"time":1745091921419,"name":"distribute-funds","msg":"Sniper (\u001b[35mHZgm...cb8Q\u001b[39m) key pair generated"}
{"level":30,"time":1745091921419,"name":"distribute-funds","msg":"Sniper (\u001b[35m7ita...cbeC\u001b[39m) key pair generated"}
{"level":30,"time":1745091921420,"name":"distribute-funds","msg":"Sniper (\u001b[35m88dk...J1uN\u001b[39m) key pair generated"}
{"level":30,"time":1745091921421,"name":"distribute-funds","msg":"Sniper (\u001b[35mB22E...itZJ\u001b[39m) key pair generated"}
{"level":30,"time":1745091921422,"name":"distribute-funds","msg":"Sniper (\u001b[35m2eGT...XJRD\u001b[39m) key pair generated"}
{"level":30,"time":1745091921432,"name":"distribute-funds","msg":"Sniper (\u001b[35m6Bvc...xDAr\u001b[39m) key pair generated"}
{"level":30,"time":1745091921433,"name":"distribute-funds","msg":"Sniper (\u001b[35m338w...4rTf\u001b[39m) key pair generated"}
{"level":30,"time":1745091921434,"name":"distribute-funds","msg":"Sniper (\u001b[35m7DaL...gwqp\u001b[39m) key pair generated"}
{"level":30,"time":1745091921435,"name":"distribute-funds","msg":"Sniper (\u001b[35m91hL...F5b4\u001b[39m) key pair generated"}
{"level":30,"time":1745091921436,"name":"distribute-funds","msg":"Sniper (\u001b[35mFfam...gs15\u001b[39m) key pair generated"}
{"level":30,"time":1745091921436,"name":"distribute-funds","msg":"Sniper (\u001b[35mAtSh...bHnE\u001b[39m) key pair generated"}
{"level":30,"time":1745091921437,"name":"distribute-funds","msg":"Sniper (\u001b[35mAca6...JFNV\u001b[39m) key pair generated"}
{"level":30,"time":1745091921438,"name":"distribute-funds","msg":"Sniper (\u001b[35mCtLR...Lo1s\u001b[39m) key pair generated"}
{"level":30,"time":1745091921439,"name":"distribute-funds","msg":"Sniper (\u001b[35m4knG...ny4q\u001b[39m) key pair generated"}
{"level":30,"time":1745091921440,"name":"distribute-funds","msg":"Sniper (\u001b[35mGHZ3...3ZiT\u001b[39m) key pair generated"}
{"level":30,"time":1745091921441,"name":"distribute-funds","msg":"Sniper (\u001b[35mVzhN...3PUT\u001b[39m) key pair generated"}
{"level":30,"time":1745091921441,"name":"distribute-funds","msg":"Sniper (\u001b[35mFXTD...5dFa\u001b[39m) key pair generated"}
{"level":30,"time":1745091921442,"name":"distribute-funds","msg":"Sniper (\u001b[35mBSzx...J52H\u001b[39m) key pair generated"}
{"level":30,"time":1745091921443,"name":"distribute-funds","msg":"Sniper (\u001b[35mCNDU...nWoZ\u001b[39m) key pair generated"}
{"level":30,"time":1745091921444,"name":"distribute-funds","msg":"Sniper (\u001b[35m6Rgn...X9MC\u001b[39m) key pair generated"}
{"level":30,"time":1745091921450,"name":"distribute-funds","msg":"Sniper (\u001b[35mGM8J...SYYX\u001b[39m) key pair generated"}
{"level":30,"time":1745091921451,"name":"distribute-funds","msg":"Sniper (\u001b[35m7j6r...HAC8\u001b[39m) key pair generated"}
{"level":30,"time":1745091921452,"name":"distribute-funds","msg":"Sniper (\u001b[35m9RNy...JDag\u001b[39m) key pair generated"}
{"level":30,"time":1745091921453,"name":"distribute-funds","msg":"Sniper (\u001b[35mHYen...YUZS\u001b[39m) key pair generated"}
{"level":30,"time":1745091921454,"name":"distribute-funds","msg":"Sniper (\u001b[35m9GV9...aNmg\u001b[39m) key pair generated"}
{"level":30,"time":1745091921455,"name":"distribute-funds","msg":"Sniper (\u001b[35mKZ1p...spGm\u001b[39m) key pair generated"}
{"level":30,"time":1745091921456,"name":"distribute-funds","msg":"Sniper (\u001b[35mDpuq...a3K3\u001b[39m) key pair generated"}
{"level":30,"time":1745091921456,"name":"distribute-funds","msg":"Sniper (\u001b[35m6QDF...oT9Q\u001b[39m) key pair generated"}
{"level":30,"time":1745091921457,"name":"distribute-funds","msg":"Sniper (\u001b[35mDvFz...dhgb\u001b[39m) key pair generated"}
{"level":30,"time":1745091921458,"name":"distribute-funds","msg":"Sniper (\u001b[35m6gaa...Aro5\u001b[39m) key pair generated"}
{"level":30,"time":1745091921459,"name":"distribute-funds","msg":"Sniper (\u001b[35m7nQS...r3Dy\u001b[39m) key pair generated"}
{"level":30,"time":1745091921459,"name":"distribute-funds","msg":"Sniper (\u001b[35m7PRs...Phrw\u001b[39m) key pair generated"}
{"level":30,"time":1745091921460,"name":"distribute-funds","msg":"Sniper (\u001b[35m64ZQ...RWLZ\u001b[39m) key pair generated"}
{"level":30,"time":1745091921482,"name":"distribute-funds","msg":"Trader (\u001b[35mEccL...tQcx\u001b[39m) key pair generated"}
{"level":30,"time":1745091921483,"name":"distribute-funds","msg":"Trader (\u001b[35m3qus...gGwz\u001b[39m) key pair generated"}
{"level":30,"time":1745091921484,"name":"distribute-funds","msg":"Trader (\u001b[35m7Srh...nvrC\u001b[39m) key pair generated"}
{"level":30,"time":1745091921485,"name":"distribute-funds","msg":"Trader (\u001b[35mBYX7...VS3h\u001b[39m) key pair generated"}
{"level":30,"time":1745091921486,"name":"distribute-funds","msg":"Trader (\u001b[35m37vg...RDCz\u001b[39m) key pair generated"}
{"level":30,"time":1745091921487,"name":"distribute-funds","msg":"Trader (\u001b[35mH8cc...uU24\u001b[39m) key pair generated"}
{"level":30,"time":1745091921487,"name":"distribute-funds","msg":"Trader (\u001b[35m3bGh...E8LY\u001b[39m) key pair generated"}
{"level":30,"time":1745091921488,"name":"distribute-funds","msg":"Trader (\u001b[35m8opD...Xsen\u001b[39m) key pair generated"}
{"level":30,"time":1745091921489,"name":"distribute-funds","msg":"Trader (\u001b[35m2rp1...Q33H\u001b[39m) key pair generated"}
{"level":30,"time":1745091921490,"name":"distribute-funds","msg":"Trader (\u001b[35mDE8v...P8UZ\u001b[39m) key pair generated"}
{"level":30,"time":1745091921491,"name":"distribute-funds","msg":"Trader (\u001b[35mHuXm...q1z6\u001b[39m) key pair generated"}
{"level":30,"time":1745091921491,"name":"distribute-funds","msg":"Trader (\u001b[35mDPc3...bkGa\u001b[39m) key pair generated"}
{"level":30,"time":1745091921492,"name":"distribute-funds","msg":"Trader (\u001b[35m3kge...asxb\u001b[39m) key pair generated"}
{"level":30,"time":1745091921493,"name":"distribute-funds","msg":"Trader (\u001b[35m7bBd...o2Mq\u001b[39m) key pair generated"}
{"level":30,"time":1745091921494,"name":"distribute-funds","msg":"Trader (\u001b[35mCAXT...EALp\u001b[39m) key pair generated"}
{"level":30,"time":1745091921494,"name":"distribute-funds","msg":"Trader (\u001b[35m2tvv...r14a\u001b[39m) key pair generated"}
{"level":30,"time":1745091921495,"name":"distribute-funds","msg":"Trader (\u001b[35m2bWk...xKdU\u001b[39m) key pair generated"}
{"level":30,"time":1745091921496,"name":"distribute-funds","msg":"Trader (\u001b[35m8xBL...6Cz4\u001b[39m) key pair generated"}
{"level":30,"time":1745091921497,"name":"distribute-funds","msg":"Trader (\u001b[35mCrnL...Ucdr\u001b[39m) key pair generated"}
{"level":30,"time":1745091921497,"name":"distribute-funds","msg":"Trader (\u001b[35m6quq...8Ngi\u001b[39m) key pair generated"}
{"level":30,"time":1745091921498,"name":"distribute-funds","msg":"Trader (\u001b[35mEW1R...MeUy\u001b[39m) key pair generated"}
{"level":30,"time":1745091921499,"name":"distribute-funds","msg":"Trader (\u001b[35mJDwE...5TW9\u001b[39m) key pair generated"}
{"level":30,"time":1745091921499,"name":"distribute-funds","msg":"Trader (\u001b[35mBL8d...koJQ\u001b[39m) key pair generated"}
{"level":30,"time":1745091921500,"name":"distribute-funds","msg":"Trader (\u001b[35mK2Eb...to46\u001b[39m) key pair generated"}
{"level":30,"time":1745091921501,"name":"distribute-funds","msg":"Trader (\u001b[35mCn8c...PgNg\u001b[39m) key pair generated"}
{"level":30,"time":1745091921502,"name":"distribute-funds","msg":"Trader (\u001b[35m68r7...CHFg\u001b[39m) key pair generated"}
{"level":30,"time":1745091921502,"name":"distribute-funds","msg":"Trader (\u001b[35m38fH...Yv3v\u001b[39m) key pair generated"}
{"level":30,"time":1745091921503,"name":"distribute-funds","msg":"Trader (\u001b[35mCpgA...wzAA\u001b[39m) key pair generated"}
{"level":30,"time":1745091921504,"name":"distribute-funds","msg":"Trader (\u001b[35mHR6r...Zcov\u001b[39m) key pair generated"}
{"level":30,"time":1745091921505,"name":"distribute-funds","msg":"Trader (\u001b[35m6dX9...eG8s\u001b[39m) key pair generated"}
{"level":30,"time":1745091921505,"name":"distribute-funds","msg":"Trader (\u001b[35mESbf...KfjS\u001b[39m) key pair generated"}
{"level":30,"time":1745091921506,"name":"distribute-funds","msg":"Trader (\u001b[35mAs1u...XK3D\u001b[39m) key pair generated"}
{"level":30,"time":1745091921507,"name":"distribute-funds","msg":"Trader (\u001b[35m2XVU...XSs5\u001b[39m) key pair generated"}
{"level":30,"time":1745091921508,"name":"distribute-funds","msg":"Trader (\u001b[35mHKKQ...C6ZB\u001b[39m) key pair generated"}
{"level":30,"time":1745091921508,"name":"distribute-funds","msg":"Trader (\u001b[35mAyHe...E9GJ\u001b[39m) key pair generated"}
{"level":30,"time":1745091921509,"name":"distribute-funds","msg":"Trader (\u001b[35m2XNi...6RYh\u001b[39m) key pair generated"}
{"level":30,"time":1745091921510,"name":"distribute-funds","msg":"Trader (\u001b[35mFpgH...66bB\u001b[39m) key pair generated"}
{"level":30,"time":1745091921511,"name":"distribute-funds","msg":"Trader (\u001b[35mGHUr...YeEc\u001b[39m) key pair generated"}
{"level":30,"time":1745091921511,"name":"distribute-funds","msg":"Trader (\u001b[35m6yLv...CEwz\u001b[39m) key pair generated"}
{"level":30,"time":1745091921512,"name":"distribute-funds","msg":"Trader (\u001b[35mC8fh...JjQg\u001b[39m) key pair generated"}
{"level":30,"time":1745091921513,"name":"distribute-funds","msg":"Trader (\u001b[35m71a4...8RMN\u001b[39m) key pair generated"}
{"level":30,"time":1745091921514,"name":"distribute-funds","msg":"Trader (\u001b[35mBvdM...dCAJ\u001b[39m) key pair generated"}
{"level":30,"time":1745091921514,"name":"distribute-funds","msg":"Trader (\u001b[35m23XR...awTB\u001b[39m) key pair generated"}
{"level":30,"time":1745091921515,"name":"distribute-funds","msg":"Trader (\u001b[35mFsKA...s2H7\u001b[39m) key pair generated"}
{"level":30,"time":1745091921516,"name":"distribute-funds","msg":"Trader (\u001b[35mEk8n...4STr\u001b[39m) key pair generated"}
{"level":30,"time":1745091921517,"name":"distribute-funds","msg":"Trader (\u001b[35mE6og...Nh3N\u001b[39m) key pair generated"}
{"level":30,"time":1745091921517,"name":"distribute-funds","msg":"Trader (\u001b[35m7AUc...p94A\u001b[39m) key pair generated"}
{"level":30,"time":1745091921518,"name":"distribute-funds","msg":"Trader (\u001b[35mHmd4...1nr4\u001b[39m) key pair generated"}
{"level":30,"time":1745091921519,"name":"distribute-funds","msg":"Trader (\u001b[35mBmGQ...F3yi\u001b[39m) key pair generated"}
{"level":30,"time":1745091921520,"name":"distribute-funds","msg":"Trader (\u001b[35m96GE...HhBZ\u001b[39m) key pair generated"}
{"level":30,"time":1745091921521,"name":"distribute-funds","msg":"Trader (\u001b[35m3MPp...rUZR\u001b[39m) key pair generated"}
{"level":30,"time":1745091921522,"name":"distribute-funds","msg":"Trader (\u001b[35m3Zmk...uyJh\u001b[39m) key pair generated"}
{"level":30,"time":1745091921522,"name":"distribute-funds","msg":"Trader (\u001b[35mDF2t...njkZ\u001b[39m) key pair generated"}
{"level":30,"time":1745091921523,"name":"distribute-funds","msg":"Trader (\u001b[35mEeZK...X767\u001b[39m) key pair generated"}
{"level":30,"time":1745091921523,"name":"distribute-funds","msg":"Trader (\u001b[35m374J...V3St\u001b[39m) key pair generated"}
{"level":30,"time":1745091921524,"name":"distribute-funds","msg":"Trader (\u001b[35mEE2q...RdEn\u001b[39m) key pair generated"}
{"level":30,"time":1745091921525,"name":"distribute-funds","msg":"Trader (\u001b[35mGh59...Dxmt\u001b[39m) key pair generated"}
{"level":30,"time":1745091921525,"name":"distribute-funds","msg":"Trader (\u001b[35mEnwC...iAJh\u001b[39m) key pair generated"}
{"level":30,"time":1745091921526,"name":"distribute-funds","msg":"Trader (\u001b[35mBVrx...e3og\u001b[39m) key pair generated"}
{"level":30,"time":1745091921527,"name":"distribute-funds","msg":"Trader (\u001b[35mBE8y...zxT4\u001b[39m) key pair generated"}
{"level":30,"time":1745091921527,"name":"distribute-funds","msg":"Trader (\u001b[35mHCR1...46PC\u001b[39m) key pair generated"}
{"level":30,"time":1745091921528,"name":"distribute-funds","msg":"Trader (\u001b[35m5zq6...ePTH\u001b[39m) key pair generated"}
{"level":30,"time":1745091921528,"name":"distribute-funds","msg":"Trader (\u001b[35mB1KT...PS2X\u001b[39m) key pair generated"}
{"level":30,"time":1745091921529,"name":"distribute-funds","msg":"Trader (\u001b[35m65HN...fcuS\u001b[39m) key pair generated"}
{"level":30,"time":1745091921530,"name":"distribute-funds","msg":"Trader (\u001b[35m3qwF...y2uA\u001b[39m) key pair generated"}
{"level":30,"time":1745091921530,"name":"distribute-funds","msg":"Trader (\u001b[35mPcUM...TMW5\u001b[39m) key pair generated"}
{"level":30,"time":1745091921531,"name":"distribute-funds","msg":"Trader (\u001b[35m8zjw...1sDq\u001b[39m) key pair generated"}
{"level":30,"time":1745091921532,"name":"distribute-funds","msg":"Trader (\u001b[35mENEa...KN8G\u001b[39m) key pair generated"}
{"level":30,"time":1745091921532,"name":"distribute-funds","msg":"Trader (\u001b[35mEmx8...DGhN\u001b[39m) key pair generated"}
{"level":30,"time":1745091921533,"name":"distribute-funds","msg":"Trader (\u001b[35mGm8k...ijo1\u001b[39m) key pair generated"}
{"level":30,"time":1745091921533,"name":"distribute-funds","msg":"Trader (\u001b[35mEtcy...HJe4\u001b[39m) key pair generated"}
{"level":30,"time":1745091921534,"name":"distribute-funds","msg":"Trader (\u001b[35m9FHp...nbx6\u001b[39m) key pair generated"}
{"level":30,"time":1745091921538,"name":"distribute-funds","msg":"Trader (\u001b[35mGN4y...vz2f\u001b[39m) key pair generated"}
{"level":30,"time":1745091921539,"name":"distribute-funds","msg":"Trader (\u001b[35m5qqn...3PiA\u001b[39m) key pair generated"}
{"level":30,"time":1745091921539,"name":"distribute-funds","msg":"Trader (\u001b[35m9KPn...zPZD\u001b[39m) key pair generated"}
{"level":30,"time":1745091921540,"name":"distribute-funds","msg":"Trader (\u001b[35mAGDp...mX4j\u001b[39m) key pair generated"}
{"level":30,"time":1745091921541,"name":"distribute-funds","msg":"Trader (\u001b[35mHWbA...U6Zv\u001b[39m) key pair generated"}
{"level":30,"time":1745091921541,"name":"distribute-funds","msg":"Trader (\u001b[35mBasj...P8Nd\u001b[39m) key pair generated"}
{"level":30,"time":1745091921542,"name":"distribute-funds","msg":"Trader (\u001b[35mCmjD...RVgc\u001b[39m) key pair generated"}
{"level":30,"time":1745091921543,"name":"distribute-funds","msg":"Trader (\u001b[35mFKkD...sHYS\u001b[39m) key pair generated"}
{"level":30,"time":1745091921543,"name":"distribute-funds","msg":"Trader (\u001b[35mAten...8Tyw\u001b[39m) key pair generated"}
{"level":30,"time":1745091921544,"name":"distribute-funds","msg":"Trader (\u001b[35mBBM2...GrQp\u001b[39m) key pair generated"}
{"level":30,"time":1745091921545,"name":"distribute-funds","msg":"Trader (\u001b[35mGGkf...uNPB\u001b[39m) key pair generated"}
{"level":30,"time":1745091921545,"name":"distribute-funds","msg":"Trader (\u001b[35m5SYZ...mwLU\u001b[39m) key pair generated"}
{"level":30,"time":1745091921546,"name":"distribute-funds","msg":"Trader (\u001b[35mFkVt...zc5H\u001b[39m) key pair generated"}
{"level":30,"time":1745091921547,"name":"distribute-funds","msg":"Trader (\u001b[35mF6Q2...gzSJ\u001b[39m) key pair generated"}
{"level":30,"time":1745091921547,"name":"distribute-funds","msg":"Trader (\u001b[35mFw1X...yW4G\u001b[39m) key pair generated"}
{"level":30,"time":1745091921548,"name":"distribute-funds","msg":"Trader (\u001b[35m8Gcf...jxD2\u001b[39m) key pair generated"}
{"level":30,"time":1745091921549,"name":"distribute-funds","msg":"Trader (\u001b[35m4EXJ...rfoK\u001b[39m) key pair generated"}
{"level":30,"time":1745091921549,"name":"distribute-funds","msg":"Trader (\u001b[35mEXqk...EWgX\u001b[39m) key pair generated"}
{"level":30,"time":1745091921550,"name":"distribute-funds","msg":"Trader (\u001b[35m2yxg...Ewvs\u001b[39m) key pair generated"}
{"level":30,"time":1745091921551,"name":"distribute-funds","msg":"Trader (\u001b[35m92Wj...UFqe\u001b[39m) key pair generated"}
{"level":30,"time":1745091921551,"name":"distribute-funds","msg":"Trader (\u001b[35mAcMU...HeFt\u001b[39m) key pair generated"}
{"level":30,"time":1745091921552,"name":"distribute-funds","msg":"Trader (\u001b[35mCdUd...XmmE\u001b[39m) key pair generated"}
{"level":30,"time":1745091921553,"name":"distribute-funds","msg":"Trader (\u001b[35m7yoB...AEGA\u001b[39m) key pair generated"}
{"level":30,"time":1745091921553,"name":"distribute-funds","msg":"Trader (\u001b[35mArD1...sLqd\u001b[39m) key pair generated"}
{"level":30,"time":1745091921554,"name":"distribute-funds","msg":"Trader (\u001b[35mbDjT...U5it\u001b[39m) key pair generated"}
{"level":30,"time":1745091921555,"name":"distribute-funds","msg":"Trader (\u001b[35mFKgW...wf4N\u001b[39m) key pair generated"}
{"level":30,"time":1745091921556,"name":"distribute-funds","msg":"Trader (\u001b[35m98TM...EvLi\u001b[39m) key pair generated"}
{"level":30,"time":1745091921556,"name":"distribute-funds","msg":"Trader (\u001b[35m4Z2e...HYPm\u001b[39m) key pair generated"}
{"level":30,"time":1745091921557,"name":"distribute-funds","msg":"Trader (\u001b[35m2D86...5tnA\u001b[39m) key pair generated"}
{"level":30,"time":1745091921558,"name":"distribute-funds","msg":"Trader (\u001b[35mESdV...7378\u001b[39m) key pair generated"}
{"level":30,"time":1745091925053,"name":"distribute-funds","msg":"Transaction (\u001b[33m3EHx7MPo...P26MSbWg\u001b[39m) sent to distribute \u001b[32m0.406439844\u001b[39m SOL from sniper distributor (\u001b[35mDstK...iqTN\u001b[39m) to \u001b[32m20\u001b[39m snipers"}
{"level":30,"time":1745091930227,"name":"distribute-funds","msg":"Transaction (\u001b[33m3EHx7MPo...P26MSbWg\u001b[39m) confirmed: \u001b[34m\u001b]8;;https://solscan.io/tx/3EHx7MPormiEAfFt6BaXpidyBavs4H4VQNrmwNH4ik9XKjGNCPB3kb68ZforsSUEwSUq73KRKu55UVUTP26MSbWg?cluster=mainnet-beta\u001b\\<Transaction link>\u001b]8;;\u001b\\\u001b[39m"}
{"level":30,"time":1745091931905,"name":"distribute-funds","msg":"Transaction (\u001b[33m3rE4y5RE...md2eAmea\u001b[39m) sent to distribute \u001b[32m0.405559496\u001b[39m SOL from sniper distributor (\u001b[35mDstK...iqTN\u001b[39m) to \u001b[32m20\u001b[39m snipers"}
{"level":30,"time":1745091937066,"name":"distribute-funds","msg":"Transaction (\u001b[33m3rE4y5RE...md2eAmea\u001b[39m) confirmed: \u001b[34m\u001b]8;;https://solscan.io/tx/3rE4y5REbFLnxJqsMPyaooUyGggwyq9TML4feZCD8nigbsG4bSemxU4j94qiLJKx1AyRUmeXWWsF3AFQmd2eAmea?cluster=mainnet-beta\u001b\\<Transaction link>\u001b]8;;\u001b\\\u001b[39m"}
{"level":30,"time":1745091937837,"name":"distribute-funds","msg":"Transaction (\u001b[33m2x8fVfdK...EwTap1Qc\u001b[39m) sent to distribute \u001b[32m0.041305198\u001b[39m SOL from sniper distributor (\u001b[35mDstK...iqTN\u001b[39m) to \u001b[32m2\u001b[39m snipers"}
{"level":30,"time":1745091943013,"name":"distribute-funds","msg":"Transaction (\u001b[33m2x8fVfdK...EwTap1Qc\u001b[39m) confirmed: \u001b[34m\u001b]8;;https://solscan.io/tx/2x8fVfdKN7s38tLgbV9BQL9v9hYuYcE6mR64EC6a32NnfCLkuM2KTeRYx1Sej48EGgXmk1ss3kgHk59oEwTap1Qc?cluster=mainnet-beta\u001b\\<Transaction link>\u001b]8;;\u001b\\\u001b[39m"}
{"level":30,"time":1745091945098,"name":"distribute-funds","msg":"Transaction (\u001b[33m4tMLJhQT...E1obULNA\u001b[39m) sent to distribute \u001b[32m3.94295887\u001b[39m SOL from trader distributor (\u001b[35mDt1d...3GnR\u001b[39m) to \u001b[32m20\u001b[39m traders"}
{"level":30,"time":1745091950311,"name":"distribute-funds","msg":"Transaction (\u001b[33m4tMLJhQT...E1obULNA\u001b[39m) confirmed: \u001b[34m\u001b]8;;https://solscan.io/tx/4tMLJhQTAX7b9PoBchdJyW7gwjDesP7gZv1pYZQ86axdqjSqdcF3QJtDtk5UGLpkoeGGyqMq6yXNgqZkE1obULNA?cluster=mainnet-beta\u001b\\<Transaction link>\u001b]8;;\u001b\\\u001b[39m"}
{"level":30,"time":1745091951915,"name":"distribute-funds","msg":"Transaction (\u001b[33m2U7fdpAR...MGBHbZUV\u001b[39m) sent to distribute \u001b[32m3.972342601\u001b[39m SOL from trader distributor (\u001b[35mDt1d...3GnR\u001b[39m) to \u001b[32m20\u001b[39m traders"}
{"level":30,"time":1745091962054,"name":"distribute-funds","msg":"Transaction (\u001b[33m2U7fdpAR...MGBHbZUV\u001b[39m) confirmed: \u001b[34m\u001b]8;;https://solscan.io/tx/2U7fdpARrRA51r2R94rmdBvcShq5ey6wRokrwt9JfTMZCmZuFcEatxmibgDEwDXKaiyZ4xANCprTWa2UMGBHbZUV?cluster=mainnet-beta\u001b\\<Transaction link>\u001b]8;;\u001b\\\u001b[39m"}
{"level":30,"time":1745091964472,"name":"distribute-funds","msg":"Transaction (\u001b[33m4fxhjVET...v9v3wef1\u001b[39m) sent to distribute \u001b[32m3.961145406\u001b[39m SOL from trader distributor (\u001b[35mDt1d...3GnR\u001b[39m) to \u001b[32m20\u001b[39m traders"}
{"level":30,"time":1745091969711,"name":"distribute-funds","msg":"Transaction (\u001b[33m4fxhjVET...v9v3wef1\u001b[39m) confirmed: \u001b[34m\u001b]8;;https://solscan.io/tx/4fxhjVETgyWtbbZXXxXrsAyRCQ3Wfc4RLx6sDFYksVsQiZ7YiWz2FhXBrtTx9cc1P3mwyzCaeiHC9Ezev9v3wef1?cluster=mainnet-beta\u001b\\<Transaction link>\u001b]8;;\u001b\\\u001b[39m"}
{"level":30,"time":1745091971409,"name":"distribute-funds","msg":"Transaction (\u001b[33m27cxDbb4...wYjMSm3z\u001b[39m) sent to distribute \u001b[32m3.907153099\u001b[39m SOL from trader distributor (\u001b[35mDt1d...3GnR\u001b[39m) to \u001b[32m20\u001b[39m traders"}
{"level":30,"time":1745091976559,"name":"distribute-funds","msg":"Transaction (\u001b[33m27cxDbb4...wYjMSm3z\u001b[39m) confirmed: \u001b[34m\u001b]8;;https://solscan.io/tx/27cxDbb46e4oEXwxAFjCrr1mV65Uxpmka391sEhT8vQ1dF1tqcLvr99R2VLT1ja1Kx9DzbYMdUwq5NAYwYjMSm3z?cluster=mainnet-beta\u001b\\<Transaction link>\u001b]8;;\u001b\\\u001b[39m"}
{"level":30,"time":1745091978183,"name":"distribute-funds","msg":"Transaction (\u001b[33mYvkvUDfJ...rS2YsM5h\u001b[39m) sent to distribute \u001b[32m3.916791112\u001b[39m SOL from trader distributor (\u001b[35mDt1d...3GnR\u001b[39m) to \u001b[32m20\u001b[39m traders"}
{"level":30,"time":1745091983365,"name":"distribute-funds","msg":"Transaction (\u001b[33mYvkvUDfJ...rS2YsM5h\u001b[39m) confirmed: \u001b[34m\u001b]8;;https://solscan.io/tx/YvkvUDfJA4uaUAV2z1YjcjfnNsmKyqtDMeadecAFaeKZPqUeG6bStXLGTid33QpbRvnE3FuYzWdhqPZrS2YsM5h?cluster=mainnet-beta\u001b\\<Transaction link>\u001b]8;;\u001b\\\u001b[39m"}
{"level":30,"time":1745091984171,"name":"distribute-funds","msg":"Transaction (\u001b[33m3tqY6o19...HuUF2Kog\u001b[39m) sent to distribute \u001b[32m0.411201469\u001b[39m SOL from trader distributor (\u001b[35mDt1d...3GnR\u001b[39m) to \u001b[32m2\u001b[39m traders"}
{"level":30,"time":1745091989299,"name":"distribute-funds","msg":"Transaction (\u001b[33m3tqY6o19...HuUF2Kog\u001b[39m) confirmed: \u001b[34m\u001b]8;;https://solscan.io/tx/3tqY6o19jjBZNAfASi1Q8UREXRHCLk5JZpgA31CmQsKJCsB17eLqZShyoGmCJTw9QN6rVX4ZFR7ZrjJ5HuUF2Kog?cluster=mainnet-beta\u001b\\<Transaction link>\u001b]8;;\u001b\\\u001b[39m"}
