{"level":30,"time":1745342880366,"name":"open-pool","msg":"Transaction (\u001b[33m4Gpg8mPf...6XbTN1uR\u001b[39m) sent to create pool id (\u001b[35mDetT...Wrya\u001b[39m)"}
{"level":30,"time":1745342891503,"name":"open-pool","msg":"Transaction (\u001b[33m4Gpg8mPf...6XbTN1uR\u001b[39m) confirmed: \u001b[34m\u001b]8;;https://solscan.io/tx/4Gpg8mPfDTzYFwuRQ33HwPdxfCMuoZsH2HMiz1nhLgW82xewzLn7L8xqk7qfBUYphFaVdUyAh3zE6v8j6XbTN1uR?cluster=mainnet-beta\u001b\\<Transaction link>\u001b]8;;\u001b\\\u001b[39m"}
{"level":30,"time":1745342893641,"name":"open-pool","msg":"Transaction (\u001b[33m2wvN9DHa...1CstVh9G\u001b[39m) sent to swap \u001b[32m0.0084\u001b[39m WSOL to ~\u001b[32m8,309,375.740668\u001b[39m FALLENBOY for account (\u001b[35m5qac...93hp\u001b[39m)"}
{"level":30,"time":1745342894287,"name":"open-pool","msg":"Transaction (\u001b[33m5bUv3ZNf...F3LvrmVo\u001b[39m) sent to swap \u001b[32m0.0132\u001b[39m WSOL to ~\u001b[32m12,995,883.205828\u001b[39m FALLENBOY for account (\u001b[35mAGrK...45sx\u001b[39m)"}
{"level":30,"time":1745342894974,"name":"open-pool","msg":"Transaction (\u001b[33m665BdwLR...Paxq7c7v\u001b[39m) sent to swap \u001b[32m0.0129\u001b[39m WSOL to ~\u001b[32m12,704,274.57089\u001b[39m FALLENBOY for account (\u001b[35m7YYS...ZV1k\u001b[39m)"}
{"level":30,"time":1745342896717,"name":"open-pool","msg":"Transaction (\u001b[33m3Upsz1LN...rtZYa5cw\u001b[39m) sent to swap \u001b[32m0.014\u001b[39m WSOL to ~\u001b[32m13,772,664.736948\u001b[39m FALLENBOY for account (\u001b[35mAK8D...kprw\u001b[39m)"}
{"level":30,"time":1745342897349,"name":"open-pool","msg":"Transaction (\u001b[33m3eiL6dYB...Ri3mYymQ\u001b[39m) sent to swap \u001b[32m0.0143\u001b[39m WSOL to ~\u001b[32m14,063,642.684832\u001b[39m FALLENBOY for account (\u001b[35mCfQV...1yvp\u001b[39m)"}
{"level":30,"time":1745342897575,"name":"open-pool","msg":"Transaction (\u001b[33m64VGkXf2...NMxCAQNG\u001b[39m) sent to swap \u001b[32m0.0116\u001b[39m WSOL to ~\u001b[32m11,438,643.456564\u001b[39m FALLENBOY for account (\u001b[35mDTSW...Kacj\u001b[39m)"}
{"level":30,"time":1745342898046,"name":"open-pool","msg":"Transaction (\u001b[33m5Sa12RwM...FjTQmRVy\u001b[39m) sent to swap \u001b[32m0.0145\u001b[39m WSOL to ~\u001b[32m14,257,532.612673\u001b[39m FALLENBOY for account (\u001b[35mAADh...rKaa\u001b[39m)"}
{"level":30,"time":1745342898598,"name":"open-pool","msg":"Transaction (\u001b[33m6jYLHubG...tcLHeop8\u001b[39m) sent to swap \u001b[32m0.0125\u001b[39m WSOL to ~\u001b[32m12,315,194.913423\u001b[39m FALLENBOY for account (\u001b[35mD3NU...h39a\u001b[39m)"}
{"level":30,"time":1745342898795,"name":"open-pool","msg":"Transaction (\u001b[33m2wvN9DHa...1CstVh9G\u001b[39m) confirmed: \u001b[34m\u001b]8;;https://solscan.io/tx/2wvN9DHaSiBJJLBKfEzKHpJAPUqWV7hHNQp8dtYE1Hw5m4SkMkFFpPFwUvQRoA3FUQ8YvGPq9HsZbxdT1CstVh9G?cluster=mainnet-beta\u001b\\<Transaction link>\u001b]8;;\u001b\\\u001b[39m"}
{"level":30,"time":1745342899626,"name":"open-pool","msg":"Transaction (\u001b[33m4bRcP7q6...gvXBEEzY\u001b[39m) sent to swap \u001b[32m0.0104\u001b[39m WSOL to ~\u001b[32m10,267,485.109474\u001b[39m FALLENBOY for account (\u001b[35m4NUE...jVuy\u001b[39m)"}
{"level":30,"time":1745342899647,"name":"open-pool","msg":"Transaction (\u001b[33m5bUv3ZNf...F3LvrmVo\u001b[39m) confirmed: \u001b[34m\u001b]8;;https://solscan.io/tx/5bUv3ZNft37Z1L4uqs4dT3LxmZ6rcjm9WuT3CykwAPeydf8yy9iKYBHCHhHymAZCJyhECMZCq32oKy2EF3LvrmVo?cluster=mainnet-beta\u001b\\<Transaction link>\u001b]8;;\u001b\\\u001b[39m"}
{"level":30,"time":1745342900106,"name":"open-pool","msg":"Transaction (\u001b[33m665BdwLR...Paxq7c7v\u001b[39m) confirmed: \u001b[34m\u001b]8;;https://solscan.io/tx/665BdwLRS7T6qGdepKxMU22skCqzuWFmCLWC5vNeNLZpSipBAmiRCEKDQWcmmxgYWreYhnEipg4UQL1VPaxq7c7v?cluster=mainnet-beta\u001b\\<Transaction link>\u001b]8;;\u001b\\\u001b[39m"}
{"level":30,"time":1745342900460,"name":"open-pool","msg":"Transaction (\u001b[33m2pJ4BJp4...tyJSBDzk\u001b[39m) sent to swap \u001b[32m0.015\u001b[39m WSOL to ~\u001b[32m14,741,923.962707\u001b[39m FALLENBOY for account (\u001b[35m8Xam...cStN\u001b[39m)"}
{"level":30,"time":1745342901168,"name":"open-pool","msg":"Transaction (\u001b[33m3JF6Yhjw...tdFe7AdR\u001b[39m) sent to swap \u001b[32m0.0144\u001b[39m WSOL to ~\u001b[32m14,160,597.182076\u001b[39m FALLENBOY for account (\u001b[35m4FDs...6x9d\u001b[39m)"}
{"level":30,"time":1745342901436,"name":"open-pool","msg":"Transaction (\u001b[33m36x1WLc9...kdbeTa6a\u001b[39m) sent to swap \u001b[32m0.0118\u001b[39m WSOL to ~\u001b[32m11,633,567.098467\u001b[39m FALLENBOY for account (\u001b[35mGLx2...6q7G\u001b[39m)"}
{"level":30,"time":1745342901848,"name":"open-pool","msg":"Transaction (\u001b[33m3Upsz1LN...rtZYa5cw\u001b[39m) confirmed: \u001b[34m\u001b]8;;https://solscan.io/tx/3Upsz1LN4Vc8vF9F2FGMECMRN1gcvyhZ3MBrcPbTkcpycBdx3wQ2STrAux7fBN19Tb3CtpGeuta9GMrqrtZYa5cw?cluster=mainnet-beta\u001b\\<Transaction link>\u001b]8;;\u001b\\\u001b[39m"}
{"level":30,"time":1745342901996,"name":"open-pool","msg":"Transaction (\u001b[33m3KN1tZuh...ZksG28Nk\u001b[39m) sent to swap \u001b[32m0.0133\u001b[39m WSOL to ~\u001b[32m13,093,047.807993\u001b[39m FALLENBOY for account (\u001b[35mAAoi...dY9S\u001b[39m)"}
{"level":30,"time":1745342902200,"name":"open-pool","msg":"Transaction (\u001b[33m4pATPwgF...XLihwyyh\u001b[39m) sent to swap \u001b[32m0.0098\u001b[39m WSOL to ~\u001b[32m9,680,864.707056\u001b[39m FALLENBOY for account (\u001b[35mXWLF...t6Df\u001b[39m)"}
{"level":30,"time":1745342902735,"name":"open-pool","msg":"Transaction (\u001b[33m26TMN9E7...r1mYujmJ\u001b[39m) sent to swap \u001b[32m0.0087\u001b[39m WSOL to ~\u001b[32m8,603,585.930399\u001b[39m FALLENBOY for account (\u001b[35mH6iL...rSoo\u001b[39m)"}
{"level":30,"time":1745342902764,"name":"open-pool","msg":"Transaction (\u001b[33m3eiL6dYB...Ri3mYymQ\u001b[39m) confirmed: \u001b[34m\u001b]8;;https://solscan.io/tx/3eiL6dYBGQjpWKHt2zsH8QuADKF2ao9u48Rb7TcPvWS6qNBjAcA9pzfLM2EcUUy4owQvCBoUbv65YDuqRi3mYymQ?cluster=mainnet-beta\u001b\\<Transaction link>\u001b]8;;\u001b\\\u001b[39m"}
{"level":30,"time":1745342902810,"name":"open-pool","msg":"Transaction (\u001b[33m64VGkXf2...NMxCAQNG\u001b[39m) confirmed: \u001b[34m\u001b]8;;https://solscan.io/tx/64VGkXf2wgezHvd2Bvs48WcqccswPZFe3AYUpU2AJdCuK8LhqU6AW4hPjPFLi3tEejmhvCgBG1a4fyFXNMxCAQNG?cluster=mainnet-beta\u001b\\<Transaction link>\u001b]8;;\u001b\\\u001b[39m"}
{"level":30,"time":1745342902838,"name":"open-pool","msg":"Transaction (\u001b[33m64oLcUpZ...YVjwUmGN\u001b[39m) sent to swap \u001b[32m0.0124\u001b[39m WSOL to ~\u001b[32m12,217,877.078417\u001b[39m FALLENBOY for account (\u001b[35mHHMe...Ghmp\u001b[39m)"}
{"level":30,"time":1745342903103,"name":"open-pool","msg":"Transaction (\u001b[33mTTy4EP5W...WJgDw1D1\u001b[39m) sent to swap \u001b[32m0.0092\u001b[39m WSOL to ~\u001b[32m9,093,548.505366\u001b[39m FALLENBOY for account (\u001b[35m3fE9...ZjTi\u001b[39m)"}
{"level":30,"time":1745342903178,"name":"open-pool","msg":"Transaction (\u001b[33m5Sa12RwM...FjTQmRVy\u001b[39m) confirmed: \u001b[34m\u001b]8;;https://solscan.io/tx/5Sa12RwMhCcRQ9Uf9GhzSWeXGc9FFwEQySnG2Akngm2xgkMmTiuvLtf4UF99qfg6yrn2N6txs7gcWvWRFjTQmRVy?cluster=mainnet-beta\u001b\\<Transaction link>\u001b]8;;\u001b\\\u001b[39m"}
{"level":30,"time":1745342903782,"name":"open-pool","msg":"Transaction (\u001b[33m6jYLHubG...tcLHeop8\u001b[39m) confirmed: \u001b[34m\u001b]8;;https://solscan.io/tx/6jYLHubGU1bXE9YQDKijf6ied3E9zqZaGHr4N3VJJ8ZGQBGHfG9m5pze8VF5ANS7Srm51jhDRt6QNottcLHeop8?cluster=mainnet-beta\u001b\\<Transaction link>\u001b]8;;\u001b\\\u001b[39m"}
{"level":30,"time":1745342904018,"name":"open-pool","msg":"Transaction (\u001b[33m3LPQdnXR...vM4Xg42E\u001b[39m) sent to swap \u001b[32m0.0137\u001b[39m WSOL to ~\u001b[32m13,481,514.986572\u001b[39m FALLENBOY for account (\u001b[35mGNVq...FihG\u001b[39m)"}
{"level":30,"time":1745342904556,"name":"open-pool","msg":"Transaction (\u001b[33m2Yukef6f...M5DWovmP\u001b[39m) sent to swap \u001b[32m0.0097\u001b[39m WSOL to ~\u001b[32m9,583,027.02625\u001b[39m FALLENBOY for account (\u001b[35mH4iv...BirR\u001b[39m)"}
{"level":30,"time":1745342904761,"name":"open-pool","msg":"Transaction (\u001b[33m4bRcP7q6...gvXBEEzY\u001b[39m) confirmed: \u001b[34m\u001b]8;;https://solscan.io/tx/4bRcP7q6Fwq2DML9j8pzAZUcUpRuLf5p9eCHLMiDQ2e6YsEoaAqXavNFcYdsBQQhHWp8oAnhufn4GHo4gvXBEEzY?cluster=mainnet-beta\u001b\\<Transaction link>\u001b]8;;\u001b\\\u001b[39m"}
{"level":30,"time":1745342904822,"name":"open-pool","msg":"Transaction (\u001b[33mo8Jr8Lak...WebTqr5T\u001b[39m) sent to swap \u001b[32m0.0088\u001b[39m WSOL to ~\u001b[32m8,701,617.204181\u001b[39m FALLENBOY for account (\u001b[35m98xw...z3TX\u001b[39m)"}
{"level":30,"time":1745342904966,"name":"open-pool","msg":"Transaction (\u001b[33m2prHm24V...7djyutcK\u001b[39m) sent to swap \u001b[32m0.0086\u001b[39m WSOL to ~\u001b[32m8,505,535.265722\u001b[39m FALLENBOY for account (\u001b[35mEgUJ...HGUH\u001b[39m)"}
{"level":30,"time":1745342905481,"name":"open-pool","msg":"Transaction (\u001b[33m4CEbFsNQ...ENy1UNhF\u001b[39m) sent to swap \u001b[32m0.0148\u001b[39m WSOL to ~\u001b[32m14,548,224.560808\u001b[39m FALLENBOY for account (\u001b[35m3hTk...BoGi\u001b[39m)"}
{"level":30,"time":1745342905620,"name":"open-pool","msg":"Transaction (\u001b[33m2pJ4BJp4...tyJSBDzk\u001b[39m) confirmed: \u001b[34m\u001b]8;;https://solscan.io/tx/2pJ4BJp43wpNugZ6TP4U3b6h6RTijb8qUDTEfBTJwJ211k4bmrqLNDazZvC4pkrQmhBFHVHzhKtLoyP8tyJSBDzk?cluster=mainnet-beta\u001b\\<Transaction link>\u001b]8;;\u001b\\\u001b[39m"}
{"level":30,"time":1745342906126,"name":"open-pool","msg":"Transaction (\u001b[33m42kQvkZ5...CNDr3Zq6\u001b[39m) sent to swap \u001b[32m0.0146\u001b[39m WSOL to ~\u001b[32m14,354,448.982247\u001b[39m FALLENBOY for account (\u001b[35mDbkV...VqaQ\u001b[39m)"}
{"level":30,"time":1745342906288,"name":"open-pool","msg":"Transaction (\u001b[33m3JF6Yhjw...tdFe7AdR\u001b[39m) confirmed: \u001b[34m\u001b]8;;https://solscan.io/tx/3JF6YhjweFSVQydZpJcxRVzhQWxMveVyR8Umce4vYoC9pwzpv7XPnjtkkbQAwwifEX5sGQw1M6o8frwktdFe7AdR?cluster=mainnet-beta\u001b\\<Transaction link>\u001b]8;;\u001b\\\u001b[39m"}
{"level":30,"time":1745342906586,"name":"open-pool","msg":"Transaction (\u001b[33m36x1WLc9...kdbeTa6a\u001b[39m) confirmed: \u001b[34m\u001b]8;;https://solscan.io/tx/36x1WLc9jRbnSp4aNYiJvCZA57SaQ8Z94MmJMcNKffE65bXH3RXvZTmAwNp5SgDkjuY9D16tM32NyAWvkdbeTa6a?cluster=mainnet-beta\u001b\\<Transaction link>\u001b]8;;\u001b\\\u001b[39m"}
{"level":30,"time":1745342906775,"name":"open-pool","msg":"Transaction (\u001b[33m2Saz3YYL...gHhhLyhf\u001b[39m) sent to swap \u001b[32m0.0134\u001b[39m WSOL to ~\u001b[32m13,190,193.281502\u001b[39m FALLENBOY for account (\u001b[35mDv4S...wzUS\u001b[39m)"}
{"level":30,"time":1745342906985,"name":"open-pool","msg":"Transaction (\u001b[33mdyLvdfay...Mte45hpM\u001b[39m) sent to swap \u001b[32m0.0107\u001b[39m WSOL to ~\u001b[32m10,560,534.772242\u001b[39m FALLENBOY for account (\u001b[35mEKSB...EsLi\u001b[39m)"}
{"level":30,"time":1745342907224,"name":"open-pool","msg":"Transaction (\u001b[33m3KN1tZuh...ZksG28Nk\u001b[39m) confirmed: \u001b[34m\u001b]8;;https://solscan.io/tx/3KN1tZuhDSeqMmA87J2ikY8ZcExZfr4eqoRZfWHxiNLSq71JuevzSRfwgWMiiPuDfMqELDJZjCtdT4YEZksG28Nk?cluster=mainnet-beta\u001b\\<Transaction link>\u001b]8;;\u001b\\\u001b[39m"}
{"level":30,"time":1745342907350,"name":"open-pool","msg":"Transaction (\u001b[33m4pATPwgF...XLihwyyh\u001b[39m) confirmed: \u001b[34m\u001b]8;;https://solscan.io/tx/4pATPwgFt3W5PS4HHCpXvwhkksPxZ4XTPPgG7wTSAEJANuW8J6cQm8ykAgaQcyKoYKGQ6B1TBEAmCih6XLihwyyh?cluster=mainnet-beta\u001b\\<Transaction link>\u001b]8;;\u001b\\\u001b[39m"}
{"level":30,"time":1745342907362,"name":"open-pool","msg":"Transaction (\u001b[33m37DbNGTv...eN62EsJo\u001b[39m) sent to swap \u001b[32m0.0131\u001b[39m WSOL to ~\u001b[32m12,898,699.469359\u001b[39m FALLENBOY for account (\u001b[35mBnop...XWkB\u001b[39m)"}
{"level":30,"time":1745342907634,"name":"open-pool","msg":"Transaction (\u001b[33mPCfap79v...5JgoAzh5\u001b[39m) sent to swap \u001b[32m0.0094\u001b[39m WSOL to ~\u001b[32m9,289,397.960027\u001b[39m FALLENBOY for account (\u001b[35m6DfW...E6gQ\u001b[39m)"}
{"level":30,"time":1745342907872,"name":"open-pool","msg":"Transaction (\u001b[33m26TMN9E7...r1mYujmJ\u001b[39m) confirmed: \u001b[34m\u001b]8;;https://solscan.io/tx/26TMN9E7JHEzSB2KsFSwp6TTSXTEzLSBfnzFMNkwLa1e2Rf3ccGC55bo8Yea5KT6v7YA74SwJcE1sjvVr1mYujmJ?cluster=mainnet-beta\u001b\\<Transaction link>\u001b]8;;\u001b\\\u001b[39m"}
{"level":30,"time":1745342907909,"name":"open-pool","msg":"Transaction (\u001b[33m3crTGWoY...yLvnnAqo\u001b[39m) sent to swap \u001b[32m0.01\u001b[39m WSOL to ~\u001b[32m9,876,482.09114\u001b[39m FALLENBOY for account (\u001b[35mCQmR...9AUa\u001b[39m)"}
{"level":30,"time":1745342907962,"name":"open-pool","msg":"Transaction (\u001b[33m64oLcUpZ...YVjwUmGN\u001b[39m) confirmed: \u001b[34m\u001b]8;;https://solscan.io/tx/64oLcUpZdHcosCJrCJ2X6zP7SLYrtGg9Q24cYkT6N8VsLeDv7Qx8cJ9YoogioQn2VTn3yAbqxtUvY6GrYVjwUmGN?cluster=mainnet-beta\u001b\\<Transaction link>\u001b]8;;\u001b\\\u001b[39m"}
{"level":30,"time":1745342908208,"name":"open-pool","msg":"Transaction (\u001b[33mcS5Yjros...LNkbFAbc\u001b[39m) sent to swap \u001b[32m0.0123\u001b[39m WSOL to ~\u001b[32m12,120,540.063821\u001b[39m FALLENBOY for account (\u001b[35m2G76...Azxa\u001b[39m)"}
{"level":30,"time":1745342908239,"name":"open-pool","msg":"Transaction (\u001b[33mTTy4EP5W...WJgDw1D1\u001b[39m) confirmed: \u001b[34m\u001b]8;;https://solscan.io/tx/TTy4EP5WvE55fpdRNTQqqboHW4T6Mrcyhx833Yo8RhkpGnP57rRWbViqVXUrDLdzSGap9dJ89GYgGpCWJgDw1D1?cluster=mainnet-beta\u001b\\<Transaction link>\u001b]8;;\u001b\\\u001b[39m"}
{"level":30,"time":1745342908419,"name":"open-pool","msg":"Transaction (\u001b[33m4ZXebW2u...npTnSUzY\u001b[39m) sent to swap \u001b[32m0.0149\u001b[39m WSOL to ~\u001b[32m14,645,083.781033\u001b[39m FALLENBOY for account (\u001b[35mGvfG...R5P5\u001b[39m)"}
{"level":30,"time":1745342908459,"name":"open-pool","msg":"Transaction (\u001b[33m2eBTGxh3...ADm5jkhP\u001b[39m) sent to swap \u001b[32m0.0142\u001b[39m WSOL to ~\u001b[32m13,966,669.115316\u001b[39m FALLENBOY for account (\u001b[35mzWb6...r8rS\u001b[39m)"}
{"level":30,"time":1745342908722,"name":"open-pool","msg":"Transaction (\u001b[33m5nmBhW83...wLH11nXm\u001b[39m) sent to swap \u001b[32m0.0135\u001b[39m WSOL to ~\u001b[32m13,287,319.632005\u001b[39m FALLENBOY for account (\u001b[35mChfY...tnB2\u001b[39m)"}
{"level":30,"time":1745342908988,"name":"open-pool","msg":"Transaction (\u001b[33m3pYWD3zr...AFacx6Xd\u001b[39m) sent to swap \u001b[32m0.0091\u001b[39m WSOL to ~\u001b[32m8,995,594.737667\u001b[39m FALLENBOY for account (\u001b[35m5beB...HmEu\u001b[39m)"}
{"level":30,"time":1745342909145,"name":"open-pool","msg":"Transaction (\u001b[33m3LPQdnXR...vM4Xg42E\u001b[39m) confirmed: \u001b[34m\u001b]8;;https://solscan.io/tx/3LPQdnXRyeMLtvC7d81pXyGQsjABJkDZ43nD13Wrnft8vJutPhxAKkTdrbUyjXdZhpdHk1BXZVLHnKWJvM4Xg42E?cluster=mainnet-beta\u001b\\<Transaction link>\u001b]8;;\u001b\\\u001b[39m"}
{"level":30,"time":1745342909284,"name":"open-pool","msg":"Transaction (\u001b[33m426szjPP...j9tmUWvM\u001b[39m) sent to swap \u001b[32m0.0103\u001b[39m WSOL to ~\u001b[32m10,169,763.309319\u001b[39m FALLENBOY for account (\u001b[35mCB54...hXLu\u001b[39m)"}
{"level":30,"time":1745342909670,"name":"open-pool","msg":"Transaction (\u001b[33m2Yukef6f...M5DWovmP\u001b[39m) confirmed: \u001b[34m\u001b]8;;https://solscan.io/tx/2Yukef6fRv5ttp3WD9Mm2kiwYYkqxoyywaQyoygbP3NTjV1aBDZZXGFkZZi2st72NhwbKo1MoB4vVSoBM5DWovmP?cluster=mainnet-beta\u001b\\<Transaction link>\u001b]8;;\u001b\\\u001b[39m"}
{"level":30,"time":1745342909864,"name":"open-pool","msg":"Transaction (\u001b[33m3c8gK1qu...DSTpYFSb\u001b[39m) sent to swap \u001b[32m0.0136\u001b[39m WSOL to ~\u001b[32m13,384,426.865147\u001b[39m FALLENBOY for account (\u001b[35mCGNs...q9aB\u001b[39m)"}
{"level":30,"time":1745342909946,"name":"open-pool","msg":"Transaction (\u001b[33mo8Jr8Lak...WebTqr5T\u001b[39m) confirmed: \u001b[34m\u001b]8;;https://solscan.io/tx/o8Jr8LakU1aJnHrFXoTJG8UwDG4SfhC8PDu4rh3WSr9pBNMW3fBW2yTsSTcaLhA4xHrErjnHwZPkV3iWebTqr5T?cluster=mainnet-beta\u001b\\<Transaction link>\u001b]8;;\u001b\\\u001b[39m"}
{"level":30,"time":1745342910104,"name":"open-pool","msg":"Transaction (\u001b[33m2prHm24V...7djyutcK\u001b[39m) confirmed: \u001b[34m\u001b]8;;https://solscan.io/tx/2prHm24VqKsrbWUkrUwFJK5sm8GGM5YjcQe4WXphv9AYmXrsMUeCsEJ1CDNqLZaYnjf3H29FKGJfVEer7djyutcK?cluster=mainnet-beta\u001b\\<Transaction link>\u001b]8;;\u001b\\\u001b[39m"}
{"level":30,"time":1745342910104,"name":"open-pool","msg":"Transaction (\u001b[33m4e6SqxCc...PXAuKniv\u001b[39m) sent to swap \u001b[32m0.0083\u001b[39m WSOL to ~\u001b[32m8,211,266.868776\u001b[39m FALLENBOY for account (\u001b[35m4yAx...cUWu\u001b[39m)"}
{"level":30,"time":1745342910364,"name":"open-pool","msg":"Transaction (\u001b[33m4wPtxu2G...5WPb9ZU5\u001b[39m) sent to swap \u001b[32m0.0122\u001b[39m WSOL to ~\u001b[32m12,023,183.863967\u001b[39m FALLENBOY for account (\u001b[35m83Lf...pnQW\u001b[39m)"}
{"level":30,"time":1745342910553,"name":"open-pool","msg":"Transaction (\u001b[33m4skAsEXj...LAjHJuAB\u001b[39m) sent to swap \u001b[32m0.0115\u001b[39m WSOL to ~\u001b[32m11,341,152.800932\u001b[39m FALLENBOY for account (\u001b[35mCzmZ...dDUQ\u001b[39m)"}
{"level":30,"time":1745342910620,"name":"open-pool","msg":"Transaction (\u001b[33m4CEbFsNQ...ENy1UNhF\u001b[39m) confirmed: \u001b[34m\u001b]8;;https://solscan.io/tx/4CEbFsNQQFTbUqTRXLHubSN8SWXbhGbrFxMAAtcrKRviAkFsnCYtFGwmpoyiH1HtHo48UDN1oCof31qzENy1UNhF?cluster=mainnet-beta\u001b\\<Transaction link>\u001b]8;;\u001b\\\u001b[39m"}
{"level":30,"time":1745342910850,"name":"open-pool","msg":"Transaction (\u001b[33m3DnMDqAj...wKFEpS5x\u001b[39m) sent to swap \u001b[32m0.0085\u001b[39m WSOL to ~\u001b[32m8,407,465.204398\u001b[39m FALLENBOY for account (\u001b[35mDb5k...y3PF\u001b[39m)"}
{"level":30,"time":1745342911155,"name":"open-pool","msg":"Transaction (\u001b[33m5hAQ8idf...pdARmtQe\u001b[39m) sent to swap \u001b[32m0.0093\u001b[39m WSOL to ~\u001b[32m9,191,482.910906\u001b[39m FALLENBOY for account (\u001b[35m4iAV...cmuQ\u001b[39m)"}
{"level":30,"time":1745342911240,"name":"open-pool","msg":"Transaction (\u001b[33m3GMNKbwr...vc1mmUFw\u001b[39m) sent to swap \u001b[32m0.0151\u001b[39m WSOL to ~\u001b[32m14,838,745.111445\u001b[39m FALLENBOY for account (\u001b[35m5Exf...n9CC\u001b[39m)"}
{"level":30,"time":1745342911253,"name":"open-pool","msg":"Transaction (\u001b[33m42kQvkZ5...CNDr3Zq6\u001b[39m) confirmed: \u001b[34m\u001b]8;;https://solscan.io/tx/42kQvkZ54TjDigMofk8yLRSCVFFseH2PbUgkDaZ3VMxe7DzrLjZdSWZMMhRujQuYms4qwcDybtqwMtSqCNDr3Zq6?cluster=mainnet-beta\u001b\\<Transaction link>\u001b]8;;\u001b\\\u001b[39m"}
{"level":30,"time":1745342911897,"name":"open-pool","msg":"Transaction (\u001b[33m2Saz3YYL...gHhhLyhf\u001b[39m) confirmed: \u001b[34m\u001b]8;;https://solscan.io/tx/2Saz3YYLzANzSjTUoRhxTLARXsctb37fhSoVyGXqDyf7fsLvg2TJ28Le2FqRPXS5qbvNrNZ1F9n2iCdZgHhhLyhf?cluster=mainnet-beta\u001b\\<Transaction link>\u001b]8;;\u001b\\\u001b[39m"}
{"level":30,"time":1745342911971,"name":"open-pool","msg":"Transaction (\u001b[33m2SuwBiuw...jR6Uy6Wt\u001b[39m) sent to swap \u001b[32m0.0141\u001b[39m WSOL to ~\u001b[32m13,869,676.467898\u001b[39m FALLENBOY for account (\u001b[35mGSdL...jy24\u001b[39m)"}
{"level":30,"time":1745342912177,"name":"open-pool","msg":"Transaction (\u001b[33mdyLvdfay...Mte45hpM\u001b[39m) confirmed: \u001b[34m\u001b]8;;https://solscan.io/tx/dyLvdfaygsmMt2xUF1x8XHeVJdzWR3kyfdz3PehpYbpuaJYy5WLxku1jtxJnR6yudqYKWjrLutTHNdUMte45hpM?cluster=mainnet-beta\u001b\\<Transaction link>\u001b]8;;\u001b\\\u001b[39m"}
{"level":30,"time":1745342912505,"name":"open-pool","msg":"Transaction (\u001b[33m37DbNGTv...eN62EsJo\u001b[39m) confirmed: \u001b[34m\u001b]8;;https://solscan.io/tx/37DbNGTvVCnYzNwg6UrcT5Aw8JEDSBYdDhr52QS54Waocs2sz2Gkqir9FDY3L9MasL2BfPvMGDuGsZrueN62EsJo?cluster=mainnet-beta\u001b\\<Transaction link>\u001b]8;;\u001b\\\u001b[39m"}
{"level":30,"time":1745342912765,"name":"open-pool","msg":"Transaction (\u001b[33mPCfap79v...5JgoAzh5\u001b[39m) confirmed: \u001b[34m\u001b]8;;https://solscan.io/tx/PCfap79vvUJkaq7RR6hsG8ngQJbbDQCFvPE9HUjsZgg8MSGxPWN3DxRFnW1vpyu2bUri26KRtBNDgC65JgoAzh5?cluster=mainnet-beta\u001b\\<Transaction link>\u001b]8;;\u001b\\\u001b[39m"}
{"level":30,"time":1745342913040,"name":"open-pool","msg":"Transaction (\u001b[33m3crTGWoY...yLvnnAqo\u001b[39m) confirmed: \u001b[34m\u001b]8;;https://solscan.io/tx/3crTGWoYjCoy72Drjbq5DFkCDQ752YnFrwdy3asujbkTSRz3BE883oxzHd45z5nCNdWArqLVAg5KETLyyLvnnAqo?cluster=mainnet-beta\u001b\\<Transaction link>\u001b]8;;\u001b\\\u001b[39m"}
{"level":30,"time":1745342913387,"name":"open-pool","msg":"Transaction (\u001b[33mcS5Yjros...LNkbFAbc\u001b[39m) confirmed: \u001b[34m\u001b]8;;https://solscan.io/tx/cS5Yjrosswm3gDWC71vrhE8yTNahWhP6jw5SvcHLYTRb2JxTs2dPXCRb9w2jnSQLpdeuTDP7us2fPM6LNkbFAbc?cluster=mainnet-beta\u001b\\<Transaction link>\u001b]8;;\u001b\\\u001b[39m"}
{"level":30,"time":1745342913531,"name":"open-pool","msg":"Transaction (\u001b[33m4ZXebW2u...npTnSUzY\u001b[39m) confirmed: \u001b[34m\u001b]8;;https://solscan.io/tx/4ZXebW2u5EUcjEAFDVxDtDbFBvMPXHY9bRTP2DK2vsEwc17MVb3DQhSRcFk7ZNtZwU1dwuLegav6RonJnpTnSUzY?cluster=mainnet-beta\u001b\\<Transaction link>\u001b]8;;\u001b\\\u001b[39m"}
{"level":30,"time":1745342913589,"name":"open-pool","msg":"Transaction (\u001b[33m2eBTGxh3...ADm5jkhP\u001b[39m) confirmed: \u001b[34m\u001b]8;;https://solscan.io/tx/2eBTGxh3mmH1jHm9WxszVjguDgoiXfy1YPwph6zASAJYQhESp9X4RjjwF1mgj6jsub7W9ZfjNcGAtDJsADm5jkhP?cluster=mainnet-beta\u001b\\<Transaction link>\u001b]8;;\u001b\\\u001b[39m"}
{"level":30,"time":1745342913917,"name":"open-pool","msg":"Transaction (\u001b[33m5nmBhW83...wLH11nXm\u001b[39m) confirmed: \u001b[34m\u001b]8;;https://solscan.io/tx/5nmBhW83kWSnqyZwh9sMSHCBF1AEnbR9SUPC673trxk5aY3khSVN2JMHPxsMudQAGu8CUedns1YaE9uNwLH11nXm?cluster=mainnet-beta\u001b\\<Transaction link>\u001b]8;;\u001b\\\u001b[39m"}
{"level":30,"time":1745342914104,"name":"open-pool","msg":"Transaction (\u001b[33m3pYWD3zr...AFacx6Xd\u001b[39m) confirmed: \u001b[34m\u001b]8;;https://solscan.io/tx/3pYWD3zrTomGzx5S5ESFndScog3rJ1U6X1hmPWtHZLQvqN8fYQEoSwvLWbAhKDA2VL3bcRt5DrS7YEPBAFacx6Xd?cluster=mainnet-beta\u001b\\<Transaction link>\u001b]8;;\u001b\\\u001b[39m"}
{"level":30,"time":1745342914404,"name":"open-pool","msg":"Transaction (\u001b[33m426szjPP...j9tmUWvM\u001b[39m) confirmed: \u001b[34m\u001b]8;;https://solscan.io/tx/426szjPP8f7HCMUo18oaMwv6hBmsCQAhrKuL5rMPQxU6VYdTfaDgzyTbULnd6H5n5q7jBUNWNQs9USfLj9tmUWvM?cluster=mainnet-beta\u001b\\<Transaction link>\u001b]8;;\u001b\\\u001b[39m"}
{"level":30,"time":1745342914983,"name":"open-pool","msg":"Transaction (\u001b[33m3c8gK1qu...DSTpYFSb\u001b[39m) confirmed: \u001b[34m\u001b]8;;https://solscan.io/tx/3c8gK1qumC4cWHMpJWPcoYf8CqbQabZAay4a3ApoV3Ut23tuyy9JFRxSonYBGs7WCRurkpW7BPnJ5auiDSTpYFSb?cluster=mainnet-beta\u001b\\<Transaction link>\u001b]8;;\u001b\\\u001b[39m"}
{"level":30,"time":1745342915247,"name":"open-pool","msg":"Transaction (\u001b[33m4e6SqxCc...PXAuKniv\u001b[39m) confirmed: \u001b[34m\u001b]8;;https://solscan.io/tx/4e6SqxCchi74Lv6okU4MVETTbfknLdGoGpCybPEjx7MD6FirWM1omVMwEFVUg9LC5Fb1TAjRU1i45L7PPXAuKniv?cluster=mainnet-beta\u001b\\<Transaction link>\u001b]8;;\u001b\\\u001b[39m"}
{"level":30,"time":1745342915741,"name":"open-pool","msg":"Transaction (\u001b[33m4skAsEXj...LAjHJuAB\u001b[39m) confirmed: \u001b[34m\u001b]8;;https://solscan.io/tx/4skAsEXjyniYBTdaicrGMtyDGaqa8PFDk4eThBBabbM9Bk9BfU8Sw8cruGWVGD6XNnPYWJMovbWMJXbNLAjHJuAB?cluster=mainnet-beta\u001b\\<Transaction link>\u001b]8;;\u001b\\\u001b[39m"}
{"level":30,"time":1745342915808,"name":"open-pool","msg":"Transaction (\u001b[33m4wPtxu2G...5WPb9ZU5\u001b[39m) confirmed: \u001b[34m\u001b]8;;https://solscan.io/tx/4wPtxu2GdssWw5cAsWt4yguUXSVF8XF4bTtYwLXTVr27CWwdfnCZuTUiVbKGdSEKTik7omkQ5Ci47ipC5WPb9ZU5?cluster=mainnet-beta\u001b\\<Transaction link>\u001b]8;;\u001b\\\u001b[39m"}
{"level":30,"time":1745342915971,"name":"open-pool","msg":"Transaction (\u001b[33m3DnMDqAj...wKFEpS5x\u001b[39m) confirmed: \u001b[34m\u001b]8;;https://solscan.io/tx/3DnMDqAjpsbNy8EMhF7VJ6vdrDWnGvDzymLant9RsNMfgCW94koTh7KeXomxBVb23yv2BrNSTRdhDy59wKFEpS5x?cluster=mainnet-beta\u001b\\<Transaction link>\u001b]8;;\u001b\\\u001b[39m"}
{"level":30,"time":1745342916284,"name":"open-pool","msg":"Transaction (\u001b[33m5hAQ8idf...pdARmtQe\u001b[39m) confirmed: \u001b[34m\u001b]8;;https://solscan.io/tx/5hAQ8idfLoFhbyUaFaKRMfeRFwnaVpkot9RigRDjbtQKbb2ZT96tDubm8UFXDHk3A7CuvAerXRd7xnUCpdARmtQe?cluster=mainnet-beta\u001b\\<Transaction link>\u001b]8;;\u001b\\\u001b[39m"}
{"level":30,"time":1745342916360,"name":"open-pool","msg":"Transaction (\u001b[33m3GMNKbwr...vc1mmUFw\u001b[39m) confirmed: \u001b[34m\u001b]8;;https://solscan.io/tx/3GMNKbwrtUKPWq9dk1p7EAusjS9ccHwn5xgR5CwSqy1hNV6N7ydykoK8QVCziN7aNvdWN3dDDo6bceCwvc1mmUFw?cluster=mainnet-beta\u001b\\<Transaction link>\u001b]8;;\u001b\\\u001b[39m"}
{"level":30,"time":1745342917122,"name":"open-pool","msg":"Transaction (\u001b[33m2SuwBiuw...jR6Uy6Wt\u001b[39m) confirmed: \u001b[34m\u001b]8;;https://solscan.io/tx/2SuwBiuwC9QTFDEYSgEBibxSJD4dpuaprqSiZRRoQybEUkvUm3M4ezhH2RS1V9ciuKUoJshopPVDRfnNjR6Uy6Wt?cluster=mainnet-beta\u001b\\<Transaction link>\u001b]8;;\u001b\\\u001b[39m"}
