{"level":30,"time":1745519152418,"name":"open-pool","msg":"Transaction (\u001b[33m3HbXJe6s...CVRWTvhe\u001b[39m) sent to create pool id (\u001b[35m8vYH...KR7t\u001b[39m)"}
{"level":30,"time":1745519157918,"name":"open-pool","msg":"Transaction (\u001b[33m3HbXJe6s...CVRWTvhe\u001b[39m) confirmed: \u001b[34m\u001b]8;;https://solscan.io/tx/3HbXJe6sB2irK5JTxukgxpiEkCZDUbYzK1CR7knsoh1zuPiYG2YLSEUL5yaeApwJ4KnHareBgN39XxFsCVRWTvhe?cluster=mainnet-beta\u001b\\<Transaction link>\u001b]8;;\u001b\\\u001b[39m"}
{"level":30,"time":1745519160022,"name":"open-pool","msg":"Transaction (\u001b[33m3noX453A...mfi4DWMz\u001b[39m) sent to swap \u001b[32m0.0129\u001b[39m WSOL to ~\u001b[32m12,704,274.57089\u001b[39m BRILLIANTGUY for account (\u001b[35m52VK...WTbv\u001b[39m)"}
{"level":30,"time":1745519160467,"name":"open-pool","msg":"Transaction (\u001b[33m2Mr3aUzr...Szsdn5Pm\u001b[39m) sent to swap \u001b[32m0.0138\u001b[39m WSOL to ~\u001b[32m13,578,584.001921\u001b[39m BRILLIANTGUY for account (\u001b[35mEDZP...ihNU\u001b[39m)"}
{"level":30,"time":1745519160728,"name":"open-pool","msg":"Transaction (\u001b[33m63o8RFuY...4dEt3iPh\u001b[39m) sent to swap \u001b[32m0.0145\u001b[39m WSOL to ~\u001b[32m14,257,532.612673\u001b[39m BRILLIANTGUY for account (\u001b[35m43Gi...SYik\u001b[39m)"}
{"level":30,"time":1745519161215,"name":"open-pool","msg":"Transaction (\u001b[33m3PL3uMYB...sKGLGwgy\u001b[39m) sent to swap \u001b[32m0.01\u001b[39m WSOL to ~\u001b[32m9,876,482.09114\u001b[39m BRILLIANTGUY for account (\u001b[35m74DD...gU96\u001b[39m)"}
{"level":30,"time":1745519161486,"name":"open-pool","msg":"Transaction (\u001b[33m5FGvS84E...cEcAJSWV\u001b[39m) sent to swap \u001b[32m0.0107\u001b[39m WSOL to ~\u001b[32m10,560,534.772242\u001b[39m BRILLIANTGUY for account (\u001b[35mFyBp...Nz55\u001b[39m)"}
{"level":30,"time":1745519162192,"name":"open-pool","msg":"Transaction (\u001b[33m4xD1JY5u...yqKCFuom\u001b[39m) sent to swap \u001b[32m0.0093\u001b[39m WSOL to ~\u001b[32m9,191,482.910906\u001b[39m BRILLIANTGUY for account (\u001b[35mGv8e...6wYq\u001b[39m)"}
{"level":30,"time":1745519162513,"name":"open-pool","msg":"Transaction (\u001b[33m54Y6kauv...LPPkBFgx\u001b[39m) sent to swap \u001b[32m0.0132\u001b[39m WSOL to ~\u001b[32m12,995,883.205828\u001b[39m BRILLIANTGUY for account (\u001b[35mDGAG...mrn2\u001b[39m)"}
{"level":30,"time":1745519163006,"name":"open-pool","msg":"Transaction (\u001b[33mvrDxL1Ly...VTY9DK26\u001b[39m) sent to swap \u001b[32m0.0115\u001b[39m WSOL to ~\u001b[32m11,341,152.800932\u001b[39m BRILLIANTGUY for account (\u001b[35mGLHJ...9Jp9\u001b[39m)"}
{"level":30,"time":1745519163235,"name":"open-pool","msg":"Transaction (\u001b[33m34PAhZJS...XqVNw2Cn\u001b[39m) sent to swap \u001b[32m0.0095\u001b[39m WSOL to ~\u001b[32m9,387,293.658468\u001b[39m BRILLIANTGUY for account (\u001b[35m8YGV...FFyk\u001b[39m)"}
{"level":30,"time":1745519163404,"name":"open-pool","msg":"Transaction (\u001b[33mnqUsX8oR...zxq64d9g\u001b[39m) sent to swap \u001b[32m0.0102\u001b[39m WSOL to ~\u001b[32m10,072,022.210024\u001b[39m BRILLIANTGUY for account (\u001b[35mBoPt...pXjk\u001b[39m)"}
{"level":30,"time":1745519163509,"name":"open-pool","msg":"Transaction (\u001b[33m3NdbrM7A...gB4h1ctk\u001b[39m) sent to swap \u001b[32m0.0146\u001b[39m WSOL to ~\u001b[32m14,354,448.982247\u001b[39m BRILLIANTGUY for account (\u001b[35mHQzX...Ff9c\u001b[39m)"}
{"level":30,"time":1745519163930,"name":"open-pool","msg":"Transaction (\u001b[33m3rCixKxX...yKtUqPwk\u001b[39m) sent to swap \u001b[32m0.0143\u001b[39m WSOL to ~\u001b[32m14,063,642.684832\u001b[39m BRILLIANTGUY for account (\u001b[35mGUwE...QsK8\u001b[39m)"}
{"level":30,"time":1745519164617,"name":"open-pool","msg":"Transaction (\u001b[33m4WwaukkH...cMkFU9Qu\u001b[39m) sent to swap \u001b[32m0.0116\u001b[39m WSOL to ~\u001b[32m11,438,643.456564\u001b[39m BRILLIANTGUY for account (\u001b[35mCgVG...yMM7\u001b[39m)"}
{"level":30,"time":1745519164994,"name":"open-pool","msg":"Transaction (\u001b[33m41VPvfy7...fG2wuB4J\u001b[39m) sent to swap \u001b[32m0.0136\u001b[39m WSOL to ~\u001b[32m13,384,426.865147\u001b[39m BRILLIANTGUY for account (\u001b[35m7gKR...CzXS\u001b[39m)"}
{"level":30,"time":1745519165276,"name":"open-pool","msg":"Transaction (\u001b[33mnDihp525...x36g5bEa\u001b[39m) sent to swap \u001b[32m0.0099\u001b[39m WSOL to ~\u001b[32m9,778,683.06011\u001b[39m BRILLIANTGUY for account (\u001b[35m6wuj...sKJc\u001b[39m)"}
{"level":30,"time":1745519165416,"name":"open-pool","msg":"Transaction (\u001b[33m2qa4JY1N...U5Cngjyb\u001b[39m) sent to swap \u001b[32m0.0134\u001b[39m WSOL to ~\u001b[32m13,190,193.281502\u001b[39m BRILLIANTGUY for account (\u001b[35mHKbL...79yn\u001b[39m)"}
{"level":30,"time":1745519165618,"name":"open-pool","msg":"Transaction (\u001b[33m2Mr3aUzr...Szsdn5Pm\u001b[39m) confirmed: \u001b[34m\u001b]8;;https://solscan.io/tx/2Mr3aUzrj8LPxCwMmTtGUx66awGsKwBz3LFWektSqFioNa2vf32fnCQDkAnj51vH71gbKNNn6SY2fQnuSzsdn5Pm?cluster=mainnet-beta\u001b\\<Transaction link>\u001b]8;;\u001b\\\u001b[39m"}
{"level":30,"time":1745519165845,"name":"open-pool","msg":"Transaction (\u001b[33m3Z4Zya9p...HJfhzqDa\u001b[39m) sent to swap \u001b[32m0.014\u001b[39m WSOL to ~\u001b[32m13,772,664.736948\u001b[39m BRILLIANTGUY for account (\u001b[35mBXbK...8aP7\u001b[39m)"}
{"level":30,"time":1745519165956,"name":"open-pool","msg":"Transaction (\u001b[33m63o8RFuY...4dEt3iPh\u001b[39m) confirmed: \u001b[34m\u001b]8;;https://solscan.io/tx/63o8RFuYLLpztGFvLnqRpz75P82XHjG7oxzMByYGBMv7M4VomiEugCiyueyb6ofx4xrSRDzNfi4mrtyZ4dEt3iPh?cluster=mainnet-beta\u001b\\<Transaction link>\u001b]8;;\u001b\\\u001b[39m"}
{"level":30,"time":1745519166137,"name":"open-pool","msg":"Transaction (\u001b[33m5NZwEmfB...EPpxxDc7\u001b[39m) sent to swap \u001b[32m0.013\u001b[39m WSOL to ~\u001b[32m12,801,496.592931\u001b[39m BRILLIANTGUY for account (\u001b[35mBM9w...63yK\u001b[39m)"}
{"level":30,"time":1745519166366,"name":"open-pool","msg":"Transaction (\u001b[33m3PL3uMYB...sKGLGwgy\u001b[39m) confirmed: \u001b[34m\u001b]8;;https://solscan.io/tx/3PL3uMYB8Y7wpqHpYXex4Y6HuFUvA3S9vQ7JermS6btFx2BhoRMj9iv6HCNJRx4BxXnL1Dq82m7fNpNmsKGLGwgy?cluster=mainnet-beta\u001b\\<Transaction link>\u001b]8;;\u001b\\\u001b[39m"}
{"level":30,"time":1745519166392,"name":"open-pool","msg":"Transaction (\u001b[33m3SLQuzsG...UBHKfZeR\u001b[39m) sent to swap \u001b[32m0.0144\u001b[39m WSOL to ~\u001b[32m14,160,597.182076\u001b[39m BRILLIANTGUY for account (\u001b[35m4bUV...gZVy\u001b[39m)"}
{"level":30,"time":1745519166626,"name":"open-pool","msg":"Transaction (\u001b[33m5FGvS84E...cEcAJSWV\u001b[39m) confirmed: \u001b[34m\u001b]8;;https://solscan.io/tx/5FGvS84Ew5C7wThd2tWSCGc6Zzfj6Tn1f7ya9GfwJbGu6K8eQicn4LmRQBtaBRx7e6c8CenfcTirfWYpcEcAJSWV?cluster=mainnet-beta\u001b\\<Transaction link>\u001b]8;;\u001b\\\u001b[39m"}
{"level":30,"time":1745519166675,"name":"open-pool","msg":"Transaction (\u001b[33m45CnD1z4...bnqusVWp\u001b[39m) sent to swap \u001b[32m0.0106\u001b[39m WSOL to ~\u001b[32m10,462,870.835223\u001b[39m BRILLIANTGUY for account (\u001b[35mCwnS...sHqb\u001b[39m)"}
{"level":30,"time":1745519166975,"name":"open-pool","msg":"Transaction (\u001b[33m4hJzsbvS...T3Zk7Ume\u001b[39m) sent to swap \u001b[32m0.0125\u001b[39m WSOL to ~\u001b[32m12,315,194.913423\u001b[39m BRILLIANTGUY for account (\u001b[35mLmWD...sUwK\u001b[39m)"}
{"level":30,"time":1745519167295,"name":"open-pool","msg":"Transaction (\u001b[33mXWHbq957...wmwfobbw\u001b[39m) sent to swap \u001b[32m0.0091\u001b[39m WSOL to ~\u001b[32m8,995,594.737667\u001b[39m BRILLIANTGUY for account (\u001b[35mqY3C...Gfw9\u001b[39m)"}
{"level":30,"time":1745519167316,"name":"open-pool","msg":"Transaction (\u001b[33m4xD1JY5u...yqKCFuom\u001b[39m) confirmed: \u001b[34m\u001b]8;;https://solscan.io/tx/4xD1JY5u2yu5g6GpcykyWpzKgMQgiC58YxNptNUjA11nP8DYLCymGYnGTjWxxD9wY227sUBj1BmJEK8myqKCFuom?cluster=mainnet-beta\u001b\\<Transaction link>\u001b]8;;\u001b\\\u001b[39m"}
{"level":30,"time":1745519167653,"name":"open-pool","msg":"Transaction (\u001b[33m54Y6kauv...LPPkBFgx\u001b[39m) confirmed: \u001b[34m\u001b]8;;https://solscan.io/tx/54Y6kauvQDQY3C4YRxhGSY2FGhmvAaHRJbqNpFH63e9kQEqFaFigwk6kNLTHHuVuQpqPa7xZiH3Saws9LPPkBFgx?cluster=mainnet-beta\u001b\\<Transaction link>\u001b]8;;\u001b\\\u001b[39m"}
{"level":30,"time":1745519167960,"name":"open-pool","msg":"Transaction (\u001b[33mtaBTcJvh...JH6aAg7U\u001b[39m) sent to swap \u001b[32m0.011\u001b[39m WSOL to ~\u001b[32m10,853,410.948369\u001b[39m BRILLIANTGUY for account (\u001b[35m4PPx...RJ4L\u001b[39m)"}
{"level":30,"time":1745519168332,"name":"open-pool","msg":"Transaction (\u001b[33mvrDxL1Ly...VTY9DK26\u001b[39m) confirmed: \u001b[34m\u001b]8;;https://solscan.io/tx/vrDxL1LyDJr9kHeTxpNsMfpeF8Ja3dPqcKN9Ptqm3vG17Azbraq3swE2Wfi6ev55HK4jrynixyEiAicVTY9DK26?cluster=mainnet-beta\u001b\\<Transaction link>\u001b]8;;\u001b\\\u001b[39m"}
{"level":30,"time":1745519168511,"name":"open-pool","msg":"Transaction (\u001b[33m4sMGX7Ee...5hJzWVFy\u001b[39m) sent to swap \u001b[32m0.0124\u001b[39m WSOL to ~\u001b[32m12,217,877.078417\u001b[39m BRILLIANTGUY for account (\u001b[35m8B8K...6uUs\u001b[39m)"}
{"level":30,"time":1745519168532,"name":"open-pool","msg":"Transaction (\u001b[33mnqUsX8oR...zxq64d9g\u001b[39m) confirmed: \u001b[34m\u001b]8;;https://solscan.io/tx/nqUsX8oR45hdUnD5fNanaxRKZHzCsr6iiVeUqCUxG8YnonjiAQuWydi9s9ysN29h3876hNzafoWzc5bzxq64d9g?cluster=mainnet-beta\u001b\\<Transaction link>\u001b]8;;\u001b\\\u001b[39m"}
{"level":30,"time":1745519168589,"name":"open-pool","msg":"Transaction (\u001b[33m34PAhZJS...XqVNw2Cn\u001b[39m) confirmed: \u001b[34m\u001b]8;;https://solscan.io/tx/34PAhZJScNvH88YiXwioUujr4s1Rvm2UfUFnSKebcDoPhgJZcEsLu1eKaE5KjFaB9Ad37nTT6LCPXX4tXqVNw2Cn?cluster=mainnet-beta\u001b\\<Transaction link>\u001b]8;;\u001b\\\u001b[39m"}
{"level":30,"time":1745519168624,"name":"open-pool","msg":"Transaction (\u001b[33m5tsQrYFV...WZv6BxbS\u001b[39m) sent to swap \u001b[32m0.0114\u001b[39m WSOL to ~\u001b[32m11,243,642.914596\u001b[39m BRILLIANTGUY for account (\u001b[35mGhfr...oDbS\u001b[39m)"}
{"level":30,"time":1745519168636,"name":"open-pool","msg":"Transaction (\u001b[33m3NdbrM7A...gB4h1ctk\u001b[39m) confirmed: \u001b[34m\u001b]8;;https://solscan.io/tx/3NdbrM7ANYkKEdCX5DFzqdzS9u3uVQp6Q94xk9CiF7J6h8DhouYjFCt9YSGAF17FchiqzYDKr7gxoVsWgB4h1ctk?cluster=mainnet-beta\u001b\\<Transaction link>\u001b]8;;\u001b\\\u001b[39m"}
{"level":30,"time":1745519168679,"name":"open-pool","msg":"Transaction (\u001b[33m2SCRnBe5...QUECN5KB\u001b[39m) sent to swap \u001b[32m0.0126\u001b[39m WSOL to ~\u001b[32m12,412,493.574508\u001b[39m BRILLIANTGUY for account (\u001b[35mDyPK...cRx6\u001b[39m)"}
{"level":30,"time":1745519169008,"name":"open-pool","msg":"Transaction (\u001b[33m4FgpTKzp...mQ8Fuc9e\u001b[39m) sent to swap \u001b[32m0.0104\u001b[39m WSOL to ~\u001b[32m10,267,485.109474\u001b[39m BRILLIANTGUY for account (\u001b[35m9WW1...y2ce\u001b[39m)"}
{"level":30,"time":1745519169054,"name":"open-pool","msg":"Transaction (\u001b[33m3rCixKxX...yKtUqPwk\u001b[39m) confirmed: \u001b[34m\u001b]8;;https://solscan.io/tx/3rCixKxXP1nLJTDfoDPRvtCgDgLGrGeX2AMRbC7Sunu3bCdYiHtcBVosrGxdrzi4tkskn6s6feQFynM8yKtUqPwk?cluster=mainnet-beta\u001b\\<Transaction link>\u001b]8;;\u001b\\\u001b[39m"}
{"level":30,"time":1745519169315,"name":"open-pool","msg":"Transaction (\u001b[33m2nzrF2CR...Guw2ySsU\u001b[39m) sent to swap \u001b[32m0.0111\u001b[39m WSOL to ~\u001b[32m10,950,997.814448\u001b[39m BRILLIANTGUY for account (\u001b[35m9pCP...tcR5\u001b[39m)"}
{"level":30,"time":1745519169754,"name":"open-pool","msg":"Transaction (\u001b[33m4WwaukkH...cMkFU9Qu\u001b[39m) confirmed: \u001b[34m\u001b]8;;https://solscan.io/tx/4WwaukkHoxtFN6ot7fivBAzmVKbUTExih11zH7sUx56fCFQiLzhHeo5nC99cGr49vi6kx2wSzUFzkcr7cMkFU9Qu?cluster=mainnet-beta\u001b\\<Transaction link>\u001b]8;;\u001b\\\u001b[39m"}
{"level":30,"time":1745519169805,"name":"open-pool","msg":"Transaction (\u001b[33m4nq2c92z...jwJQvgth\u001b[39m) sent to swap \u001b[32m0.0113\u001b[39m WSOL to ~\u001b[32m11,146,113.791866\u001b[39m BRILLIANTGUY for account (\u001b[35m2Tpa...8Rsw\u001b[39m)"}
{"level":30,"time":1745519169918,"name":"open-pool","msg":"Transaction (\u001b[33mcfzKPodZ...EFDgtCRb\u001b[39m) sent to swap \u001b[32m0.0128\u001b[39m WSOL to ~\u001b[32m12,607,033.397579\u001b[39m BRILLIANTGUY for account (\u001b[35mDYEB...MN9M\u001b[39m)"}
{"level":30,"time":1745519170126,"name":"open-pool","msg":"Transaction (\u001b[33m2ACxip3E...bbpokGBp\u001b[39m) sent to swap \u001b[32m0.0119\u001b[39m WSOL to ~\u001b[32m11,731,000.096109\u001b[39m BRILLIANTGUY for account (\u001b[35mF68k...HBPd\u001b[39m)"}
{"level":30,"time":1745519170136,"name":"open-pool","msg":"Transaction (\u001b[33m41VPvfy7...fG2wuB4J\u001b[39m) confirmed: \u001b[34m\u001b]8;;https://solscan.io/tx/41VPvfy72gJChQGG3Mr1N1Hnt1vunbtExHkHKvgTgBNhVBieVdm2LKg3kpR5c9CFfavZNyduxaKKGryGfG2wuB4J?cluster=mainnet-beta\u001b\\<Transaction link>\u001b]8;;\u001b\\\u001b[39m"}
{"level":30,"time":1745519170152,"name":"open-pool","msg":"Transaction (\u001b[33m3noX453A...mfi4DWMz\u001b[39m) confirmed: \u001b[34m\u001b]8;;https://solscan.io/tx/3noX453AbMjeLHcQKuLUPC9GYjdWMRWFGtHX6HbDunezaYgAqsxRQuVauevPWSQEXPysdLNELswQWoGpmfi4DWMz?cluster=mainnet-beta\u001b\\<Transaction link>\u001b]8;;\u001b\\\u001b[39m"}
{"level":30,"time":1745519170287,"name":"open-pool","msg":"Transaction (\u001b[33m5A4sjXfz...Lz2auDDE\u001b[39m) sent to swap \u001b[32m0.009\u001b[39m WSOL to ~\u001b[32m8,897,621.602067\u001b[39m BRILLIANTGUY for account (\u001b[35mDYJC...xNrx\u001b[39m)"}
{"level":30,"time":1745519170413,"name":"open-pool","msg":"Transaction (\u001b[33mnDihp525...x36g5bEa\u001b[39m) confirmed: \u001b[34m\u001b]8;;https://solscan.io/tx/nDihp525EBhoh48L9J33FCvRRuTyVVK4AmXvExdE4ySWtf1LfKJDNGAiQeKbrmNCbGSnu1hemkWDQtjx36g5bEa?cluster=mainnet-beta\u001b\\<Transaction link>\u001b]8;;\u001b\\\u001b[39m"}
{"level":30,"time":1745519170551,"name":"open-pool","msg":"Transaction (\u001b[33m2qa4JY1N...U5Cngjyb\u001b[39m) confirmed: \u001b[34m\u001b]8;;https://solscan.io/tx/2qa4JY1NHnJQrRzRJ6ubgrs1JFUHc24VoQ3iP9h4bECi3mMR5Qd2xepLY3T87RFWSD682CMUm8SR6sAZU5Cngjyb?cluster=mainnet-beta\u001b\\<Transaction link>\u001b]8;;\u001b\\\u001b[39m"}
{"level":30,"time":1745519170562,"name":"open-pool","msg":"Transaction (\u001b[33mqr3ppiZm...Wkcad9AG\u001b[39m) sent to swap \u001b[32m0.0137\u001b[39m WSOL to ~\u001b[32m13,481,514.986572\u001b[39m BRILLIANTGUY for account (\u001b[35m4YWT...Bpva\u001b[39m)"}
{"level":30,"time":1745519170859,"name":"open-pool","msg":"Transaction (\u001b[33m2UaYkQRB...aALrPWDN\u001b[39m) sent to swap \u001b[32m0.0101\u001b[39m WSOL to ~\u001b[32m9,974,261.805871\u001b[39m BRILLIANTGUY for account (\u001b[35mHEsP...d5Sf\u001b[39m)"}
{"level":30,"time":1745519170975,"name":"open-pool","msg":"Transaction (\u001b[33m3Z4Zya9p...HJfhzqDa\u001b[39m) confirmed: \u001b[34m\u001b]8;;https://solscan.io/tx/3Z4Zya9pTuEciQh5Nt6BamE4DpsSaeKgdyDVLN5vzwEvRWXN5PUAdSjRRkHrixRVAiUsL8Yn1M1t8No1HJfhzqDa?cluster=mainnet-beta\u001b\\<Transaction link>\u001b]8;;\u001b\\\u001b[39m"}
{"level":30,"time":1745519171105,"name":"open-pool","msg":"Transaction (\u001b[33m4X5fM38m...Ef9sLskg\u001b[39m) sent to swap \u001b[32m0.012\u001b[39m WSOL to ~\u001b[32m11,828,413.885787\u001b[39m BRILLIANTGUY for account (\u001b[35mhGv7...XVRg\u001b[39m)"}
{"level":30,"time":1745519171335,"name":"open-pool","msg":"Transaction (\u001b[33m5NZwEmfB...EPpxxDc7\u001b[39m) confirmed: \u001b[34m\u001b]8;;https://solscan.io/tx/5NZwEmfBzMYQDNvJ2FQN9bdTuSiaDbVwSx41n1GRst8P3NqTRrX9NPjfpsGNaKTeippVx6DgodJSgANzEPpxxDc7?cluster=mainnet-beta\u001b\\<Transaction link>\u001b]8;;\u001b\\\u001b[39m"}
{"level":30,"time":1745519171494,"name":"open-pool","msg":"Transaction (\u001b[33m41WJHZ4r...VdfHfMRT\u001b[39m) sent to swap \u001b[32m0.0097\u001b[39m WSOL to ~\u001b[32m9,583,027.02625\u001b[39m BRILLIANTGUY for account (\u001b[35mEn3U...3GDF\u001b[39m)"}
{"level":30,"time":1745519171545,"name":"open-pool","msg":"Transaction (\u001b[33m3SLQuzsG...UBHKfZeR\u001b[39m) confirmed: \u001b[34m\u001b]8;;https://solscan.io/tx/3SLQuzsGU4rpCb4SdAUVPvUtF7iSCz8r6G7k2gKZfLH93JKrfzp12gqhnFRWSZjaLwJBqEqnziwyhjPbUBHKfZeR?cluster=mainnet-beta\u001b\\<Transaction link>\u001b]8;;\u001b\\\u001b[39m"}
{"level":30,"time":1745519171806,"name":"open-pool","msg":"Transaction (\u001b[33m45CnD1z4...bnqusVWp\u001b[39m) confirmed: \u001b[34m\u001b]8;;https://solscan.io/tx/45CnD1z4aTzn9ni6q9cYw4EgQMAatgTTmi83P9AhU7w42wzZh4he4mqkWz4CTcvyEmFbHq71evhTUnpLbnqusVWp?cluster=mainnet-beta\u001b\\<Transaction link>\u001b]8;;\u001b\\\u001b[39m"}
{"level":30,"time":1745519171877,"name":"open-pool","msg":"Transaction (\u001b[33m23kE59cn...muCDy3VA\u001b[39m) sent to swap \u001b[32m0.0112\u001b[39m WSOL to ~\u001b[32m11,048,565.427049\u001b[39m BRILLIANTGUY for account (\u001b[35m4BHF...DU8D\u001b[39m)"}
{"level":30,"time":1745519171982,"name":"open-pool","msg":"Transaction (\u001b[33m2oihhYQo...Nhm1T19o\u001b[39m) sent to swap \u001b[32m0.0135\u001b[39m WSOL to ~\u001b[32m13,287,319.632005\u001b[39m BRILLIANTGUY for account (\u001b[35m88gv...WFpM\u001b[39m)"}
{"level":30,"time":1745519172156,"name":"open-pool","msg":"Transaction (\u001b[33m4hJzsbvS...T3Zk7Ume\u001b[39m) confirmed: \u001b[34m\u001b]8;;https://solscan.io/tx/4hJzsbvSptFQ6kr9t1SiNBLBMgKRoBEHPKBsvxVv4A3j25dJ5pXPsJQyhJyHXgfAQ85qFmpS4GVTeNJeT3Zk7Ume?cluster=mainnet-beta\u001b\\<Transaction link>\u001b]8;;\u001b\\\u001b[39m"}
{"level":30,"time":1745519172288,"name":"open-pool","msg":"Transaction (\u001b[33m2rXMCU15...yruJB3wW\u001b[39m) sent to swap \u001b[32m0.0123\u001b[39m WSOL to ~\u001b[32m12,120,540.063821\u001b[39m BRILLIANTGUY for account (\u001b[35mAkwt...a9wG\u001b[39m)"}
{"level":30,"time":1745519172440,"name":"open-pool","msg":"Transaction (\u001b[33mXWHbq957...wmwfobbw\u001b[39m) confirmed: \u001b[34m\u001b]8;;https://solscan.io/tx/XWHbq957guoxNRXr6CRhwR9j5CGof97n6ft7Bj1xcGtVLKY2EHCrGMhqm9CjUyRXkZUNE9XKuN9KiqTwmwfobbw?cluster=mainnet-beta\u001b\\<Transaction link>\u001b]8;;\u001b\\\u001b[39m"}
{"level":30,"time":1745519172622,"name":"open-pool","msg":"Transaction (\u001b[33mDg1Q4d3P...yNusyfEP\u001b[39m) sent to swap \u001b[32m0.0109\u001b[39m WSOL to ~\u001b[32m10,755,804.823109\u001b[39m BRILLIANTGUY for account (\u001b[35mAbtG...VSZq\u001b[39m)"}
{"level":30,"time":1745519172881,"name":"open-pool","msg":"Transaction (\u001b[33mAZYjNA5u...4i7ijY19\u001b[39m) sent to swap \u001b[32m0.0148\u001b[39m WSOL to ~\u001b[32m14,548,224.560808\u001b[39m BRILLIANTGUY for account (\u001b[35mGyDQ...8KnX\u001b[39m)"}
{"level":30,"time":1745519173381,"name":"open-pool","msg":"Transaction (\u001b[33m5h5evZwV...rknHU7jR\u001b[39m) sent to swap \u001b[32m0.0096\u001b[39m WSOL to ~\u001b[32m9,485,170.011965\u001b[39m BRILLIANTGUY for account (\u001b[35mHiJq...hdMh\u001b[39m)"}
{"level":30,"time":1745519173437,"name":"open-pool","msg":"Transaction (\u001b[33mtaBTcJvh...JH6aAg7U\u001b[39m) confirmed: \u001b[34m\u001b]8;;https://solscan.io/tx/taBTcJvhXF9oGKKYRQ9cytGFk4YNVRTUJhAJdQRCn2nfGWAbzdE69CdihMJPNSJ3WaBND5riPmnG3jpJH6aAg7U?cluster=mainnet-beta\u001b\\<Transaction link>\u001b]8;;\u001b\\\u001b[39m"}
{"level":30,"time":1745519173637,"name":"open-pool","msg":"Transaction (\u001b[33m4sMGX7Ee...5hJzWVFy\u001b[39m) confirmed: \u001b[34m\u001b]8;;https://solscan.io/tx/4sMGX7Eeiz9szjebVqcF85AsrCwLr8mfFZvNKF4Zifsr4oXLk3FyyiF7YjjwdgppnFPExrvzPsvCa2jt5hJzWVFy?cluster=mainnet-beta\u001b\\<Transaction link>\u001b]8;;\u001b\\\u001b[39m"}
{"level":30,"time":1745519173669,"name":"open-pool","msg":"Transaction (\u001b[33m2Y88GsHY...33v7fn8o\u001b[39m) sent to swap \u001b[32m0.0092\u001b[39m WSOL to ~\u001b[32m9,093,548.505366\u001b[39m BRILLIANTGUY for account (\u001b[35mC3ko...v741\u001b[39m)"}
{"level":30,"time":1745519173748,"name":"open-pool","msg":"Transaction (\u001b[33m5tsQrYFV...WZv6BxbS\u001b[39m) confirmed: \u001b[34m\u001b]8;;https://solscan.io/tx/5tsQrYFVfXzYnBoiyiMFfT4ovv6yMXsuK93xBZES1VniofAa8Fy4whuPavxNZfyztujcW43YtS8ofTz8WZv6BxbS?cluster=mainnet-beta\u001b\\<Transaction link>\u001b]8;;\u001b\\\u001b[39m"}
{"level":30,"time":1745519173798,"name":"open-pool","msg":"Transaction (\u001b[33m2SCRnBe5...QUECN5KB\u001b[39m) confirmed: \u001b[34m\u001b]8;;https://solscan.io/tx/2SCRnBe5PTJZKGnnh1Rx5VagTrEEBj5XP8N6NtfTxVJWwY1HEjDN7jSmYmUrVSNrNMwbSx6aFoZrexMHQUECN5KB?cluster=mainnet-beta\u001b\\<Transaction link>\u001b]8;;\u001b\\\u001b[39m"}
{"level":30,"time":1745519173999,"name":"open-pool","msg":"Transaction (\u001b[33m2GciPipf...S2LEJYt7\u001b[39m) sent to swap \u001b[32m0.0117\u001b[39m WSOL to ~\u001b[32m11,536,114.88718\u001b[39m BRILLIANTGUY for account (\u001b[35m31t8...BiVx\u001b[39m)"}
{"level":30,"time":1745519174162,"name":"open-pool","msg":"Transaction (\u001b[33m4FgpTKzp...mQ8Fuc9e\u001b[39m) confirmed: \u001b[34m\u001b]8;;https://solscan.io/tx/4FgpTKzpXkmJqD3widwS1k7vmUuC29RozfgE2zxE94E6W6gZQZB5ktjtNVsigx2DMb3uJexsdiGvfaqFmQ8Fuc9e?cluster=mainnet-beta\u001b\\<Transaction link>\u001b]8;;\u001b\\\u001b[39m"}
{"level":30,"time":1745519174508,"name":"open-pool","msg":"Transaction (\u001b[33m2nzrF2CR...Guw2ySsU\u001b[39m) confirmed: \u001b[34m\u001b]8;;https://solscan.io/tx/2nzrF2CRczUems9wLF5ei23jAhQxb7GmpNKHBkMkAWwYDQgnayVejACBdEVTnt4orDdfBTE2zvAouZdjGuw2ySsU?cluster=mainnet-beta\u001b\\<Transaction link>\u001b]8;;\u001b\\\u001b[39m"}
{"level":30,"time":1745519174641,"name":"open-pool","msg":"Transaction (\u001b[33m2qfWWeLE...GpZiyso8\u001b[39m) sent to swap \u001b[32m0.0103\u001b[39m WSOL to ~\u001b[32m10,169,763.309319\u001b[39m BRILLIANTGUY for account (\u001b[35m7sSo...CLQq\u001b[39m)"}
{"level":30,"time":1745519174931,"name":"open-pool","msg":"Transaction (\u001b[33m4nq2c92z...jwJQvgth\u001b[39m) confirmed: \u001b[34m\u001b]8;;https://solscan.io/tx/4nq2c92zKupyS9eNqUCdbvLtLPsFGLsqy9zxfEZMisNPxtvNhARNdhjVqSb79wXnmQHCNv1xP4i2rugKjwJQvgth?cluster=mainnet-beta\u001b\\<Transaction link>\u001b]8;;\u001b\\\u001b[39m"}
{"level":30,"time":1745519174965,"name":"open-pool","msg":"Transaction (\u001b[33m37G51knP...PjMSdDrG\u001b[39m) sent to swap \u001b[32m0.0127\u001b[39m WSOL to ~\u001b[32m12,509,773.067339\u001b[39m BRILLIANTGUY for account (\u001b[35m9nAZ...qaFS\u001b[39m)"}
{"level":30,"time":1745519175065,"name":"open-pool","msg":"Transaction (\u001b[33mcfzKPodZ...EFDgtCRb\u001b[39m) confirmed: \u001b[34m\u001b]8;;https://solscan.io/tx/cfzKPodZJFGs4jE1k8xgZrdxcCU3T9zKnADVoQ8mFEJ8Jrpj1SES2foGjMeegwyBRG6at6fmVxKes65EFDgtCRb?cluster=mainnet-beta\u001b\\<Transaction link>\u001b]8;;\u001b\\\u001b[39m"}
{"level":30,"time":1745519175303,"name":"open-pool","msg":"Transaction (\u001b[33m2ACxip3E...bbpokGBp\u001b[39m) confirmed: \u001b[34m\u001b]8;;https://solscan.io/tx/2ACxip3EQi2ReD3KYxRuEe4su8LtfSPUyUxNj7V1wqDgobaTuA682nenMifpq4XkmabiGbYgz3oE1TY9bbpokGBp?cluster=mainnet-beta\u001b\\<Transaction link>\u001b]8;;\u001b\\\u001b[39m"}
{"level":30,"time":1745519175428,"name":"open-pool","msg":"Transaction (\u001b[33m5A4sjXfz...Lz2auDDE\u001b[39m) confirmed: \u001b[34m\u001b]8;;https://solscan.io/tx/5A4sjXfztMKFmKsfdzK6piJy7tNkMXEZLvz3ioapyidJdJLsTX4FB2CTL9aQhdQNoR9veU8t1m7mKsHLz2auDDE?cluster=mainnet-beta\u001b\\<Transaction link>\u001b]8;;\u001b\\\u001b[39m"}
{"level":30,"time":1745519175556,"name":"open-pool","msg":"Transaction (\u001b[33m48KEWNyP...GQdiNerW\u001b[39m) sent to swap \u001b[32m0.0122\u001b[39m WSOL to ~\u001b[32m12,023,183.863967\u001b[39m BRILLIANTGUY for account (\u001b[35m2BAR...vXaQ\u001b[39m)"}
{"level":30,"time":1745519175739,"name":"open-pool","msg":"Transaction (\u001b[33mqr3ppiZm...Wkcad9AG\u001b[39m) confirmed: \u001b[34m\u001b]8;;https://solscan.io/tx/qr3ppiZmaRRUsFFAHgQUZV54BF5ksSGMdKVtPJr5H6oUT33HFN99T1nXA4uozYWvtUS4LSedjFSWmbHWkcad9AG?cluster=mainnet-beta\u001b\\<Transaction link>\u001b]8;;\u001b\\\u001b[39m"}
{"level":30,"time":1745519175882,"name":"open-pool","msg":"Transaction (\u001b[33m2WRvTK2C...hDRvuSA9\u001b[39m) sent to swap \u001b[32m0.0133\u001b[39m WSOL to ~\u001b[32m13,093,047.807993\u001b[39m BRILLIANTGUY for account (\u001b[35m5CGB...sCZr\u001b[39m)"}
{"level":30,"time":1745519175986,"name":"open-pool","msg":"Transaction (\u001b[33m2UaYkQRB...aALrPWDN\u001b[39m) confirmed: \u001b[34m\u001b]8;;https://solscan.io/tx/2UaYkQRBtvcZjHJ4vtnB1c18isvBex6pCFPaodffXPxddTuxjmp9pxfsvEiTbSMpusFbnHdNxXyZ8MocaALrPWDN?cluster=mainnet-beta\u001b\\<Transaction link>\u001b]8;;\u001b\\\u001b[39m"}
{"level":30,"time":1745519176229,"name":"open-pool","msg":"Transaction (\u001b[33m4X5fM38m...Ef9sLskg\u001b[39m) confirmed: \u001b[34m\u001b]8;;https://solscan.io/tx/4X5fM38mLnC3ge6Wwp6GMW1UseU5Q3VheB52NGpYeHNXqKXCi6LTigXzQctvszXb7wCaXfxeovnZDji7Ef9sLskg?cluster=mainnet-beta\u001b\\<Transaction link>\u001b]8;;\u001b\\\u001b[39m"}
{"level":30,"time":1745519176309,"name":"open-pool","msg":"Transaction (\u001b[33m2mibV6G5...tkjarNNU\u001b[39m) sent to swap \u001b[32m0.0147\u001b[39m WSOL to ~\u001b[32m14,451,346.296419\u001b[39m BRILLIANTGUY for account (\u001b[35m43GY...8b9Q\u001b[39m)"}
{"level":30,"time":1745519176660,"name":"open-pool","msg":"Transaction (\u001b[33m41WJHZ4r...VdfHfMRT\u001b[39m) confirmed: \u001b[34m\u001b]8;;https://solscan.io/tx/41WJHZ4r9VFkL3inCjW5AfFbs1uMQAyk3F63zKqkgzDQmskfm3o2NRusMmcK12F19LR6gkNoio8xDhmgVdfHfMRT?cluster=mainnet-beta\u001b\\<Transaction link>\u001b]8;;\u001b\\\u001b[39m"}
{"level":30,"time":1745519176913,"name":"open-pool","msg":"Transaction (\u001b[33muSTus5Nm...RTdTfzBh\u001b[39m) sent to swap \u001b[32m0.0118\u001b[39m WSOL to ~\u001b[32m11,633,567.098467\u001b[39m BRILLIANTGUY for account (\u001b[35m6Xs8...xmdr\u001b[39m)"}
{"level":30,"time":1745519176930,"name":"open-pool","msg":"Transaction (\u001b[33m5uJPTksb...MDffBdB4\u001b[39m) sent to swap \u001b[32m0.0131\u001b[39m WSOL to ~\u001b[32m12,898,699.469359\u001b[39m BRILLIANTGUY for account (\u001b[35mESvS...pBLd\u001b[39m)"}
{"level":30,"time":1745519176999,"name":"open-pool","msg":"Transaction (\u001b[33m23kE59cn...muCDy3VA\u001b[39m) confirmed: \u001b[34m\u001b]8;;https://solscan.io/tx/23kE59cnNk9HWc24FYLu97UudivkLNL9go5seiV9aYBDwZkY2iiAKTGRJXKkzLGPk43N1bL3G3aT2B4WmuCDy3VA?cluster=mainnet-beta\u001b\\<Transaction link>\u001b]8;;\u001b\\\u001b[39m"}
{"level":30,"time":1745519177110,"name":"open-pool","msg":"Transaction (\u001b[33m2oihhYQo...Nhm1T19o\u001b[39m) confirmed: \u001b[34m\u001b]8;;https://solscan.io/tx/2oihhYQozwK4yaDSEfcETnikPUENE3Xj15dGXmiFEWWHaMvdvinA1J4CqJEJf1L3m6uWdcXuJ5cSpb9rNhm1T19o?cluster=mainnet-beta\u001b\\<Transaction link>\u001b]8;;\u001b\\\u001b[39m"}
{"level":30,"time":1745519177342,"name":"open-pool","msg":"Transaction (\u001b[33m3psxNy61...e43y41oZ\u001b[39m) sent to swap \u001b[32m0.0108\u001b[39m WSOL to ~\u001b[32m10,658,179.432968\u001b[39m BRILLIANTGUY for account (\u001b[35mHe3D...Gk5T\u001b[39m)"}
{"level":30,"time":1745519177409,"name":"open-pool","msg":"Transaction (\u001b[33m2rXMCU15...yruJB3wW\u001b[39m) confirmed: \u001b[34m\u001b]8;;https://solscan.io/tx/2rXMCU15PNJEbRDkBsRMcPX97g496PNeAmjnpM36egE25DTWH9Kmib3ZdD7Rseu9rBJbo2xoJspUnEMByruJB3wW?cluster=mainnet-beta\u001b\\<Transaction link>\u001b]8;;\u001b\\\u001b[39m"}
{"level":30,"time":1745519177766,"name":"open-pool","msg":"Transaction (\u001b[33mDg1Q4d3P...yNusyfEP\u001b[39m) confirmed: \u001b[34m\u001b]8;;https://solscan.io/tx/Dg1Q4d3PsafRfVsmou4Foad5YYQi64H5mq3DqX433A5rjjZKg2UqEki3BgDDL85kCMRCrZv5tvowDy7yNusyfEP?cluster=mainnet-beta\u001b\\<Transaction link>\u001b]8;;\u001b\\\u001b[39m"}
{"level":30,"time":1745519177857,"name":"open-pool","msg":"Transaction (\u001b[33m2rUKc6bq...zKaCdY8j\u001b[39m) sent to swap \u001b[32m0.0105\u001b[39m WSOL to ~\u001b[32m10,365,187.616204\u001b[39m BRILLIANTGUY for account (\u001b[35mf9nM...KBVK\u001b[39m)"}
{"level":30,"time":1745519178090,"name":"open-pool","msg":"Transaction (\u001b[33mAZYjNA5u...4i7ijY19\u001b[39m) confirmed: \u001b[34m\u001b]8;;https://solscan.io/tx/AZYjNA5u83o87BXKsABsdpRk3d3pAbTdyj4x3jDMAL67gtttqQ3FuN2ibCFh8AuQUxSZvbNfYDypKdQ4i7ijY19?cluster=mainnet-beta\u001b\\<Transaction link>\u001b]8;;\u001b\\\u001b[39m"}
{"level":30,"time":1745519178585,"name":"open-pool","msg":"Transaction (\u001b[33m5h5evZwV...rknHU7jR\u001b[39m) confirmed: \u001b[34m\u001b]8;;https://solscan.io/tx/5h5evZwV2V18UBgXaoDxduGxziEsQTUcNK9cBpMmX5g2E5wLKWTAz1bAJvqcpVU8nefwVG1xMwL1n4bprknHU7jR?cluster=mainnet-beta\u001b\\<Transaction link>\u001b]8;;\u001b\\\u001b[39m"}
{"level":30,"time":1745519178819,"name":"open-pool","msg":"Transaction (\u001b[33m2Y88GsHY...33v7fn8o\u001b[39m) confirmed: \u001b[34m\u001b]8;;https://solscan.io/tx/2Y88GsHY58vmmtSqwEggUzTxpTK5xjNeoDrKbG7LJRNzNqAhMZG6Kdm2fJfmxromGzpKXhztrBe2s2ep33v7fn8o?cluster=mainnet-beta\u001b\\<Transaction link>\u001b]8;;\u001b\\\u001b[39m"}
{"level":30,"time":1745519179216,"name":"open-pool","msg":"Transaction (\u001b[33m2GciPipf...S2LEJYt7\u001b[39m) confirmed: \u001b[34m\u001b]8;;https://solscan.io/tx/2GciPipfhGgFK1fWVcE81gBuR2e7JTZRVXM5xTSTwP4GHwQ3iWreNNJYGbNUzWNew17c8VfpS4A6gFTmS2LEJYt7?cluster=mainnet-beta\u001b\\<Transaction link>\u001b]8;;\u001b\\\u001b[39m"}
{"level":30,"time":1745519179832,"name":"open-pool","msg":"Transaction (\u001b[33m2qfWWeLE...GpZiyso8\u001b[39m) confirmed: \u001b[34m\u001b]8;;https://solscan.io/tx/2qfWWeLEiUnSxquq52KxUjDKxuJYsvAMsFdjiF9CikLXZGQ4FCTC8wWsVVFAL1QySvaM8urAtdfpTwXgGpZiyso8?cluster=mainnet-beta\u001b\\<Transaction link>\u001b]8;;\u001b\\\u001b[39m"}
{"level":30,"time":1745519180186,"name":"open-pool","msg":"Transaction (\u001b[33m37G51knP...PjMSdDrG\u001b[39m) confirmed: \u001b[34m\u001b]8;;https://solscan.io/tx/37G51knPXhcXEiMYQfrQUCFDpJdbb6GXGgm4t8jPt1Q51yTax5jyrBLRuhGiLMu4KHfBsyruZBRmpxCaPjMSdDrG?cluster=mainnet-beta\u001b\\<Transaction link>\u001b]8;;\u001b\\\u001b[39m"}
{"level":30,"time":1745519180753,"name":"open-pool","msg":"Transaction (\u001b[33m48KEWNyP...GQdiNerW\u001b[39m) confirmed: \u001b[34m\u001b]8;;https://solscan.io/tx/48KEWNyPHkXV64ZuXhYZj2utzGfwMSQfriuso3NDxCcjmQpCCKEh4QSExmRUVEYo4AreyJ8aGFD7jxqCGQdiNerW?cluster=mainnet-beta\u001b\\<Transaction link>\u001b]8;;\u001b\\\u001b[39m"}
{"level":30,"time":1745519181060,"name":"open-pool","msg":"Transaction (\u001b[33m2WRvTK2C...hDRvuSA9\u001b[39m) confirmed: \u001b[34m\u001b]8;;https://solscan.io/tx/2WRvTK2CydXkbzuRodHjBpHwhUB5j55w4Zk5uy6mG8gYWdpbyVLKoKdfrG9WhZZXh9vUBjD6bfe3tTcshDRvuSA9?cluster=mainnet-beta\u001b\\<Transaction link>\u001b]8;;\u001b\\\u001b[39m"}
{"level":30,"time":1745519181476,"name":"open-pool","msg":"Transaction (\u001b[33m2mibV6G5...tkjarNNU\u001b[39m) confirmed: \u001b[34m\u001b]8;;https://solscan.io/tx/2mibV6G5xvfPkYhYpHz17WJ9DMQFDYxSndZQDsHv3iyjx943JcutZMtSwZsSMhe6hSTo5Xd9Mg6QrYHAtkjarNNU?cluster=mainnet-beta\u001b\\<Transaction link>\u001b]8;;\u001b\\\u001b[39m"}
{"level":30,"time":1745519182072,"name":"open-pool","msg":"Transaction (\u001b[33muSTus5Nm...RTdTfzBh\u001b[39m) confirmed: \u001b[34m\u001b]8;;https://solscan.io/tx/uSTus5NmhtHbqJipVevBHsMn8AUeoBMT1DajVYdH9pCQ4d2jAjpZ9NVSfDJUTB3ur5P2gwiu7Ar2aV5RTdTfzBh?cluster=mainnet-beta\u001b\\<Transaction link>\u001b]8;;\u001b\\\u001b[39m"}
{"level":30,"time":1745519182355,"name":"open-pool","msg":"Transaction (\u001b[33m5uJPTksb...MDffBdB4\u001b[39m) confirmed: \u001b[34m\u001b]8;;https://solscan.io/tx/5uJPTksbeij6MMp6pUXMAqqAvJC9jquCEvTPetbbdtzKTYGZje5AC6omu5SAXFQW5UDYgzT7uqGsF5bAMDffBdB4?cluster=mainnet-beta\u001b\\<Transaction link>\u001b]8;;\u001b\\\u001b[39m"}
{"level":30,"time":1745519182483,"name":"open-pool","msg":"Transaction (\u001b[33m3psxNy61...e43y41oZ\u001b[39m) confirmed: \u001b[34m\u001b]8;;https://solscan.io/tx/3psxNy61LkZWNqi7nmycYBBE9XdbUpRyRqxjTiFQsQRvGoHEd6viBR1aPm12VcZHtPyWWWa4Tz824GNPe43y41oZ?cluster=mainnet-beta\u001b\\<Transaction link>\u001b]8;;\u001b\\\u001b[39m"}
{"level":30,"time":1745519183111,"name":"open-pool","msg":"Transaction (\u001b[33m2rUKc6bq...zKaCdY8j\u001b[39m) confirmed: \u001b[34m\u001b]8;;https://solscan.io/tx/2rUKc6bqDsSCLRqtfFKmSa2HQdsapbE8yWM2JeWCgtyKWpwizEhvaTBeNYceJBdjEBXPGBuNLWRLJAQmzKaCdY8j?cluster=mainnet-beta\u001b\\<Transaction link>\u001b]8;;\u001b\\\u001b[39m"}
{"level":30,"time":1745519183620,"name":"open-pool","msg":"Transaction (\u001b[33m63R4VTC3...kkLBR8ec\u001b[39m) sent to swap \u001b[32m0.0094\u001b[39m WSOL to ~\u001b[32m9,289,397.960027\u001b[39m BRILLIANTGUY for account (\u001b[35m4327...SybH\u001b[39m)"}
{"level":30,"time":1745519183968,"name":"open-pool","msg":"Transaction (\u001b[33m5oVSi7ft...jgxwUgyk\u001b[39m) sent to swap \u001b[32m0.0121\u001b[39m WSOL to ~\u001b[32m11,925,808.47318\u001b[39m BRILLIANTGUY for account (\u001b[35mJBFz...WhZq\u001b[39m)"}
{"level":30,"time":1745519184747,"name":"open-pool","msg":"Transaction (\u001b[33m316ThZ5D...LdohMUng\u001b[39m) sent to swap \u001b[32m0.0141\u001b[39m WSOL to ~\u001b[32m13,869,676.467898\u001b[39m BRILLIANTGUY for account (\u001b[35mFhzN...rZLy\u001b[39m)"}
{"level":30,"time":1745519185084,"name":"open-pool","msg":"Transaction (\u001b[33m39sFVeg9...k8PCewm2\u001b[39m) sent to swap \u001b[32m0.0142\u001b[39m WSOL to ~\u001b[32m13,966,669.115316\u001b[39m BRILLIANTGUY for account (\u001b[35mFa3D...RGwf\u001b[39m)"}
{"level":30,"time":1745519185565,"name":"open-pool","msg":"Transaction (\u001b[33m3arWSAtR...eUG5iQM4\u001b[39m) sent to swap \u001b[32m0.0098\u001b[39m WSOL to ~\u001b[32m9,680,864.707056\u001b[39m BRILLIANTGUY for account (\u001b[35m2Svg...cX6Q\u001b[39m)"}
{"level":30,"time":1745519185836,"name":"open-pool","msg":"Transaction (\u001b[33m2DJHaz7c...Na9C1LNd\u001b[39m) sent to swap \u001b[32m0.0139\u001b[39m WSOL to ~\u001b[32m13,675,633.916834\u001b[39m BRILLIANTGUY for account (\u001b[35mA4XW...fpDc\u001b[39m)"}
{"level":30,"time":1745519188791,"name":"open-pool","msg":"Transaction (\u001b[33m63R4VTC3...kkLBR8ec\u001b[39m) confirmed: \u001b[34m\u001b]8;;https://solscan.io/tx/63R4VTC3g33BhALw7vSraxSNDmTMJFv41vyxb68NxFCszhbbU5wu1dxpBciCovRwG4DdwScDXNMVTeHtkkLBR8ec?cluster=mainnet-beta\u001b\\<Transaction link>\u001b]8;;\u001b\\\u001b[39m"}
{"level":30,"time":1745519189148,"name":"open-pool","msg":"Transaction (\u001b[33m5oVSi7ft...jgxwUgyk\u001b[39m) confirmed: \u001b[34m\u001b]8;;https://solscan.io/tx/5oVSi7ftAgUAJHVgXHtHkPiNve4FopXFC6XJVUCefWK465protkGsJzWfTgvzr6A6FWvwZFRfHVJSgj9jgxwUgyk?cluster=mainnet-beta\u001b\\<Transaction link>\u001b]8;;\u001b\\\u001b[39m"}
{"level":30,"time":1745519189869,"name":"open-pool","msg":"Transaction (\u001b[33m316ThZ5D...LdohMUng\u001b[39m) confirmed: \u001b[34m\u001b]8;;https://solscan.io/tx/316ThZ5DqeY3EamPTDK2Zwp7jxQYamePeXFVevjFDWLZHcgZ6SpR2hacBWNpfm6znPtEw6nBHuZ7cBbhLdohMUng?cluster=mainnet-beta\u001b\\<Transaction link>\u001b]8;;\u001b\\\u001b[39m"}
{"level":30,"time":1745519190481,"name":"open-pool","msg":"Transaction (\u001b[33m39sFVeg9...k8PCewm2\u001b[39m) confirmed: \u001b[34m\u001b]8;;https://solscan.io/tx/39sFVeg93KCREjD84WG2HsRvPPvZPbrRKHgRBY898dD7gbEsMkQ5PW6vYNqQvZfohW97w2TMm1M9sTpyk8PCewm2?cluster=mainnet-beta\u001b\\<Transaction link>\u001b]8;;\u001b\\\u001b[39m"}
{"level":30,"time":1745519190795,"name":"open-pool","msg":"Transaction (\u001b[33m3arWSAtR...eUG5iQM4\u001b[39m) confirmed: \u001b[34m\u001b]8;;https://solscan.io/tx/3arWSAtRA94MxnLvyKb9GJ6r3GLstvUaMN5j97E5viwzdqxkB1xQHqk4P7dnTPgoJq1yrC4ccfaxQ7ELeUG5iQM4?cluster=mainnet-beta\u001b\\<Transaction link>\u001b]8;;\u001b\\\u001b[39m"}
{"level":30,"time":1745519190964,"name":"open-pool","msg":"Transaction (\u001b[33m2DJHaz7c...Na9C1LNd\u001b[39m) confirmed: \u001b[34m\u001b]8;;https://solscan.io/tx/2DJHaz7cdwBQebzj6HwYRu88jqEtdygecRe25ECcRb2eNJBx3mW5WD4X8xSY33xHx3kYCi8zfct1wx5mNa9C1LNd?cluster=mainnet-beta\u001b\\<Transaction link>\u001b]8;;\u001b\\\u001b[39m"}
