{"level":40,"time":1745348929734,"name":"collect-funds","msg":"Dev (\u001b[35mDepa...Z8mV\u001b[39m) has uninitialized LP mint ATA (\u001b[35mCBtV...QKFd\u001b[39m)"}
{"level":40,"time":1745348929917,"name":"collect-funds","msg":"Account (\u001b[35m5qac...93hp\u001b[39m) has uninitialized FALLENBOY ATA (\u001b[35m3yUo...GJjV\u001b[39m)"}
{"level":40,"time":1745348930366,"name":"collect-funds","msg":"Account (\u001b[35mAGrK...45sx\u001b[39m) has uninitialized FALLENBOY ATA (\u001b[35mF14y...mZSv\u001b[39m)"}
{"level":40,"time":1745348930521,"name":"collect-funds","msg":"Account (\u001b[35m7YYS...ZV1k\u001b[39m) has uninitialized FALLENBOY ATA (\u001b[35m4xGd...b15F\u001b[39m)"}
{"level":40,"time":1745348930665,"name":"collect-funds","msg":"Account (\u001b[35mAK8D...kprw\u001b[39m) has uninitialized FALLENBOY ATA (\u001b[35mGJBa...B1k1\u001b[39m)"}
{"level":40,"time":1745348930844,"name":"collect-funds","msg":"Account (\u001b[35mDTSW...Kacj\u001b[39m) has uninitialized FALLENBOY ATA (\u001b[35mGkCr...9PLX\u001b[39m)"}
{"level":40,"time":1745348930967,"name":"collect-funds","msg":"Account (\u001b[35mCfQV...1yvp\u001b[39m) has uninitialized FALLENBOY ATA (\u001b[35mAhmi...gVoy\u001b[39m)"}
{"level":40,"time":1745348931168,"name":"collect-funds","msg":"Account (\u001b[35mAADh...rKaa\u001b[39m) has uninitialized FALLENBOY ATA (\u001b[35m2UrF...qkiF\u001b[39m)"}
{"level":40,"time":1745348931321,"name":"collect-funds","msg":"Account (\u001b[35mD3NU...h39a\u001b[39m) has uninitialized FALLENBOY ATA (\u001b[35mExKy...uA5F\u001b[39m)"}
{"level":40,"time":1745348931491,"name":"collect-funds","msg":"Account (\u001b[35m98xw...z3TX\u001b[39m) has uninitialized FALLENBOY ATA (\u001b[35mBw6U...jcLe\u001b[39m)"}
{"level":40,"time":1745348931815,"name":"collect-funds","msg":"Account (\u001b[35m4NUE...jVuy\u001b[39m) has uninitialized FALLENBOY ATA (\u001b[35m2VLG...BKz8\u001b[39m)"}
{"level":40,"time":1745348932025,"name":"collect-funds","msg":"Account (\u001b[35m8Xam...cStN\u001b[39m) has uninitialized FALLENBOY ATA (\u001b[35mHt2q...3MV1\u001b[39m)"}
{"level":40,"time":1745348932174,"name":"collect-funds","msg":"Account (\u001b[35mH6iL...rSoo\u001b[39m) has uninitialized FALLENBOY ATA (\u001b[35mFSVb...7Zn1\u001b[39m)"}
{"level":40,"time":1745348932358,"name":"collect-funds","msg":"Account (\u001b[35m4FDs...6x9d\u001b[39m) has uninitialized FALLENBOY ATA (\u001b[35m2iZs...89ow\u001b[39m)"}
{"level":40,"time":1745348932619,"name":"collect-funds","msg":"Account (\u001b[35mGLx2...6q7G\u001b[39m) has uninitialized FALLENBOY ATA (\u001b[35m5jEK...g57t\u001b[39m)"}
{"level":40,"time":1745348932909,"name":"collect-funds","msg":"Account (\u001b[35mXWLF...t6Df\u001b[39m) has uninitialized FALLENBOY ATA (\u001b[35m4V7w...naBC\u001b[39m)"}
{"level":40,"time":1745348933045,"name":"collect-funds","msg":"Account (\u001b[35mAAoi...dY9S\u001b[39m) has uninitialized FALLENBOY ATA (\u001b[35m4i7w...rAnn\u001b[39m)"}
{"level":40,"time":1745348933626,"name":"collect-funds","msg":"Account (\u001b[35mHHMe...Ghmp\u001b[39m) has uninitialized FALLENBOY ATA (\u001b[35mGmgt...WWPQ\u001b[39m)"}
{"level":40,"time":1745348933850,"name":"collect-funds","msg":"Account (\u001b[35m3fE9...ZjTi\u001b[39m) has uninitialized FALLENBOY ATA (\u001b[35mFR7k...CVLe\u001b[39m)"}
{"level":40,"time":1745348934343,"name":"collect-funds","msg":"Account (\u001b[35mGNVq...FihG\u001b[39m) has uninitialized FALLENBOY ATA (\u001b[35mCCFR...w6jH\u001b[39m)"}
{"level":40,"time":1745348934481,"name":"collect-funds","msg":"Account (\u001b[35mH4iv...BirR\u001b[39m) has uninitialized FALLENBOY ATA (\u001b[35m2dq7...5uku\u001b[39m)"}
{"level":40,"time":1745348934649,"name":"collect-funds","msg":"Account (\u001b[35mEgUJ...HGUH\u001b[39m) has uninitialized FALLENBOY ATA (\u001b[35mEBoT...5Mh7\u001b[39m)"}
{"level":40,"time":1745348934862,"name":"collect-funds","msg":"Account (\u001b[35mCzmZ...dDUQ\u001b[39m) has uninitialized FALLENBOY ATA (\u001b[35mx6oc...9dyx\u001b[39m)"}
{"level":40,"time":1745348935032,"name":"collect-funds","msg":"Account (\u001b[35m3hTk...BoGi\u001b[39m) has uninitialized FALLENBOY ATA (\u001b[35mC8Zk...3EMG\u001b[39m)"}
{"level":40,"time":1745348935501,"name":"collect-funds","msg":"Account (\u001b[35mDbkV...VqaQ\u001b[39m) has uninitialized FALLENBOY ATA (\u001b[35m6uUL...o67R\u001b[39m)"}
{"level":40,"time":1745348935657,"name":"collect-funds","msg":"Account (\u001b[35mGvfG...R5P5\u001b[39m) has uninitialized FALLENBOY ATA (\u001b[35mFDLm...CHCJ\u001b[39m)"}
{"level":40,"time":1745348936133,"name":"collect-funds","msg":"Account (\u001b[35mEKSB...EsLi\u001b[39m) has uninitialized FALLENBOY ATA (\u001b[35mBWG4...N3Jb\u001b[39m)"}
{"level":40,"time":1745348936267,"name":"collect-funds","msg":"Account (\u001b[35mDv4S...wzUS\u001b[39m) has uninitialized FALLENBOY ATA (\u001b[35mJDFV...4746\u001b[39m)"}
{"level":40,"time":1745348936403,"name":"collect-funds","msg":"Account (\u001b[35mBnop...XWkB\u001b[39m) has uninitialized FALLENBOY ATA (\u001b[35mD8f9...bGSX\u001b[39m)"}
{"level":40,"time":1745348936538,"name":"collect-funds","msg":"Account (\u001b[35m6DfW...E6gQ\u001b[39m) has uninitialized FALLENBOY ATA (\u001b[35m9x4t...4xck\u001b[39m)"}
{"level":40,"time":1745348936771,"name":"collect-funds","msg":"Account (\u001b[35mCQmR...9AUa\u001b[39m) has uninitialized FALLENBOY ATA (\u001b[35m8w2f...ZfXW\u001b[39m)"}
{"level":40,"time":1745348936920,"name":"collect-funds","msg":"Account (\u001b[35m2G76...Azxa\u001b[39m) has uninitialized FALLENBOY ATA (\u001b[35mF7QY...ZaMJ\u001b[39m)"}
{"level":40,"time":1745348937068,"name":"collect-funds","msg":"Account (\u001b[35mzWb6...r8rS\u001b[39m) has uninitialized FALLENBOY ATA (\u001b[35mknxg...kypQ\u001b[39m)"}
{"level":40,"time":1745348937209,"name":"collect-funds","msg":"Account (\u001b[35mChfY...tnB2\u001b[39m) has uninitialized FALLENBOY ATA (\u001b[35m9md7...z8br\u001b[39m)"}
{"level":40,"time":1745348937407,"name":"collect-funds","msg":"Account (\u001b[35m5beB...HmEu\u001b[39m) has uninitialized FALLENBOY ATA (\u001b[35mH7Ec...QQwk\u001b[39m)"}
{"level":40,"time":1745348937552,"name":"collect-funds","msg":"Account (\u001b[35mCB54...hXLu\u001b[39m) has uninitialized FALLENBOY ATA (\u001b[35m51j7...dxxL\u001b[39m)"}
{"level":40,"time":1745348938040,"name":"collect-funds","msg":"Account (\u001b[35mGSdL...jy24\u001b[39m) has uninitialized FALLENBOY ATA (\u001b[35m5dFT...u6Uk\u001b[39m)"}
{"level":40,"time":1745348938193,"name":"collect-funds","msg":"Account (\u001b[35mCGNs...q9aB\u001b[39m) has uninitialized FALLENBOY ATA (\u001b[35m4rjB...9SQr\u001b[39m)"}
{"level":40,"time":1745348938671,"name":"collect-funds","msg":"Account (\u001b[35m4yAx...cUWu\u001b[39m) has uninitialized FALLENBOY ATA (\u001b[35m7Aay...WzCH\u001b[39m)"}
{"level":40,"time":1745348938815,"name":"collect-funds","msg":"Account (\u001b[35m83Lf...pnQW\u001b[39m) has uninitialized FALLENBOY ATA (\u001b[35m5m9r...HiJh\u001b[39m)"}
{"level":40,"time":1745348939054,"name":"collect-funds","msg":"Account (\u001b[35mDb5k...y3PF\u001b[39m) has uninitialized FALLENBOY ATA (\u001b[35m9jMo...9QuX\u001b[39m)"}
{"level":40,"time":1745348939366,"name":"collect-funds","msg":"Account (\u001b[35m4iAV...cmuQ\u001b[39m) has uninitialized FALLENBOY ATA (\u001b[35mHYHk...hNEw\u001b[39m)"}
{"level":40,"time":1745348939483,"name":"collect-funds","msg":"Account (\u001b[35m5Exf...n9CC\u001b[39m) has uninitialized FALLENBOY ATA (\u001b[35mDcXz...Giw9\u001b[39m)"}
{"level":40,"time":1745348939668,"name":"collect-funds","msg":"Account (\u001b[35mHi46...QxAm\u001b[39m) has uninitialized FALLENBOY ATA (\u001b[35mBe74...T3PN\u001b[39m)"}
{"level":40,"time":1745348939835,"name":"collect-funds","msg":"Account (\u001b[35mDoj7...GyAQ\u001b[39m) has uninitialized FALLENBOY ATA (\u001b[35m7Uj7...PZ2N\u001b[39m)"}
{"level":40,"time":1745348939974,"name":"collect-funds","msg":"Account (\u001b[35m6koC...NaG4\u001b[39m) has uninitialized FALLENBOY ATA (\u001b[35m4ZPB...RV5y\u001b[39m)"}
{"level":40,"time":1745348940126,"name":"collect-funds","msg":"Account (\u001b[35m6sSf...dgcT\u001b[39m) has uninitialized FALLENBOY ATA (\u001b[35mH5at...kGEm\u001b[39m)"}
{"level":40,"time":1745348940270,"name":"collect-funds","msg":"Account (\u001b[35mDb54...QmgF\u001b[39m) has uninitialized FALLENBOY ATA (\u001b[35mAT22...K7Ar\u001b[39m)"}
{"level":40,"time":1745348940427,"name":"collect-funds","msg":"Account (\u001b[35m8KbJ...yKZK\u001b[39m) has uninitialized FALLENBOY ATA (\u001b[35m4VCb...5mU4\u001b[39m)"}
{"level":40,"time":1745348940573,"name":"collect-funds","msg":"Account (\u001b[35mAkSi...Ng5z\u001b[39m) has uninitialized FALLENBOY ATA (\u001b[35mDpAB...iuYN\u001b[39m)"}
{"level":40,"time":1745348940795,"name":"collect-funds","msg":"Account (\u001b[35mFvy3...7qu9\u001b[39m) has uninitialized FALLENBOY ATA (\u001b[35m4evX...mmQb\u001b[39m)"}
{"level":40,"time":1745348940949,"name":"collect-funds","msg":"Account (\u001b[35mFMsr...37iv\u001b[39m) has uninitialized FALLENBOY ATA (\u001b[35m2Hg2...wv7V\u001b[39m)"}
{"level":40,"time":1745348941110,"name":"collect-funds","msg":"Account (\u001b[35mEqTT...Xj1M\u001b[39m) has uninitialized FALLENBOY ATA (\u001b[35mByQu...gERC\u001b[39m)"}
{"level":40,"time":1745348941302,"name":"collect-funds","msg":"Account (\u001b[35mERYT...n3vq\u001b[39m) has uninitialized FALLENBOY ATA (\u001b[35mAFaG...8i9Y\u001b[39m)"}
{"level":40,"time":1745348941518,"name":"collect-funds","msg":"Account (\u001b[35mAPxB...QVKA\u001b[39m) has uninitialized FALLENBOY ATA (\u001b[35m7uv9...C1B2\u001b[39m)"}
{"level":40,"time":1745348941646,"name":"collect-funds","msg":"Account (\u001b[35mCa5f...Ltbr\u001b[39m) has uninitialized FALLENBOY ATA (\u001b[35mDbPQ...rVtw\u001b[39m)"}
{"level":40,"time":1745348941794,"name":"collect-funds","msg":"Account (\u001b[35mHFNM...XWwv\u001b[39m) has uninitialized FALLENBOY ATA (\u001b[35m69kN...fdZa\u001b[39m)"}
{"level":40,"time":1745348942041,"name":"collect-funds","msg":"Account (\u001b[35m98ZR...ogyu\u001b[39m) has uninitialized FALLENBOY ATA (\u001b[35m9u5w...f5Lq\u001b[39m)"}
{"level":40,"time":1745348942191,"name":"collect-funds","msg":"Account (\u001b[35mHfDm...kV5A\u001b[39m) has uninitialized FALLENBOY ATA (\u001b[35m9AsG...su6n\u001b[39m)"}
{"level":40,"time":1745348942328,"name":"collect-funds","msg":"Account (\u001b[35mFTJi...6B2N\u001b[39m) has uninitialized FALLENBOY ATA (\u001b[35mDwdj...wJ2m\u001b[39m)"}
{"level":40,"time":1745348942485,"name":"collect-funds","msg":"Account (\u001b[35mCGW9...zMVK\u001b[39m) has uninitialized FALLENBOY ATA (\u001b[35mAHyM...qD4A\u001b[39m)"}
{"level":40,"time":1745348942637,"name":"collect-funds","msg":"Account (\u001b[35m9znM...p5mS\u001b[39m) has uninitialized FALLENBOY ATA (\u001b[35m7qYh...CkzT\u001b[39m)"}
{"level":40,"time":1745348942841,"name":"collect-funds","msg":"Account (\u001b[35mChqG...uLP6\u001b[39m) has uninitialized FALLENBOY ATA (\u001b[35m4xGp...oD4s\u001b[39m)"}
{"level":40,"time":1745348943046,"name":"collect-funds","msg":"Account (\u001b[35m94Mw...3c9o\u001b[39m) has uninitialized FALLENBOY ATA (\u001b[35mE7d6...qCqM\u001b[39m)"}
{"level":40,"time":1745348943196,"name":"collect-funds","msg":"Account (\u001b[35mAXiA...gvut\u001b[39m) has uninitialized FALLENBOY ATA (\u001b[35mH7fP...guGE\u001b[39m)"}
{"level":40,"time":1745348943354,"name":"collect-funds","msg":"Account (\u001b[35m6Bgo...7LLw\u001b[39m) has uninitialized FALLENBOY ATA (\u001b[35m8GF9...xn9S\u001b[39m)"}
{"level":40,"time":1745348943579,"name":"collect-funds","msg":"Account (\u001b[35mAtfS...dneW\u001b[39m) has uninitialized FALLENBOY ATA (\u001b[35mF2xZ...WP37\u001b[39m)"}
{"level":40,"time":1745348943763,"name":"collect-funds","msg":"Account (\u001b[35mEsq4...m4kn\u001b[39m) has uninitialized FALLENBOY ATA (\u001b[35m8Eg6...o3Tc\u001b[39m)"}
{"level":40,"time":1745348943895,"name":"collect-funds","msg":"Account (\u001b[35mHQkv...ruUt\u001b[39m) has uninitialized FALLENBOY ATA (\u001b[35mCFrZ...HpFc\u001b[39m)"}
{"level":40,"time":1745348944046,"name":"collect-funds","msg":"Account (\u001b[35mgFyE...EEvp\u001b[39m) has uninitialized FALLENBOY ATA (\u001b[35m2AFT...RUa4\u001b[39m)"}
{"level":40,"time":1745348944193,"name":"collect-funds","msg":"Account (\u001b[35m5rk7...fvra\u001b[39m) has uninitialized FALLENBOY ATA (\u001b[35mGKuw...UtHP\u001b[39m)"}
{"level":40,"time":1745348944787,"name":"collect-funds","msg":"Account (\u001b[35m9XCQ...D2ox\u001b[39m) has uninitialized FALLENBOY ATA (\u001b[35m6gZY...fT7Q\u001b[39m)"}
{"level":40,"time":1745348944998,"name":"collect-funds","msg":"Account (\u001b[35mHZE9...P4w8\u001b[39m) has uninitialized FALLENBOY ATA (\u001b[35mDpVN...Ld71\u001b[39m)"}
{"level":40,"time":1745348945143,"name":"collect-funds","msg":"Account (\u001b[35mCDBR...iCqi\u001b[39m) has uninitialized FALLENBOY ATA (\u001b[35mFAu9...3MA4\u001b[39m)"}
{"level":40,"time":1745348945608,"name":"collect-funds","msg":"Account (\u001b[35m4DxB...RgiZ\u001b[39m) has uninitialized FALLENBOY ATA (\u001b[35mAR8u...xjWf\u001b[39m)"}
{"level":40,"time":1745348945814,"name":"collect-funds","msg":"Account (\u001b[35mG1xF...Uevr\u001b[39m) has uninitialized FALLENBOY ATA (\u001b[35m5NqH...G2Yf\u001b[39m)"}
{"level":40,"time":1745348945974,"name":"collect-funds","msg":"Account (\u001b[35m3V3J...ih5H\u001b[39m) has uninitialized FALLENBOY ATA (\u001b[35mBo4j...1H5X\u001b[39m)"}
{"level":40,"time":1745348946145,"name":"collect-funds","msg":"Account (\u001b[35m7cVn...WYZu\u001b[39m) has uninitialized FALLENBOY ATA (\u001b[35mCZxu...2gc5\u001b[39m)"}
{"level":40,"time":1745348946310,"name":"collect-funds","msg":"Account (\u001b[35mHuPf...H9fY\u001b[39m) has uninitialized FALLENBOY ATA (\u001b[35m556q...cCsq\u001b[39m)"}
{"level":40,"time":1745348947156,"name":"collect-funds","msg":"Account (\u001b[35m8cpP...Zcnr\u001b[39m) has uninitialized FALLENBOY ATA (\u001b[35mph7x...vU5B\u001b[39m)"}
{"level":40,"time":1745348947307,"name":"collect-funds","msg":"Account (\u001b[35mJ2tg...KHFg\u001b[39m) has uninitialized FALLENBOY ATA (\u001b[35mGPSo...zTfB\u001b[39m)"}
{"level":40,"time":1745348947600,"name":"collect-funds","msg":"Account (\u001b[35m4qEq...iBAN\u001b[39m) has uninitialized FALLENBOY ATA (\u001b[35m4fxA...CDTt\u001b[39m)"}
{"level":40,"time":1745348947730,"name":"collect-funds","msg":"Account (\u001b[35mFt9z...N5UZ\u001b[39m) has uninitialized FALLENBOY ATA (\u001b[35m4Xjp...YM4W\u001b[39m)"}
{"level":40,"time":1745348948087,"name":"collect-funds","msg":"Account (\u001b[35mH8vG...6kZP\u001b[39m) has uninitialized FALLENBOY ATA (\u001b[35mhYrZ...TWJE\u001b[39m)"}
{"level":40,"time":1745348948285,"name":"collect-funds","msg":"Account (\u001b[35m7Pz5...x8HT\u001b[39m) has uninitialized FALLENBOY ATA (\u001b[35mFhb5...9zit\u001b[39m)"}
{"level":40,"time":1745348948432,"name":"collect-funds","msg":"Account (\u001b[35m4LQL...6ssg\u001b[39m) has uninitialized FALLENBOY ATA (\u001b[35m3swn...QHfC\u001b[39m)"}
{"level":40,"time":1745348948652,"name":"collect-funds","msg":"Account (\u001b[35m7ALP...eury\u001b[39m) has uninitialized FALLENBOY ATA (\u001b[35mADuA...zaVb\u001b[39m)"}
{"level":40,"time":1745348948993,"name":"collect-funds","msg":"Account (\u001b[35mGRdP...9rex\u001b[39m) has uninitialized FALLENBOY ATA (\u001b[35mBum2...s3zq\u001b[39m)"}
{"level":40,"time":1745348949135,"name":"collect-funds","msg":"Account (\u001b[35m4Lpb...MYZc\u001b[39m) has uninitialized FALLENBOY ATA (\u001b[35mHYVV...aBh8\u001b[39m)"}
{"level":40,"time":1745348949498,"name":"collect-funds","msg":"Account (\u001b[35mC68d...dnSA\u001b[39m) has uninitialized FALLENBOY ATA (\u001b[35mCwoE...Lz4U\u001b[39m)"}
{"level":40,"time":1745348949908,"name":"collect-funds","msg":"Account (\u001b[35m82T9...k2Af\u001b[39m) has uninitialized FALLENBOY ATA (\u001b[35mFn7A...4Cbt\u001b[39m)"}
{"level":40,"time":1745348950287,"name":"collect-funds","msg":"Account (\u001b[35m9d4e...PwzV\u001b[39m) has uninitialized FALLENBOY ATA (\u001b[35mGQv4...oWuq\u001b[39m)"}
{"level":40,"time":1745348950817,"name":"collect-funds","msg":"Account (\u001b[35mFHYH...xZgx\u001b[39m) has uninitialized FALLENBOY ATA (\u001b[35m3Jh4...8XWA\u001b[39m)"}
{"level":40,"time":1745348950967,"name":"collect-funds","msg":"Account (\u001b[35mGAXP...REiR\u001b[39m) has uninitialized FALLENBOY ATA (\u001b[35m8ELx...nbZw\u001b[39m)"}
{"level":40,"time":1745348951504,"name":"collect-funds","msg":"Account (\u001b[35m4Nfd...ZXXd\u001b[39m) has uninitialized FALLENBOY ATA (\u001b[35m57Fn...XeWN\u001b[39m)"}
{"level":40,"time":1745348951636,"name":"collect-funds","msg":"Account (\u001b[35m6noH...RSbe\u001b[39m) has uninitialized FALLENBOY ATA (\u001b[35mHsTL...bcPf\u001b[39m)"}
{"level":40,"time":1745348951989,"name":"collect-funds","msg":"Account (\u001b[35mA76Z...TcM3\u001b[39m) has uninitialized FALLENBOY ATA (\u001b[35mCeo7...Kc7N\u001b[39m)"}
{"level":40,"time":1745348952130,"name":"collect-funds","msg":"Account (\u001b[35mFCeW...ebvA\u001b[39m) has uninitialized FALLENBOY ATA (\u001b[35mCe2q...R5a4\u001b[39m)"}
{"level":40,"time":1745348952275,"name":"collect-funds","msg":"Account (\u001b[35mBqaj...kX1Y\u001b[39m) has uninitialized FALLENBOY ATA (\u001b[35mEeRt...3Rbi\u001b[39m)"}
{"level":40,"time":1745348952470,"name":"collect-funds","msg":"Account (\u001b[35mFn3H...AQHm\u001b[39m) has uninitialized FALLENBOY ATA (\u001b[35mH3Hm...8NpJ\u001b[39m)"}
{"level":40,"time":1745348952672,"name":"collect-funds","msg":"Account (\u001b[35mAFDh...N2v6\u001b[39m) has uninitialized FALLENBOY ATA (\u001b[35mCJAX...jeY2\u001b[39m)"}
{"level":40,"time":1745348953290,"name":"collect-funds","msg":"Account (\u001b[35m2sdU...kfCy\u001b[39m) has uninitialized FALLENBOY ATA (\u001b[35mHXfB...tNcF\u001b[39m)"}
{"level":40,"time":1745348953431,"name":"collect-funds","msg":"Account (\u001b[35mz5jy...S7AD\u001b[39m) has uninitialized FALLENBOY ATA (\u001b[35m7ugT...woX8\u001b[39m)"}
{"level":40,"time":1745348953565,"name":"collect-funds","msg":"Account (\u001b[35mHtfL...YzRX\u001b[39m) has uninitialized FALLENBOY ATA (\u001b[35mBpf9...qv5K\u001b[39m)"}
{"level":40,"time":1745348953761,"name":"collect-funds","msg":"Account (\u001b[35mF3bu...wGk7\u001b[39m) has uninitialized FALLENBOY ATA (\u001b[35m8co3...kKah\u001b[39m)"}
{"level":40,"time":1745348953917,"name":"collect-funds","msg":"Account (\u001b[35mCPS5...yeTB\u001b[39m) has uninitialized FALLENBOY ATA (\u001b[35m2Xiy...eDs8\u001b[39m)"}
{"level":40,"time":1745348954228,"name":"collect-funds","msg":"Account (\u001b[35m9JCF...nga5\u001b[39m) has uninitialized FALLENBOY ATA (\u001b[35mDy3N...2Gsp\u001b[39m)"}
{"level":40,"time":1745348954379,"name":"collect-funds","msg":"Account (\u001b[35m8pX3...E5Qb\u001b[39m) has uninitialized FALLENBOY ATA (\u001b[35mAVEj...G88u\u001b[39m)"}
{"level":40,"time":1745348954534,"name":"collect-funds","msg":"Account (\u001b[35mFBGD...ACn5\u001b[39m) has uninitialized FALLENBOY ATA (\u001b[35mDUKm...5nGR\u001b[39m)"}
{"level":40,"time":1745348954668,"name":"collect-funds","msg":"Account (\u001b[35mGMRm...soJA\u001b[39m) has uninitialized FALLENBOY ATA (\u001b[35mHDA7...MucJ\u001b[39m)"}
{"level":40,"time":1745348954811,"name":"collect-funds","msg":"Account (\u001b[35mEMjC...Nb52\u001b[39m) has uninitialized FALLENBOY ATA (\u001b[35mCSuq...Cdxr\u001b[39m)"}
{"level":40,"time":1745348955070,"name":"collect-funds","msg":"Account (\u001b[35m4ASe...23VZ\u001b[39m) has uninitialized FALLENBOY ATA (\u001b[35mG6c5...emWy\u001b[39m)"}
{"level":40,"time":1745348955232,"name":"collect-funds","msg":"Account (\u001b[35m89m5...XC5C\u001b[39m) has uninitialized FALLENBOY ATA (\u001b[35mHYnj...nJkD\u001b[39m)"}
{"level":40,"time":1745348955365,"name":"collect-funds","msg":"Account (\u001b[35mHrxK...Li43\u001b[39m) has uninitialized FALLENBOY ATA (\u001b[35mCKTV...ziKU\u001b[39m)"}
{"level":40,"time":1745348955504,"name":"collect-funds","msg":"Account (\u001b[35m5rsM...igmh\u001b[39m) has uninitialized FALLENBOY ATA (\u001b[35m2ESy...GoX2\u001b[39m)"}
{"level":40,"time":1745348955643,"name":"collect-funds","msg":"Account (\u001b[35mxZey...o7NC\u001b[39m) has uninitialized FALLENBOY ATA (\u001b[35mJ7y6...ojH1\u001b[39m)"}
{"level":40,"time":1745348955844,"name":"collect-funds","msg":"Account (\u001b[35mrnAB...vXvB\u001b[39m) has uninitialized FALLENBOY ATA (\u001b[35m8ydS...4aJ4\u001b[39m)"}
{"level":40,"time":1745348955983,"name":"collect-funds","msg":"Account (\u001b[35m4JH2...cHtB\u001b[39m) has uninitialized FALLENBOY ATA (\u001b[35m98iy...JtcG\u001b[39m)"}
{"level":40,"time":1745348956133,"name":"collect-funds","msg":"Account (\u001b[35m4wis...4893\u001b[39m) has uninitialized FALLENBOY ATA (\u001b[35mBCJ5...8Gyr\u001b[39m)"}
{"level":40,"time":1745348956290,"name":"collect-funds","msg":"Account (\u001b[35mBbMw...kPUg\u001b[39m) has uninitialized FALLENBOY ATA (\u001b[35mB2W7...Dn8x\u001b[39m)"}
{"level":40,"time":1745348956467,"name":"collect-funds","msg":"Account (\u001b[35mHYNr...exUJ\u001b[39m) has uninitialized FALLENBOY ATA (\u001b[35mCxMU...tyDt\u001b[39m)"}
{"level":40,"time":1745348956599,"name":"collect-funds","msg":"Account (\u001b[35m61Mf...JRX1\u001b[39m) has uninitialized FALLENBOY ATA (\u001b[35m6yeD...enEL\u001b[39m)"}
{"level":40,"time":1745348956730,"name":"collect-funds","msg":"Account (\u001b[35mHe5c...3aVZ\u001b[39m) has uninitialized FALLENBOY ATA (\u001b[35mCGxx...qhp7\u001b[39m)"}
{"level":40,"time":1745348956867,"name":"collect-funds","msg":"Account (\u001b[35mHJDf...oen3\u001b[39m) has uninitialized FALLENBOY ATA (\u001b[35m7xeF...L99m\u001b[39m)"}
{"level":40,"time":1745348957019,"name":"collect-funds","msg":"Account (\u001b[35m6b7G...NZkB\u001b[39m) has uninitialized FALLENBOY ATA (\u001b[35mBzD2...NBQ2\u001b[39m)"}
{"level":40,"time":1745348957161,"name":"collect-funds","msg":"Account (\u001b[35m6eNZ...dYfK\u001b[39m) has uninitialized FALLENBOY ATA (\u001b[35m2DGo...n56E\u001b[39m)"}
{"level":40,"time":1745348957300,"name":"collect-funds","msg":"Account (\u001b[35mDMY8...ZoDW\u001b[39m) has uninitialized FALLENBOY ATA (\u001b[35m3sbd...VFoe\u001b[39m)"}
{"level":40,"time":1745348957490,"name":"collect-funds","msg":"Account (\u001b[35mqHC9...kbBD\u001b[39m) has uninitialized FALLENBOY ATA (\u001b[35m3E7Y...3Pw6\u001b[39m)"}
{"level":40,"time":1745348957632,"name":"collect-funds","msg":"Account (\u001b[35mGLWH...3E5w\u001b[39m) has uninitialized FALLENBOY ATA (\u001b[35mG8y8...wTVZ\u001b[39m)"}
{"level":40,"time":1745348957772,"name":"collect-funds","msg":"Account (\u001b[35mGvnv...kyzf\u001b[39m) has uninitialized FALLENBOY ATA (\u001b[35m682g...DYDP\u001b[39m)"}
{"level":40,"time":1745348957912,"name":"collect-funds","msg":"Account (\u001b[35m88dJ...RS68\u001b[39m) has uninitialized FALLENBOY ATA (\u001b[35mFR7W...BeEM\u001b[39m)"}
{"level":40,"time":1745348958061,"name":"collect-funds","msg":"Account (\u001b[35m97YL...cExM\u001b[39m) has uninitialized FALLENBOY ATA (\u001b[35mGwjB...LPjm\u001b[39m)"}
{"level":40,"time":1745348958205,"name":"collect-funds","msg":"Account (\u001b[35m9611...nHts\u001b[39m) has uninitialized FALLENBOY ATA (\u001b[35mGpD6...aG3s\u001b[39m)"}
{"level":40,"time":1745348958816,"name":"collect-funds","msg":"Account (\u001b[35mH29p...U8sk\u001b[39m) has uninitialized FALLENBOY ATA (\u001b[35mBqe4...6X8m\u001b[39m)"}
{"level":40,"time":1745348958942,"name":"collect-funds","msg":"Account (\u001b[35mEqXv...ttGq\u001b[39m) has uninitialized FALLENBOY ATA (\u001b[35m9zyX...LKA1\u001b[39m)"}
{"level":40,"time":1745348959088,"name":"collect-funds","msg":"Account (\u001b[35m2aHB...ju8z\u001b[39m) has uninitialized FALLENBOY ATA (\u001b[35m4DPM...gsUy\u001b[39m)"}
{"level":40,"time":1745348959231,"name":"collect-funds","msg":"Account (\u001b[35m3LDD...a7kN\u001b[39m) has uninitialized FALLENBOY ATA (\u001b[35mA7wE...if7w\u001b[39m)"}
{"level":40,"time":1745348959366,"name":"collect-funds","msg":"Account (\u001b[35mA1Ug...rvkG\u001b[39m) has uninitialized FALLENBOY ATA (\u001b[35m4K4o...e4oB\u001b[39m)"}
{"level":40,"time":1745348960037,"name":"collect-funds","msg":"Account (\u001b[35m6Kik...m6a8\u001b[39m) has uninitialized FALLENBOY ATA (\u001b[35mHUbb...ziZF\u001b[39m)"}
{"level":40,"time":1745348960225,"name":"collect-funds","msg":"Account (\u001b[35mFevi...Bw95\u001b[39m) has uninitialized FALLENBOY ATA (\u001b[35mBCB9...JRp4\u001b[39m)"}
{"level":40,"time":1745348960368,"name":"collect-funds","msg":"Account (\u001b[35mEoEd...WX12\u001b[39m) has uninitialized FALLENBOY ATA (\u001b[35m3ksj...TjAq\u001b[39m)"}
{"level":40,"time":1745348960519,"name":"collect-funds","msg":"Account (\u001b[35mG7Tj...Se2W\u001b[39m) has uninitialized FALLENBOY ATA (\u001b[35mD9Qs...1a8s\u001b[39m)"}
{"level":40,"time":1745348960657,"name":"collect-funds","msg":"Account (\u001b[35m7Aoq...f1Aq\u001b[39m) has uninitialized FALLENBOY ATA (\u001b[35mEuM1...zEMQ\u001b[39m)"}
{"level":40,"time":1745348960815,"name":"collect-funds","msg":"Account (\u001b[35mBMsX...VF49\u001b[39m) has uninitialized FALLENBOY ATA (\u001b[35mBW3m...NrEx\u001b[39m)"}
{"level":40,"time":1745348960964,"name":"collect-funds","msg":"Account (\u001b[35m7kRc...AUmk\u001b[39m) has uninitialized FALLENBOY ATA (\u001b[35m4r5n...3yni\u001b[39m)"}
{"level":40,"time":1745348961171,"name":"collect-funds","msg":"Account (\u001b[35mAE4p...RRTQ\u001b[39m) has uninitialized FALLENBOY ATA (\u001b[35mDpob...Y14Z\u001b[39m)"}
{"level":40,"time":1745348961377,"name":"collect-funds","msg":"Account (\u001b[35mFawF...Wfgy\u001b[39m) has uninitialized FALLENBOY ATA (\u001b[35mDFty...98Y8\u001b[39m)"}
{"level":40,"time":1745348961529,"name":"collect-funds","msg":"Account (\u001b[35mGpi9...LuCR\u001b[39m) has uninitialized FALLENBOY ATA (\u001b[35mBVMn...RmsK\u001b[39m)"}
{"level":40,"time":1745348961787,"name":"collect-funds","msg":"Account (\u001b[35m5JvC...nKRZ\u001b[39m) has uninitialized FALLENBOY ATA (\u001b[35m3fos...stoK\u001b[39m)"}
{"level":40,"time":1745348962001,"name":"collect-funds","msg":"Sniper (\u001b[35m5qac...93hp\u001b[39m) has zero balance on wallet"}
{"level":40,"time":1745348962195,"name":"collect-funds","msg":"Sniper (\u001b[35mAGrK...45sx\u001b[39m) has zero balance on wallet"}
{"level":40,"time":1745348962331,"name":"collect-funds","msg":"Sniper (\u001b[35m7YYS...ZV1k\u001b[39m) has zero balance on wallet"}
{"level":40,"time":1745348962605,"name":"collect-funds","msg":"Sniper (\u001b[35mAK8D...kprw\u001b[39m) has zero balance on wallet"}
{"level":40,"time":1745348962809,"name":"collect-funds","msg":"Sniper (\u001b[35mDTSW...Kacj\u001b[39m) has zero balance on wallet"}
{"level":40,"time":1745348963016,"name":"collect-funds","msg":"Sniper (\u001b[35mCfQV...1yvp\u001b[39m) has zero balance on wallet"}
{"level":40,"time":1745348963139,"name":"collect-funds","msg":"Sniper (\u001b[35mAADh...rKaa\u001b[39m) has zero balance on wallet"}
{"level":40,"time":1745348963285,"name":"collect-funds","msg":"Sniper (\u001b[35mD3NU...h39a\u001b[39m) has zero balance on wallet"}
{"level":40,"time":1745348963640,"name":"collect-funds","msg":"Sniper (\u001b[35m98xw...z3TX\u001b[39m) has zero balance on wallet"}
{"level":40,"time":1745348963833,"name":"collect-funds","msg":"Sniper (\u001b[35m4NUE...jVuy\u001b[39m) has zero balance on wallet"}
{"level":40,"time":1745348964039,"name":"collect-funds","msg":"Sniper (\u001b[35m8Xam...cStN\u001b[39m) has zero balance on wallet"}
{"level":40,"time":1745348964245,"name":"collect-funds","msg":"Sniper (\u001b[35mH6iL...rSoo\u001b[39m) has zero balance on wallet"}
{"level":40,"time":1745348964386,"name":"collect-funds","msg":"Sniper (\u001b[35m4FDs...6x9d\u001b[39m) has zero balance on wallet"}
{"level":40,"time":1745348964552,"name":"collect-funds","msg":"Sniper (\u001b[35mGLx2...6q7G\u001b[39m) has zero balance on wallet"}
{"level":40,"time":1745348964707,"name":"collect-funds","msg":"Sniper (\u001b[35mXWLF...t6Df\u001b[39m) has zero balance on wallet"}
{"level":40,"time":1745348964826,"name":"collect-funds","msg":"Sniper (\u001b[35mAAoi...dY9S\u001b[39m) has zero balance on wallet"}
{"level":40,"time":1745348964960,"name":"collect-funds","msg":"Sniper (\u001b[35mHHMe...Ghmp\u001b[39m) has zero balance on wallet"}
{"level":40,"time":1745348965369,"name":"collect-funds","msg":"Sniper (\u001b[35m3fE9...ZjTi\u001b[39m) has zero balance on wallet"}
{"level":40,"time":1745348965495,"name":"collect-funds","msg":"Sniper (\u001b[35mGNVq...FihG\u001b[39m) has zero balance on wallet"}
{"level":40,"time":1745348965622,"name":"collect-funds","msg":"Sniper (\u001b[35mH4iv...BirR\u001b[39m) has zero balance on wallet"}
{"level":40,"time":1745348965779,"name":"collect-funds","msg":"Sniper (\u001b[35mEgUJ...HGUH\u001b[39m) has zero balance on wallet"}
{"level":40,"time":1745348965986,"name":"collect-funds","msg":"Sniper (\u001b[35mCzmZ...dDUQ\u001b[39m) has zero balance on wallet"}
{"level":40,"time":1745348966116,"name":"collect-funds","msg":"Sniper (\u001b[35m3hTk...BoGi\u001b[39m) has zero balance on wallet"}
{"level":40,"time":1745348966227,"name":"collect-funds","msg":"Sniper (\u001b[35mDbkV...VqaQ\u001b[39m) has zero balance on wallet"}
{"level":40,"time":1745348966357,"name":"collect-funds","msg":"Sniper (\u001b[35mGvfG...R5P5\u001b[39m) has zero balance on wallet"}
{"level":40,"time":1745348966493,"name":"collect-funds","msg":"Sniper (\u001b[35mEKSB...EsLi\u001b[39m) has zero balance on wallet"}
{"level":40,"time":1745348966701,"name":"collect-funds","msg":"Sniper (\u001b[35mDv4S...wzUS\u001b[39m) has zero balance on wallet"}
{"level":40,"time":1745348966906,"name":"collect-funds","msg":"Sniper (\u001b[35mBnop...XWkB\u001b[39m) has zero balance on wallet"}
{"level":40,"time":1745348967089,"name":"collect-funds","msg":"Sniper (\u001b[35m6DfW...E6gQ\u001b[39m) has zero balance on wallet"}
{"level":40,"time":1745348967316,"name":"collect-funds","msg":"Sniper (\u001b[35mCQmR...9AUa\u001b[39m) has zero balance on wallet"}
{"level":40,"time":1745348967444,"name":"collect-funds","msg":"Sniper (\u001b[35m2G76...Azxa\u001b[39m) has zero balance on wallet"}
{"level":40,"time":1745348967622,"name":"collect-funds","msg":"Sniper (\u001b[35mzWb6...r8rS\u001b[39m) has zero balance on wallet"}
{"level":40,"time":1745348967827,"name":"collect-funds","msg":"Sniper (\u001b[35mChfY...tnB2\u001b[39m) has zero balance on wallet"}
{"level":40,"time":1745348968032,"name":"collect-funds","msg":"Sniper (\u001b[35m5beB...HmEu\u001b[39m) has zero balance on wallet"}
{"level":40,"time":1745348968167,"name":"collect-funds","msg":"Sniper (\u001b[35mCB54...hXLu\u001b[39m) has zero balance on wallet"}
{"level":40,"time":1745348968443,"name":"collect-funds","msg":"Sniper (\u001b[35mGSdL...jy24\u001b[39m) has zero balance on wallet"}
{"level":40,"time":1745348968627,"name":"collect-funds","msg":"Sniper (\u001b[35mCGNs...q9aB\u001b[39m) has zero balance on wallet"}
{"level":40,"time":1745348968852,"name":"collect-funds","msg":"Sniper (\u001b[35m4yAx...cUWu\u001b[39m) has zero balance on wallet"}
{"level":40,"time":1745348969056,"name":"collect-funds","msg":"Sniper (\u001b[35m83Lf...pnQW\u001b[39m) has zero balance on wallet"}
{"level":40,"time":1745348969192,"name":"collect-funds","msg":"Sniper (\u001b[35mDb5k...y3PF\u001b[39m) has zero balance on wallet"}
{"level":40,"time":1745348969318,"name":"collect-funds","msg":"Sniper (\u001b[35m4iAV...cmuQ\u001b[39m) has zero balance on wallet"}
{"level":40,"time":1745348969443,"name":"collect-funds","msg":"Sniper (\u001b[35m5Exf...n9CC\u001b[39m) has zero balance on wallet"}
{"level":40,"time":1745348969572,"name":"collect-funds","msg":"Trader (\u001b[35mHi46...QxAm\u001b[39m) has zero balance on wallet"}
{"level":40,"time":1745348969839,"name":"collect-funds","msg":"Trader (\u001b[35mDoj7...GyAQ\u001b[39m) has zero balance on wallet"}
{"level":40,"time":1745348969995,"name":"collect-funds","msg":"Trader (\u001b[35m6koC...NaG4\u001b[39m) has zero balance on wallet"}
{"level":40,"time":1745348970111,"name":"collect-funds","msg":"Trader (\u001b[35m6sSf...dgcT\u001b[39m) has zero balance on wallet"}
{"level":40,"time":1745348970230,"name":"collect-funds","msg":"Trader (\u001b[35mDb54...QmgF\u001b[39m) has zero balance on wallet"}
{"level":40,"time":1745348970371,"name":"collect-funds","msg":"Trader (\u001b[35m8KbJ...yKZK\u001b[39m) has zero balance on wallet"}
{"level":40,"time":1745348970594,"name":"collect-funds","msg":"Trader (\u001b[35mAkSi...Ng5z\u001b[39m) has zero balance on wallet"}
{"level":40,"time":1745348970782,"name":"collect-funds","msg":"Trader (\u001b[35mFvy3...7qu9\u001b[39m) has zero balance on wallet"}
{"level":40,"time":1745348970911,"name":"collect-funds","msg":"Trader (\u001b[35mFMsr...37iv\u001b[39m) has zero balance on wallet"}
{"level":40,"time":1745348971104,"name":"collect-funds","msg":"Trader (\u001b[35mEqTT...Xj1M\u001b[39m) has zero balance on wallet"}
{"level":40,"time":1745348971311,"name":"collect-funds","msg":"Trader (\u001b[35mERYT...n3vq\u001b[39m) has zero balance on wallet"}
{"level":40,"time":1745348971478,"name":"collect-funds","msg":"Trader (\u001b[35mAPxB...QVKA\u001b[39m) has zero balance on wallet"}
{"level":40,"time":1745348971605,"name":"collect-funds","msg":"Trader (\u001b[35mCa5f...Ltbr\u001b[39m) has zero balance on wallet"}
{"level":40,"time":1745348971820,"name":"collect-funds","msg":"Trader (\u001b[35mHFNM...XWwv\u001b[39m) has zero balance on wallet"}
{"level":40,"time":1745348971982,"name":"collect-funds","msg":"Trader (\u001b[35m98ZR...ogyu\u001b[39m) has zero balance on wallet"}
{"level":40,"time":1745348972127,"name":"collect-funds","msg":"Trader (\u001b[35mHfDm...kV5A\u001b[39m) has zero balance on wallet"}
{"level":40,"time":1745348973931,"name":"collect-funds","msg":"Trader (\u001b[35mCGW9...zMVK\u001b[39m) has zero balance on wallet"}
{"level":40,"time":1745348974064,"name":"collect-funds","msg":"Trader (\u001b[35m9znM...p5mS\u001b[39m) has zero balance on wallet"}
{"level":30,"time":1745348974086,"name":"collect-funds","msg":"Transaction (\u001b[33m2vt4M8VK...23UVz7xu\u001b[39m) sent to transfer \u001b[32m0.114815838\u001b[39m SOL from trader (\u001b[35mFTJi...6B2N\u001b[39m) to distributor (\u001b[35mDtcZ...AVjR\u001b[39m)"}
{"level":40,"time":1745348974181,"name":"collect-funds","msg":"Trader (\u001b[35mChqG...uLP6\u001b[39m) has zero balance on wallet"}
{"level":40,"time":1745348974382,"name":"collect-funds","msg":"Trader (\u001b[35m94Mw...3c9o\u001b[39m) has zero balance on wallet"}
{"level":40,"time":1745348974769,"name":"collect-funds","msg":"Trader (\u001b[35m6Bgo...7LLw\u001b[39m) has zero balance on wallet"}
{"level":30,"time":1745348974949,"name":"collect-funds","msg":"Transaction (\u001b[33m66ueSdk2...q59GjtiP\u001b[39m) sent to transfer \u001b[32m0.258021308\u001b[39m SOL from trader (\u001b[35mAXiA...gvut\u001b[39m) to distributor (\u001b[35mDtcZ...AVjR\u001b[39m)"}
{"level":40,"time":1745348974949,"name":"collect-funds","msg":"Trader (\u001b[35mAtfS...dneW\u001b[39m) has zero balance on wallet"}
{"level":40,"time":1745348975104,"name":"collect-funds","msg":"Trader (\u001b[35mEsq4...m4kn\u001b[39m) has zero balance on wallet"}
{"level":40,"time":1745348975395,"name":"collect-funds","msg":"Trader (\u001b[35mgFyE...EEvp\u001b[39m) has zero balance on wallet"}
{"level":40,"time":1745348975524,"name":"collect-funds","msg":"Trader (\u001b[35m5rk7...fvra\u001b[39m) has zero balance on wallet"}
{"level":30,"time":1745348975547,"name":"collect-funds","msg":"Transaction (\u001b[33m3WrNHvRD...wAAbKJuL\u001b[39m) sent to transfer \u001b[32m0.10726963\u001b[39m SOL from trader (\u001b[35mHQkv...ruUt\u001b[39m) to distributor (\u001b[35mDtcZ...AVjR\u001b[39m)"}
{"level":40,"time":1745348975713,"name":"collect-funds","msg":"Trader (\u001b[35m9XCQ...D2ox\u001b[39m) has zero balance on wallet"}
{"level":30,"time":1745348976339,"name":"collect-funds","msg":"Transaction (\u001b[33m5HjwjdzE...43hu3DbE\u001b[39m) sent to transfer \u001b[32m0.090022647\u001b[39m SOL from trader (\u001b[35mHZE9...P4w8\u001b[39m) to distributor (\u001b[35mDtcZ...AVjR\u001b[39m)"}
{"level":30,"time":1745348976538,"name":"collect-funds","msg":"Transaction (\u001b[33m5JWL1Mdn...dLoPwqzD\u001b[39m) sent to transfer \u001b[32m0.40051629\u001b[39m SOL from trader (\u001b[35mCDBR...iCqi\u001b[39m) to distributor (\u001b[35mDtcZ...AVjR\u001b[39m)"}
{"level":30,"time":1745348977106,"name":"collect-funds","msg":"Transaction (\u001b[33m2nU2mQuz...HkEgNSqG\u001b[39m) sent to transfer \u001b[32m0.125258945\u001b[39m SOL from trader (\u001b[35m4DxB...RgiZ\u001b[39m) to distributor (\u001b[35mDtcZ...AVjR\u001b[39m)"}
{"level":30,"time":1745348977228,"name":"collect-funds","msg":"Transaction (\u001b[33m3EoJbhXn...LDoWAABA\u001b[39m) sent to transfer \u001b[32m0.109662119\u001b[39m SOL from trader (\u001b[35mG1xF...Uevr\u001b[39m) to distributor (\u001b[35mDtcZ...AVjR\u001b[39m)"}
{"level":30,"time":1745348977367,"name":"collect-funds","msg":"Transaction (\u001b[33m3Vdf2sXh...sR9y9R9W\u001b[39m) sent to transfer \u001b[32m0.125532001\u001b[39m SOL from trader (\u001b[35m3V3J...ih5H\u001b[39m) to distributor (\u001b[35mDtcZ...AVjR\u001b[39m)"}
{"level":30,"time":1745348977930,"name":"collect-funds","msg":"Transaction (\u001b[33m3dkvvv1J...iXeEMVze\u001b[39m) sent to transfer \u001b[32m0.116503012\u001b[39m SOL from trader (\u001b[35m7cVn...WYZu\u001b[39m) to distributor (\u001b[35mDtcZ...AVjR\u001b[39m)"}
{"level":30,"time":1745348977943,"name":"collect-funds","msg":"Transaction (\u001b[33m5ycerV84...rGEwbo38\u001b[39m) sent to transfer \u001b[32m0.159671754\u001b[39m SOL from trader (\u001b[35mHuPf...H9fY\u001b[39m) to distributor (\u001b[35mDtcZ...AVjR\u001b[39m)"}
{"level":30,"time":1745348978047,"name":"collect-funds","msg":"Transaction (\u001b[33m643jhtkb...41oDemAB\u001b[39m) sent to transfer \u001b[32m0.107929015\u001b[39m SOL from trader (\u001b[35m8cpP...Zcnr\u001b[39m) to distributor (\u001b[35mDtcZ...AVjR\u001b[39m)"}
{"level":30,"time":1745348978324,"name":"collect-funds","msg":"Transaction (\u001b[33m5H5iDYNv...8zMhmQPn\u001b[39m) sent to transfer \u001b[32m0.129567371\u001b[39m SOL from trader (\u001b[35mJ2tg...KHFg\u001b[39m) to distributor (\u001b[35mDtcZ...AVjR\u001b[39m)"}
{"level":30,"time":1745348978488,"name":"collect-funds","msg":"Transaction (\u001b[33m55i1A1pg...xUbJBPSk\u001b[39m) sent to transfer \u001b[32m0.121126264\u001b[39m SOL from trader (\u001b[35m4qEq...iBAN\u001b[39m) to distributor (\u001b[35mDtcZ...AVjR\u001b[39m)"}
{"level":30,"time":1745348978673,"name":"collect-funds","msg":"Transaction (\u001b[33m5UKYewQA...mKW5Sou1\u001b[39m) sent to transfer \u001b[32m0.090879628\u001b[39m SOL from trader (\u001b[35mFt9z...N5UZ\u001b[39m) to distributor (\u001b[35mDtcZ...AVjR\u001b[39m)"}
{"level":30,"time":1745348978758,"name":"collect-funds","msg":"Transaction (\u001b[33m2v9g9vbE...jMvoS7BB\u001b[39m) sent to transfer \u001b[32m0.139652378\u001b[39m SOL from trader (\u001b[35mH8vG...6kZP\u001b[39m) to distributor (\u001b[35mDtcZ...AVjR\u001b[39m)"}
{"level":30,"time":1745348979085,"name":"collect-funds","msg":"Transaction (\u001b[33m2PfFXDEU...kk6AdAFB\u001b[39m) sent to transfer \u001b[32m0.324558807\u001b[39m SOL from trader (\u001b[35m4LQL...6ssg\u001b[39m) to distributor (\u001b[35mDtcZ...AVjR\u001b[39m)"}
{"level":30,"time":1745348979209,"name":"collect-funds","msg":"Transaction (\u001b[33m45FSGi3z...oPnzrcKm\u001b[39m) sent to transfer \u001b[32m0.103357587\u001b[39m SOL from trader (\u001b[35m7ALP...eury\u001b[39m) to distributor (\u001b[35mDtcZ...AVjR\u001b[39m)"}
{"level":30,"time":1745348979589,"name":"collect-funds","msg":"Transaction (\u001b[33m2vt4M8VK...23UVz7xu\u001b[39m) confirmed: \u001b[34m\u001b]8;;https://solscan.io/tx/2vt4M8VK4otbqh21o57f678Tuu6gXTQqUp3AzqfjkVupu8eZjCMdQFFtbp3bRdu3TwCsq9NM8hNABnnu23UVz7xu?cluster=mainnet-beta\u001b\\<Transaction link>\u001b]8;;\u001b\\\u001b[39m"}
{"level":30,"time":1745348979639,"name":"collect-funds","msg":"Transaction (\u001b[33m4HrPZY1o...NmQ11HXb\u001b[39m) sent to transfer \u001b[32m0.124079988\u001b[39m SOL from trader (\u001b[35mGRdP...9rex\u001b[39m) to distributor (\u001b[35mDtcZ...AVjR\u001b[39m)"}
{"level":30,"time":1745348979693,"name":"collect-funds","msg":"Transaction (\u001b[33m3e3QByu6...YUeogMuW\u001b[39m) sent to transfer \u001b[32m0.097304576\u001b[39m SOL from trader (\u001b[35m7Pz5...x8HT\u001b[39m) to distributor (\u001b[35mDtcZ...AVjR\u001b[39m)"}
{"level":30,"time":1745348979706,"name":"collect-funds","msg":"Transaction (\u001b[33m5zzJVcGb...uzTLpD6q\u001b[39m) sent to transfer \u001b[32m0.103938282\u001b[39m SOL from trader (\u001b[35m4Lpb...MYZc\u001b[39m) to distributor (\u001b[35mDtcZ...AVjR\u001b[39m)"}
{"level":30,"time":1745348980071,"name":"collect-funds","msg":"Transaction (\u001b[33m66ueSdk2...q59GjtiP\u001b[39m) confirmed: \u001b[34m\u001b]8;;https://solscan.io/tx/66ueSdk25KmVchGtAUioJ7VWi64VhePAktW8KEs2XCmqixLK3jAM6vt51ayiZsEbLbfGrUuwQEVAz3JYq59GjtiP?cluster=mainnet-beta\u001b\\<Transaction link>\u001b]8;;\u001b\\\u001b[39m"}
{"level":30,"time":1745348980307,"name":"collect-funds","msg":"Transaction (\u001b[33mr8XifsXT...Q1dtb3w9\u001b[39m) sent to transfer \u001b[32m0.209680547\u001b[39m SOL from trader (\u001b[35mC68d...dnSA\u001b[39m) to distributor (\u001b[35mDtcZ...AVjR\u001b[39m)"}
{"level":30,"time":1745348980424,"name":"collect-funds","msg":"Transaction (\u001b[33m56cprPch...SQx6yFdz\u001b[39m) sent to transfer \u001b[32m0.119120154\u001b[39m SOL from trader (\u001b[35m82T9...k2Af\u001b[39m) to distributor (\u001b[35mDtcZ...AVjR\u001b[39m)"}
{"level":30,"time":1745348980549,"name":"collect-funds","msg":"Transaction (\u001b[33m3Hzs8BXj...7qPHENwM\u001b[39m) sent to transfer \u001b[32m0.134714706\u001b[39m SOL from trader (\u001b[35m9d4e...PwzV\u001b[39m) to distributor (\u001b[35mDtcZ...AVjR\u001b[39m)"}
{"level":30,"time":1745348980671,"name":"collect-funds","msg":"Transaction (\u001b[33m3WrNHvRD...wAAbKJuL\u001b[39m) confirmed: \u001b[34m\u001b]8;;https://solscan.io/tx/3WrNHvRDqKgT9oCD31bc8CuohF47dTaiFEDh9NAwhE4axsi2ARoJi43emmcYJbpmJKdo4xSrgqbFpB35wAAbKJuL?cluster=mainnet-beta\u001b\\<Transaction link>\u001b]8;;\u001b\\\u001b[39m"}
{"level":30,"time":1745348980714,"name":"collect-funds","msg":"Transaction (\u001b[33m5WGNPe5J...n7KVfrhZ\u001b[39m) sent to transfer \u001b[32m0.165573318\u001b[39m SOL from trader (\u001b[35mFHYH...xZgx\u001b[39m) to distributor (\u001b[35mDtcZ...AVjR\u001b[39m)"}
{"level":30,"time":1745348980846,"name":"collect-funds","msg":"Transaction (\u001b[33m5cQyS7q7...qvWpRkgM\u001b[39m) sent to transfer \u001b[32m0.10592715\u001b[39m SOL from trader (\u001b[35mGAXP...REiR\u001b[39m) to distributor (\u001b[35mDtcZ...AVjR\u001b[39m)"}
{"level":30,"time":1745348981004,"name":"collect-funds","msg":"Transaction (\u001b[33m413gNuV7...irwWTnwN\u001b[39m) sent to transfer \u001b[32m0.108502977\u001b[39m SOL from trader (\u001b[35m4Nfd...ZXXd\u001b[39m) to distributor (\u001b[35mDtcZ...AVjR\u001b[39m)"}
{"level":30,"time":1745348981460,"name":"collect-funds","msg":"Transaction (\u001b[33m5HjwjdzE...43hu3DbE\u001b[39m) confirmed: \u001b[34m\u001b]8;;https://solscan.io/tx/5HjwjdzEmS5myey4xBae5A9kXQaiYSzJ2nWiLNf8TrtDgxx6U2WMxDGNrABhPse2URzgc6cycAUMFV4D43hu3DbE?cluster=mainnet-beta\u001b\\<Transaction link>\u001b]8;;\u001b\\\u001b[39m"}
{"level":30,"time":1745348981556,"name":"collect-funds","msg":"Transaction (\u001b[33m5dDWD6B8...4wv2fjuu\u001b[39m) sent to transfer \u001b[32m0.112165167\u001b[39m SOL from trader (\u001b[35mA76Z...TcM3\u001b[39m) to distributor (\u001b[35mDtcZ...AVjR\u001b[39m)"}
{"level":30,"time":1745348981564,"name":"collect-funds","msg":"Transaction (\u001b[33m4AMRekZy...LVrWCyC1\u001b[39m) sent to transfer \u001b[32m0.089793469\u001b[39m SOL from trader (\u001b[35m6noH...RSbe\u001b[39m) to distributor (\u001b[35mDtcZ...AVjR\u001b[39m)"}
{"level":30,"time":1745348981670,"name":"collect-funds","msg":"Transaction (\u001b[33m5cnvYyip...pbki5CZe\u001b[39m) sent to transfer \u001b[32m0.105505097\u001b[39m SOL from trader (\u001b[35mFCeW...ebvA\u001b[39m) to distributor (\u001b[35mDtcZ...AVjR\u001b[39m)"}
{"level":30,"time":1745348981755,"name":"collect-funds","msg":"Transaction (\u001b[33m5JWL1Mdn...dLoPwqzD\u001b[39m) confirmed: \u001b[34m\u001b]8;;https://solscan.io/tx/5JWL1MdnHTT7QH95KK5rpHo2jq9iLadZTjr4b1ArjKxCMFhbesDAhCovMWDJYGEEeRbFvi3Sg1hpCdAndLoPwqzD?cluster=mainnet-beta\u001b\\<Transaction link>\u001b]8;;\u001b\\\u001b[39m"}
{"level":30,"time":1745348982260,"name":"collect-funds","msg":"Transaction (\u001b[33m2nU2mQuz...HkEgNSqG\u001b[39m) confirmed: \u001b[34m\u001b]8;;https://solscan.io/tx/2nU2mQuz3xoZ1CuuwWDTQs7jD9UeHamnXMShJrhM9kAXAc7L1okCNTMXmyyPVJqQ2GfG2SQ5yXm7M53HkEgNSqG?cluster=mainnet-beta\u001b\\<Transaction link>\u001b]8;;\u001b\\\u001b[39m"}
{"level":30,"time":1745348982260,"name":"collect-funds","msg":"Transaction (\u001b[33m2yrEUjep...ZpCydTCe\u001b[39m) sent to transfer \u001b[32m0.096205599\u001b[39m SOL from trader (\u001b[35mFn3H...AQHm\u001b[39m) to distributor (\u001b[35mDtcZ...AVjR\u001b[39m)"}
{"level":30,"time":1745348982260,"name":"collect-funds","msg":"Transaction (\u001b[33m3XLAQDMS...Bn42Lf7g\u001b[39m) sent to transfer \u001b[32m0.117843969\u001b[39m SOL from trader (\u001b[35mBqaj...kX1Y\u001b[39m) to distributor (\u001b[35mDtcZ...AVjR\u001b[39m)"}
{"level":30,"time":1745348982358,"name":"collect-funds","msg":"Transaction (\u001b[33m3EoJbhXn...LDoWAABA\u001b[39m) confirmed: \u001b[34m\u001b]8;;https://solscan.io/tx/3EoJbhXniCzGyQg1Wtf1ZsWvmTZ1Ygudk6zzMjGdUsHphA7WiuEp5pznCqbTV1XRn6tCjFVYZe19DTX5LDoWAABA?cluster=mainnet-beta\u001b\\<Transaction link>\u001b]8;;\u001b\\\u001b[39m"}
{"level":30,"time":1745348982408,"name":"collect-funds","msg":"Transaction (\u001b[33m4AkurieY...nVEF3pW6\u001b[39m) sent to transfer \u001b[32m0.107299823\u001b[39m SOL from trader (\u001b[35mAFDh...N2v6\u001b[39m) to distributor (\u001b[35mDtcZ...AVjR\u001b[39m)"}
{"level":30,"time":1745348982497,"name":"collect-funds","msg":"Transaction (\u001b[33m3Vdf2sXh...sR9y9R9W\u001b[39m) confirmed: \u001b[34m\u001b]8;;https://solscan.io/tx/3Vdf2sXhichQjqmkxPksBKXxTFDmzex83wwCSgvemscmK1zed6j1F9PGMEzyWWXh5Ysu8aKgsA9eG3onsR9y9R9W?cluster=mainnet-beta\u001b\\<Transaction link>\u001b]8;;\u001b\\\u001b[39m"}
{"level":30,"time":1745348982567,"name":"collect-funds","msg":"Transaction (\u001b[33m4jR82wjS...Xutf1VXA\u001b[39m) sent to transfer \u001b[32m0.104263672\u001b[39m SOL from trader (\u001b[35m2sdU...kfCy\u001b[39m) to distributor (\u001b[35mDtcZ...AVjR\u001b[39m)"}
{"level":30,"time":1745348982700,"name":"collect-funds","msg":"Transaction (\u001b[33m5TxwCg2P...xE4JDiWh\u001b[39m) sent to transfer \u001b[32m0.32437135\u001b[39m SOL from trader (\u001b[35mz5jy...S7AD\u001b[39m) to distributor (\u001b[35mDtcZ...AVjR\u001b[39m)"}
{"level":30,"time":1745348982836,"name":"collect-funds","msg":"Transaction (\u001b[33m45pKND4U...4Gp7jQdJ\u001b[39m) sent to transfer \u001b[32m0.104289808\u001b[39m SOL from trader (\u001b[35mHtfL...YzRX\u001b[39m) to distributor (\u001b[35mDtcZ...AVjR\u001b[39m)"}
{"level":30,"time":1745348982952,"name":"collect-funds","msg":"Transaction (\u001b[33m3uyJCbCf...sfVwNi84\u001b[39m) sent to transfer \u001b[32m0.418627296\u001b[39m SOL from trader (\u001b[35mF3bu...wGk7\u001b[39m) to distributor (\u001b[35mDtcZ...AVjR\u001b[39m)"}
{"level":30,"time":1745348983052,"name":"collect-funds","msg":"Transaction (\u001b[33m3dkvvv1J...iXeEMVze\u001b[39m) confirmed: \u001b[34m\u001b]8;;https://solscan.io/tx/3dkvvv1JjJ5XwKM1vYeTPhc7RSKqc1RxmXwXE5BeptdFteVsVRLXP4cBksNYbpEPtLxD2pDjfGPGyugZiXeEMVze?cluster=mainnet-beta\u001b\\<Transaction link>\u001b]8;;\u001b\\\u001b[39m"}
{"level":30,"time":1745348983068,"name":"collect-funds","msg":"Transaction (\u001b[33m53fyZApW...wpnaZ7Yv\u001b[39m) sent to transfer \u001b[32m0.222868927\u001b[39m SOL from trader (\u001b[35mCPS5...yeTB\u001b[39m) to distributor (\u001b[35mDtcZ...AVjR\u001b[39m)"}
{"level":30,"time":1745348983087,"name":"collect-funds","msg":"Transaction (\u001b[33m5ycerV84...rGEwbo38\u001b[39m) confirmed: \u001b[34m\u001b]8;;https://solscan.io/tx/5ycerV849ZinKE5byXEoH6wxHuswWLHRDn1ngN11JfwYt7HVwagaJ8E9ZAguuMqgZj5WRgWWiUb75Ei7rGEwbo38?cluster=mainnet-beta\u001b\\<Transaction link>\u001b]8;;\u001b\\\u001b[39m"}
{"level":30,"time":1745348983201,"name":"collect-funds","msg":"Transaction (\u001b[33m643jhtkb...41oDemAB\u001b[39m) confirmed: \u001b[34m\u001b]8;;https://solscan.io/tx/643jhtkb4uUR4H48sMpqHf9BLVbAkZhYt3dAUwQ6hhpf1C3v5AsH7vujMpVUwkzPtDMkAeR2EVoekdYN41oDemAB?cluster=mainnet-beta\u001b\\<Transaction link>\u001b]8;;\u001b\\\u001b[39m"}
{"level":30,"time":1745348983213,"name":"collect-funds","msg":"Transaction (\u001b[33m5qHwaMnS...3EqwfaX4\u001b[39m) sent to transfer \u001b[32m0.118962032\u001b[39m SOL from trader (\u001b[35m9JCF...nga5\u001b[39m) to distributor (\u001b[35mDtcZ...AVjR\u001b[39m)"}
{"level":30,"time":1745348983363,"name":"collect-funds","msg":"Transaction (\u001b[33m3DfCKjgH...ATFcUGfm\u001b[39m) sent to transfer \u001b[32m0.121256528\u001b[39m SOL from trader (\u001b[35m8pX3...E5Qb\u001b[39m) to distributor (\u001b[35mDtcZ...AVjR\u001b[39m)"}
{"level":30,"time":1745348983442,"name":"collect-funds","msg":"Transaction (\u001b[33m5H5iDYNv...8zMhmQPn\u001b[39m) confirmed: \u001b[34m\u001b]8;;https://solscan.io/tx/5H5iDYNvBEGnRfeZuFT2Y2Da4bXhdQLZh8TBi18jspCzA77rbJiRn37brFXw3uPv6uZjdBWZ3topMeHT8zMhmQPn?cluster=mainnet-beta\u001b\\<Transaction link>\u001b]8;;\u001b\\\u001b[39m"}
{"level":30,"time":1745348983454,"name":"collect-funds","msg":"Transaction (\u001b[33m4UksBAcY...E3bXP2ZR\u001b[39m) sent to transfer \u001b[32m0.30995672\u001b[39m SOL from trader (\u001b[35mFBGD...ACn5\u001b[39m) to distributor (\u001b[35mDtcZ...AVjR\u001b[39m)"}
{"level":30,"time":1745348983703,"name":"collect-funds","msg":"Transaction (\u001b[33mfEzxYAHE...i1Yq85xD\u001b[39m) sent to transfer \u001b[32m0.101314033\u001b[39m SOL from trader (\u001b[35mGMRm...soJA\u001b[39m) to distributor (\u001b[35mDtcZ...AVjR\u001b[39m)"}
{"level":30,"time":1745348983714,"name":"collect-funds","msg":"Transaction (\u001b[33mFwAtmKeT...squxtdcd\u001b[39m) sent to transfer \u001b[32m0.137695154\u001b[39m SOL from trader (\u001b[35mEMjC...Nb52\u001b[39m) to distributor (\u001b[35mDtcZ...AVjR\u001b[39m)"}
{"level":30,"time":1745348983905,"name":"collect-funds","msg":"Transaction (\u001b[33m55i1A1pg...xUbJBPSk\u001b[39m) confirmed: \u001b[34m\u001b]8;;https://solscan.io/tx/55i1A1pgF92wSN6Qnp9YdrbpDoqRtZ3qqUiyGhAAbbV3dAHuCC6oxkMqPfTvbBNhzYLRmBo1WtGhcN3cxUbJBPSk?cluster=mainnet-beta\u001b\\<Transaction link>\u001b]8;;\u001b\\\u001b[39m"}
{"level":30,"time":1745348984253,"name":"collect-funds","msg":"Transaction (\u001b[33m5UKYewQA...mKW5Sou1\u001b[39m) confirmed: \u001b[34m\u001b]8;;https://solscan.io/tx/5UKYewQAcVDYJRh7AXRxYrB1Z8BABPbC28Jt6uvHUE4i65sxV699fhbcyj8x4ENsxVgW9YkbohhpbqnSmKW5Sou1?cluster=mainnet-beta\u001b\\<Transaction link>\u001b]8;;\u001b\\\u001b[39m"}
{"level":30,"time":1745348984253,"name":"collect-funds","msg":"Transaction (\u001b[33m2v9g9vbE...jMvoS7BB\u001b[39m) confirmed: \u001b[34m\u001b]8;;https://solscan.io/tx/2v9g9vbE3G7SRnYeod5RLUwXm6BJ5xgsZsfq5Li1U4CQN1wXX35vUwsxbzWk7u38nJbC6awFBAsVW86JjMvoS7BB?cluster=mainnet-beta\u001b\\<Transaction link>\u001b]8;;\u001b\\\u001b[39m"}
{"level":30,"time":1745348984253,"name":"collect-funds","msg":"Transaction (\u001b[33m5vLqWmSb...XF4QLd6D\u001b[39m) sent to transfer \u001b[32m0.107137071\u001b[39m SOL from trader (\u001b[35m4ASe...23VZ\u001b[39m) to distributor (\u001b[35mDtcZ...AVjR\u001b[39m)"}
{"level":30,"time":1745348984300,"name":"collect-funds","msg":"Transaction (\u001b[33m2PfFXDEU...kk6AdAFB\u001b[39m) confirmed: \u001b[34m\u001b]8;;https://solscan.io/tx/2PfFXDEUwsqeqx3aeonQg7Dy5QnLGsVieu87mjZN1isBA41xuLzUGKnc4ZSbTFLGTNZF75P1cGUkN4ookk6AdAFB?cluster=mainnet-beta\u001b\\<Transaction link>\u001b]8;;\u001b\\\u001b[39m"}
{"level":30,"time":1745348984461,"name":"collect-funds","msg":"Transaction (\u001b[33m5pZgkQ7Z...Xen57w9L\u001b[39m) sent to transfer \u001b[32m0.355744113\u001b[39m SOL from trader (\u001b[35m89m5...XC5C\u001b[39m) to distributor (\u001b[35mDtcZ...AVjR\u001b[39m)"}
{"level":30,"time":1745348984548,"name":"collect-funds","msg":"Transaction (\u001b[33m2KG38VnC...Udf57BUL\u001b[39m) sent to transfer \u001b[32m0.105108854\u001b[39m SOL from trader (\u001b[35mHrxK...Li43\u001b[39m) to distributor (\u001b[35mDtcZ...AVjR\u001b[39m)"}
{"level":30,"time":1745348984771,"name":"collect-funds","msg":"Transaction (\u001b[33m4HrPZY1o...NmQ11HXb\u001b[39m) confirmed: \u001b[34m\u001b]8;;https://solscan.io/tx/4HrPZY1o353FRU2iiACeqXydVDgXVk3RfVMt2Qr5H4aY7phghogXW2cXiNJ3qfH5qhA1uhoxLSzK7wtANmQ11HXb?cluster=mainnet-beta\u001b\\<Transaction link>\u001b]8;;\u001b\\\u001b[39m"}
{"level":30,"time":1745348984794,"name":"collect-funds","msg":"Transaction (\u001b[33m3vgGxh8N...CLwsG7Wm\u001b[39m) sent to transfer \u001b[32m0.197102145\u001b[39m SOL from trader (\u001b[35m5rsM...igmh\u001b[39m) to distributor (\u001b[35mDtcZ...AVjR\u001b[39m)"}
{"level":30,"time":1745348984814,"name":"collect-funds","msg":"Transaction (\u001b[33m3e3QByu6...YUeogMuW\u001b[39m) confirmed: \u001b[34m\u001b]8;;https://solscan.io/tx/3e3QByu6NFhFcWgizRYTKwGeAiEdAYS9ojnxtWaFfi11JEGD5f9bieyKFx4fb9336ayYWECC9CW9yQm9YUeogMuW?cluster=mainnet-beta\u001b\\<Transaction link>\u001b]8;;\u001b\\\u001b[39m"}
{"level":30,"time":1745348984848,"name":"collect-funds","msg":"Transaction (\u001b[33m5zzJVcGb...uzTLpD6q\u001b[39m) confirmed: \u001b[34m\u001b]8;;https://solscan.io/tx/5zzJVcGbTuevYXVt4bGDXBT8je6QgbcmxJxh2A96UJ3cxii1cWQV6hX7P4UtMkd21tpzAxktmD4ow7JjuzTLpD6q?cluster=mainnet-beta\u001b\\<Transaction link>\u001b]8;;\u001b\\\u001b[39m"}
{"level":30,"time":1745348984927,"name":"collect-funds","msg":"Transaction (\u001b[33mHd3eoH99...aSQCmYJX\u001b[39m) sent to transfer \u001b[32m0.10451488\u001b[39m SOL from trader (\u001b[35mxZey...o7NC\u001b[39m) to distributor (\u001b[35mDtcZ...AVjR\u001b[39m)"}
{"level":30,"time":1745348985085,"name":"collect-funds","msg":"Transaction (\u001b[33m4TWz3YEZ...7CvSo4Xr\u001b[39m) sent to transfer \u001b[32m0.598378333\u001b[39m SOL from trader (\u001b[35mrnAB...vXvB\u001b[39m) to distributor (\u001b[35mDtcZ...AVjR\u001b[39m)"}
{"level":30,"time":1745348985173,"name":"collect-funds","msg":"Transaction (\u001b[33m3JrySrGB...PKc3GGr1\u001b[39m) sent to transfer \u001b[32m0.183107313\u001b[39m SOL from trader (\u001b[35m4JH2...cHtB\u001b[39m) to distributor (\u001b[35mDtcZ...AVjR\u001b[39m)"}
{"level":30,"time":1745348985336,"name":"collect-funds","msg":"Transaction (\u001b[33m2g6o5NrB...s3ou3YkX\u001b[39m) sent to transfer \u001b[32m0.093824572\u001b[39m SOL from trader (\u001b[35m4wis...4893\u001b[39m) to distributor (\u001b[35mDtcZ...AVjR\u001b[39m)"}
{"level":30,"time":1745348985430,"name":"collect-funds","msg":"Transaction (\u001b[33m3H1jHjYo...FQRQ16Pm\u001b[39m) sent to transfer \u001b[32m0.110778429\u001b[39m SOL from trader (\u001b[35mBbMw...kPUg\u001b[39m) to distributor (\u001b[35mDtcZ...AVjR\u001b[39m)"}
{"level":30,"time":1745348985471,"name":"collect-funds","msg":"Transaction (\u001b[33mr8XifsXT...Q1dtb3w9\u001b[39m) confirmed: \u001b[34m\u001b]8;;https://solscan.io/tx/r8XifsXTuLy1pCD4DNNY6UKza2S8ipUHxcj9kmSTNW9aooDqTPAdvhaQe5yVa43AZeBHyt3wya4tN6ZQ1dtb3w9?cluster=mainnet-beta\u001b\\<Transaction link>\u001b]8;;\u001b\\\u001b[39m"}
{"level":30,"time":1745348985621,"name":"collect-funds","msg":"Transaction (\u001b[33m2ivBJWzQ...XXvZijmg\u001b[39m) sent to transfer \u001b[32m0.18950065\u001b[39m SOL from trader (\u001b[35mHYNr...exUJ\u001b[39m) to distributor (\u001b[35mDtcZ...AVjR\u001b[39m)"}
{"level":30,"time":1745348985622,"name":"collect-funds","msg":"Transaction (\u001b[33m56cprPch...SQx6yFdz\u001b[39m) confirmed: \u001b[34m\u001b]8;;https://solscan.io/tx/56cprPchuzf4awKu7D1pmNLiSuZgUT72TC2X4w4gvE9Ao4Ntj9FTyab2u2FNAnnqzz9c1mvvT8ZR16oKSQx6yFdz?cluster=mainnet-beta\u001b\\<Transaction link>\u001b]8;;\u001b\\\u001b[39m"}
{"level":30,"time":1745348986061,"name":"collect-funds","msg":"Transaction (\u001b[33m5WGNPe5J...n7KVfrhZ\u001b[39m) confirmed: \u001b[34m\u001b]8;;https://solscan.io/tx/5WGNPe5JTvDQvjRCyh5pm1rZdPkJm2uxPALFJHwnNdU1McGdt1USH5zQmRPLvdLavXLzWcM4cpbvD552n7KVfrhZ?cluster=mainnet-beta\u001b\\<Transaction link>\u001b]8;;\u001b\\\u001b[39m"}
{"level":30,"time":1745348986062,"name":"collect-funds","msg":"Transaction (\u001b[33m4GDoJpYP...1Yd7QoL9\u001b[39m) sent to transfer \u001b[32m0.310360908\u001b[39m SOL from trader (\u001b[35m61Mf...JRX1\u001b[39m) to distributor (\u001b[35mDtcZ...AVjR\u001b[39m)"}
{"level":30,"time":1745348986062,"name":"collect-funds","msg":"Transaction (\u001b[33m3Hzs8BXj...7qPHENwM\u001b[39m) confirmed: \u001b[34m\u001b]8;;https://solscan.io/tx/3Hzs8BXj6NVNzye3uTKYGNZRoBC4ConPU38QhyJanuMf1KEsCHPbV31ktsv3yN5NXg34DtePdwguo2vR7qPHENwM?cluster=mainnet-beta\u001b\\<Transaction link>\u001b]8;;\u001b\\\u001b[39m"}
{"level":30,"time":1745348986184,"name":"collect-funds","msg":"Transaction (\u001b[33m5cQyS7q7...qvWpRkgM\u001b[39m) confirmed: \u001b[34m\u001b]8;;https://solscan.io/tx/5cQyS7q7Byi3GaEYgZTpEWKQqX5KEjGmR3PGL4bdawA11TcyAE1aozY3jsSd69rAQsuhHR2xuEcehKKHqvWpRkgM?cluster=mainnet-beta\u001b\\<Transaction link>\u001b]8;;\u001b\\\u001b[39m"}
{"level":30,"time":1745348986185,"name":"collect-funds","msg":"Transaction (\u001b[33m413gNuV7...irwWTnwN\u001b[39m) confirmed: \u001b[34m\u001b]8;;https://solscan.io/tx/413gNuV7y5XvVY5Lvd7JvgrqRzG4jSJedMGfGX4muCEax4cbdYwZ4aTNUukaQsK3W3XjHnFynn8zPkc9irwWTnwN?cluster=mainnet-beta\u001b\\<Transaction link>\u001b]8;;\u001b\\\u001b[39m"}
{"level":30,"time":1745348986203,"name":"collect-funds","msg":"Transaction (\u001b[33miq1PARx6...fhHftacZ\u001b[39m) sent to transfer \u001b[32m0.097647475\u001b[39m SOL from trader (\u001b[35mHe5c...3aVZ\u001b[39m) to distributor (\u001b[35mDtcZ...AVjR\u001b[39m)"}
{"level":30,"time":1745348986374,"name":"collect-funds","msg":"Transaction (\u001b[33m5n8sjRf5...3Js9yAmK\u001b[39m) sent to transfer \u001b[32m0.117386969\u001b[39m SOL from trader (\u001b[35mHJDf...oen3\u001b[39m) to distributor (\u001b[35mDtcZ...AVjR\u001b[39m)"}
{"level":30,"time":1745348986596,"name":"collect-funds","msg":"Transaction (\u001b[33m9cVJ7AVc...h8Xu2EQM\u001b[39m) sent to transfer \u001b[32m0.092303903\u001b[39m SOL from trader (\u001b[35m6b7G...NZkB\u001b[39m) to distributor (\u001b[35mDtcZ...AVjR\u001b[39m)"}
{"level":30,"time":1745348986706,"name":"collect-funds","msg":"Transaction (\u001b[33m5dDWD6B8...4wv2fjuu\u001b[39m) confirmed: \u001b[34m\u001b]8;;https://solscan.io/tx/5dDWD6B8gAz2NAjz6Qbc1CRdPurCgjMRRnQQYMw1GFWbJmJfeyHqUgpTLjuYgK9cBHvyCRPMmz2o6pBd4wv2fjuu?cluster=mainnet-beta\u001b\\<Transaction link>\u001b]8;;\u001b\\\u001b[39m"}
{"level":30,"time":1745348986712,"name":"collect-funds","msg":"Transaction (\u001b[33m4AMRekZy...LVrWCyC1\u001b[39m) confirmed: \u001b[34m\u001b]8;;https://solscan.io/tx/4AMRekZy5yT2wh96cEoZssjhs9snEkFBarGQLFbdYPdqbxz5sb1Wy8GwFzAVP5Vq48GkzBFHS6ER5vEaLVrWCyC1?cluster=mainnet-beta\u001b\\<Transaction link>\u001b]8;;\u001b\\\u001b[39m"}
{"level":30,"time":1745348986727,"name":"collect-funds","msg":"Transaction (\u001b[33m4mRwyEuW...BfJ2WEVg\u001b[39m) sent to transfer \u001b[32m0.10183251\u001b[39m SOL from trader (\u001b[35m6eNZ...dYfK\u001b[39m) to distributor (\u001b[35mDtcZ...AVjR\u001b[39m)"}
{"level":30,"time":1745348986802,"name":"collect-funds","msg":"Transaction (\u001b[33m5cnvYyip...pbki5CZe\u001b[39m) confirmed: \u001b[34m\u001b]8;;https://solscan.io/tx/5cnvYyipv53t2hneu9FG13FQSvc2zBUvpjfYM1CfB7GLq8ceahJV2G8DMpMyETsMz9SajRFuDeF7qZBXpbki5CZe?cluster=mainnet-beta\u001b\\<Transaction link>\u001b]8;;\u001b\\\u001b[39m"}
{"level":30,"time":1745348986829,"name":"collect-funds","msg":"Transaction (\u001b[33m3Da3Ay8a...pwfz4rLD\u001b[39m) sent to transfer \u001b[32m0.362584846\u001b[39m SOL from trader (\u001b[35mDMY8...ZoDW\u001b[39m) to distributor (\u001b[35mDtcZ...AVjR\u001b[39m)"}
{"level":30,"time":1745348986988,"name":"collect-funds","msg":"Transaction (\u001b[33m3TDdBStu...agVgCWmQ\u001b[39m) sent to transfer \u001b[32m0.067738628\u001b[39m SOL from trader (\u001b[35mqHC9...kbBD\u001b[39m) to distributor (\u001b[35mDtcZ...AVjR\u001b[39m)"}
{"level":30,"time":1745348987341,"name":"collect-funds","msg":"Transaction (\u001b[33m2SeZu7XY...BGPoYfww\u001b[39m) sent to transfer \u001b[32m0.088400902\u001b[39m SOL from trader (\u001b[35mGvnv...kyzf\u001b[39m) to distributor (\u001b[35mDtcZ...AVjR\u001b[39m)"}
{"level":30,"time":1745348987459,"name":"collect-funds","msg":"Transaction (\u001b[33m4Q8dTdGK...fLU7ZDV4\u001b[39m) sent to transfer \u001b[32m0.137650613\u001b[39m SOL from trader (\u001b[35mGLWH...3E5w\u001b[39m) to distributor (\u001b[35mDtcZ...AVjR\u001b[39m)"}
{"level":30,"time":1745348987646,"name":"collect-funds","msg":"Transaction (\u001b[33m8bLD5eDA...YxPCJMbm\u001b[39m) sent to transfer \u001b[32m0.155150563\u001b[39m SOL from trader (\u001b[35m97YL...cExM\u001b[39m) to distributor (\u001b[35mDtcZ...AVjR\u001b[39m)"}
{"level":30,"time":1745348987738,"name":"collect-funds","msg":"Transaction (\u001b[33m23qbQBxu...fde8yesq\u001b[39m) sent to transfer \u001b[32m0.105310861\u001b[39m SOL from trader (\u001b[35m88dJ...RS68\u001b[39m) to distributor (\u001b[35mDtcZ...AVjR\u001b[39m)"}
{"level":30,"time":1745348987801,"name":"collect-funds","msg":"Transaction (\u001b[33m3x3CFa34...ua4E8KR3\u001b[39m) sent to transfer \u001b[32m0.117342416\u001b[39m SOL from trader (\u001b[35m9611...nHts\u001b[39m) to distributor (\u001b[35mDtcZ...AVjR\u001b[39m)"}
{"level":30,"time":1745348987988,"name":"collect-funds","msg":"Transaction (\u001b[33m24TC2MbW...c568Dbdo\u001b[39m) sent to transfer \u001b[32m0.090437718\u001b[39m SOL from trader (\u001b[35mH29p...U8sk\u001b[39m) to distributor (\u001b[35mDtcZ...AVjR\u001b[39m)"}
{"level":30,"time":1745348988133,"name":"collect-funds","msg":"Transaction (\u001b[33m4xKY7NK6...EUxjHXza\u001b[39m) sent to transfer \u001b[32m0.102231492\u001b[39m SOL from trader (\u001b[35mEqXv...ttGq\u001b[39m) to distributor (\u001b[35mDtcZ...AVjR\u001b[39m)"}
{"level":30,"time":1745348988498,"name":"collect-funds","msg":"Transaction (\u001b[33m5DSez3LB...1n96dNkX\u001b[39m) sent to transfer \u001b[32m0.259226289\u001b[39m SOL from trader (\u001b[35m2aHB...ju8z\u001b[39m) to distributor (\u001b[35mDtcZ...AVjR\u001b[39m)"}
{"level":30,"time":1745348988634,"name":"collect-funds","msg":"Transaction (\u001b[33mGHnq54Zx...uzGmvWrv\u001b[39m) sent to transfer \u001b[32m0.231427765\u001b[39m SOL from trader (\u001b[35m3LDD...a7kN\u001b[39m) to distributor (\u001b[35mDtcZ...AVjR\u001b[39m)"}
{"level":30,"time":1745348988776,"name":"collect-funds","msg":"Transaction (\u001b[33m4kptsEYp...PgSxrnYy\u001b[39m) sent to transfer \u001b[32m0.582948543\u001b[39m SOL from trader (\u001b[35mA1Ug...rvkG\u001b[39m) to distributor (\u001b[35mDtcZ...AVjR\u001b[39m)"}
{"level":30,"time":1745348988853,"name":"collect-funds","msg":"Transaction (\u001b[33m3eapu7JT...vSYnY3gb\u001b[39m) sent to transfer \u001b[32m0.106256898\u001b[39m SOL from trader (\u001b[35m6Kik...m6a8\u001b[39m) to distributor (\u001b[35mDtcZ...AVjR\u001b[39m)"}
{"level":30,"time":1745348989001,"name":"collect-funds","msg":"Transaction (\u001b[33m295pmZS9...6AiiVNpT\u001b[39m) sent to transfer \u001b[32m0.089326324\u001b[39m SOL from trader (\u001b[35mFevi...Bw95\u001b[39m) to distributor (\u001b[35mDtcZ...AVjR\u001b[39m)"}
{"level":30,"time":1745348989141,"name":"collect-funds","msg":"Transaction (\u001b[33m2nXY2CSs...E1D4MRs4\u001b[39m) sent to transfer \u001b[32m0.116365911\u001b[39m SOL from trader (\u001b[35mEoEd...WX12\u001b[39m) to distributor (\u001b[35mDtcZ...AVjR\u001b[39m)"}
{"level":30,"time":1745348989264,"name":"collect-funds","msg":"Transaction (\u001b[33m1t5TD4yf...wbi66XMK\u001b[39m) sent to transfer \u001b[32m0.115028907\u001b[39m SOL from trader (\u001b[35mG7Tj...Se2W\u001b[39m) to distributor (\u001b[35mDtcZ...AVjR\u001b[39m)"}
{"level":30,"time":1745348989696,"name":"collect-funds","msg":"Transaction (\u001b[33m5vLqWmSb...XF4QLd6D\u001b[39m) confirmed: \u001b[34m\u001b]8;;https://solscan.io/tx/5vLqWmSbGkDV8jYb5qajmUXyZKEawTcMMBx3HMbmAYJMYZM6mpHQUDJgUhgPXRUY7et6y1FWjGfic5KFXF4QLd6D?cluster=mainnet-beta\u001b\\<Transaction link>\u001b]8;;\u001b\\\u001b[39m"}
{"level":30,"time":1745348989760,"name":"collect-funds","msg":"Transaction (\u001b[33m3CfhhCu4...ATgWjgu4\u001b[39m) sent to transfer \u001b[32m0.099395228\u001b[39m SOL from trader (\u001b[35m7Aoq...f1Aq\u001b[39m) to distributor (\u001b[35mDtcZ...AVjR\u001b[39m)"}
{"level":30,"time":1745348990121,"name":"collect-funds","msg":"Transaction (\u001b[33m5bBhazpk...Nw9kCqJB\u001b[39m) sent to transfer \u001b[32m0.08269981\u001b[39m SOL from trader (\u001b[35mBMsX...VF49\u001b[39m) to distributor (\u001b[35mDtcZ...AVjR\u001b[39m)"}
{"level":30,"time":1745348990174,"name":"collect-funds","msg":"Transaction (\u001b[33m5s3ufDky...DF6HZtFK\u001b[39m) sent to transfer \u001b[32m0.131411627\u001b[39m SOL from trader (\u001b[35mAE4p...RRTQ\u001b[39m) to distributor (\u001b[35mDtcZ...AVjR\u001b[39m)"}
{"level":30,"time":1745348990252,"name":"collect-funds","msg":"Transaction (\u001b[33m2R9niatA...b718ASmp\u001b[39m) sent to transfer \u001b[32m0.234633372\u001b[39m SOL from trader (\u001b[35mFawF...Wfgy\u001b[39m) to distributor (\u001b[35mDtcZ...AVjR\u001b[39m)"}
{"level":30,"time":1745348990542,"name":"collect-funds","msg":"Transaction (\u001b[33m4hCgqj3n...N73ahXhm\u001b[39m) sent to transfer \u001b[32m0.099176159\u001b[39m SOL from trader (\u001b[35m7kRc...AUmk\u001b[39m) to distributor (\u001b[35mDtcZ...AVjR\u001b[39m)"}
{"level":30,"time":1745348990564,"name":"collect-funds","msg":"Transaction (\u001b[33m2xm2rprG...Q44WPN8Y\u001b[39m) sent to transfer \u001b[32m0.188324241\u001b[39m SOL from trader (\u001b[35mGpi9...LuCR\u001b[39m) to distributor (\u001b[35mDtcZ...AVjR\u001b[39m)"}
{"level":30,"time":1745348990572,"name":"collect-funds","msg":"Transaction (\u001b[33m3H1jHjYo...FQRQ16Pm\u001b[39m) confirmed: \u001b[34m\u001b]8;;https://solscan.io/tx/3H1jHjYocA4gLoYnnG4CZn28aKfc6jzhuBPDrf8KYYqkTUTTx1iicKbfBuigfxewGg2HLb9j5P1JhyeWFQRQ16Pm?cluster=mainnet-beta\u001b\\<Transaction link>\u001b]8;;\u001b\\\u001b[39m"}
{"level":30,"time":1745348990660,"name":"collect-funds","msg":"Transaction (\u001b[33mte5W8Jih...fWJ7HUGK\u001b[39m) sent to transfer \u001b[32m0.183430907\u001b[39m SOL from trader (\u001b[35m5JvC...nKRZ\u001b[39m) to distributor (\u001b[35mDtcZ...AVjR\u001b[39m)"}
{"level":30,"time":1745348991078,"name":"collect-funds","msg":"Transaction (\u001b[33m2ivBJWzQ...XXvZijmg\u001b[39m) confirmed: \u001b[34m\u001b]8;;https://solscan.io/tx/2ivBJWzQ5j3cAfWC7ozGLGPP39cm5foeRHmfzAbWDHatH9DcMTpDNmVhFT6XQb38d1PTYKQNad6Gyx3YXXvZijmg?cluster=mainnet-beta\u001b\\<Transaction link>\u001b]8;;\u001b\\\u001b[39m"}
{"level":30,"time":1745348991208,"name":"collect-funds","msg":"Transaction (\u001b[33m4GDoJpYP...1Yd7QoL9\u001b[39m) confirmed: \u001b[34m\u001b]8;;https://solscan.io/tx/4GDoJpYPDfKSt2oumc2L63P4zaStxofsPS6yhgoaGX29LsX46Ur8xLLSpBhv1g6CMfxNT1ETadaS8kqo1Yd7QoL9?cluster=mainnet-beta\u001b\\<Transaction link>\u001b]8;;\u001b\\\u001b[39m"}
{"level":30,"time":1745348991480,"name":"collect-funds","msg":"Transaction (\u001b[33miq1PARx6...fhHftacZ\u001b[39m) confirmed: \u001b[34m\u001b]8;;https://solscan.io/tx/iq1PARx6uoR59vkaL5fjuHTtNVYkFAQhdjYFTpBf6TonZJyMQaYbo9axhp4f1sLaLuRcwYkZ9i93XHDfhHftacZ?cluster=mainnet-beta\u001b\\<Transaction link>\u001b]8;;\u001b\\\u001b[39m"}
{"level":30,"time":1745348991517,"name":"collect-funds","msg":"Transaction (\u001b[33m5n8sjRf5...3Js9yAmK\u001b[39m) confirmed: \u001b[34m\u001b]8;;https://solscan.io/tx/5n8sjRf5rDjfCT3DZuixfk69LhjB6gKEq8zLQZtnCTAEw3QaiKGyVyamPUoSfVH3XB7VYt3S5Ex2nxfX3Js9yAmK?cluster=mainnet-beta\u001b\\<Transaction link>\u001b]8;;\u001b\\\u001b[39m"}
{"level":30,"time":1745348991789,"name":"collect-funds","msg":"Transaction (\u001b[33m9cVJ7AVc...h8Xu2EQM\u001b[39m) confirmed: \u001b[34m\u001b]8;;https://solscan.io/tx/9cVJ7AVcV6RtgWS97M7P8gP6FpR6qseo2FpvkBRz81iyKnQp19EhJx5HGgcorxk7r2rEzeMZLkHt5qJh8Xu2EQM?cluster=mainnet-beta\u001b\\<Transaction link>\u001b]8;;\u001b\\\u001b[39m"}
{"level":30,"time":1745348991871,"name":"collect-funds","msg":"Transaction (\u001b[33m4mRwyEuW...BfJ2WEVg\u001b[39m) confirmed: \u001b[34m\u001b]8;;https://solscan.io/tx/4mRwyEuWrZGg29mPnxo1dmz9pBx17ya9JTvUethiFQZjtUB9vARbKep1JaFUiRpg5xZqZmvUyWBfcbe8BfJ2WEVg?cluster=mainnet-beta\u001b\\<Transaction link>\u001b]8;;\u001b\\\u001b[39m"}
{"level":30,"time":1745348991978,"name":"collect-funds","msg":"Transaction (\u001b[33m3Da3Ay8a...pwfz4rLD\u001b[39m) confirmed: \u001b[34m\u001b]8;;https://solscan.io/tx/3Da3Ay8aKWscgvsjmau2oJWsqCc3VPce5U9fJbnTZfBcgqtRqbaXhkWG2kTQz3bctBJdtuuJyvQVGiUBpwfz4rLD?cluster=mainnet-beta\u001b\\<Transaction link>\u001b]8;;\u001b\\\u001b[39m"}
{"level":30,"time":1745348992148,"name":"collect-funds","msg":"Transaction (\u001b[33m3TDdBStu...agVgCWmQ\u001b[39m) confirmed: \u001b[34m\u001b]8;;https://solscan.io/tx/3TDdBStuQEXDFPZ62LTGH7vSGAW8gbHY2J2pnRF7XbEXgvjrJqhmFEQE1Y7mPdXhRYMk4FSPzPS6rctwagVgCWmQ?cluster=mainnet-beta\u001b\\<Transaction link>\u001b]8;;\u001b\\\u001b[39m"}
{"level":30,"time":1745348992601,"name":"collect-funds","msg":"Transaction (\u001b[33m4Q8dTdGK...fLU7ZDV4\u001b[39m) confirmed: \u001b[34m\u001b]8;;https://solscan.io/tx/4Q8dTdGKhBaY7VM6XoC4tSjQo8p6spZav8oLzG8QSJ3cTLxD7D4yg5Hv2WzkJmtxUpUJPQioUTEiLwS7fLU7ZDV4?cluster=mainnet-beta\u001b\\<Transaction link>\u001b]8;;\u001b\\\u001b[39m"}
{"level":30,"time":1745348992790,"name":"collect-funds","msg":"Transaction (\u001b[33m8bLD5eDA...YxPCJMbm\u001b[39m) confirmed: \u001b[34m\u001b]8;;https://solscan.io/tx/8bLD5eDAcMMWH6Je3CNUy1gULAeoEUxZCzSgTUnf6VGspnpUZVNBoRECRKrRaW343ArMHcjv4uUs7LsYxPCJMbm?cluster=mainnet-beta\u001b\\<Transaction link>\u001b]8;;\u001b\\\u001b[39m"}
{"level":30,"time":1745348992857,"name":"collect-funds","msg":"Transaction (\u001b[33m2SeZu7XY...BGPoYfww\u001b[39m) confirmed: \u001b[34m\u001b]8;;https://solscan.io/tx/2SeZu7XYJf2MEhyvpbXtDiziwR2ArFy66ZputpdsUTMGzLE9hN6qLm3dtB6Pyp5ogM6AfkBvdRJBeQiEBGPoYfww?cluster=mainnet-beta\u001b\\<Transaction link>\u001b]8;;\u001b\\\u001b[39m"}
{"level":30,"time":1745348992892,"name":"collect-funds","msg":"Transaction (\u001b[33m23qbQBxu...fde8yesq\u001b[39m) confirmed: \u001b[34m\u001b]8;;https://solscan.io/tx/23qbQBxuDQwMtPB8jX2f3jVse9agEroD2QkQF2sT7fU9P33xpCCTpqs12B6wKfMTBguSQxTE59X23mHFfde8yesq?cluster=mainnet-beta\u001b\\<Transaction link>\u001b]8;;\u001b\\\u001b[39m"}
{"level":30,"time":1745348992932,"name":"collect-funds","msg":"Transaction (\u001b[33m3x3CFa34...ua4E8KR3\u001b[39m) confirmed: \u001b[34m\u001b]8;;https://solscan.io/tx/3x3CFa34e8KxV379T6Q462KEYjKLeBHdJ6CxSw1u2msM7UWDWDRJ63UhPr7RuEAiU7q8xERie2HNEmxXua4E8KR3?cluster=mainnet-beta\u001b\\<Transaction link>\u001b]8;;\u001b\\\u001b[39m"}
{"level":30,"time":1745348993136,"name":"collect-funds","msg":"Transaction (\u001b[33m24TC2MbW...c568Dbdo\u001b[39m) confirmed: \u001b[34m\u001b]8;;https://solscan.io/tx/24TC2MbWQYK4bgVhGcppiaodMZ1D25pfNmc16KVDeGR4kCM7LAEK3aq29aiHeipmUUqLMbiqf3xsBkeBc568Dbdo?cluster=mainnet-beta\u001b\\<Transaction link>\u001b]8;;\u001b\\\u001b[39m"}
{"level":30,"time":1745348993279,"name":"collect-funds","msg":"Transaction (\u001b[33m4xKY7NK6...EUxjHXza\u001b[39m) confirmed: \u001b[34m\u001b]8;;https://solscan.io/tx/4xKY7NK6e3bToKs6RC13JY4czrAEwhLFwRDnYi1GwiDpQfNqQKVGBd8RD8aH4uqv7yUu83xrsEdpwwgHEUxjHXza?cluster=mainnet-beta\u001b\\<Transaction link>\u001b]8;;\u001b\\\u001b[39m"}
{"level":30,"time":1745348993623,"name":"collect-funds","msg":"Transaction (\u001b[33m5DSez3LB...1n96dNkX\u001b[39m) confirmed: \u001b[34m\u001b]8;;https://solscan.io/tx/5DSez3LBDSDGjw8QQKm4PjE3NcDm4iRhBcLawjDYXVcAeArHxp11N6f4fLzHavNE8dNMyckvrTeNpLPj1n96dNkX?cluster=mainnet-beta\u001b\\<Transaction link>\u001b]8;;\u001b\\\u001b[39m"}
{"level":30,"time":1745348993777,"name":"collect-funds","msg":"Transaction (\u001b[33mGHnq54Zx...uzGmvWrv\u001b[39m) confirmed: \u001b[34m\u001b]8;;https://solscan.io/tx/GHnq54ZxD31VpXpg3ZSVoaet3JAcFsnpDD1ZzgwR3QYECwpxewSwXHu5cEYeWjAHDa4yiZGCC7YWXPcuzGmvWrv?cluster=mainnet-beta\u001b\\<Transaction link>\u001b]8;;\u001b\\\u001b[39m"}
{"level":30,"time":1745348993915,"name":"collect-funds","msg":"Transaction (\u001b[33m4kptsEYp...PgSxrnYy\u001b[39m) confirmed: \u001b[34m\u001b]8;;https://solscan.io/tx/4kptsEYp671xRBrrHtdzobRnpnvftWZzxc6oQjDJEw2LGF152ucTZMvdJc5urvjbhZ9rVcST8FoVqBgYPgSxrnYy?cluster=mainnet-beta\u001b\\<Transaction link>\u001b]8;;\u001b\\\u001b[39m"}
{"level":30,"time":1745348994035,"name":"collect-funds","msg":"Transaction (\u001b[33m3eapu7JT...vSYnY3gb\u001b[39m) confirmed: \u001b[34m\u001b]8;;https://solscan.io/tx/3eapu7JTR71toEM78qMjBeN58cZAxo6HbvkfFm2G2jRuDgPqssRjip4qtsqCKmVVkMUmae7AW8Sc3nKxvSYnY3gb?cluster=mainnet-beta\u001b\\<Transaction link>\u001b]8;;\u001b\\\u001b[39m"}
{"level":30,"time":1745348994179,"name":"collect-funds","msg":"Transaction (\u001b[33m295pmZS9...6AiiVNpT\u001b[39m) confirmed: \u001b[34m\u001b]8;;https://solscan.io/tx/295pmZS9byGfpBGXe6FtBRERKzuFWbHtV7iKrHAkhiPupruiSmrmKLDEnvcne5Nwfti7jj8YoqXHME1h6AiiVNpT?cluster=mainnet-beta\u001b\\<Transaction link>\u001b]8;;\u001b\\\u001b[39m"}
{"level":40,"time":1745348994212,"name":"collect-funds","msg":"Transaction (\u001b[33m45FSGi3z...oPnzrcKm\u001b[39m) resent: Transaction (\u001b[33m45FSGi3z...oPnzrcKm\u001b[39m) failed: \u001b[34m\u001b]8;;https://solscan.io/tx/45FSGi3zWaHBF8DZf22zTf7NU9PsAhFdTj8rkG7zhv5vSWhcT2ypTybXexAxwmpxRpNjopeiW5d5DXmXoPnzrcKm?cluster=mainnet-beta\u001b\\<Transaction link>\u001b]8;;\u001b\\\u001b[39m. Reason: Timeout after \u001b[32m15\u001b[39m sec"}
{"level":30,"time":1745348994287,"name":"collect-funds","msg":"Transaction (\u001b[33m2nXY2CSs...E1D4MRs4\u001b[39m) confirmed: \u001b[34m\u001b]8;;https://solscan.io/tx/2nXY2CSsjiwDfh88vdUrF5Mgy3KsvfuFNy2ejgZMhFUfxETMY2dnWHjbgCp5Yt5gvDz2P1qST7fEpya8E1D4MRs4?cluster=mainnet-beta\u001b\\<Transaction link>\u001b]8;;\u001b\\\u001b[39m"}
{"level":30,"time":1745348994399,"name":"collect-funds","msg":"Transaction (\u001b[33m1t5TD4yf...wbi66XMK\u001b[39m) confirmed: \u001b[34m\u001b]8;;https://solscan.io/tx/1t5TD4yfGPtvVwGxz1KPDmnxJeZTFrP9vS6A29zE78sJVt3Gb3mAL6PvZEgiuXBUx2nRqESVi25qiw8wbi66XMK?cluster=mainnet-beta\u001b\\<Transaction link>\u001b]8;;\u001b\\\u001b[39m"}
{"level":30,"time":1745348994405,"name":"collect-funds","msg":"Transaction (\u001b[33m45FSGi3z...oPnzrcKm\u001b[39m) sent to transfer \u001b[32m0.103357587\u001b[39m SOL from trader (\u001b[35m7ALP...eury\u001b[39m) to distributor (\u001b[35mDtcZ...AVjR\u001b[39m)"}
{"level":30,"time":1745348995022,"name":"collect-funds","msg":"Transaction (\u001b[33m3CfhhCu4...ATgWjgu4\u001b[39m) confirmed: \u001b[34m\u001b]8;;https://solscan.io/tx/3CfhhCu49YQ7qCWgsEfaHUKd6XrVj62HJXNenwgYQtMNWvUwZGZb66Bmg5aDmcBXUvXSEECKsXzmRyHfATgWjgu4?cluster=mainnet-beta\u001b\\<Transaction link>\u001b]8;;\u001b\\\u001b[39m"}
{"level":30,"time":1745348995251,"name":"collect-funds","msg":"Transaction (\u001b[33m5bBhazpk...Nw9kCqJB\u001b[39m) confirmed: \u001b[34m\u001b]8;;https://solscan.io/tx/5bBhazpkFuwZ8Nz11frTL4piriNAeMy7i9Rhq4fNA9ZSeutXNx1Q2tWC3mmfAaEfCP4Xby6e1ZCzt6UyNw9kCqJB?cluster=mainnet-beta\u001b\\<Transaction link>\u001b]8;;\u001b\\\u001b[39m"}
{"level":30,"time":1745348995691,"name":"collect-funds","msg":"Transaction (\u001b[33m4hCgqj3n...N73ahXhm\u001b[39m) confirmed: \u001b[34m\u001b]8;;https://solscan.io/tx/4hCgqj3nzbVah886GEi26M1Yp8Usw454ELf8ea2MQyM6smt9yN5Ce3qor8x1UbcLndc5MGJBBkasvSmnN73ahXhm?cluster=mainnet-beta\u001b\\<Transaction link>\u001b]8;;\u001b\\\u001b[39m"}
{"level":30,"time":1745348995713,"name":"collect-funds","msg":"Transaction (\u001b[33m2xm2rprG...Q44WPN8Y\u001b[39m) confirmed: \u001b[34m\u001b]8;;https://solscan.io/tx/2xm2rprG4i6NoB6Gyo67hGuZcuXUEfrzPeC2ULfPpPwKvnWVaBRz5HgBpoWKwdSnK9JQHzVLPNaMNbvnQ44WPN8Y?cluster=mainnet-beta\u001b\\<Transaction link>\u001b]8;;\u001b\\\u001b[39m"}
{"level":30,"time":1745348995798,"name":"collect-funds","msg":"Transaction (\u001b[33mte5W8Jih...fWJ7HUGK\u001b[39m) confirmed: \u001b[34m\u001b]8;;https://solscan.io/tx/te5W8JihftQadMEXK45Pc8wcuHntjqjZ5oUneCRdKgeyTpA4qocYrbQBafyL68JbPvqYAdYuB65VxrnfWJ7HUGK?cluster=mainnet-beta\u001b\\<Transaction link>\u001b]8;;\u001b\\\u001b[39m"}
{"level":40,"time":1745348997262,"name":"collect-funds","msg":"Transaction (\u001b[33m2yrEUjep...ZpCydTCe\u001b[39m) resent: Transaction (\u001b[33m2yrEUjep...ZpCydTCe\u001b[39m) failed: \u001b[34m\u001b]8;;https://solscan.io/tx/2yrEUjepiPcVfpRHHZBjaKtHZVVjo5HoL7BZ1bGpHDdjzMpygwqT1yXpptQcmetUWRpALtHE2U6ti4e3ZpCydTCe?cluster=mainnet-beta\u001b\\<Transaction link>\u001b]8;;\u001b\\\u001b[39m. Reason: Timeout after \u001b[32m15\u001b[39m sec"}
{"level":40,"time":1745348997263,"name":"collect-funds","msg":"Transaction (\u001b[33m3XLAQDMS...Bn42Lf7g\u001b[39m) resent: Transaction (\u001b[33m3XLAQDMS...Bn42Lf7g\u001b[39m) failed: \u001b[34m\u001b]8;;https://solscan.io/tx/3XLAQDMSymU5r1PFUKdeUr5n1iQ5UzdR4Le22dhN2tgSZMx4f8r9qJTiS1EZDfSjcgUGs6m6d63rrUh9Bn42Lf7g?cluster=mainnet-beta\u001b\\<Transaction link>\u001b]8;;\u001b\\\u001b[39m. Reason: Timeout after \u001b[32m15\u001b[39m sec"}
{"level":40,"time":1745348997408,"name":"collect-funds","msg":"Transaction (\u001b[33m4AkurieY...nVEF3pW6\u001b[39m) resent: Transaction (\u001b[33m4AkurieY...nVEF3pW6\u001b[39m) failed: \u001b[34m\u001b]8;;https://solscan.io/tx/4AkurieY4ufYWVkgRmeDT1TSksuhUD3ACUd7uGYz7nLAaw6yvNX36YRNex8cjnR7YKuniGjNtyDkmoREnVEF3pW6?cluster=mainnet-beta\u001b\\<Transaction link>\u001b]8;;\u001b\\\u001b[39m. Reason: Timeout after \u001b[32m15\u001b[39m sec"}
{"level":30,"time":1745348997423,"name":"collect-funds","msg":"Transaction (\u001b[33m2yrEUjep...ZpCydTCe\u001b[39m) sent to transfer \u001b[32m0.096205599\u001b[39m SOL from trader (\u001b[35mFn3H...AQHm\u001b[39m) to distributor (\u001b[35mDtcZ...AVjR\u001b[39m)"}
{"level":30,"time":1745348997439,"name":"collect-funds","msg":"Transaction (\u001b[33m3XLAQDMS...Bn42Lf7g\u001b[39m) sent to transfer \u001b[32m0.117843969\u001b[39m SOL from trader (\u001b[35mBqaj...kX1Y\u001b[39m) to distributor (\u001b[35mDtcZ...AVjR\u001b[39m)"}
{"level":40,"time":1745348997569,"name":"collect-funds","msg":"Transaction (\u001b[33m4jR82wjS...Xutf1VXA\u001b[39m) resent: Transaction (\u001b[33m4jR82wjS...Xutf1VXA\u001b[39m) failed: \u001b[34m\u001b]8;;https://solscan.io/tx/4jR82wjS2L55pvQwHNZ8A5JgqwQqAcUg8RxFiDnqezWn6aVU9bH1zwGtvJjBEE2GDtqd9PnhjNsE49HWXutf1VXA?cluster=mainnet-beta\u001b\\<Transaction link>\u001b]8;;\u001b\\\u001b[39m. Reason: Timeout after \u001b[32m15\u001b[39m sec"}
{"level":40,"time":1745348997702,"name":"collect-funds","msg":"Transaction (\u001b[33m5TxwCg2P...xE4JDiWh\u001b[39m) resent: Transaction (\u001b[33m5TxwCg2P...xE4JDiWh\u001b[39m) failed: \u001b[34m\u001b]8;;https://solscan.io/tx/5TxwCg2PTmYWiMnEyJW7sUwY6QPoXRx1N5bCu4DQqP4s3CPhYspidQUqiX7dqC4cqreatbkkoz9FD1U9xE4JDiWh?cluster=mainnet-beta\u001b\\<Transaction link>\u001b]8;;\u001b\\\u001b[39m. Reason: Timeout after \u001b[32m15\u001b[39m sec"}
{"level":40,"time":1745348997836,"name":"collect-funds","msg":"Transaction (\u001b[33m45pKND4U...4Gp7jQdJ\u001b[39m) resent: Transaction (\u001b[33m45pKND4U...4Gp7jQdJ\u001b[39m) failed: \u001b[34m\u001b]8;;https://solscan.io/tx/45pKND4UuVp1obWgtHYUJPvuHir5Ue7LsQr6mZKzdnzYecUscpBXceWvA4zxJp5Dj4g83zHSTdkEcbV24Gp7jQdJ?cluster=mainnet-beta\u001b\\<Transaction link>\u001b]8;;\u001b\\\u001b[39m. Reason: Timeout after \u001b[32m15\u001b[39m sec"}
{"level":40,"time":1745348997954,"name":"collect-funds","msg":"Transaction (\u001b[33m3uyJCbCf...sfVwNi84\u001b[39m) resent: Transaction (\u001b[33m3uyJCbCf...sfVwNi84\u001b[39m) failed: \u001b[34m\u001b]8;;https://solscan.io/tx/3uyJCbCft1KbpGBTJS5G5maYnhQi6zEtYBkqdrx6vxyQVa7iXJ8gwzHHg1azGQ9iKBon1K3HFjWtUUgnsfVwNi84?cluster=mainnet-beta\u001b\\<Transaction link>\u001b]8;;\u001b\\\u001b[39m. Reason: Timeout after \u001b[32m15\u001b[39m sec"}
{"level":30,"time":1745348997972,"name":"collect-funds","msg":"Transaction (\u001b[33m4jR82wjS...Xutf1VXA\u001b[39m) sent to transfer \u001b[32m0.104263672\u001b[39m SOL from trader (\u001b[35m2sdU...kfCy\u001b[39m) to distributor (\u001b[35mDtcZ...AVjR\u001b[39m)"}
{"level":30,"time":1745348997974,"name":"collect-funds","msg":"Transaction (\u001b[33m5TxwCg2P...xE4JDiWh\u001b[39m) sent to transfer \u001b[32m0.32437135\u001b[39m SOL from trader (\u001b[35mz5jy...S7AD\u001b[39m) to distributor (\u001b[35mDtcZ...AVjR\u001b[39m)"}
{"level":40,"time":1745348998069,"name":"collect-funds","msg":"Transaction (\u001b[33m53fyZApW...wpnaZ7Yv\u001b[39m) resent: Transaction (\u001b[33m53fyZApW...wpnaZ7Yv\u001b[39m) failed: \u001b[34m\u001b]8;;https://solscan.io/tx/53fyZApWJGRQ7fAxvwbwWfF58ArM5tFmnbGCvk6FvsP6JyrZHhdpeQf1mNqRbGY96Bg5mFVK1Mo7PMyewpnaZ7Yv?cluster=mainnet-beta\u001b\\<Transaction link>\u001b]8;;\u001b\\\u001b[39m. Reason: Timeout after \u001b[32m15\u001b[39m sec"}
{"level":40,"time":1745348998214,"name":"collect-funds","msg":"Transaction (\u001b[33m5qHwaMnS...3EqwfaX4\u001b[39m) resent: Transaction (\u001b[33m5qHwaMnS...3EqwfaX4\u001b[39m) failed: \u001b[34m\u001b]8;;https://solscan.io/tx/5qHwaMnSuRxF3bmJie9NvG5cBie4Y4xCxd6gPkPM9RDHCjVsFqJMSSrP3X4ZYyWkJQbBEQztXaFA6cEt3EqwfaX4?cluster=mainnet-beta\u001b\\<Transaction link>\u001b]8;;\u001b\\\u001b[39m. Reason: Timeout after \u001b[32m15\u001b[39m sec"}
{"level":30,"time":1745348998225,"name":"collect-funds","msg":"Transaction (\u001b[33m53fyZApW...wpnaZ7Yv\u001b[39m) sent to transfer \u001b[32m0.222868927\u001b[39m SOL from trader (\u001b[35mCPS5...yeTB\u001b[39m) to distributor (\u001b[35mDtcZ...AVjR\u001b[39m)"}
{"level":30,"time":1745348998232,"name":"collect-funds","msg":"Transaction (\u001b[33m4AkurieY...nVEF3pW6\u001b[39m) sent to transfer \u001b[32m0.107299823\u001b[39m SOL from trader (\u001b[35mAFDh...N2v6\u001b[39m) to distributor (\u001b[35mDtcZ...AVjR\u001b[39m)"}
{"level":40,"time":1745348998364,"name":"collect-funds","msg":"Transaction (\u001b[33m3DfCKjgH...ATFcUGfm\u001b[39m) resent: Transaction (\u001b[33m3DfCKjgH...ATFcUGfm\u001b[39m) failed: \u001b[34m\u001b]8;;https://solscan.io/tx/3DfCKjgHy8Lwx5n1LSito5f2HTx3PffLcbAwcnbbqYJSsnnASjQC2fDySyLWQ4ZanNzrgk29vLJjYYekATFcUGfm?cluster=mainnet-beta\u001b\\<Transaction link>\u001b]8;;\u001b\\\u001b[39m. Reason: Timeout after \u001b[32m15\u001b[39m sec"}
{"level":30,"time":1745348998391,"name":"collect-funds","msg":"Transaction (\u001b[33m45pKND4U...4Gp7jQdJ\u001b[39m) sent to transfer \u001b[32m0.104289808\u001b[39m SOL from trader (\u001b[35mHtfL...YzRX\u001b[39m) to distributor (\u001b[35mDtcZ...AVjR\u001b[39m)"}
{"level":30,"time":1745348998442,"name":"collect-funds","msg":"Transaction (\u001b[33m5qHwaMnS...3EqwfaX4\u001b[39m) sent to transfer \u001b[32m0.118962032\u001b[39m SOL from trader (\u001b[35m9JCF...nga5\u001b[39m) to distributor (\u001b[35mDtcZ...AVjR\u001b[39m)"}
{"level":40,"time":1745348998454,"name":"collect-funds","msg":"Transaction (\u001b[33m4UksBAcY...E3bXP2ZR\u001b[39m) resent: Transaction (\u001b[33m4UksBAcY...E3bXP2ZR\u001b[39m) failed: \u001b[34m\u001b]8;;https://solscan.io/tx/4UksBAcYoTV6Xt9aTcJKGt3oHJ3C5Vx2Pj28MTnsb7rkE9Xx9b9VTbuDt2KCHQcXkJwMgRB2ytrdxdRQE3bXP2ZR?cluster=mainnet-beta\u001b\\<Transaction link>\u001b]8;;\u001b\\\u001b[39m. Reason: Timeout after \u001b[32m15\u001b[39m sec"}
{"level":30,"time":1745348998467,"name":"collect-funds","msg":"Transaction (\u001b[33m3uyJCbCf...sfVwNi84\u001b[39m) sent to transfer \u001b[32m0.418627296\u001b[39m SOL from trader (\u001b[35mF3bu...wGk7\u001b[39m) to distributor (\u001b[35mDtcZ...AVjR\u001b[39m)"}
{"level":30,"time":1745348998518,"name":"collect-funds","msg":"Transaction (\u001b[33m3DfCKjgH...ATFcUGfm\u001b[39m) sent to transfer \u001b[32m0.121256528\u001b[39m SOL from trader (\u001b[35m8pX3...E5Qb\u001b[39m) to distributor (\u001b[35mDtcZ...AVjR\u001b[39m)"}
{"level":30,"time":1745348998610,"name":"collect-funds","msg":"Transaction (\u001b[33m4UksBAcY...E3bXP2ZR\u001b[39m) sent to transfer \u001b[32m0.30995672\u001b[39m SOL from trader (\u001b[35mFBGD...ACn5\u001b[39m) to distributor (\u001b[35mDtcZ...AVjR\u001b[39m)"}
{"level":40,"time":1745348998704,"name":"collect-funds","msg":"Transaction (\u001b[33mfEzxYAHE...i1Yq85xD\u001b[39m) resent: Transaction (\u001b[33mfEzxYAHE...i1Yq85xD\u001b[39m) failed: \u001b[34m\u001b]8;;https://solscan.io/tx/fEzxYAHET22aVfEXV1H4auRofRMs78ybfr85PZ8Fv9pAGdKtH7zxMvhJ4hYLzDFd14g2C62cVhghMbBi1Yq85xD?cluster=mainnet-beta\u001b\\<Transaction link>\u001b]8;;\u001b\\\u001b[39m. Reason: Timeout after \u001b[32m15\u001b[39m sec"}
{"level":40,"time":1745348998715,"name":"collect-funds","msg":"Transaction (\u001b[33mFwAtmKeT...squxtdcd\u001b[39m) resent: Transaction (\u001b[33mFwAtmKeT...squxtdcd\u001b[39m) failed: \u001b[34m\u001b]8;;https://solscan.io/tx/FwAtmKeTZWUZzrwnctEB553FRELPX8Hkn3eCUpyvEbbRjFsE6i3qRPMAnAxNHikRF6ih7UvxgY6wqaxsquxtdcd?cluster=mainnet-beta\u001b\\<Transaction link>\u001b]8;;\u001b\\\u001b[39m. Reason: Timeout after \u001b[32m15\u001b[39m sec"}
{"level":30,"time":1745348998959,"name":"collect-funds","msg":"Transaction (\u001b[33mFwAtmKeT...squxtdcd\u001b[39m) sent to transfer \u001b[32m0.137695154\u001b[39m SOL from trader (\u001b[35mEMjC...Nb52\u001b[39m) to distributor (\u001b[35mDtcZ...AVjR\u001b[39m)"}
{"level":30,"time":1745348998959,"name":"collect-funds","msg":"Transaction (\u001b[33mfEzxYAHE...i1Yq85xD\u001b[39m) sent to transfer \u001b[32m0.101314033\u001b[39m SOL from trader (\u001b[35mGMRm...soJA\u001b[39m) to distributor (\u001b[35mDtcZ...AVjR\u001b[39m)"}
{"level":40,"time":1745348999462,"name":"collect-funds","msg":"Transaction (\u001b[33m5pZgkQ7Z...Xen57w9L\u001b[39m) resent: Transaction (\u001b[33m5pZgkQ7Z...Xen57w9L\u001b[39m) failed: \u001b[34m\u001b]8;;https://solscan.io/tx/5pZgkQ7ZMe73FVniLT1i57FS7nFBzeKkpbJht1SJQKoHriZuBZf6Nsm9Z6XrfNo2GJxv96Ar5ikTcC9bXen57w9L?cluster=mainnet-beta\u001b\\<Transaction link>\u001b]8;;\u001b\\\u001b[39m. Reason: Timeout after \u001b[32m15\u001b[39m sec"}
{"level":40,"time":1745348999548,"name":"collect-funds","msg":"Transaction (\u001b[33m2KG38VnC...Udf57BUL\u001b[39m) resent: Transaction (\u001b[33m2KG38VnC...Udf57BUL\u001b[39m) failed: \u001b[34m\u001b]8;;https://solscan.io/tx/2KG38VnCXqug2Lei5VbK4yFEuxMSy9EyRYYMeiSH3mDPQjcKprTDeNFeneUs2CMUMju7grZs5X4SEM7fUdf57BUL?cluster=mainnet-beta\u001b\\<Transaction link>\u001b]8;;\u001b\\\u001b[39m. Reason: Timeout after \u001b[32m15\u001b[39m sec"}
{"level":30,"time":1745348999602,"name":"collect-funds","msg":"Transaction (\u001b[33m5pZgkQ7Z...Xen57w9L\u001b[39m) sent to transfer \u001b[32m0.355744113\u001b[39m SOL from trader (\u001b[35m89m5...XC5C\u001b[39m) to distributor (\u001b[35mDtcZ...AVjR\u001b[39m)"}
{"level":30,"time":1745348999701,"name":"collect-funds","msg":"Transaction (\u001b[33m2KG38VnC...Udf57BUL\u001b[39m) sent to transfer \u001b[32m0.105108854\u001b[39m SOL from trader (\u001b[35mHrxK...Li43\u001b[39m) to distributor (\u001b[35mDtcZ...AVjR\u001b[39m)"}
{"level":40,"time":1745348999795,"name":"collect-funds","msg":"Transaction (\u001b[33m3vgGxh8N...CLwsG7Wm\u001b[39m) resent: Transaction (\u001b[33m3vgGxh8N...CLwsG7Wm\u001b[39m) failed: \u001b[34m\u001b]8;;https://solscan.io/tx/3vgGxh8NtRFTkry9NjEUsExokbtQcryXpDKsyXoovbGvbVH5EB1Npw5Mqbvzu1Js36y3J344wDT3SrXCCLwsG7Wm?cluster=mainnet-beta\u001b\\<Transaction link>\u001b]8;;\u001b\\\u001b[39m. Reason: Timeout after \u001b[32m15\u001b[39m sec"}
{"level":30,"time":1745348999899,"name":"collect-funds","msg":"Transaction (\u001b[33m45FSGi3z...oPnzrcKm\u001b[39m) confirmed: \u001b[34m\u001b]8;;https://solscan.io/tx/45FSGi3zWaHBF8DZf22zTf7NU9PsAhFdTj8rkG7zhv5vSWhcT2ypTybXexAxwmpxRpNjopeiW5d5DXmXoPnzrcKm?cluster=mainnet-beta\u001b\\<Transaction link>\u001b]8;;\u001b\\\u001b[39m"}
{"level":40,"time":1745348999928,"name":"collect-funds","msg":"Transaction (\u001b[33mHd3eoH99...aSQCmYJX\u001b[39m) resent: Transaction (\u001b[33mHd3eoH99...aSQCmYJX\u001b[39m) failed: \u001b[34m\u001b]8;;https://solscan.io/tx/Hd3eoH99GiXUZNFTsQycANSMkyXmos9AUQHgcKnxz5YMK85EFne9Js23YS72hWRvnwiG4Vz8Biof812aSQCmYJX?cluster=mainnet-beta\u001b\\<Transaction link>\u001b]8;;\u001b\\\u001b[39m. Reason: Timeout after \u001b[32m15\u001b[39m sec"}
{"level":30,"time":1745348999940,"name":"collect-funds","msg":"Transaction (\u001b[33m3vgGxh8N...CLwsG7Wm\u001b[39m) sent to transfer \u001b[32m0.197102145\u001b[39m SOL from trader (\u001b[35m5rsM...igmh\u001b[39m) to distributor (\u001b[35mDtcZ...AVjR\u001b[39m)"}
{"level":40,"time":1745349000086,"name":"collect-funds","msg":"Transaction (\u001b[33m4TWz3YEZ...7CvSo4Xr\u001b[39m) resent: Transaction (\u001b[33m4TWz3YEZ...7CvSo4Xr\u001b[39m) failed: \u001b[34m\u001b]8;;https://solscan.io/tx/4TWz3YEZZNAXcqDAcXQYEmajESepem2yasjkEAng9WGAjDBy8fENxnNc6NGAANfenuk8JGLrLPX7aQWt7CvSo4Xr?cluster=mainnet-beta\u001b\\<Transaction link>\u001b]8;;\u001b\\\u001b[39m. Reason: Timeout after \u001b[32m15\u001b[39m sec"}
{"level":30,"time":1745349000121,"name":"collect-funds","msg":"Transaction (\u001b[33mHd3eoH99...aSQCmYJX\u001b[39m) sent to transfer \u001b[32m0.10451488\u001b[39m SOL from trader (\u001b[35mxZey...o7NC\u001b[39m) to distributor (\u001b[35mDtcZ...AVjR\u001b[39m)"}
{"level":40,"time":1745349000174,"name":"collect-funds","msg":"Transaction (\u001b[33m3JrySrGB...PKc3GGr1\u001b[39m) resent: Transaction (\u001b[33m3JrySrGB...PKc3GGr1\u001b[39m) failed: \u001b[34m\u001b]8;;https://solscan.io/tx/3JrySrGBDNFi85bLk6fgWu88hdMyhUPTJFuWQNbLLpcQ2YEiZHBEbVdV2MNgxJr45TKi4ZoLzziMdmVePKc3GGr1?cluster=mainnet-beta\u001b\\<Transaction link>\u001b]8;;\u001b\\\u001b[39m. Reason: Timeout after \u001b[32m15\u001b[39m sec"}
{"level":30,"time":1745349000220,"name":"collect-funds","msg":"Transaction (\u001b[33m4TWz3YEZ...7CvSo4Xr\u001b[39m) sent to transfer \u001b[32m0.598378333\u001b[39m SOL from trader (\u001b[35mrnAB...vXvB\u001b[39m) to distributor (\u001b[35mDtcZ...AVjR\u001b[39m)"}
{"level":40,"time":1745349000338,"name":"collect-funds","msg":"Transaction (\u001b[33m2g6o5NrB...s3ou3YkX\u001b[39m) resent: Transaction (\u001b[33m2g6o5NrB...s3ou3YkX\u001b[39m) failed: \u001b[34m\u001b]8;;https://solscan.io/tx/2g6o5NrBmXnNzqUP3RyAX1QdteC7fMtZtvQqCyPxb14E4o6HTWYAUUPnSTWwQoZzdfYSzh2b1qb8qQyds3ou3YkX?cluster=mainnet-beta\u001b\\<Transaction link>\u001b]8;;\u001b\\\u001b[39m. Reason: Timeout after \u001b[32m15\u001b[39m sec"}
{"level":30,"time":1745349000667,"name":"collect-funds","msg":"Transaction (\u001b[33m3JrySrGB...PKc3GGr1\u001b[39m) sent to transfer \u001b[32m0.183107313\u001b[39m SOL from trader (\u001b[35m4JH2...cHtB\u001b[39m) to distributor (\u001b[35mDtcZ...AVjR\u001b[39m)"}
{"level":30,"time":1745349000667,"name":"collect-funds","msg":"Transaction (\u001b[33m2g6o5NrB...s3ou3YkX\u001b[39m) sent to transfer \u001b[32m0.093824572\u001b[39m SOL from trader (\u001b[35m4wis...4893\u001b[39m) to distributor (\u001b[35mDtcZ...AVjR\u001b[39m)"}
{"level":30,"time":1745349002560,"name":"collect-funds","msg":"Transaction (\u001b[33m2yrEUjep...ZpCydTCe\u001b[39m) confirmed: \u001b[34m\u001b]8;;https://solscan.io/tx/2yrEUjepiPcVfpRHHZBjaKtHZVVjo5HoL7BZ1bGpHDdjzMpygwqT1yXpptQcmetUWRpALtHE2U6ti4e3ZpCydTCe?cluster=mainnet-beta\u001b\\<Transaction link>\u001b]8;;\u001b\\\u001b[39m"}
{"level":30,"time":1745349002580,"name":"collect-funds","msg":"Transaction (\u001b[33m3XLAQDMS...Bn42Lf7g\u001b[39m) confirmed: \u001b[34m\u001b]8;;https://solscan.io/tx/3XLAQDMSymU5r1PFUKdeUr5n1iQ5UzdR4Le22dhN2tgSZMx4f8r9qJTiS1EZDfSjcgUGs6m6d63rrUh9Bn42Lf7g?cluster=mainnet-beta\u001b\\<Transaction link>\u001b]8;;\u001b\\\u001b[39m"}
{"level":30,"time":1745349003378,"name":"collect-funds","msg":"Transaction (\u001b[33m53fyZApW...wpnaZ7Yv\u001b[39m) confirmed: \u001b[34m\u001b]8;;https://solscan.io/tx/53fyZApWJGRQ7fAxvwbwWfF58ArM5tFmnbGCvk6FvsP6JyrZHhdpeQf1mNqRbGY96Bg5mFVK1Mo7PMyewpnaZ7Yv?cluster=mainnet-beta\u001b\\<Transaction link>\u001b]8;;\u001b\\\u001b[39m"}
{"level":30,"time":1745349003417,"name":"collect-funds","msg":"Transaction (\u001b[33m4AkurieY...nVEF3pW6\u001b[39m) confirmed: \u001b[34m\u001b]8;;https://solscan.io/tx/4AkurieY4ufYWVkgRmeDT1TSksuhUD3ACUd7uGYz7nLAaw6yvNX36YRNex8cjnR7YKuniGjNtyDkmoREnVEF3pW6?cluster=mainnet-beta\u001b\\<Transaction link>\u001b]8;;\u001b\\\u001b[39m"}
{"level":30,"time":1745349003422,"name":"collect-funds","msg":"Transaction (\u001b[33m5TxwCg2P...xE4JDiWh\u001b[39m) confirmed: \u001b[34m\u001b]8;;https://solscan.io/tx/5TxwCg2PTmYWiMnEyJW7sUwY6QPoXRx1N5bCu4DQqP4s3CPhYspidQUqiX7dqC4cqreatbkkoz9FD1U9xE4JDiWh?cluster=mainnet-beta\u001b\\<Transaction link>\u001b]8;;\u001b\\\u001b[39m"}
{"level":30,"time":1745349003435,"name":"collect-funds","msg":"Transaction (\u001b[33m4jR82wjS...Xutf1VXA\u001b[39m) confirmed: \u001b[34m\u001b]8;;https://solscan.io/tx/4jR82wjS2L55pvQwHNZ8A5JgqwQqAcUg8RxFiDnqezWn6aVU9bH1zwGtvJjBEE2GDtqd9PnhjNsE49HWXutf1VXA?cluster=mainnet-beta\u001b\\<Transaction link>\u001b]8;;\u001b\\\u001b[39m"}
{"level":30,"time":1745349003521,"name":"collect-funds","msg":"Transaction (\u001b[33m45pKND4U...4Gp7jQdJ\u001b[39m) confirmed: \u001b[34m\u001b]8;;https://solscan.io/tx/45pKND4UuVp1obWgtHYUJPvuHir5Ue7LsQr6mZKzdnzYecUscpBXceWvA4zxJp5Dj4g83zHSTdkEcbV24Gp7jQdJ?cluster=mainnet-beta\u001b\\<Transaction link>\u001b]8;;\u001b\\\u001b[39m"}
{"level":30,"time":1745349003619,"name":"collect-funds","msg":"Transaction (\u001b[33m3uyJCbCf...sfVwNi84\u001b[39m) confirmed: \u001b[34m\u001b]8;;https://solscan.io/tx/3uyJCbCft1KbpGBTJS5G5maYnhQi6zEtYBkqdrx6vxyQVa7iXJ8gwzHHg1azGQ9iKBon1K3HFjWtUUgnsfVwNi84?cluster=mainnet-beta\u001b\\<Transaction link>\u001b]8;;\u001b\\\u001b[39m"}
{"level":30,"time":1745349003651,"name":"collect-funds","msg":"Transaction (\u001b[33m3DfCKjgH...ATFcUGfm\u001b[39m) confirmed: \u001b[34m\u001b]8;;https://solscan.io/tx/3DfCKjgHy8Lwx5n1LSito5f2HTx3PffLcbAwcnbbqYJSsnnASjQC2fDySyLWQ4ZanNzrgk29vLJjYYekATFcUGfm?cluster=mainnet-beta\u001b\\<Transaction link>\u001b]8;;\u001b\\\u001b[39m"}
{"level":30,"time":1745349003744,"name":"collect-funds","msg":"Transaction (\u001b[33m4UksBAcY...E3bXP2ZR\u001b[39m) confirmed: \u001b[34m\u001b]8;;https://solscan.io/tx/4UksBAcYoTV6Xt9aTcJKGt3oHJ3C5Vx2Pj28MTnsb7rkE9Xx9b9VTbuDt2KCHQcXkJwMgRB2ytrdxdRQE3bXP2ZR?cluster=mainnet-beta\u001b\\<Transaction link>\u001b]8;;\u001b\\\u001b[39m"}
{"level":30,"time":1745349003769,"name":"collect-funds","msg":"Transaction (\u001b[33m5qHwaMnS...3EqwfaX4\u001b[39m) confirmed: \u001b[34m\u001b]8;;https://solscan.io/tx/5qHwaMnSuRxF3bmJie9NvG5cBie4Y4xCxd6gPkPM9RDHCjVsFqJMSSrP3X4ZYyWkJQbBEQztXaFA6cEt3EqwfaX4?cluster=mainnet-beta\u001b\\<Transaction link>\u001b]8;;\u001b\\\u001b[39m"}
{"level":30,"time":1745349004101,"name":"collect-funds","msg":"Transaction (\u001b[33mfEzxYAHE...i1Yq85xD\u001b[39m) confirmed: \u001b[34m\u001b]8;;https://solscan.io/tx/fEzxYAHET22aVfEXV1H4auRofRMs78ybfr85PZ8Fv9pAGdKtH7zxMvhJ4hYLzDFd14g2C62cVhghMbBi1Yq85xD?cluster=mainnet-beta\u001b\\<Transaction link>\u001b]8;;\u001b\\\u001b[39m"}
{"level":30,"time":1745349004743,"name":"collect-funds","msg":"Transaction (\u001b[33m5pZgkQ7Z...Xen57w9L\u001b[39m) confirmed: \u001b[34m\u001b]8;;https://solscan.io/tx/5pZgkQ7ZMe73FVniLT1i57FS7nFBzeKkpbJht1SJQKoHriZuBZf6Nsm9Z6XrfNo2GJxv96Ar5ikTcC9bXen57w9L?cluster=mainnet-beta\u001b\\<Transaction link>\u001b]8;;\u001b\\\u001b[39m"}
{"level":30,"time":1745349005036,"name":"collect-funds","msg":"Transaction (\u001b[33mFwAtmKeT...squxtdcd\u001b[39m) confirmed: \u001b[34m\u001b]8;;https://solscan.io/tx/FwAtmKeTZWUZzrwnctEB553FRELPX8Hkn3eCUpyvEbbRjFsE6i3qRPMAnAxNHikRF6ih7UvxgY6wqaxsquxtdcd?cluster=mainnet-beta\u001b\\<Transaction link>\u001b]8;;\u001b\\\u001b[39m"}
{"level":30,"time":1745349005094,"name":"collect-funds","msg":"Transaction (\u001b[33m3vgGxh8N...CLwsG7Wm\u001b[39m) confirmed: \u001b[34m\u001b]8;;https://solscan.io/tx/3vgGxh8NtRFTkry9NjEUsExokbtQcryXpDKsyXoovbGvbVH5EB1Npw5Mqbvzu1Js36y3J344wDT3SrXCCLwsG7Wm?cluster=mainnet-beta\u001b\\<Transaction link>\u001b]8;;\u001b\\\u001b[39m"}
{"level":40,"time":1745349005176,"name":"collect-funds","msg":"Transaction (\u001b[33m5s3ufDky...DF6HZtFK\u001b[39m) resent: Transaction (\u001b[33m5s3ufDky...DF6HZtFK\u001b[39m) failed: \u001b[34m\u001b]8;;https://solscan.io/tx/5s3ufDkypbQfYLsiCYZVwuW7ZcezNScfMVsLELck6VVj4dDMGnYFuBBkorj5TrqCVUGR4ep7qq57j6HwDF6HZtFK?cluster=mainnet-beta\u001b\\<Transaction link>\u001b]8;;\u001b\\\u001b[39m. Reason: Timeout after \u001b[32m15\u001b[39m sec"}
{"level":40,"time":1745349005255,"name":"collect-funds","msg":"Transaction (\u001b[33m2R9niatA...b718ASmp\u001b[39m) resent: Transaction (\u001b[33m2R9niatA...b718ASmp\u001b[39m) failed: \u001b[34m\u001b]8;;https://solscan.io/tx/2R9niatAwB36yLXNAkg654GW48fQk3iZNBm61EQBNQedzBbfh1MTX6g4K4FJtMzbbvGL9tCUQpSas82qb718ASmp?cluster=mainnet-beta\u001b\\<Transaction link>\u001b]8;;\u001b\\\u001b[39m. Reason: Timeout after \u001b[32m15\u001b[39m sec"}
{"level":30,"time":1745349005615,"name":"collect-funds","msg":"Transaction (\u001b[33m2R9niatA...b718ASmp\u001b[39m) sent to transfer \u001b[32m0.234633372\u001b[39m SOL from trader (\u001b[35mFawF...Wfgy\u001b[39m) to distributor (\u001b[35mDtcZ...AVjR\u001b[39m)"}
{"level":30,"time":1745349005714,"name":"collect-funds","msg":"Transaction (\u001b[33mHd3eoH99...aSQCmYJX\u001b[39m) confirmed: \u001b[34m\u001b]8;;https://solscan.io/tx/Hd3eoH99GiXUZNFTsQycANSMkyXmos9AUQHgcKnxz5YMK85EFne9Js23YS72hWRvnwiG4Vz8Biof812aSQCmYJX?cluster=mainnet-beta\u001b\\<Transaction link>\u001b]8;;\u001b\\\u001b[39m"}
{"level":30,"time":1745349005746,"name":"collect-funds","msg":"Transaction (\u001b[33m2KG38VnC...Udf57BUL\u001b[39m) confirmed: \u001b[34m\u001b]8;;https://solscan.io/tx/2KG38VnCXqug2Lei5VbK4yFEuxMSy9EyRYYMeiSH3mDPQjcKprTDeNFeneUs2CMUMju7grZs5X4SEM7fUdf57BUL?cluster=mainnet-beta\u001b\\<Transaction link>\u001b]8;;\u001b\\\u001b[39m"}
{"level":30,"time":1745349005802,"name":"collect-funds","msg":"Transaction (\u001b[33m3JrySrGB...PKc3GGr1\u001b[39m) confirmed: \u001b[34m\u001b]8;;https://solscan.io/tx/3JrySrGBDNFi85bLk6fgWu88hdMyhUPTJFuWQNbLLpcQ2YEiZHBEbVdV2MNgxJr45TKi4ZoLzziMdmVePKc3GGr1?cluster=mainnet-beta\u001b\\<Transaction link>\u001b]8;;\u001b\\\u001b[39m"}
{"level":30,"time":1745349005806,"name":"collect-funds","msg":"Transaction (\u001b[33m2g6o5NrB...s3ou3YkX\u001b[39m) confirmed: \u001b[34m\u001b]8;;https://solscan.io/tx/2g6o5NrBmXnNzqUP3RyAX1QdteC7fMtZtvQqCyPxb14E4o6HTWYAUUPnSTWwQoZzdfYSzh2b1qb8qQyds3ou3YkX?cluster=mainnet-beta\u001b\\<Transaction link>\u001b]8;;\u001b\\\u001b[39m"}
{"level":30,"time":1745349005851,"name":"collect-funds","msg":"Transaction (\u001b[33m4TWz3YEZ...7CvSo4Xr\u001b[39m) confirmed: \u001b[34m\u001b]8;;https://solscan.io/tx/4TWz3YEZZNAXcqDAcXQYEmajESepem2yasjkEAng9WGAjDBy8fENxnNc6NGAANfenuk8JGLrLPX7aQWt7CvSo4Xr?cluster=mainnet-beta\u001b\\<Transaction link>\u001b]8;;\u001b\\\u001b[39m"}
{"level":30,"time":1745349005898,"name":"collect-funds","msg":"Transaction (\u001b[33m5s3ufDky...DF6HZtFK\u001b[39m) sent to transfer \u001b[32m0.131411627\u001b[39m SOL from trader (\u001b[35mAE4p...RRTQ\u001b[39m) to distributor (\u001b[35mDtcZ...AVjR\u001b[39m)"}
{"level":30,"time":1745349011011,"name":"collect-funds","msg":"Transaction (\u001b[33m2R9niatA...b718ASmp\u001b[39m) confirmed: \u001b[34m\u001b]8;;https://solscan.io/tx/2R9niatAwB36yLXNAkg654GW48fQk3iZNBm61EQBNQedzBbfh1MTX6g4K4FJtMzbbvGL9tCUQpSas82qb718ASmp?cluster=mainnet-beta\u001b\\<Transaction link>\u001b]8;;\u001b\\\u001b[39m"}
{"level":30,"time":1745349011349,"name":"collect-funds","msg":"Transaction (\u001b[33m5s3ufDky...DF6HZtFK\u001b[39m) confirmed: \u001b[34m\u001b]8;;https://solscan.io/tx/5s3ufDkypbQfYLsiCYZVwuW7ZcezNScfMVsLELck6VVj4dDMGnYFuBBkorj5TrqCVUGR4ep7qq57j6HwDF6HZtFK?cluster=mainnet-beta\u001b\\<Transaction link>\u001b]8;;\u001b\\\u001b[39m"}
