{"level":30,"time":1745165430331,"name":"trade","msg":"\n\u001b[90m================================================================================\u001b[39m\nTrading cycle: \u001b[32m21\u001b[39m. Total trader swaps: \u001b[32m102\u001b[39m. Pump bias: \u001b[32m70.00%\u001b[39m\n\u001b[90m================================================================================\u001b[39m"}
{"level":30,"time":1745165431365,"name":"trade","msg":"Transaction (\u001b[33m2Gs6Ldd7...9NrZ9GbQ\u001b[39m) sent to swap \u001b[32m0.040277925\u001b[39m WSOL to ~\u001b[32m1,272,369.55667\u001b[39m EGGLON for account (\u001b[35mEccL...tQcx\u001b[39m)"}
{"level":30,"time":1745165436586,"name":"trade","msg":"Transaction (\u001b[33m2Gs6Ldd7...9NrZ9GbQ\u001b[39m) confirmed: \u001b[34m\u001b]8;;https://solscan.io/tx/2Gs6Ldd7QGVFynVKQN3TWeeSWU8m2hBRZjTUBTWrhU2ukt34KnAgbw5wit73Thr1CbMCBNfWDpyGEy8A9NrZ9GbQ?cluster=mainnet-beta\u001b\\<Transaction link>\u001b]8;;\u001b\\\u001b[39m"}
{"level":30,"time":1745165436587,"name":"trade","msg":"Cycle: \u001b[32m21\u001b[39m. Trade: \u001b[32m1\u001b[39m/\u001b[32m102\u001b[39m. Buy transactions executed: \u001b[32m1\u001b[39m. Pausing: \u001b[32m4.81\u001b[39m sec"}
{"level":30,"time":1745165441398,"name":"trade","msg":"\u001b[90m--------------------------------------------------------------------------------\u001b[39m"}
{"level":30,"time":1745165442511,"name":"trade","msg":"Transaction (\u001b[33m2aYkhcvC...NTqhSuiD\u001b[39m) sent to swap \u001b[32m0.039017758\u001b[39m WSOL to ~\u001b[32m1,232,801.498671\u001b[39m EGGLON for account (\u001b[35mEXqk...EWgX\u001b[39m)"}
{"level":30,"time":1745165447672,"name":"trade","msg":"Transaction (\u001b[33m2aYkhcvC...NTqhSuiD\u001b[39m) confirmed: \u001b[34m\u001b]8;;https://solscan.io/tx/2aYkhcvCB4e55Yn6i6Jd4hUQ5kfjcs6yZZ4BwF87M9P4hyNSwpPax2f1CVxpTfL2JBhk1g5jeAMzFRphNTqhSuiD?cluster=mainnet-beta\u001b\\<Transaction link>\u001b]8;;\u001b\\\u001b[39m"}
{"level":30,"time":1745165447672,"name":"trade","msg":"Cycle: \u001b[32m21\u001b[39m. Trade: \u001b[32m2\u001b[39m/\u001b[32m102\u001b[39m. Buy transactions executed: \u001b[32m1\u001b[39m. Pausing: \u001b[32m6.04\u001b[39m sec"}
{"level":30,"time":1745165453714,"name":"trade","msg":"\u001b[90m--------------------------------------------------------------------------------\u001b[39m"}
{"level":40,"time":1745165453898,"name":"trade","msg":"Trader (\u001b[35m3qwF...y2uA\u001b[39m) has insufficient balance on wallet: \u001b[32m0.039984669\u001b[39m SOL"}
{"level":40,"time":1745165453898,"name":"trade","msg":"Cycle: \u001b[32m21\u001b[39m. Trade: \u001b[32m3\u001b[39m/\u001b[32m102\u001b[39m. No buy transactions found. Skipping"}
{"level":30,"time":1745165453898,"name":"trade","msg":"\u001b[90m--------------------------------------------------------------------------------\u001b[39m"}
{"level":30,"time":1745165454798,"name":"trade","msg":"Transaction (\u001b[33m4ZH7h8fT...frNtusi3\u001b[39m) sent to swap \u001b[32m0.025917743\u001b[39m WSOL to ~\u001b[32m820,557.74675\u001b[39m EGGLON for account (\u001b[35mHuXm...q1z6\u001b[39m)"}
{"level":30,"time":1745165459944,"name":"trade","msg":"Transaction (\u001b[33m4ZH7h8fT...frNtusi3\u001b[39m) confirmed: \u001b[34m\u001b]8;;https://solscan.io/tx/4ZH7h8fTVQfDXbES4H6D4XHqSoDwyGCL3w2F8pHWGA3BsXG9TVJwx1qUNheede73bgNDdnDeAm4TyFzxfrNtusi3?cluster=mainnet-beta\u001b\\<Transaction link>\u001b]8;;\u001b\\\u001b[39m"}
{"level":30,"time":1745165459944,"name":"trade","msg":"Cycle: \u001b[32m21\u001b[39m. Trade: \u001b[32m4\u001b[39m/\u001b[32m102\u001b[39m. Buy transactions executed: \u001b[32m1\u001b[39m. Pausing: \u001b[32m5.704\u001b[39m sec"}
{"level":30,"time":1745165465649,"name":"trade","msg":"\u001b[90m--------------------------------------------------------------------------------\u001b[39m"}
{"level":30,"time":1745165466416,"name":"trade","msg":"Transaction (\u001b[33m2MQSxx85...DGWKEyK7\u001b[39m) sent to swap \u001b[32m0.045458647\u001b[39m WSOL to ~\u001b[32m1,434,877.348489\u001b[39m EGGLON for account (\u001b[35m8zjw...1sDq\u001b[39m)"}
{"level":30,"time":1745165471539,"name":"trade","msg":"Transaction (\u001b[33m2MQSxx85...DGWKEyK7\u001b[39m) confirmed: \u001b[34m\u001b]8;;https://solscan.io/tx/2MQSxx851txdszpQEkmoQNGg8SEU8if8FBGVWeGc3yLNfftrrLR311Teoya5kqzCcWNbqf46qp4g4yhmDGWKEyK7?cluster=mainnet-beta\u001b\\<Transaction link>\u001b]8;;\u001b\\\u001b[39m"}
{"level":30,"time":1745165471540,"name":"trade","msg":"Cycle: \u001b[32m21\u001b[39m. Trade: \u001b[32m5\u001b[39m/\u001b[32m102\u001b[39m. Buy transactions executed: \u001b[32m1\u001b[39m. Pausing: \u001b[32m6.764\u001b[39m sec"}
{"level":30,"time":1745165478306,"name":"trade","msg":"\u001b[90m--------------------------------------------------------------------------------\u001b[39m"}
{"level":30,"time":1745165479170,"name":"trade","msg":"Transaction (\u001b[33m4bnSZs5r...BZ4xC8PD\u001b[39m) sent to swap \u001b[32m0.037155308\u001b[39m WSOL to ~\u001b[32m1,174,294.075573\u001b[39m EGGLON for account (\u001b[35mDPc3...bkGa\u001b[39m)"}
{"level":30,"time":1745165484324,"name":"trade","msg":"Transaction (\u001b[33m4bnSZs5r...BZ4xC8PD\u001b[39m) confirmed: \u001b[34m\u001b]8;;https://solscan.io/tx/4bnSZs5r8P6aYUydRDLSpYsZp3BXNY5kkLEVDt7PfEKBGa96H1GndVz41mduRYDn8eo76EYCxVGa5Rt4BZ4xC8PD?cluster=mainnet-beta\u001b\\<Transaction link>\u001b]8;;\u001b\\\u001b[39m"}
{"level":30,"time":1745165484324,"name":"trade","msg":"Cycle: \u001b[32m21\u001b[39m. Trade: \u001b[32m6\u001b[39m/\u001b[32m102\u001b[39m. Buy transactions executed: \u001b[32m1\u001b[39m. Pausing: \u001b[32m6.344\u001b[39m sec"}
{"level":30,"time":1745165490670,"name":"trade","msg":"\u001b[90m--------------------------------------------------------------------------------\u001b[39m"}
{"level":30,"time":1745165491411,"name":"trade","msg":"Transaction (\u001b[33m23PAR4Ni...WmuxSvhr\u001b[39m) sent to swap \u001b[32m0.049369032\u001b[39m WSOL to ~\u001b[32m1,557,365.22735\u001b[39m EGGLON for account (\u001b[35m2rp1...Q33H\u001b[39m)"}
{"level":30,"time":1745165496639,"name":"trade","msg":"Transaction (\u001b[33m23PAR4Ni...WmuxSvhr\u001b[39m) confirmed: \u001b[34m\u001b]8;;https://solscan.io/tx/23PAR4NiawvB1FYsNXPxpKvSgyc1fYMmnwQ3RpBbatsAFNonoRF1LgnwEXjxRYdpqcEWcx5xoB8NmE4vWmuxSvhr?cluster=mainnet-beta\u001b\\<Transaction link>\u001b]8;;\u001b\\\u001b[39m"}
{"level":30,"time":1745165496639,"name":"trade","msg":"Cycle: \u001b[32m21\u001b[39m. Trade: \u001b[32m7\u001b[39m/\u001b[32m102\u001b[39m. Buy transactions executed: \u001b[32m1\u001b[39m. Pausing: \u001b[32m6.544\u001b[39m sec"}
{"level":30,"time":1745165503186,"name":"trade","msg":"\u001b[90m--------------------------------------------------------------------------------\u001b[39m"}
{"level":30,"time":1745165504157,"name":"trade","msg":"Transaction (\u001b[33m5KawcNob...AVdhXivM\u001b[39m) sent to swap \u001b[32m3,655,198.08702\u001b[39m EGGLON to ~\u001b[32m0.112406302\u001b[39m WSOL for account (\u001b[35mEE2q...RdEn\u001b[39m)"}
{"level":30,"time":1745165509481,"name":"trade","msg":"Transaction (\u001b[33m5KawcNob...AVdhXivM\u001b[39m) confirmed: \u001b[34m\u001b]8;;https://solscan.io/tx/5KawcNob3DnUPV8PoSHZFn2WsSVTXpQbJwr56r5Pivb23GTXAcy422zJtrPsA26nQGzGKi3GZUb66aRNAVdhXivM?cluster=mainnet-beta\u001b\\<Transaction link>\u001b]8;;\u001b\\\u001b[39m"}
{"level":30,"time":1745165509482,"name":"trade","msg":"Cycle: \u001b[32m21\u001b[39m. Trade: \u001b[32m8\u001b[39m/\u001b[32m102\u001b[39m. Sell transactions executed: \u001b[32m1\u001b[39m. Pausing: \u001b[32m4.339\u001b[39m sec"}
{"level":30,"time":1745165513820,"name":"trade","msg":"\u001b[90m--------------------------------------------------------------------------------\u001b[39m"}
{"level":30,"time":1745165514608,"name":"trade","msg":"Transaction (\u001b[33m5GRfhxaz...BUU9aqzG\u001b[39m) sent to swap \u001b[32m0.045075336\u001b[39m WSOL to ~\u001b[32m1,422,862.637145\u001b[39m EGGLON for account (\u001b[35mArD1...sLqd\u001b[39m)"}
{"level":30,"time":1745165519926,"name":"trade","msg":"Transaction (\u001b[33m5GRfhxaz...BUU9aqzG\u001b[39m) confirmed: \u001b[34m\u001b]8;;https://solscan.io/tx/5GRfhxazhJMEHcJTDidcdKkuGRXYbJm5ikMjUzuoqkL1byDXGZFMrd3yBXpdmsXNB3gJUFV5C2fhmgd3BUU9aqzG?cluster=mainnet-beta\u001b\\<Transaction link>\u001b]8;;\u001b\\\u001b[39m"}
{"level":30,"time":1745165519926,"name":"trade","msg":"Cycle: \u001b[32m21\u001b[39m. Trade: \u001b[32m9\u001b[39m/\u001b[32m102\u001b[39m. Buy transactions executed: \u001b[32m1\u001b[39m. Pausing: \u001b[32m7.036\u001b[39m sec"}
{"level":30,"time":1745165526964,"name":"trade","msg":"\u001b[90m--------------------------------------------------------------------------------\u001b[39m"}
{"level":30,"time":1745165528076,"name":"trade","msg":"Transaction (\u001b[33m3tjzxZx7...NcYS4v9Z\u001b[39m) sent to swap \u001b[32m0.046160825\u001b[39m WSOL to ~\u001b[32m1,456,883.077178\u001b[39m EGGLON for account (\u001b[35m6yLv...CEwz\u001b[39m)"}
{"level":30,"time":1745165533204,"name":"trade","msg":"Transaction (\u001b[33m3tjzxZx7...NcYS4v9Z\u001b[39m) confirmed: \u001b[34m\u001b]8;;https://solscan.io/tx/3tjzxZx7iPcnFfvLfoUerVAv8Aavs5uwutRm2kFooh1XtHJKmvhKf59GfyLKzerGWwEvuknYhzgUyMa8NcYS4v9Z?cluster=mainnet-beta\u001b\\<Transaction link>\u001b]8;;\u001b\\\u001b[39m"}
{"level":30,"time":1745165533205,"name":"trade","msg":"Cycle: \u001b[32m21\u001b[39m. Trade: \u001b[32m10\u001b[39m/\u001b[32m102\u001b[39m. Buy transactions executed: \u001b[32m1\u001b[39m. Pausing: \u001b[32m5.518\u001b[39m sec"}
{"level":30,"time":1745165538725,"name":"trade","msg":"\u001b[90m--------------------------------------------------------------------------------\u001b[39m"}
{"level":30,"time":1745165540052,"name":"trade","msg":"Transaction (\u001b[33m25VFu9my...TwJrnGpD\u001b[39m) sent to swap \u001b[32m2,439,368.398837\u001b[39m EGGLON to ~\u001b[32m0.075456821\u001b[39m WSOL for account (\u001b[35m4EXJ...rfoK\u001b[39m)"}
{"level":30,"time":1745165545181,"name":"trade","msg":"Transaction (\u001b[33m25VFu9my...TwJrnGpD\u001b[39m) confirmed: \u001b[34m\u001b]8;;https://solscan.io/tx/25VFu9my2gpQurooaAqmzEYEzpQS26wWqyzN9zsfVFFnmn6WhXsVfBA7iYSTKcq374FKo5xP9dyRhSwSTwJrnGpD?cluster=mainnet-beta\u001b\\<Transaction link>\u001b]8;;\u001b\\\u001b[39m"}
{"level":30,"time":1745165545181,"name":"trade","msg":"Cycle: \u001b[32m21\u001b[39m. Trade: \u001b[32m11\u001b[39m/\u001b[32m102\u001b[39m. Sell transactions executed: \u001b[32m1\u001b[39m. Pausing: \u001b[32m6.694\u001b[39m sec"}
{"level":30,"time":1745165551878,"name":"trade","msg":"\u001b[90m--------------------------------------------------------------------------------\u001b[39m"}
{"level":30,"time":1745165552659,"name":"trade","msg":"Transaction (\u001b[33m5ncsHgeQ...rHvE9jZi\u001b[39m) sent to swap \u001b[32m999.160325\u001b[39m EGGLON to ~\u001b[32m0.000031275\u001b[39m WSOL for account (\u001b[35m71a4...8RMN\u001b[39m)"}
{"level":30,"time":1745165557881,"name":"trade","msg":"Transaction (\u001b[33m5ncsHgeQ...rHvE9jZi\u001b[39m) confirmed: \u001b[34m\u001b]8;;https://solscan.io/tx/5ncsHgeQetWRzj7y1xs4NzKWA68yw2TQsyMekwsaAxUvpcW46XoqLBMWVj3TtiLURyL4ZFJnHohUEThFrHvE9jZi?cluster=mainnet-beta\u001b\\<Transaction link>\u001b]8;;\u001b\\\u001b[39m"}
{"level":30,"time":1745165557881,"name":"trade","msg":"Cycle: \u001b[32m21\u001b[39m. Trade: \u001b[32m12\u001b[39m/\u001b[32m102\u001b[39m. Sell transactions executed: \u001b[32m1\u001b[39m. Pausing: \u001b[32m4.047\u001b[39m sec"}
{"level":30,"time":1745165561929,"name":"trade","msg":"\u001b[90m--------------------------------------------------------------------------------\u001b[39m"}
{"level":30,"time":1745165562832,"name":"trade","msg":"Transaction (\u001b[33mnq1EP4Q2...Tzq58Viv\u001b[39m) sent to swap \u001b[32m0.042269331\u001b[39m WSOL to ~\u001b[32m1,334,866.354201\u001b[39m EGGLON for account (\u001b[35mbDjT...U5it\u001b[39m)"}
{"level":30,"time":1745165567990,"name":"trade","msg":"Transaction (\u001b[33mnq1EP4Q2...Tzq58Viv\u001b[39m) confirmed: \u001b[34m\u001b]8;;https://solscan.io/tx/nq1EP4Q2aVzAT4rBQAC3VfytAftzMTyJRcU5WgJRnDf3HAVtdejTPCVb15NWLZBvodFMvou5KhaAaAaTzq58Viv?cluster=mainnet-beta\u001b\\<Transaction link>\u001b]8;;\u001b\\\u001b[39m"}
{"level":30,"time":1745165567990,"name":"trade","msg":"Cycle: \u001b[32m21\u001b[39m. Trade: \u001b[32m13\u001b[39m/\u001b[32m102\u001b[39m. Buy transactions executed: \u001b[32m1\u001b[39m. Pausing: \u001b[32m7.012\u001b[39m sec"}
{"level":30,"time":1745165575005,"name":"trade","msg":"\u001b[90m--------------------------------------------------------------------------------\u001b[39m"}
{"level":30,"time":1745165575984,"name":"trade","msg":"Transaction (\u001b[33m5ghVwTD2...TxiL8W2R\u001b[39m) sent to swap \u001b[32m0.044538143\u001b[39m WSOL to ~\u001b[32m1,406,022.180287\u001b[39m EGGLON for account (\u001b[35m23XR...awTB\u001b[39m)"}
{"level":30,"time":1745165581079,"name":"trade","msg":"Transaction (\u001b[33m5ghVwTD2...TxiL8W2R\u001b[39m) confirmed: \u001b[34m\u001b]8;;https://solscan.io/tx/5ghVwTD21FSiiJ7nbR9AkNFHw195skPNrZHqgtAUz595z5MD78ZUtZscgJUQ8e4uyhkb2mYzqepub6gRTxiL8W2R?cluster=mainnet-beta\u001b\\<Transaction link>\u001b]8;;\u001b\\\u001b[39m"}
{"level":30,"time":1745165581080,"name":"trade","msg":"Cycle: \u001b[32m21\u001b[39m. Trade: \u001b[32m14\u001b[39m/\u001b[32m102\u001b[39m. Buy transactions executed: \u001b[32m1\u001b[39m. Pausing: \u001b[32m6.641\u001b[39m sec"}
{"level":30,"time":1745165587724,"name":"trade","msg":"\u001b[90m--------------------------------------------------------------------------------\u001b[39m"}
{"level":30,"time":1745165588533,"name":"trade","msg":"Transaction (\u001b[33m5rBrVSHG...QoGRxD99\u001b[39m) sent to swap \u001b[32m0.037581021\u001b[39m WSOL to ~\u001b[32m1,187,670.500936\u001b[39m EGGLON for account (\u001b[35m3Zmk...uyJh\u001b[39m)"}
{"level":30,"time":1745165593705,"name":"trade","msg":"Transaction (\u001b[33m5rBrVSHG...QoGRxD99\u001b[39m) confirmed: \u001b[34m\u001b]8;;https://solscan.io/tx/5rBrVSHGf9vUNz6mFfJz6FREBPZNuBGdU8D7PC3Eg6grBsc5fNHfrisGjCQp1Zbn2VkBi9vYusmp4LS1QoGRxD99?cluster=mainnet-beta\u001b\\<Transaction link>\u001b]8;;\u001b\\\u001b[39m"}
{"level":30,"time":1745165593706,"name":"trade","msg":"Cycle: \u001b[32m21\u001b[39m. Trade: \u001b[32m15\u001b[39m/\u001b[32m102\u001b[39m. Buy transactions executed: \u001b[32m1\u001b[39m. Pausing: \u001b[32m7.07\u001b[39m sec"}
{"level":30,"time":1745165600779,"name":"trade","msg":"\u001b[90m--------------------------------------------------------------------------------\u001b[39m"}
{"level":30,"time":1745165601767,"name":"trade","msg":"Transaction (\u001b[33m3RiHsGZ2...s7ntco6g\u001b[39m) sent to swap \u001b[32m1,794,818.075956\u001b[39m EGGLON to ~\u001b[32m0.055692263\u001b[39m WSOL for account (\u001b[35mGN4y...vz2f\u001b[39m)"}
{"level":30,"time":1745165607160,"name":"trade","msg":"Transaction (\u001b[33m3RiHsGZ2...s7ntco6g\u001b[39m) confirmed: \u001b[34m\u001b]8;;https://solscan.io/tx/3RiHsGZ2V7cxbkjGN6WFwNg5zvFM9ftQoExR88MvNENp42NmzsqT473sQzgQHLF3Zth7gx3rMugmnFpGs7ntco6g?cluster=mainnet-beta\u001b\\<Transaction link>\u001b]8;;\u001b\\\u001b[39m"}
{"level":30,"time":1745165607160,"name":"trade","msg":"Cycle: \u001b[32m21\u001b[39m. Trade: \u001b[32m16\u001b[39m/\u001b[32m102\u001b[39m. Sell transactions executed: \u001b[32m1\u001b[39m. Pausing: \u001b[32m4.153\u001b[39m sec"}
{"level":30,"time":1745165611313,"name":"trade","msg":"\u001b[90m--------------------------------------------------------------------------------\u001b[39m"}
{"level":30,"time":1745165612496,"name":"trade","msg":"Transaction (\u001b[33mtX8Y1twW...59ndxdTc\u001b[39m) sent to swap \u001b[32m0.042534258\u001b[39m WSOL to ~\u001b[32m1,343,177.73626\u001b[39m EGGLON for account (\u001b[35m68r7...CHFg\u001b[39m)"}
{"level":30,"time":1745165617875,"name":"trade","msg":"Transaction (\u001b[33mtX8Y1twW...59ndxdTc\u001b[39m) confirmed: \u001b[34m\u001b]8;;https://solscan.io/tx/tX8Y1twW6sxPfXHu5dYMhEXmG5JJ2tNVxieXGTiCaNr3PUB5vd8ts1HA7ZU2K3V3AjQbyvri2EvXsrA59ndxdTc?cluster=mainnet-beta\u001b\\<Transaction link>\u001b]8;;\u001b\\\u001b[39m"}
{"level":30,"time":1745165617876,"name":"trade","msg":"Cycle: \u001b[32m21\u001b[39m. Trade: \u001b[32m17\u001b[39m/\u001b[32m102\u001b[39m. Buy transactions executed: \u001b[32m1\u001b[39m. Pausing: \u001b[32m4.955\u001b[39m sec"}
{"level":30,"time":1745165622832,"name":"trade","msg":"\u001b[90m--------------------------------------------------------------------------------\u001b[39m"}
{"level":30,"time":1745165623571,"name":"trade","msg":"Transaction (\u001b[33m4v13gVyJ...PKmAKsMV\u001b[39m) sent to swap \u001b[32m0.033562682\u001b[39m WSOL to ~\u001b[32m1,061,339.201341\u001b[39m EGGLON for account (\u001b[35mBmGQ...F3yi\u001b[39m)"}
{"level":30,"time":1745165628680,"name":"trade","msg":"Transaction (\u001b[33m4v13gVyJ...PKmAKsMV\u001b[39m) confirmed: \u001b[34m\u001b]8;;https://solscan.io/tx/4v13gVyJ8F8Lv1AYJJBWrmQ5rC7ouNzNLF9jM9gdnTcEFuo52EcVcgXxFPhX2AjcVMssexmejCSbdnjFPKmAKsMV?cluster=mainnet-beta\u001b\\<Transaction link>\u001b]8;;\u001b\\\u001b[39m"}
{"level":30,"time":1745165628680,"name":"trade","msg":"Cycle: \u001b[32m21\u001b[39m. Trade: \u001b[32m18\u001b[39m/\u001b[32m102\u001b[39m. Buy transactions executed: \u001b[32m1\u001b[39m. Pausing: \u001b[32m7.364\u001b[39m sec"}
{"level":30,"time":1745165636046,"name":"trade","msg":"\u001b[90m--------------------------------------------------------------------------------\u001b[39m"}
{"level":40,"time":1745165636138,"name":"trade","msg":"Trader (\u001b[35mBE8y...zxT4\u001b[39m) has insufficient balance on wallet: \u001b[32m0.038066409\u001b[39m SOL"}
{"level":40,"time":1745165636138,"name":"trade","msg":"Cycle: \u001b[32m21\u001b[39m. Trade: \u001b[32m19\u001b[39m/\u001b[32m102\u001b[39m. No buy transactions found. Skipping"}
{"level":30,"time":1745165636138,"name":"trade","msg":"\u001b[90m--------------------------------------------------------------------------------\u001b[39m"}
{"level":30,"time":1745165636852,"name":"trade","msg":"Transaction (\u001b[33m3bbY52hc...12sLRaXa\u001b[39m) sent to swap \u001b[32m0.04074161\u001b[39m WSOL to ~\u001b[32m1,286,924.91762\u001b[39m EGGLON for account (\u001b[35mBBM2...GrQp\u001b[39m)"}
{"level":30,"time":1745165642047,"name":"trade","msg":"Transaction (\u001b[33m3bbY52hc...12sLRaXa\u001b[39m) confirmed: \u001b[34m\u001b]8;;https://solscan.io/tx/3bbY52hcMTiTaskDNqYPEKQyA9fouFakQ1w8AajHD6yfqSnbLj4gyZ2m9RzWw6Ys5yEXDq28pSrAvDNM12sLRaXa?cluster=mainnet-beta\u001b\\<Transaction link>\u001b]8;;\u001b\\\u001b[39m"}
{"level":30,"time":1745165642048,"name":"trade","msg":"Cycle: \u001b[32m21\u001b[39m. Trade: \u001b[32m20\u001b[39m/\u001b[32m102\u001b[39m. Buy transactions executed: \u001b[32m1\u001b[39m. Pausing: \u001b[32m7.805\u001b[39m sec"}
{"level":30,"time":1745165649857,"name":"trade","msg":"\u001b[90m--------------------------------------------------------------------------------\u001b[39m"}
{"level":30,"time":1745165650535,"name":"trade","msg":"Transaction (\u001b[33m64E5st6y...gNa8WPxU\u001b[39m) sent to swap \u001b[32m0.047677684\u001b[39m WSOL to ~\u001b[32m1,504,404.036969\u001b[39m EGGLON for account (\u001b[35mAGDp...mX4j\u001b[39m)"}
{"level":30,"time":1745165655669,"name":"trade","msg":"Transaction (\u001b[33m64E5st6y...gNa8WPxU\u001b[39m) confirmed: \u001b[34m\u001b]8;;https://solscan.io/tx/64E5st6ydg4UternmY2vX4ibZ23jX53cgbwiw86sfezv6p7AxrDKQB5VMARAaudAmcHExFWV5Cs8rgxGgNa8WPxU?cluster=mainnet-beta\u001b\\<Transaction link>\u001b]8;;\u001b\\\u001b[39m"}
{"level":30,"time":1745165655669,"name":"trade","msg":"Cycle: \u001b[32m21\u001b[39m. Trade: \u001b[32m21\u001b[39m/\u001b[32m102\u001b[39m. Buy transactions executed: \u001b[32m1\u001b[39m. Pausing: \u001b[32m4.667\u001b[39m sec"}
{"level":30,"time":1745165660337,"name":"trade","msg":"\u001b[90m--------------------------------------------------------------------------------\u001b[39m"}
{"level":30,"time":1745165661648,"name":"trade","msg":"Transaction (\u001b[33m45EzVTHp...PHxP428Q\u001b[39m) sent to swap \u001b[32m0.048659118\u001b[39m WSOL to ~\u001b[32m1,535,139.067959\u001b[39m EGGLON for account (\u001b[35m374J...V3St\u001b[39m)"}
{"level":30,"time":1745165666757,"name":"trade","msg":"Transaction (\u001b[33m45EzVTHp...PHxP428Q\u001b[39m) confirmed: \u001b[34m\u001b]8;;https://solscan.io/tx/45EzVTHp9H8Ro5z7BMNEJYZHV3kjzJYbNHW2M34wcSVG9yaVakaKApARQBeNPnrYunECe8mSRXMGF4CHPHxP428Q?cluster=mainnet-beta\u001b\\<Transaction link>\u001b]8;;\u001b\\\u001b[39m"}
{"level":30,"time":1745165666757,"name":"trade","msg":"Cycle: \u001b[32m21\u001b[39m. Trade: \u001b[32m22\u001b[39m/\u001b[32m102\u001b[39m. Buy transactions executed: \u001b[32m1\u001b[39m. Pausing: \u001b[32m4.943\u001b[39m sec"}
{"level":30,"time":1745165671701,"name":"trade","msg":"\u001b[90m--------------------------------------------------------------------------------\u001b[39m"}
{"level":30,"time":1745165672658,"name":"trade","msg":"Transaction (\u001b[33m4hooDq46...5oh4hY48\u001b[39m) sent to swap \u001b[32m0.025031926\u001b[39m WSOL to ~\u001b[32m792,621.577575\u001b[39m EGGLON for account (\u001b[35mEtcy...HJe4\u001b[39m)"}
{"level":30,"time":1745165677856,"name":"trade","msg":"Transaction (\u001b[33m4hooDq46...5oh4hY48\u001b[39m) confirmed: \u001b[34m\u001b]8;;https://solscan.io/tx/4hooDq46WPah1ggDenQbiFRRwfXbFCTGtVxemEN1AW3iqwnNx3AKozKC29m1PMdPrbHrLvsBTFG8u2Ct5oh4hY48?cluster=mainnet-beta\u001b\\<Transaction link>\u001b]8;;\u001b\\\u001b[39m"}
{"level":30,"time":1745165677856,"name":"trade","msg":"Cycle: \u001b[32m21\u001b[39m. Trade: \u001b[32m23\u001b[39m/\u001b[32m102\u001b[39m. Buy transactions executed: \u001b[32m1\u001b[39m. Pausing: \u001b[32m7.333\u001b[39m sec"}
{"level":30,"time":1745165685193,"name":"trade","msg":"\u001b[90m--------------------------------------------------------------------------------\u001b[39m"}
{"level":30,"time":1745165686112,"name":"trade","msg":"Transaction (\u001b[33m46uz12Jc...sYoRU4BY\u001b[39m) sent to swap \u001b[32m0.040250916\u001b[39m WSOL to ~\u001b[32m1,271,521.645096\u001b[39m EGGLON for account (\u001b[35mHCR1...46PC\u001b[39m)"}
{"level":30,"time":1745165691263,"name":"trade","msg":"Transaction (\u001b[33m46uz12Jc...sYoRU4BY\u001b[39m) confirmed: \u001b[34m\u001b]8;;https://solscan.io/tx/46uz12Jc51vue4jX8vm3gdm5rbWjwaWt8TnUGFogHpnfeMba5aA4UDmLrHP5wW1fdriosimpU4URhBVKsYoRU4BY?cluster=mainnet-beta\u001b\\<Transaction link>\u001b]8;;\u001b\\\u001b[39m"}
{"level":30,"time":1745165691264,"name":"trade","msg":"Cycle: \u001b[32m21\u001b[39m. Trade: \u001b[32m24\u001b[39m/\u001b[32m102\u001b[39m. Buy transactions executed: \u001b[32m1\u001b[39m. Pausing: \u001b[32m7.013\u001b[39m sec"}
{"level":30,"time":1745165698280,"name":"trade","msg":"\u001b[90m--------------------------------------------------------------------------------\u001b[39m"}
{"level":30,"time":1745165699127,"name":"trade","msg":"Transaction (\u001b[33m5oaEXTAM...wvgfFpQ7\u001b[39m) sent to swap \u001b[32m3,227,880.3659\u001b[39m EGGLON to ~\u001b[32m0.099469211\u001b[39m WSOL for account (\u001b[35m37vg...RDCz\u001b[39m)"}
{"level":30,"time":1745165704525,"name":"trade","msg":"Transaction (\u001b[33m5oaEXTAM...wvgfFpQ7\u001b[39m) confirmed: \u001b[34m\u001b]8;;https://solscan.io/tx/5oaEXTAM3jgtk8tdNUGWm7dvV3YVMTtQfQcfKbhU8Fbw5vGtiToHMUEw4pzYFdz8M6CT95LjVHtLCKsPwvgfFpQ7?cluster=mainnet-beta\u001b\\<Transaction link>\u001b]8;;\u001b\\\u001b[39m"}
{"level":30,"time":1745165704525,"name":"trade","msg":"Cycle: \u001b[32m21\u001b[39m. Trade: \u001b[32m25\u001b[39m/\u001b[32m102\u001b[39m. Sell transactions executed: \u001b[32m1\u001b[39m. Pausing: \u001b[32m5.07\u001b[39m sec"}
{"level":30,"time":1745165709596,"name":"trade","msg":"\u001b[90m--------------------------------------------------------------------------------\u001b[39m"}
{"level":40,"time":1745165709893,"name":"trade","msg":"Trader (\u001b[35mC8fh...JjQg\u001b[39m) has insufficient balance on wallet: \u001b[32m0.018903174\u001b[39m SOL"}
{"level":40,"time":1745165709893,"name":"trade","msg":"Cycle: \u001b[32m21\u001b[39m. Trade: \u001b[32m26\u001b[39m/\u001b[32m102\u001b[39m. No buy transactions found. Skipping"}
{"level":30,"time":1745165709893,"name":"trade","msg":"\u001b[90m--------------------------------------------------------------------------------\u001b[39m"}
{"level":30,"time":1745165710988,"name":"trade","msg":"Transaction (\u001b[33m3XKGwa6x...vZ8KaBo5\u001b[39m) sent to swap \u001b[32m0.042945306\u001b[39m WSOL to ~\u001b[32m1,356,071.901872\u001b[39m EGGLON for account (\u001b[35m92Wj...UFqe\u001b[39m)"}
{"level":30,"time":1745165716119,"name":"trade","msg":"Transaction (\u001b[33m3XKGwa6x...vZ8KaBo5\u001b[39m) confirmed: \u001b[34m\u001b]8;;https://solscan.io/tx/3XKGwa6x7gB3T9nHzLJHekhMb6VWeFkabymxpC8F7xostsarGiKp8kBo8jdqN2Rn262s5WYkBXSmePrfvZ8KaBo5?cluster=mainnet-beta\u001b\\<Transaction link>\u001b]8;;\u001b\\\u001b[39m"}
{"level":30,"time":1745165716119,"name":"trade","msg":"Cycle: \u001b[32m21\u001b[39m. Trade: \u001b[32m27\u001b[39m/\u001b[32m102\u001b[39m. Buy transactions executed: \u001b[32m1\u001b[39m. Pausing: \u001b[32m6.757\u001b[39m sec"}
{"level":30,"time":1745165722879,"name":"trade","msg":"\u001b[90m--------------------------------------------------------------------------------\u001b[39m"}
{"level":30,"time":1745165725013,"name":"trade","msg":"Transaction (\u001b[33m2EAftPep...E4JmsXiN\u001b[39m) sent to swap \u001b[32m0.044197459\u001b[39m WSOL to ~\u001b[32m1,395,340.641002\u001b[39m EGGLON for account (\u001b[35m38fH...Yv3v\u001b[39m)"}
{"level":30,"time":1745165730157,"name":"trade","msg":"Transaction (\u001b[33m2EAftPep...E4JmsXiN\u001b[39m) confirmed: \u001b[34m\u001b]8;;https://solscan.io/tx/2EAftPepEbDkYNWYmWJeeiKWqWyVHetRx2XUYNRZWwviLegSHoRz8Q1Ff5juHUp57h4ffAA9ocbymxNqE4JmsXiN?cluster=mainnet-beta\u001b\\<Transaction link>\u001b]8;;\u001b\\\u001b[39m"}
{"level":30,"time":1745165730158,"name":"trade","msg":"Cycle: \u001b[32m21\u001b[39m. Trade: \u001b[32m28\u001b[39m/\u001b[32m102\u001b[39m. Buy transactions executed: \u001b[32m1\u001b[39m. Pausing: \u001b[32m7.432\u001b[39m sec"}
{"level":30,"time":1745165737591,"name":"trade","msg":"\u001b[90m--------------------------------------------------------------------------------\u001b[39m"}
{"level":30,"time":1745165738313,"name":"trade","msg":"Transaction (\u001b[33mFS8c5Wbp...A82Yf9hT\u001b[39m) sent to swap \u001b[32m0.032915997\u001b[39m WSOL to ~\u001b[32m1,040,993.594633\u001b[39m EGGLON for account (\u001b[35m5zq6...ePTH\u001b[39m)"}
{"level":30,"time":1745165743686,"name":"trade","msg":"Transaction (\u001b[33mFS8c5Wbp...A82Yf9hT\u001b[39m) confirmed: \u001b[34m\u001b]8;;https://solscan.io/tx/FS8c5WbpniTpEuybu4jXsjFzpGoB4DgkZt4iLosggkasnNqDGvHaKM18LvHfA35Zej11pi2WwbW52brA82Yf9hT?cluster=mainnet-beta\u001b\\<Transaction link>\u001b]8;;\u001b\\\u001b[39m"}
{"level":30,"time":1745165743687,"name":"trade","msg":"Cycle: \u001b[32m21\u001b[39m. Trade: \u001b[32m29\u001b[39m/\u001b[32m102\u001b[39m. Buy transactions executed: \u001b[32m1\u001b[39m. Pausing: \u001b[32m7.09\u001b[39m sec"}
{"level":30,"time":1745165750779,"name":"trade","msg":"\u001b[90m--------------------------------------------------------------------------------\u001b[39m"}
{"level":30,"time":1745165751852,"name":"trade","msg":"Transaction (\u001b[33m2N4CkK4H...uGJ1uJ69\u001b[39m) sent to swap \u001b[32m0.029010559\u001b[39m WSOL to ~\u001b[32m918,036.354786\u001b[39m EGGLON for account (\u001b[35mCdUd...XmmE\u001b[39m)"}
{"level":30,"time":1745165757015,"name":"trade","msg":"Transaction (\u001b[33m2N4CkK4H...uGJ1uJ69\u001b[39m) confirmed: \u001b[34m\u001b]8;;https://solscan.io/tx/2N4CkK4HshuvGRTCbYEw8yd9xDzWL6rcDVFCopvkQEwoyhV3zT1id6ZCeTQF73meeUeXdPFChLnD6DVcuGJ1uJ69?cluster=mainnet-beta\u001b\\<Transaction link>\u001b]8;;\u001b\\\u001b[39m"}
{"level":30,"time":1745165757015,"name":"trade","msg":"Cycle: \u001b[32m21\u001b[39m. Trade: \u001b[32m30\u001b[39m/\u001b[32m102\u001b[39m. Buy transactions executed: \u001b[32m1\u001b[39m. Pausing: \u001b[32m5.507\u001b[39m sec"}
{"level":30,"time":1745165762523,"name":"trade","msg":"\u001b[90m--------------------------------------------------------------------------------\u001b[39m"}
{"level":40,"time":1745165762689,"name":"trade","msg":"Trader (\u001b[35mGHUr...YeEc\u001b[39m) has insufficient balance on wallet: \u001b[32m0.038025011\u001b[39m SOL"}
{"level":40,"time":1745165762689,"name":"trade","msg":"Cycle: \u001b[32m21\u001b[39m. Trade: \u001b[32m31\u001b[39m/\u001b[32m102\u001b[39m. No buy transactions found. Skipping"}
{"level":30,"time":1745165762689,"name":"trade","msg":"\u001b[90m--------------------------------------------------------------------------------\u001b[39m"}
{"level":30,"time":1745165763698,"name":"trade","msg":"Transaction (\u001b[33m3nApTfS3...wdEdT83g\u001b[39m) sent to swap \u001b[32m0.045423857\u001b[39m WSOL to ~\u001b[32m1,433,786.931866\u001b[39m EGGLON for account (\u001b[35mJDwE...5TW9\u001b[39m)"}
{"level":30,"time":1745165768809,"name":"trade","msg":"Transaction (\u001b[33m3nApTfS3...wdEdT83g\u001b[39m) confirmed: \u001b[34m\u001b]8;;https://solscan.io/tx/3nApTfS3qa9SYB8QMa4kJ9ziWV9b7LzE5pykzTMNDL7eEic8haihHw2jndUFvFHF2k6neb9tbYrg7tBjwdEdT83g?cluster=mainnet-beta\u001b\\<Transaction link>\u001b]8;;\u001b\\\u001b[39m"}
{"level":30,"time":1745165768810,"name":"trade","msg":"Cycle: \u001b[32m21\u001b[39m. Trade: \u001b[32m32\u001b[39m/\u001b[32m102\u001b[39m. Buy transactions executed: \u001b[32m1\u001b[39m. Pausing: \u001b[32m4.716\u001b[39m sec"}
{"level":30,"time":1745165773526,"name":"trade","msg":"\u001b[90m--------------------------------------------------------------------------------\u001b[39m"}
{"level":30,"time":1745165774597,"name":"trade","msg":"Transaction (\u001b[33m65HDu52j...HxHmjUKP\u001b[39m) sent to swap \u001b[32m786,333.212711\u001b[39m EGGLON to ~\u001b[32m0.024519239\u001b[39m WSOL for account (\u001b[35mBvdM...dCAJ\u001b[39m)"}
{"level":30,"time":1745165779771,"name":"trade","msg":"Transaction (\u001b[33m65HDu52j...HxHmjUKP\u001b[39m) confirmed: \u001b[34m\u001b]8;;https://solscan.io/tx/65HDu52j6h7YQEF1Uj9ikShnuXCj8QHsxP7EcbY5kvA1Fk7s4nMsBNtYu2tvk97ST73K2c35dBR3Gm3YHxHmjUKP?cluster=mainnet-beta\u001b\\<Transaction link>\u001b]8;;\u001b\\\u001b[39m"}
{"level":30,"time":1745165779771,"name":"trade","msg":"Cycle: \u001b[32m21\u001b[39m. Trade: \u001b[32m33\u001b[39m/\u001b[32m102\u001b[39m. Sell transactions executed: \u001b[32m1\u001b[39m. Pausing: \u001b[32m7.865\u001b[39m sec"}
{"level":30,"time":1745165787640,"name":"trade","msg":"\u001b[90m--------------------------------------------------------------------------------\u001b[39m"}
{"level":40,"time":1745165787790,"name":"trade","msg":"Trader (\u001b[35mH8cc...uU24\u001b[39m) has insufficient balance on wallet: \u001b[32m0.005965928\u001b[39m SOL"}
{"level":40,"time":1745165787790,"name":"trade","msg":"Cycle: \u001b[32m21\u001b[39m. Trade: \u001b[32m34\u001b[39m/\u001b[32m102\u001b[39m. No buy transactions found. Skipping"}
{"level":30,"time":1745165787790,"name":"trade","msg":"\u001b[90m--------------------------------------------------------------------------------\u001b[39m"}
{"level":30,"time":1745165788509,"name":"trade","msg":"Transaction (\u001b[33mLpRqUxS1...XBbqXVp1\u001b[39m) sent to swap \u001b[32m0.044053129\u001b[39m WSOL to ~\u001b[32m1,390,815.09356\u001b[39m EGGLON for account (\u001b[35mEk8n...4STr\u001b[39m)"}
{"level":30,"time":1745165793695,"name":"trade","msg":"Transaction (\u001b[33mLpRqUxS1...XBbqXVp1\u001b[39m) confirmed: \u001b[34m\u001b]8;;https://solscan.io/tx/LpRqUxS13EMPdYrWLaATPmsiw6k1nK1DpNKQFTXwVPhsWFxdUHxLvRusMGQxf3xBt75K3nPhecDy11oXBbqXVp1?cluster=mainnet-beta\u001b\\<Transaction link>\u001b]8;;\u001b\\\u001b[39m"}
{"level":30,"time":1745165793695,"name":"trade","msg":"Cycle: \u001b[32m21\u001b[39m. Trade: \u001b[32m35\u001b[39m/\u001b[32m102\u001b[39m. Buy transactions executed: \u001b[32m1\u001b[39m. Pausing: \u001b[32m6.03\u001b[39m sec"}
{"level":30,"time":1745165799727,"name":"trade","msg":"\u001b[90m--------------------------------------------------------------------------------\u001b[39m"}
{"level":30,"time":1745165800499,"name":"trade","msg":"Transaction (\u001b[33m2DvSCwxk...vrdBRC97\u001b[39m) sent to swap \u001b[32m0.049741739\u001b[39m WSOL to ~\u001b[32m1,569,032.073276\u001b[39m EGGLON for account (\u001b[35mEmx8...DGhN\u001b[39m)"}
{"level":30,"time":1745165805675,"name":"trade","msg":"Transaction (\u001b[33m2DvSCwxk...vrdBRC97\u001b[39m) confirmed: \u001b[34m\u001b]8;;https://solscan.io/tx/2DvSCwxkSNYoASVvTujKwEM7MJDbY2G13Nfd278KH2yz3cEDipMageNCYDNVHscCs3nSFKexm9vVhw82vrdBRC97?cluster=mainnet-beta\u001b\\<Transaction link>\u001b]8;;\u001b\\\u001b[39m"}
{"level":30,"time":1745165805675,"name":"trade","msg":"Cycle: \u001b[32m21\u001b[39m. Trade: \u001b[32m36\u001b[39m/\u001b[32m102\u001b[39m. Buy transactions executed: \u001b[32m1\u001b[39m. Pausing: \u001b[32m7.367\u001b[39m sec"}
{"level":30,"time":1745165813046,"name":"trade","msg":"\u001b[90m--------------------------------------------------------------------------------\u001b[39m"}
{"level":30,"time":1745165814421,"name":"trade","msg":"Transaction (\u001b[33m5gvtNKsV...21p3Axbq\u001b[39m) sent to swap \u001b[32m907,850.331569\u001b[39m EGGLON to ~\u001b[32m0.028291626\u001b[39m WSOL for account (\u001b[35m6dX9...eG8s\u001b[39m)"}
{"level":30,"time":1745165819756,"name":"trade","msg":"Transaction (\u001b[33m5gvtNKsV...21p3Axbq\u001b[39m) confirmed: \u001b[34m\u001b]8;;https://solscan.io/tx/5gvtNKsVA8DPocnHXUZGqAtP5WriHsUNg5asBdLt4EdKmYRYK5rBkVL1BxaSxuCvqpLP77snyduDMj8G21p3Axbq?cluster=mainnet-beta\u001b\\<Transaction link>\u001b]8;;\u001b\\\u001b[39m"}
{"level":30,"time":1745165819757,"name":"trade","msg":"Cycle: \u001b[32m21\u001b[39m. Trade: \u001b[32m37\u001b[39m/\u001b[32m102\u001b[39m. Sell transactions executed: \u001b[32m1\u001b[39m. Pausing: \u001b[32m6.863\u001b[39m sec"}
{"level":30,"time":1745165826622,"name":"trade","msg":"\u001b[90m--------------------------------------------------------------------------------\u001b[39m"}
{"level":30,"time":1745165827479,"name":"trade","msg":"Transaction (\u001b[33m3JbnCV7C...QHxmGtSv\u001b[39m) sent to swap \u001b[32m0.033836762\u001b[39m WSOL to ~\u001b[32m1,069,960.918884\u001b[39m EGGLON for account (\u001b[35mAten...8Tyw\u001b[39m)"}
{"level":30,"time":1745165832761,"name":"trade","msg":"Transaction (\u001b[33m3JbnCV7C...QHxmGtSv\u001b[39m) confirmed: \u001b[34m\u001b]8;;https://solscan.io/tx/3JbnCV7C1Sv1W66sDn4kAC4miBM2nx95qTyae8q6464ftJEZXBxzexQP6M8yGVpCtfNiNwtLM7ZY9XjFQHxmGtSv?cluster=mainnet-beta\u001b\\<Transaction link>\u001b]8;;\u001b\\\u001b[39m"}
{"level":30,"time":1745165832762,"name":"trade","msg":"Cycle: \u001b[32m21\u001b[39m. Trade: \u001b[32m38\u001b[39m/\u001b[32m102\u001b[39m. Buy transactions executed: \u001b[32m1\u001b[39m. Pausing: \u001b[32m4.716\u001b[39m sec"}
{"level":30,"time":1745165837479,"name":"trade","msg":"\u001b[90m--------------------------------------------------------------------------------\u001b[39m"}
{"level":30,"time":1745165838405,"name":"trade","msg":"Transaction (\u001b[33m3AteyGC9...GRgzkbEZ\u001b[39m) sent to swap \u001b[32m305.357354\u001b[39m EGGLON to ~\u001b[32m0.000009558\u001b[39m WSOL for account (\u001b[35m96GE...HhBZ\u001b[39m)"}
{"level":30,"time":1745165843600,"name":"trade","msg":"Transaction (\u001b[33m3AteyGC9...GRgzkbEZ\u001b[39m) confirmed: \u001b[34m\u001b]8;;https://solscan.io/tx/3AteyGC9YkXgR5qK1W8rp1wUg1i8DupuMHyHFUq6hDHWzmQ1LnvUbp9kNTgpDHpiJLsiUjx6o64SHbxQGRgzkbEZ?cluster=mainnet-beta\u001b\\<Transaction link>\u001b]8;;\u001b\\\u001b[39m"}
{"level":30,"time":1745165843600,"name":"trade","msg":"Cycle: \u001b[32m21\u001b[39m. Trade: \u001b[32m39\u001b[39m/\u001b[32m102\u001b[39m. Sell transactions executed: \u001b[32m1\u001b[39m. Pausing: \u001b[32m4.907\u001b[39m sec"}
{"level":30,"time":1745165848508,"name":"trade","msg":"\u001b[90m--------------------------------------------------------------------------------\u001b[39m"}
{"level":30,"time":1745165849476,"name":"trade","msg":"Transaction (\u001b[33m2Yp3wcRB...Ji544C7u\u001b[39m) sent to swap \u001b[32m0.033843052\u001b[39m WSOL to ~\u001b[32m1,070,158.765617\u001b[39m EGGLON for account (\u001b[35m9FHp...nbx6\u001b[39m)"}
{"level":30,"time":1745165854628,"name":"trade","msg":"Transaction (\u001b[33m2Yp3wcRB...Ji544C7u\u001b[39m) confirmed: \u001b[34m\u001b]8;;https://solscan.io/tx/2Yp3wcRBuBV6AAkj9xxvmKuZzMKHthdmg3iwuHQ5AqCA89aXHmP4s9nXzKh6b9MDY3x352Bm1Z2P6aPkJi544C7u?cluster=mainnet-beta\u001b\\<Transaction link>\u001b]8;;\u001b\\\u001b[39m"}
{"level":30,"time":1745165854629,"name":"trade","msg":"Cycle: \u001b[32m21\u001b[39m. Trade: \u001b[32m40\u001b[39m/\u001b[32m102\u001b[39m. Buy transactions executed: \u001b[32m1\u001b[39m. Pausing: \u001b[32m5.705\u001b[39m sec"}
{"level":30,"time":1745165860336,"name":"trade","msg":"\u001b[90m--------------------------------------------------------------------------------\u001b[39m"}
{"level":40,"time":1745165860446,"name":"trade","msg":"Trader (\u001b[35m65HN...fcuS\u001b[39m) has insufficient balance on wallet: \u001b[32m0.01092974\u001b[39m SOL"}
{"level":40,"time":1745165860446,"name":"trade","msg":"Cycle: \u001b[32m21\u001b[39m. Trade: \u001b[32m41\u001b[39m/\u001b[32m102\u001b[39m. No buy transactions found. Skipping"}
{"level":30,"time":1745165860446,"name":"trade","msg":"\u001b[90m--------------------------------------------------------------------------------\u001b[39m"}
{"level":30,"time":1745165861703,"name":"trade","msg":"Transaction (\u001b[33m2xDFgvEi...vWGG6e9h\u001b[39m) sent to swap \u001b[32m0.027796003\u001b[39m WSOL to ~\u001b[32m879,767.411671\u001b[39m EGGLON for account (\u001b[35mHR6r...Zcov\u001b[39m)"}
{"level":30,"time":1745165866824,"name":"trade","msg":"Transaction (\u001b[33m2xDFgvEi...vWGG6e9h\u001b[39m) confirmed: \u001b[34m\u001b]8;;https://solscan.io/tx/2xDFgvEiEUk6c22pFeyhPDPoHPGKhN75vpJx9EivLHP4DwDvaRjavJwyffLc1f3b7kR9u1oG4qL8BRqpvWGG6e9h?cluster=mainnet-beta\u001b\\<Transaction link>\u001b]8;;\u001b\\\u001b[39m"}
{"level":30,"time":1745165866824,"name":"trade","msg":"Cycle: \u001b[32m21\u001b[39m. Trade: \u001b[32m42\u001b[39m/\u001b[32m102\u001b[39m. Buy transactions executed: \u001b[32m1\u001b[39m. Pausing: \u001b[32m4.542\u001b[39m sec"}
{"level":30,"time":1745165871367,"name":"trade","msg":"\u001b[90m--------------------------------------------------------------------------------\u001b[39m"}
{"level":40,"time":1745165871465,"name":"trade","msg":"Trader (\u001b[35mHWbA...U6Zv\u001b[39m) has insufficient balance on wallet: \u001b[32m0.021409839\u001b[39m SOL"}
{"level":40,"time":1745165871465,"name":"trade","msg":"Cycle: \u001b[32m21\u001b[39m. Trade: \u001b[32m43\u001b[39m/\u001b[32m102\u001b[39m. No buy transactions found. Skipping"}
{"level":30,"time":1745165871465,"name":"trade","msg":"\u001b[90m--------------------------------------------------------------------------------\u001b[39m"}
{"level":40,"time":1745165871672,"name":"trade","msg":"Account (\u001b[35mCrnL...Ucdr\u001b[39m) has too low amount to swap: \u001b[32m0.000005\u001b[39m EGGLON"}
{"level":40,"time":1745165871673,"name":"trade","msg":"Cycle: \u001b[32m21\u001b[39m. Trade: \u001b[32m44\u001b[39m/\u001b[32m102\u001b[39m. No sell transactions found. Skipping"}
{"level":30,"time":1745165871673,"name":"trade","msg":"\u001b[90m--------------------------------------------------------------------------------\u001b[39m"}
{"level":30,"time":1745165872442,"name":"trade","msg":"Transaction (\u001b[33m4DZUMoDv...aJYZjH5q\u001b[39m) sent to swap \u001b[32m0.025830166\u001b[39m WSOL to ~\u001b[32m817,796.157428\u001b[39m EGGLON for account (\u001b[35m7bBd...o2Mq\u001b[39m)"}
{"level":30,"time":1745165877558,"name":"trade","msg":"Transaction (\u001b[33m4DZUMoDv...aJYZjH5q\u001b[39m) confirmed: \u001b[34m\u001b]8;;https://solscan.io/tx/4DZUMoDvqs9PRxheFKYxTF3GQpGDYhMTLNqG6FaTJbwi1y3fveFKY6f99QiXXpJtZtfbL9BAJGqb8LvZaJYZjH5q?cluster=mainnet-beta\u001b\\<Transaction link>\u001b]8;;\u001b\\\u001b[39m"}
{"level":30,"time":1745165877559,"name":"trade","msg":"Cycle: \u001b[32m21\u001b[39m. Trade: \u001b[32m45\u001b[39m/\u001b[32m102\u001b[39m. Buy transactions executed: \u001b[32m1\u001b[39m. Pausing: \u001b[32m4.432\u001b[39m sec"}
{"level":30,"time":1745165881992,"name":"trade","msg":"\u001b[90m--------------------------------------------------------------------------------\u001b[39m"}
{"level":30,"time":1745165882735,"name":"trade","msg":"Transaction (\u001b[33m4UDb8MoW...F9uodxrt\u001b[39m) sent to swap \u001b[32m150.367668\u001b[39m EGGLON to ~\u001b[32m0.000004706\u001b[39m WSOL for account (\u001b[35m2XNi...6RYh\u001b[39m)"}
{"level":30,"time":1745165887846,"name":"trade","msg":"Transaction (\u001b[33m4UDb8MoW...F9uodxrt\u001b[39m) confirmed: \u001b[34m\u001b]8;;https://solscan.io/tx/4UDb8MoWKJXicNVDoNaqMshPEs3FrTewU2RfZ7eNa5q7NY8UQ1ckJypS9Sbw7kLUnsxFRKKvVEfmkXFwF9uodxrt?cluster=mainnet-beta\u001b\\<Transaction link>\u001b]8;;\u001b\\\u001b[39m"}
{"level":30,"time":1745165887847,"name":"trade","msg":"Cycle: \u001b[32m21\u001b[39m. Trade: \u001b[32m46\u001b[39m/\u001b[32m102\u001b[39m. Sell transactions executed: \u001b[32m1\u001b[39m. Pausing: \u001b[32m5.286\u001b[39m sec"}
{"level":30,"time":1745165893135,"name":"trade","msg":"\u001b[90m--------------------------------------------------------------------------------\u001b[39m"}
{"level":30,"time":1745165894610,"name":"trade","msg":"Transaction (\u001b[33m2HnAvEou...uzLL3UjH\u001b[39m) sent to swap \u001b[32m0.043518145\u001b[39m WSOL to ~\u001b[32m1,374,038.575925\u001b[39m EGGLON for account (\u001b[35mENEa...KN8G\u001b[39m)"}
{"level":30,"time":1745165899748,"name":"trade","msg":"Transaction (\u001b[33m2HnAvEou...uzLL3UjH\u001b[39m) confirmed: \u001b[34m\u001b]8;;https://solscan.io/tx/2HnAvEouCH18f8w8bko8pfqcJGg1QwBPKmsCakaw1ZiaDuFDk3pwYMQ1XHsQWCmneN3xKdkSfB3YLsAjuzLL3UjH?cluster=mainnet-beta\u001b\\<Transaction link>\u001b]8;;\u001b\\\u001b[39m"}
{"level":30,"time":1745165899748,"name":"trade","msg":"Cycle: \u001b[32m21\u001b[39m. Trade: \u001b[32m47\u001b[39m/\u001b[32m102\u001b[39m. Buy transactions executed: \u001b[32m1\u001b[39m. Pausing: \u001b[32m7.095\u001b[39m sec"}
{"level":30,"time":1745165906846,"name":"trade","msg":"\u001b[90m--------------------------------------------------------------------------------\u001b[39m"}
{"level":30,"time":1745165907801,"name":"trade","msg":"Transaction (\u001b[33m5fzd81Ad...eKmjBMiy\u001b[39m) sent to swap \u001b[32m0.033168395\u001b[39m WSOL to ~\u001b[32m1,048,934.873893\u001b[39m EGGLON for account (\u001b[35mFkVt...zc5H\u001b[39m)"}
{"level":30,"time":1745165913057,"name":"trade","msg":"Transaction (\u001b[33m5fzd81Ad...eKmjBMiy\u001b[39m) confirmed: \u001b[34m\u001b]8;;https://solscan.io/tx/5fzd81Ad8GvyUDFB2KrfYKoGG6DnwKq2Nb35cYK91cDCHHJ7mnN2Tt67QjB3ymrHnZDRUYsANAMBR6mkeKmjBMiy?cluster=mainnet-beta\u001b\\<Transaction link>\u001b]8;;\u001b\\\u001b[39m"}
{"level":30,"time":1745165913058,"name":"trade","msg":"Cycle: \u001b[32m21\u001b[39m. Trade: \u001b[32m48\u001b[39m/\u001b[32m102\u001b[39m. Buy transactions executed: \u001b[32m1\u001b[39m. Pausing: \u001b[32m7.393\u001b[39m sec"}
{"level":30,"time":1745165920454,"name":"trade","msg":"\u001b[90m--------------------------------------------------------------------------------\u001b[39m"}
{"level":30,"time":1745165921327,"name":"trade","msg":"Transaction (\u001b[33mEtn4kqJo...M6HixfZ1\u001b[39m) sent to swap \u001b[32m2,666,019.820943\u001b[39m EGGLON to ~\u001b[32m0.082377689\u001b[39m WSOL for account (\u001b[35mBYX7...VS3h\u001b[39m)"}
{"level":30,"time":1745165926463,"name":"trade","msg":"Transaction (\u001b[33mEtn4kqJo...M6HixfZ1\u001b[39m) confirmed: \u001b[34m\u001b]8;;https://solscan.io/tx/Etn4kqJoKXDiw5uXGjGR4gSPcRSmDB8RkMy9jgcVbMt3V5vzpYcYtxWsQNGWLh88Akf4hQfiduZzJ6yM6HixfZ1?cluster=mainnet-beta\u001b\\<Transaction link>\u001b]8;;\u001b\\\u001b[39m"}
{"level":30,"time":1745165926463,"name":"trade","msg":"Cycle: \u001b[32m21\u001b[39m. Trade: \u001b[32m49\u001b[39m/\u001b[32m102\u001b[39m. Sell transactions executed: \u001b[32m1\u001b[39m. Pausing: \u001b[32m7.893\u001b[39m sec"}
{"level":30,"time":1745165934360,"name":"trade","msg":"\u001b[90m--------------------------------------------------------------------------------\u001b[39m"}
{"level":30,"time":1745165938253,"name":"trade","msg":"Transaction (\u001b[33m2iqaDwua...3r91BW1h\u001b[39m) sent to swap \u001b[32m0.025881894\u001b[39m WSOL to ~\u001b[32m819,427.330754\u001b[39m EGGLON for account (\u001b[35mHmd4...1nr4\u001b[39m)"}
{"level":30,"time":1745165943357,"name":"trade","msg":"Transaction (\u001b[33m2iqaDwua...3r91BW1h\u001b[39m) confirmed: \u001b[34m\u001b]8;;https://solscan.io/tx/2iqaDwuaRuj8jVbMHJUrvC77SA4feXphY3KC5oz2ieaMWE8ybBRanRLZQxtYX7u2SehWLnX6H6v8oaeT3r91BW1h?cluster=mainnet-beta\u001b\\<Transaction link>\u001b]8;;\u001b\\\u001b[39m"}
{"level":30,"time":1745165943357,"name":"trade","msg":"Cycle: \u001b[32m21\u001b[39m. Trade: \u001b[32m50\u001b[39m/\u001b[32m102\u001b[39m. Buy transactions executed: \u001b[32m1\u001b[39m. Pausing: \u001b[32m5.995\u001b[39m sec"}
{"level":30,"time":1745165949354,"name":"trade","msg":"\u001b[90m--------------------------------------------------------------------------------\u001b[39m"}
{"level":30,"time":1745165950558,"name":"trade","msg":"Transaction (\u001b[33m39qLwVco...PRsr6GuL\u001b[39m) sent to swap \u001b[32m0.027822615\u001b[39m WSOL to ~\u001b[32m880,606.08904\u001b[39m EGGLON for account (\u001b[35mPcUM...TMW5\u001b[39m)"}
{"level":30,"time":1745165955655,"name":"trade","msg":"Transaction (\u001b[33m39qLwVco...PRsr6GuL\u001b[39m) confirmed: \u001b[34m\u001b]8;;https://solscan.io/tx/39qLwVco2Z1gmg1hXfR8fXS6egjGxXzbaYJaoQXtAqaT23qYEaiRpHz7W9n3Bt59CSjCYuLzChqu3DLNPRsr6GuL?cluster=mainnet-beta\u001b\\<Transaction link>\u001b]8;;\u001b\\\u001b[39m"}
{"level":30,"time":1745165955655,"name":"trade","msg":"Cycle: \u001b[32m21\u001b[39m. Trade: \u001b[32m51\u001b[39m/\u001b[32m102\u001b[39m. Buy transactions executed: \u001b[32m1\u001b[39m. Pausing: \u001b[32m5.709\u001b[39m sec"}
{"level":30,"time":1745165961366,"name":"trade","msg":"\u001b[90m--------------------------------------------------------------------------------\u001b[39m"}
{"level":30,"time":1745165962289,"name":"trade","msg":"Transaction (\u001b[33m31Dm8ndW...PkBnXXFi\u001b[39m) sent to swap \u001b[32m0.040441776\u001b[39m WSOL to ~\u001b[32m1,277,513.177197\u001b[39m EGGLON for account (\u001b[35mCn8c...PgNg\u001b[39m)"}
{"level":30,"time":1745165967404,"name":"trade","msg":"Transaction (\u001b[33m31Dm8ndW...PkBnXXFi\u001b[39m) confirmed: \u001b[34m\u001b]8;;https://solscan.io/tx/31Dm8ndWDBKo8LLYjosXAtqg71WUXXPSjZqVFrszaMiBJJP3cq1Wc1RdKTxh1GNjVCwV4yuzpnKfuL1cPkBnXXFi?cluster=mainnet-beta\u001b\\<Transaction link>\u001b]8;;\u001b\\\u001b[39m"}
{"level":30,"time":1745165967404,"name":"trade","msg":"Cycle: \u001b[32m21\u001b[39m. Trade: \u001b[32m52\u001b[39m/\u001b[32m102\u001b[39m. Buy transactions executed: \u001b[32m1\u001b[39m. Pausing: \u001b[32m4.908\u001b[39m sec"}
{"level":30,"time":1745165972313,"name":"trade","msg":"\u001b[90m--------------------------------------------------------------------------------\u001b[39m"}
{"level":30,"time":1745165973346,"name":"trade","msg":"Transaction (\u001b[33m3MxouTX2...dJJrErF1\u001b[39m) sent to swap \u001b[32m723.614279\u001b[39m EGGLON to ~\u001b[32m0.00002265\u001b[39m WSOL for account (\u001b[35mAcMU...HeFt\u001b[39m)"}
{"level":30,"time":1745165978524,"name":"trade","msg":"Transaction (\u001b[33m3MxouTX2...dJJrErF1\u001b[39m) confirmed: \u001b[34m\u001b]8;;https://solscan.io/tx/3MxouTX2ogUcJWHvr3D78aquvqBnTprfBoADk7N6yZFNHZKU5Wyht5iKbK1h8TB55V89qchud3UUsjnzdJJrErF1?cluster=mainnet-beta\u001b\\<Transaction link>\u001b]8;;\u001b\\\u001b[39m"}
{"level":30,"time":1745165978525,"name":"trade","msg":"Cycle: \u001b[32m21\u001b[39m. Trade: \u001b[32m53\u001b[39m/\u001b[32m102\u001b[39m. Sell transactions executed: \u001b[32m1\u001b[39m. Pausing: \u001b[32m6.492\u001b[39m sec"}
{"level":30,"time":1745165985020,"name":"trade","msg":"\u001b[90m--------------------------------------------------------------------------------\u001b[39m"}
{"level":30,"time":1745165985796,"name":"trade","msg":"Transaction (\u001b[33m43Zwp5qm...expmQTe7\u001b[39m) sent to swap \u001b[32m102.128625\u001b[39m EGGLON to ~\u001b[32m0.000003196\u001b[39m WSOL for account (\u001b[35mFsKA...s2H7\u001b[39m)"}
{"level":30,"time":1745165990921,"name":"trade","msg":"Transaction (\u001b[33m43Zwp5qm...expmQTe7\u001b[39m) confirmed: \u001b[34m\u001b]8;;https://solscan.io/tx/43Zwp5qmaYZZGRkVxDPkVg9TYAG25v6bQNHiTvLQwykzvakkyU5d6V9T4X8nGvkT6TrFRwzNQySP6g3AexpmQTe7?cluster=mainnet-beta\u001b\\<Transaction link>\u001b]8;;\u001b\\\u001b[39m"}
{"level":30,"time":1745165990921,"name":"trade","msg":"Cycle: \u001b[32m21\u001b[39m. Trade: \u001b[32m54\u001b[39m/\u001b[32m102\u001b[39m. Sell transactions executed: \u001b[32m1\u001b[39m. Pausing: \u001b[32m7.116\u001b[39m sec"}
{"level":30,"time":1745165998040,"name":"trade","msg":"\u001b[90m--------------------------------------------------------------------------------\u001b[39m"}
{"level":30,"time":1745165999978,"name":"trade","msg":"Transaction (\u001b[33m4rpFVMHK...1guP9BWt\u001b[39m) sent to swap \u001b[32m0.038273247\u001b[39m WSOL to ~\u001b[32m1,209,417.30139\u001b[39m EGGLON for account (\u001b[35mAs1u...XK3D\u001b[39m)"}
{"level":30,"time":1745166005119,"name":"trade","msg":"Transaction (\u001b[33m4rpFVMHK...1guP9BWt\u001b[39m) confirmed: \u001b[34m\u001b]8;;https://solscan.io/tx/4rpFVMHKdZ7RFmULpQTtFBrJNY7qoGuAd2NVQpZ7NXbRHq3TrszHk1WgmFA6yobGJP4Tr5JVwGT3gooG1guP9BWt?cluster=mainnet-beta\u001b\\<Transaction link>\u001b]8;;\u001b\\\u001b[39m"}
{"level":30,"time":1745166005119,"name":"trade","msg":"Cycle: \u001b[32m21\u001b[39m. Trade: \u001b[32m55\u001b[39m/\u001b[32m102\u001b[39m. Buy transactions executed: \u001b[32m1\u001b[39m. Pausing: \u001b[32m5.013\u001b[39m sec"}
{"level":30,"time":1745166010133,"name":"trade","msg":"\u001b[90m--------------------------------------------------------------------------------\u001b[39m"}
{"level":30,"time":1745166011001,"name":"trade","msg":"Transaction (\u001b[33m5tznc6kc...CwvJd2zr\u001b[39m) sent to swap \u001b[32m0.03725125\u001b[39m WSOL to ~\u001b[32m1,177,308.838339\u001b[39m EGGLON for account (\u001b[35mCpgA...wzAA\u001b[39m)"}
{"level":30,"time":1745166016187,"name":"trade","msg":"Transaction (\u001b[33m5tznc6kc...CwvJd2zr\u001b[39m) confirmed: \u001b[34m\u001b]8;;https://solscan.io/tx/5tznc6kckCk2GWKw79qzEBfTF4PCPbMVKmGomHRdhZXpmfGUXT5fT6QzfsYYuxqPCcKhv9NrbhL8nSpoCwvJd2zr?cluster=mainnet-beta\u001b\\<Transaction link>\u001b]8;;\u001b\\\u001b[39m"}
{"level":30,"time":1745166016187,"name":"trade","msg":"Cycle: \u001b[32m21\u001b[39m. Trade: \u001b[32m56\u001b[39m/\u001b[32m102\u001b[39m. Buy transactions executed: \u001b[32m1\u001b[39m. Pausing: \u001b[32m6.793\u001b[39m sec"}
{"level":30,"time":1745166022983,"name":"trade","msg":"\u001b[90m--------------------------------------------------------------------------------\u001b[39m"}
{"level":30,"time":1745166023734,"name":"trade","msg":"Transaction (\u001b[33m2LguNeC6...9agJUSoq\u001b[39m) sent to swap \u001b[32m0.033887161\u001b[39m WSOL to ~\u001b[32m1,071,546.236204\u001b[39m EGGLON for account (\u001b[35m6quq...8Ngi\u001b[39m)"}
{"level":30,"time":1745166028859,"name":"trade","msg":"Transaction (\u001b[33m2LguNeC6...9agJUSoq\u001b[39m) confirmed: \u001b[34m\u001b]8;;https://solscan.io/tx/2LguNeC6b12BQWYu1xwDoeW54pRveQLSpmQCfV4WP3SwoLMX966d6NvG45tPXS4r7humuJF8RdwuzA5u9agJUSoq?cluster=mainnet-beta\u001b\\<Transaction link>\u001b]8;;\u001b\\\u001b[39m"}
{"level":30,"time":1745166028860,"name":"trade","msg":"Cycle: \u001b[32m21\u001b[39m. Trade: \u001b[32m57\u001b[39m/\u001b[32m102\u001b[39m. Buy transactions executed: \u001b[32m1\u001b[39m. Pausing: \u001b[32m6.985\u001b[39m sec"}
{"level":30,"time":1745166035847,"name":"trade","msg":"\u001b[90m--------------------------------------------------------------------------------\u001b[39m"}
{"level":30,"time":1745166036788,"name":"trade","msg":"Transaction (\u001b[33m411XoLXn...XSJ5AJEf\u001b[39m) sent to swap \u001b[32m0.037069347\u001b[39m WSOL to ~\u001b[32m1,171,592.866344\u001b[39m EGGLON for account (\u001b[35m98TM...EvLi\u001b[39m)"}
{"level":30,"time":1745166042001,"name":"trade","msg":"Transaction (\u001b[33m411XoLXn...XSJ5AJEf\u001b[39m) confirmed: \u001b[34m\u001b]8;;https://solscan.io/tx/411XoLXnE4QAAbAEJhAWPJgD372APgqWfbkhBB6jsCnozcWdmPZhUm4Y7AuaJznMCciM4nAUygtBVCBwXSJ5AJEf?cluster=mainnet-beta\u001b\\<Transaction link>\u001b]8;;\u001b\\\u001b[39m"}
{"level":30,"time":1745166042001,"name":"trade","msg":"Cycle: \u001b[32m21\u001b[39m. Trade: \u001b[32m58\u001b[39m/\u001b[32m102\u001b[39m. Buy transactions executed: \u001b[32m1\u001b[39m. Pausing: \u001b[32m6.866\u001b[39m sec"}
{"level":30,"time":1745166048871,"name":"trade","msg":"\u001b[90m--------------------------------------------------------------------------------\u001b[39m"}
{"level":40,"time":1745166049048,"name":"trade","msg":"Account (\u001b[35m4Z2e...HYPm\u001b[39m) has too low amount to swap: \u001b[32m0.000005\u001b[39m EGGLON"}
{"level":40,"time":1745166049048,"name":"trade","msg":"Cycle: \u001b[32m21\u001b[39m. Trade: \u001b[32m59\u001b[39m/\u001b[32m102\u001b[39m. No sell transactions found. Skipping"}
{"level":30,"time":1745166049049,"name":"trade","msg":"\u001b[90m--------------------------------------------------------------------------------\u001b[39m"}
{"level":30,"time":1745166051004,"name":"trade","msg":"Transaction (\u001b[33m5p3GFinT...jU2E7uf4\u001b[39m) sent to swap \u001b[32m0.030303649\u001b[39m WSOL to ~\u001b[32m958,763.942433\u001b[39m EGGLON for account (\u001b[35mAyHe...E9GJ\u001b[39m)"}
{"level":30,"time":1745166056300,"name":"trade","msg":"Transaction (\u001b[33m5p3GFinT...jU2E7uf4\u001b[39m) confirmed: \u001b[34m\u001b]8;;https://solscan.io/tx/5p3GFinT7u117oUbrYmHkDtAyaBZeFmsMva5kLAwrdxATJdyWQ1dkN3cxxYaWkfLeg2wCCEw9YSELpwjjU2E7uf4?cluster=mainnet-beta\u001b\\<Transaction link>\u001b]8;;\u001b\\\u001b[39m"}
{"level":30,"time":1745166056300,"name":"trade","msg":"Cycle: \u001b[32m21\u001b[39m. Trade: \u001b[32m60\u001b[39m/\u001b[32m102\u001b[39m. Buy transactions executed: \u001b[32m1\u001b[39m. Pausing: \u001b[32m6.537\u001b[39m sec"}
{"level":30,"time":1745166062840,"name":"trade","msg":"\u001b[90m--------------------------------------------------------------------------------\u001b[39m"}
{"level":30,"time":1745166063799,"name":"trade","msg":"Transaction (\u001b[33m2zyuoW1o...VMAj6bvw\u001b[39m) sent to swap \u001b[32m57.612667\u001b[39m EGGLON to ~\u001b[32m0.000001803\u001b[39m WSOL for account (\u001b[35mCAXT...EALp\u001b[39m)"}
{"level":30,"time":1745166068947,"name":"trade","msg":"Transaction (\u001b[33m2zyuoW1o...VMAj6bvw\u001b[39m) confirmed: \u001b[34m\u001b]8;;https://solscan.io/tx/2zyuoW1oE6jQSe8dG63T38xRKWHa8FLpxpKw482D3WQVFMJ3ZuxEyYPACJWU3PWSE7gQP7kyCmL9ArKUVMAj6bvw?cluster=mainnet-beta\u001b\\<Transaction link>\u001b]8;;\u001b\\\u001b[39m"}
{"level":30,"time":1745166068947,"name":"trade","msg":"Cycle: \u001b[32m21\u001b[39m. Trade: \u001b[32m61\u001b[39m/\u001b[32m102\u001b[39m. Sell transactions executed: \u001b[32m1\u001b[39m. Pausing: \u001b[32m4.156\u001b[39m sec"}
{"level":30,"time":1745166073103,"name":"trade","msg":"\u001b[90m--------------------------------------------------------------------------------\u001b[39m"}
{"level":30,"time":1745166074118,"name":"trade","msg":"Transaction (\u001b[33m26VwrwbQ...F66oUWRH\u001b[39m) sent to swap \u001b[32m0.043413433\u001b[39m WSOL to ~\u001b[32m1,370,754.60622\u001b[39m EGGLON for account (\u001b[35m7AUc...p94A\u001b[39m)"}
{"level":30,"time":1745166079216,"name":"trade","msg":"Transaction (\u001b[33m26VwrwbQ...F66oUWRH\u001b[39m) confirmed: \u001b[34m\u001b]8;;https://solscan.io/tx/26VwrwbQNpnHYTVCDmZ7ymbdK3xEEP6kUHjMntUifrhrgp2YPZ3ErrVsZDQhXks7Y8LJaubP3EnQ9dRBF66oUWRH?cluster=mainnet-beta\u001b\\<Transaction link>\u001b]8;;\u001b\\\u001b[39m"}
{"level":30,"time":1745166079216,"name":"trade","msg":"Cycle: \u001b[32m21\u001b[39m. Trade: \u001b[32m62\u001b[39m/\u001b[32m102\u001b[39m. Buy transactions executed: \u001b[32m1\u001b[39m. Pausing: \u001b[32m7.019\u001b[39m sec"}
{"level":30,"time":1745166086238,"name":"trade","msg":"\u001b[90m--------------------------------------------------------------------------------\u001b[39m"}
{"level":30,"time":1745166087342,"name":"trade","msg":"Transaction (\u001b[33m3cnhL6oG...th3Af4LG\u001b[39m) sent to swap \u001b[32m0.031257249\u001b[39m WSOL to ~\u001b[32m988,788.394992\u001b[39m EGGLON for account (\u001b[35mESdV...7378\u001b[39m)"}
{"level":30,"time":1745166092458,"name":"trade","msg":"Transaction (\u001b[33m3cnhL6oG...th3Af4LG\u001b[39m) confirmed: \u001b[34m\u001b]8;;https://solscan.io/tx/3cnhL6oGXAeKk9ErVSKjsZW4tu4HikFBogfD1K4iWPLWNJJo5fv5oycxQVsTBFfcFRp1q5BdZrr982Seth3Af4LG?cluster=mainnet-beta\u001b\\<Transaction link>\u001b]8;;\u001b\\\u001b[39m"}
{"level":30,"time":1745166092458,"name":"trade","msg":"Cycle: \u001b[32m21\u001b[39m. Trade: \u001b[32m63\u001b[39m/\u001b[32m102\u001b[39m. Buy transactions executed: \u001b[32m1\u001b[39m. Pausing: \u001b[32m7.077\u001b[39m sec"}
{"level":30,"time":1745166099538,"name":"trade","msg":"\u001b[90m--------------------------------------------------------------------------------\u001b[39m"}
{"level":30,"time":1745166100881,"name":"trade","msg":"Transaction (\u001b[33m5NkCN22R...ceG5R1q1\u001b[39m) sent to swap \u001b[32m0.02538612\u001b[39m WSOL to ~\u001b[32m803,792.767331\u001b[39m EGGLON for account (\u001b[35m2bWk...xKdU\u001b[39m)"}
{"level":30,"time":1745166106063,"name":"trade","msg":"Transaction (\u001b[33m5NkCN22R...ceG5R1q1\u001b[39m) confirmed: \u001b[34m\u001b]8;;https://solscan.io/tx/5NkCN22RxefYpj1yCHBhsYs7V6A3AefNykWxVRJF1Bp4eeKHjrkrW3pzwFLBXwgFA4uAxceZWVBX7Pf1ceG5R1q1?cluster=mainnet-beta\u001b\\<Transaction link>\u001b]8;;\u001b\\\u001b[39m"}
{"level":30,"time":1745166106063,"name":"trade","msg":"Cycle: \u001b[32m21\u001b[39m. Trade: \u001b[32m64\u001b[39m/\u001b[32m102\u001b[39m. Buy transactions executed: \u001b[32m1\u001b[39m. Pausing: \u001b[32m6.245\u001b[39m sec"}
{"level":30,"time":1745166112310,"name":"trade","msg":"\u001b[90m--------------------------------------------------------------------------------\u001b[39m"}
{"level":40,"time":1745166112482,"name":"trade","msg":"Trader (\u001b[35mDF2t...njkZ\u001b[39m) has insufficient balance on wallet: \u001b[32m0.032636847\u001b[39m SOL"}
{"level":40,"time":1745166112482,"name":"trade","msg":"Cycle: \u001b[32m21\u001b[39m. Trade: \u001b[32m65\u001b[39m/\u001b[32m102\u001b[39m. No buy transactions found. Skipping"}
{"level":30,"time":1745166112482,"name":"trade","msg":"\u001b[90m--------------------------------------------------------------------------------\u001b[39m"}
{"level":30,"time":1745166113559,"name":"trade","msg":"Transaction (\u001b[33m3joudmLZ...ZxeQG4ko\u001b[39m) sent to swap \u001b[32m0.047649159\u001b[39m WSOL to ~\u001b[32m1,503,510.617889\u001b[39m EGGLON for account (\u001b[35m5SYZ...mwLU\u001b[39m)"}
{"level":30,"time":1745166118710,"name":"trade","msg":"Transaction (\u001b[33m3joudmLZ...ZxeQG4ko\u001b[39m) confirmed: \u001b[34m\u001b]8;;https://solscan.io/tx/3joudmLZi9tzCERexaQYRbvfUHdN2FfZ2DSxhwnyB7ePouoXXXCHE2YV5ozZ75skpi7FDRFHSGiFUDuHZxeQG4ko?cluster=mainnet-beta\u001b\\<Transaction link>\u001b]8;;\u001b\\\u001b[39m"}
{"level":30,"time":1745166118710,"name":"trade","msg":"Cycle: \u001b[32m21\u001b[39m. Trade: \u001b[32m66\u001b[39m/\u001b[32m102\u001b[39m. Buy transactions executed: \u001b[32m1\u001b[39m. Pausing: \u001b[32m7.047\u001b[39m sec"}
{"level":30,"time":1745166125760,"name":"trade","msg":"\u001b[90m--------------------------------------------------------------------------------\u001b[39m"}
{"level":40,"time":1745166126145,"name":"trade","msg":"Trader (\u001b[35mB1KT...PS2X\u001b[39m) has insufficient balance on wallet: \u001b[32m0.015461571\u001b[39m SOL"}
{"level":40,"time":1745166126145,"name":"trade","msg":"Cycle: \u001b[32m21\u001b[39m. Trade: \u001b[32m67\u001b[39m/\u001b[32m102\u001b[39m. No buy transactions found. Skipping"}
{"level":30,"time":1745166126145,"name":"trade","msg":"\u001b[90m--------------------------------------------------------------------------------\u001b[39m"}
{"level":40,"time":1745166126292,"name":"trade","msg":"Trader (\u001b[35mE6og...Nh3N\u001b[39m) has insufficient balance on wallet: \u001b[32m0.016387424\u001b[39m SOL"}
{"level":40,"time":1745166126293,"name":"trade","msg":"Cycle: \u001b[32m21\u001b[39m. Trade: \u001b[32m68\u001b[39m/\u001b[32m102\u001b[39m. No buy transactions found. Skipping"}
{"level":30,"time":1745166126293,"name":"trade","msg":"\u001b[90m--------------------------------------------------------------------------------\u001b[39m"}
{"level":30,"time":1745166128376,"name":"trade","msg":"Transaction (\u001b[33m3rVaa6UK...cFwc6AA9\u001b[39m) sent to swap \u001b[32m0.042614117\u001b[39m WSOL to ~\u001b[32m1,345,682.952935\u001b[39m EGGLON for account (\u001b[35mFw1X...yW4G\u001b[39m)"}
